Before oversampling: Counter({50.0: 52538, 10.0: 30078, 0.0: 22772, 100.0: 7624})
After oversampling: Counter({100.0: 52538, 50.0: 52538, 10.0: 52538, 0.0: 52538})
Model: "model"
__________________________________________________________________________________________________
Layer (type)                    Output Shape         Param #     Connected to                     
==================================================================================================
conv (InputLayer)               [(None, 21, 1)]      0                                            
__________________________________________________________________________________________________
conv1d (Conv1D)                 (None, 21, 64)       256         conv[0][0]                       
__________________________________________________________________________________________________
conv1d_1 (Conv1D)               (None, 21, 64)       12352       conv1d[0][0]                     
__________________________________________________________________________________________________
conv1d_2 (Conv1D)               (None, 21, 64)       12352       conv1d_1[0][0]                   
__________________________________________________________________________________________________
cat (InputLayer)                [(None, 0)]          0                                            
__________________________________________________________________________________________________
flatten (Flatten)               (None, 1344)         0           conv1d_2[0][0]                   
__________________________________________________________________________________________________
concatenate (Concatenate)       (None, 1344)         0           cat[0][0]                        
                                                                 flatten[0][0]                    
__________________________________________________________________________________________________
dense (Dense)                   (None, 14)           18830       concatenate[0][0]                
__________________________________________________________________________________________________
dense_1 (Dense)                 (None, 4)            60          dense[0][0]                      
==================================================================================================
Total params: 43,850
Trainable params: 43,850
Non-trainable params: 0
__________________________________________________________________________________________________
Epoch 1/100
21016/21016 - 38s - loss: 0.7465 - accuracy: 0.6829 - val_loss: 0.7257 - val_accuracy: 0.6879

Epoch 00001: val_loss improved from inf to 0.72575, saving model to ./results/CNN_GLCM_C4/cp.ckpt
Epoch 2/100
21016/21016 - 35s - loss: 0.6946 - accuracy: 0.7071 - val_loss: 0.7078 - val_accuracy: 0.7000

Epoch 00002: val_loss improved from 0.72575 to 0.70778, saving model to ./results/CNN_GLCM_C4/cp.ckpt
Epoch 3/100
21016/21016 - 35s - loss: 0.6819 - accuracy: 0.7121 - val_loss: 0.7288 - val_accuracy: 0.6970

Epoch 00003: val_loss did not improve from 0.70778
Epoch 4/100
21016/21016 - 35s - loss: 0.6739 - accuracy: 0.7164 - val_loss: 0.7025 - val_accuracy: 0.7049

Epoch 00004: val_loss improved from 0.70778 to 0.70250, saving model to ./results/CNN_GLCM_C4/cp.ckpt
Epoch 5/100
21016/21016 - 35s - loss: 0.6679 - accuracy: 0.7189 - val_loss: 0.7349 - val_accuracy: 0.6971

Epoch 00005: val_loss did not improve from 0.70250
Epoch 6/100
21016/21016 - 35s - loss: 0.6634 - accuracy: 0.7196 - val_loss: 0.7019 - val_accuracy: 0.7036

Epoch 00006: val_loss improved from 0.70250 to 0.70192, saving model to ./results/CNN_GLCM_C4/cp.ckpt
Epoch 7/100
21016/21016 - 35s - loss: 0.6596 - accuracy: 0.7221 - val_loss: 0.7183 - val_accuracy: 0.7008

Epoch 00007: val_loss did not improve from 0.70192
Epoch 8/100
21016/21016 - 35s - loss: 0.6547 - accuracy: 0.7246 - val_loss: 0.6742 - val_accuracy: 0.7084

Epoch 00008: val_loss improved from 0.70192 to 0.67417, saving model to ./results/CNN_GLCM_C4/cp.ckpt
Epoch 9/100
21016/21016 - 35s - loss: 0.6507 - accuracy: 0.7269 - val_loss: 0.7453 - val_accuracy: 0.6994

Epoch 00009: val_loss did not improve from 0.67417
Epoch 10/100
21016/21016 - 35s - loss: 0.6484 - accuracy: 0.7271 - val_loss: 0.7007 - val_accuracy: 0.6928

Epoch 00010: val_loss did not improve from 0.67417
Epoch 11/100
21016/21016 - 35s - loss: 0.6452 - accuracy: 0.7280 - val_loss: 0.6825 - val_accuracy: 0.7121

Epoch 00011: val_loss did not improve from 0.67417
Epoch 12/100
21016/21016 - 35s - loss: 0.6418 - accuracy: 0.7296 - val_loss: 0.6631 - val_accuracy: 0.7228

Epoch 00012: val_loss improved from 0.67417 to 0.66313, saving model to ./results/CNN_GLCM_C4/cp.ckpt
Epoch 13/100
21016/21016 - 35s - loss: 0.6400 - accuracy: 0.7313 - val_loss: 0.7031 - val_accuracy: 0.7001

Epoch 00013: val_loss did not improve from 0.66313
Epoch 14/100
21016/21016 - 35s - loss: 0.6374 - accuracy: 0.7322 - val_loss: 0.6777 - val_accuracy: 0.7158

Epoch 00014: val_loss did not improve from 0.66313
Epoch 15/100
21016/21016 - 35s - loss: 0.6353 - accuracy: 0.7337 - val_loss: 0.6923 - val_accuracy: 0.7092

Epoch 00015: val_loss did not improve from 0.66313
Epoch 16/100
21016/21016 - 35s - loss: 0.6330 - accuracy: 0.7340 - val_loss: 0.6654 - val_accuracy: 0.7203

Epoch 00016: val_loss did not improve from 0.66313
Epoch 17/100
21016/21016 - 35s - loss: 0.6316 - accuracy: 0.7346 - val_loss: 0.6700 - val_accuracy: 0.7201

Epoch 00017: val_loss did not improve from 0.66313
Epoch 18/100
21016/21016 - 35s - loss: 0.6294 - accuracy: 0.7362 - val_loss: 0.6896 - val_accuracy: 0.7110

Epoch 00018: val_loss did not improve from 0.66313
Epoch 19/100
21016/21016 - 35s - loss: 0.6276 - accuracy: 0.7371 - val_loss: 0.6818 - val_accuracy: 0.7166

Epoch 00019: val_loss did not improve from 0.66313
Epoch 20/100
21016/21016 - 35s - loss: 0.6266 - accuracy: 0.7370 - val_loss: 0.6803 - val_accuracy: 0.7131

Epoch 00020: val_loss did not improve from 0.66313
Epoch 21/100
21016/21016 - 35s - loss: 0.6246 - accuracy: 0.7390 - val_loss: 0.6690 - val_accuracy: 0.7193

Epoch 00021: val_loss did not improve from 0.66313
Epoch 22/100
21016/21016 - 35s - loss: 0.6240 - accuracy: 0.7389 - val_loss: 0.6902 - val_accuracy: 0.7122

Epoch 00022: val_loss did not improve from 0.66313
Epoch 23/100
21016/21016 - 35s - loss: 0.6220 - accuracy: 0.7397 - val_loss: 0.6810 - val_accuracy: 0.7128

Epoch 00023: val_loss did not improve from 0.66313
Epoch 24/100
21016/21016 - 35s - loss: 0.6222 - accuracy: 0.7384 - val_loss: 0.6677 - val_accuracy: 0.7222

Epoch 00024: val_loss did not improve from 0.66313
Epoch 25/100
21016/21016 - 35s - loss: 0.6206 - accuracy: 0.7397 - val_loss: 0.6803 - val_accuracy: 0.7144

Epoch 00025: val_loss did not improve from 0.66313
Epoch 26/100
21016/21016 - 35s - loss: 0.6183 - accuracy: 0.7405 - val_loss: 0.6875 - val_accuracy: 0.7171

Epoch 00026: val_loss did not improve from 0.66313
Epoch 27/100
21016/21016 - 35s - loss: 0.6173 - accuracy: 0.7425 - val_loss: 0.6642 - val_accuracy: 0.7210

Epoch 00027: val_loss did not improve from 0.66313
Epoch 28/100
21016/21016 - 35s - loss: 0.6170 - accuracy: 0.7408 - val_loss: 0.6891 - val_accuracy: 0.7137

Epoch 00028: val_loss did not improve from 0.66313
Epoch 29/100
21016/21016 - 35s - loss: 0.6159 - accuracy: 0.7434 - val_loss: 0.6900 - val_accuracy: 0.7150

Epoch 00029: val_loss did not improve from 0.66313
Epoch 30/100
21016/21016 - 35s - loss: 0.6151 - accuracy: 0.7424 - val_loss: 0.7182 - val_accuracy: 0.7056

Epoch 00030: val_loss did not improve from 0.66313
Epoch 31/100
21016/21016 - 35s - loss: 0.6146 - accuracy: 0.7430 - val_loss: 0.7014 - val_accuracy: 0.7101

Epoch 00031: val_loss did not improve from 0.66313
Epoch 32/100
21016/21016 - 35s - loss: 0.6129 - accuracy: 0.7443 - val_loss: 0.6826 - val_accuracy: 0.7144

Epoch 00032: val_loss did not improve from 0.66313
Epoch 33/100
21016/21016 - 35s - loss: 0.6124 - accuracy: 0.7436 - val_loss: 0.6810 - val_accuracy: 0.7157

Epoch 00033: val_loss did not improve from 0.66313
Epoch 34/100
21016/21016 - 35s - loss: 0.6108 - accuracy: 0.7443 - val_loss: 0.6786 - val_accuracy: 0.7141

Epoch 00034: val_loss did not improve from 0.66313
Epoch 35/100
21016/21016 - 35s - loss: 0.6114 - accuracy: 0.7440 - val_loss: 0.6746 - val_accuracy: 0.7189

Epoch 00035: val_loss did not improve from 0.66313
Epoch 36/100
21016/21016 - 35s - loss: 0.6108 - accuracy: 0.7445 - val_loss: 0.7298 - val_accuracy: 0.7034

Epoch 00036: val_loss did not improve from 0.66313
Epoch 37/100
21016/21016 - 36s - loss: 0.6089 - accuracy: 0.7445 - val_loss: 0.6831 - val_accuracy: 0.7175

Epoch 00037: val_loss did not improve from 0.66313
Epoch 38/100
21016/21016 - 36s - loss: 0.6100 - accuracy: 0.7451 - val_loss: 0.6681 - val_accuracy: 0.7186

Epoch 00038: val_loss did not improve from 0.66313
Epoch 39/100
21016/21016 - 35s - loss: 0.6082 - accuracy: 0.7461 - val_loss: 0.7146 - val_accuracy: 0.7083

Epoch 00039: val_loss did not improve from 0.66313
Epoch 40/100
21016/21016 - 35s - loss: 0.6075 - accuracy: 0.7462 - val_loss: 0.6609 - val_accuracy: 0.7257

Epoch 00040: val_loss improved from 0.66313 to 0.66086, saving model to ./results/CNN_GLCM_C4/cp.ckpt
Epoch 41/100
21016/21016 - 35s - loss: 0.6077 - accuracy: 0.7462 - val_loss: 0.6813 - val_accuracy: 0.7186

Epoch 00041: val_loss did not improve from 0.66086
Epoch 42/100
21016/21016 - 35s - loss: 0.6067 - accuracy: 0.7465 - val_loss: 0.6892 - val_accuracy: 0.7128

Epoch 00042: val_loss did not improve from 0.66086
Epoch 43/100
21016/21016 - 35s - loss: 0.6059 - accuracy: 0.7460 - val_loss: 0.6865 - val_accuracy: 0.7113

Epoch 00043: val_loss did not improve from 0.66086
Epoch 44/100
21016/21016 - 35s - loss: 0.6064 - accuracy: 0.7461 - val_loss: 0.7046 - val_accuracy: 0.7057

Epoch 00044: val_loss did not improve from 0.66086
Epoch 45/100
21016/21016 - 35s - loss: 0.6053 - accuracy: 0.7466 - val_loss: 0.6843 - val_accuracy: 0.7134

Epoch 00045: val_loss did not improve from 0.66086
Epoch 46/100
21016/21016 - 35s - loss: 0.6050 - accuracy: 0.7471 - val_loss: 0.7030 - val_accuracy: 0.7141

Epoch 00046: val_loss did not improve from 0.66086
Epoch 47/100
21016/21016 - 35s - loss: 0.6047 - accuracy: 0.7485 - val_loss: 0.7203 - val_accuracy: 0.7136

Epoch 00047: val_loss did not improve from 0.66086
Epoch 48/100
21016/21016 - 36s - loss: 0.6040 - accuracy: 0.7472 - val_loss: 0.6844 - val_accuracy: 0.7107

Epoch 00048: val_loss did not improve from 0.66086
Epoch 49/100
21016/21016 - 36s - loss: 0.6042 - accuracy: 0.7455 - val_loss: 0.7054 - val_accuracy: 0.7124

Epoch 00049: val_loss did not improve from 0.66086
Epoch 50/100
21016/21016 - 36s - loss: 0.6036 - accuracy: 0.7473 - val_loss: 0.6883 - val_accuracy: 0.7153

Epoch 00050: val_loss did not improve from 0.66086
Epoch 51/100
21016/21016 - 36s - loss: 0.6035 - accuracy: 0.7486 - val_loss: 0.7226 - val_accuracy: 0.7046

Epoch 00051: val_loss did not improve from 0.66086
Epoch 52/100
21016/21016 - 36s - loss: 0.6034 - accuracy: 0.7484 - val_loss: 0.6702 - val_accuracy: 0.7263

Epoch 00052: val_loss did not improve from 0.66086
Epoch 53/100
21016/21016 - 37s - loss: 0.6043 - accuracy: 0.7490 - val_loss: 0.6709 - val_accuracy: 0.7083

Epoch 00053: val_loss did not improve from 0.66086
Epoch 54/100
21016/21016 - 36s - loss: 0.6023 - accuracy: 0.7478 - val_loss: 0.6799 - val_accuracy: 0.7149

Epoch 00054: val_loss did not improve from 0.66086
Epoch 55/100
21016/21016 - 36s - loss: 0.6029 - accuracy: 0.7476 - val_loss: 0.6879 - val_accuracy: 0.7173

Epoch 00055: val_loss did not improve from 0.66086
Epoch 56/100
21016/21016 - 36s - loss: 0.6013 - accuracy: 0.7494 - val_loss: 0.7019 - val_accuracy: 0.7161

Epoch 00056: val_loss did not improve from 0.66086
Epoch 57/100
21016/21016 - 36s - loss: 0.6020 - accuracy: 0.7496 - val_loss: 0.6826 - val_accuracy: 0.7166

Epoch 00057: val_loss did not improve from 0.66086
Epoch 58/100
21016/21016 - 36s - loss: 0.6012 - accuracy: 0.7489 - val_loss: 0.6939 - val_accuracy: 0.6979

Epoch 00058: val_loss did not improve from 0.66086
Epoch 59/100
21016/21016 - 36s - loss: 0.6007 - accuracy: 0.7486 - val_loss: 0.6753 - val_accuracy: 0.7158

Epoch 00059: val_loss did not improve from 0.66086
Epoch 60/100
21016/21016 - 36s - loss: 0.6002 - accuracy: 0.7484 - val_loss: 0.6951 - val_accuracy: 0.7277

Epoch 00060: val_loss did not improve from 0.66086
Epoch 61/100
21016/21016 - 36s - loss: 0.6003 - accuracy: 0.7484 - val_loss: 0.7004 - val_accuracy: 0.7185

Epoch 00061: val_loss did not improve from 0.66086
Epoch 62/100
21016/21016 - 36s - loss: 0.6012 - accuracy: 0.7492 - val_loss: 0.7132 - val_accuracy: 0.7055

Epoch 00062: val_loss did not improve from 0.66086
Epoch 63/100
21016/21016 - 36s - loss: 0.6001 - accuracy: 0.7510 - val_loss: 0.6933 - val_accuracy: 0.7098

Epoch 00063: val_loss did not improve from 0.66086
Epoch 64/100
21016/21016 - 36s - loss: 0.6001 - accuracy: 0.7494 - val_loss: 0.6967 - val_accuracy: 0.7149

Epoch 00064: val_loss did not improve from 0.66086
Epoch 65/100
21016/21016 - 36s - loss: 0.6005 - accuracy: 0.7504 - val_loss: 0.6813 - val_accuracy: 0.7157

Epoch 00065: val_loss did not improve from 0.66086
Epoch 66/100
21016/21016 - 36s - loss: 0.5994 - accuracy: 0.7497 - val_loss: 0.6683 - val_accuracy: 0.7197

Epoch 00066: val_loss did not improve from 0.66086
Epoch 67/100
21016/21016 - 36s - loss: 0.5990 - accuracy: 0.7504 - val_loss: 0.7057 - val_accuracy: 0.7203

Epoch 00067: val_loss did not improve from 0.66086
Epoch 68/100
21016/21016 - 36s - loss: 0.5995 - accuracy: 0.7494 - val_loss: 0.7529 - val_accuracy: 0.7125

Epoch 00068: val_loss did not improve from 0.66086
Epoch 69/100
21016/21016 - 36s - loss: 0.5985 - accuracy: 0.7507 - val_loss: 0.6573 - val_accuracy: 0.7271

Epoch 00069: val_loss improved from 0.66086 to 0.65728, saving model to ./results/CNN_GLCM_C4/cp.ckpt
Epoch 70/100
21016/21016 - 36s - loss: 0.5988 - accuracy: 0.7501 - val_loss: 0.6799 - val_accuracy: 0.7192

Epoch 00070: val_loss did not improve from 0.65728
Epoch 71/100
21016/21016 - 36s - loss: 0.5977 - accuracy: 0.7513 - val_loss: 0.7019 - val_accuracy: 0.7218

Epoch 00071: val_loss did not improve from 0.65728
Epoch 72/100
21016/21016 - 36s - loss: 0.6000 - accuracy: 0.7501 - val_loss: 0.6871 - val_accuracy: 0.7157

Epoch 00072: val_loss did not improve from 0.65728
Epoch 73/100
21016/21016 - 36s - loss: 0.5982 - accuracy: 0.7514 - val_loss: 0.7131 - val_accuracy: 0.7181

Epoch 00073: val_loss did not improve from 0.65728
Epoch 74/100
21016/21016 - 36s - loss: 0.5978 - accuracy: 0.7503 - val_loss: 0.6727 - val_accuracy: 0.7195

Epoch 00074: val_loss did not improve from 0.65728
Epoch 75/100
21016/21016 - 36s - loss: 0.5985 - accuracy: 0.7503 - val_loss: 0.6853 - val_accuracy: 0.7196

Epoch 00075: val_loss did not improve from 0.65728
Epoch 76/100
21016/21016 - 36s - loss: 0.5979 - accuracy: 0.7511 - val_loss: 0.7182 - val_accuracy: 0.7101

Epoch 00076: val_loss did not improve from 0.65728
Epoch 77/100
21016/21016 - 36s - loss: 0.5986 - accuracy: 0.7505 - val_loss: 0.6855 - val_accuracy: 0.7200

Epoch 00077: val_loss did not improve from 0.65728
Epoch 78/100
21016/21016 - 36s - loss: 0.5975 - accuracy: 0.7513 - val_loss: 0.7060 - val_accuracy: 0.7025

Epoch 00078: val_loss did not improve from 0.65728
Epoch 79/100
21016/21016 - 37s - loss: 0.5976 - accuracy: 0.7514 - val_loss: 0.7000 - val_accuracy: 0.7196

Epoch 00079: val_loss did not improve from 0.65728
Epoch 80/100
21016/21016 - 36s - loss: 0.5974 - accuracy: 0.7512 - val_loss: 0.6855 - val_accuracy: 0.7193

Epoch 00080: val_loss did not improve from 0.65728
Epoch 81/100
21016/21016 - 35s - loss: 0.5972 - accuracy: 0.7503 - val_loss: 0.6819 - val_accuracy: 0.7185

Epoch 00081: val_loss did not improve from 0.65728
Epoch 82/100
21016/21016 - 35s - loss: 0.5975 - accuracy: 0.7519 - val_loss: 0.7186 - val_accuracy: 0.7071

Epoch 00082: val_loss did not improve from 0.65728
Epoch 83/100
21016/21016 - 35s - loss: 0.5978 - accuracy: 0.7516 - val_loss: 0.6996 - val_accuracy: 0.7164

Epoch 00083: val_loss did not improve from 0.65728
Epoch 84/100
21016/21016 - 35s - loss: 0.5974 - accuracy: 0.7504 - val_loss: 0.6803 - val_accuracy: 0.7253

Epoch 00084: val_loss did not improve from 0.65728
Epoch 85/100
21016/21016 - 35s - loss: 0.5968 - accuracy: 0.7516 - val_loss: 0.6851 - val_accuracy: 0.7178

Epoch 00085: val_loss did not improve from 0.65728
Epoch 86/100
21016/21016 - 35s - loss: 0.5957 - accuracy: 0.7515 - val_loss: 0.7225 - val_accuracy: 0.7054

Epoch 00086: val_loss did not improve from 0.65728
Epoch 87/100
21016/21016 - 35s - loss: 0.5966 - accuracy: 0.7509 - val_loss: 0.6804 - val_accuracy: 0.7248

Epoch 00087: val_loss did not improve from 0.65728
Epoch 88/100
21016/21016 - 36s - loss: 0.5979 - accuracy: 0.7522 - val_loss: 0.7119 - val_accuracy: 0.7196

Epoch 00088: val_loss did not improve from 0.65728
Epoch 89/100
21016/21016 - 36s - loss: 0.5962 - accuracy: 0.7514 - val_loss: 0.7108 - val_accuracy: 0.7187

Epoch 00089: val_loss did not improve from 0.65728
Epoch 90/100
21016/21016 - 36s - loss: 0.5968 - accuracy: 0.7512 - val_loss: 0.7265 - val_accuracy: 0.7161

Epoch 00090: val_loss did not improve from 0.65728
Epoch 91/100
21016/21016 - 36s - loss: 0.5964 - accuracy: 0.7515 - val_loss: 0.6952 - val_accuracy: 0.7191

Epoch 00091: val_loss did not improve from 0.65728
Epoch 92/100
21016/21016 - 36s - loss: 0.5969 - accuracy: 0.7509 - val_loss: 0.6984 - val_accuracy: 0.7148

Epoch 00092: val_loss did not improve from 0.65728
Epoch 93/100
21016/21016 - 36s - loss: 0.5968 - accuracy: 0.7515 - val_loss: 0.6928 - val_accuracy: 0.7168

Epoch 00093: val_loss did not improve from 0.65728
Epoch 94/100
21016/21016 - 36s - loss: 0.5974 - accuracy: 0.7507 - val_loss: 0.6775 - val_accuracy: 0.7175

Epoch 00094: val_loss did not improve from 0.65728
Epoch 95/100
21016/21016 - 36s - loss: 0.5974 - accuracy: 0.7513 - val_loss: 0.6802 - val_accuracy: 0.7195

Epoch 00095: val_loss did not improve from 0.65728
Epoch 96/100
21016/21016 - 36s - loss: 0.5990 - accuracy: 0.7512 - val_loss: 0.6745 - val_accuracy: 0.7223

Epoch 00096: val_loss did not improve from 0.65728
Epoch 97/100
21016/21016 - 36s - loss: 0.5972 - accuracy: 0.7522 - val_loss: 0.7280 - val_accuracy: 0.7132

Epoch 00097: val_loss did not improve from 0.65728
Epoch 98/100
21016/21016 - 36s - loss: 0.5964 - accuracy: 0.7515 - val_loss: 0.7074 - val_accuracy: 0.7172

Epoch 00098: val_loss did not improve from 0.65728
Epoch 99/100
21016/21016 - 36s - loss: 0.5972 - accuracy: 0.7516 - val_loss: 0.7011 - val_accuracy: 0.7146

Epoch 00099: val_loss did not improve from 0.65728
Epoch 100/100
21016/21016 - 36s - loss: 0.5964 - accuracy: 0.7512 - val_loss: 0.6704 - val_accuracy: 0.7291

Epoch 00100: val_loss did not improve from 0.65728
