Before oversampling: Counter({0.0: 22772, 40.0: 22601, 10.0: 22562, 70.0: 22210, 91.0: 15243, 100.0: 7624})
After oversampling: Counter({100.0: 22772, 91.0: 22772, 70.0: 22772, 10.0: 22772, 0.0: 22772, 40.0: 22772})
Model: "model"
__________________________________________________________________________________________________
Layer (type)                    Output Shape         Param #     Connected to                     
==================================================================================================
conv (InputLayer)               [(None, 21, 1)]      0                                            
__________________________________________________________________________________________________
conv1d (Conv1D)                 (None, 21, 64)       256         conv[0][0]                       
__________________________________________________________________________________________________
conv1d_1 (Conv1D)               (None, 21, 64)       12352       conv1d[0][0]                     
__________________________________________________________________________________________________
conv1d_2 (Conv1D)               (None, 21, 64)       12352       conv1d_1[0][0]                   
__________________________________________________________________________________________________
cat (InputLayer)                [(None, 0)]          0                                            
__________________________________________________________________________________________________
flatten (Flatten)               (None, 1344)         0           conv1d_2[0][0]                   
__________________________________________________________________________________________________
concatenate (Concatenate)       (None, 1344)         0           cat[0][0]                        
                                                                 flatten[0][0]                    
__________________________________________________________________________________________________
dense (Dense)                   (None, 16)           21520       concatenate[0][0]                
__________________________________________________________________________________________________
dense_1 (Dense)                 (None, 6)            102         dense[0][0]                      
==================================================================================================
Total params: 46,582
Trainable params: 46,582
Non-trainable params: 0
__________________________________________________________________________________________________
Epoch 1/100
13664/13664 - 23s - loss: 1.0975 - accuracy: 0.5483 - val_loss: 1.0795 - val_accuracy: 0.5360

Epoch 00001: val_loss improved from inf to 1.07953, saving model to ./results/CNN_GLCM_C6/cp.ckpt
Epoch 2/100
13664/13664 - 23s - loss: 1.0071 - accuracy: 0.5855 - val_loss: 1.0236 - val_accuracy: 0.5729

Epoch 00002: val_loss improved from 1.07953 to 1.02361, saving model to ./results/CNN_GLCM_C6/cp.ckpt
Epoch 3/100
13664/13664 - 23s - loss: 0.9754 - accuracy: 0.6009 - val_loss: 1.0235 - val_accuracy: 0.5894

Epoch 00003: val_loss improved from 1.02361 to 1.02352, saving model to ./results/CNN_GLCM_C6/cp.ckpt
Epoch 4/100
13664/13664 - 23s - loss: 0.9544 - accuracy: 0.6124 - val_loss: 0.9935 - val_accuracy: 0.6093

Epoch 00004: val_loss improved from 1.02352 to 0.99350, saving model to ./results/CNN_GLCM_C6/cp.ckpt
Epoch 5/100
13664/13664 - 23s - loss: 0.9403 - accuracy: 0.6197 - val_loss: 1.0209 - val_accuracy: 0.5915

Epoch 00005: val_loss did not improve from 0.99350
Epoch 6/100
13664/13664 - 23s - loss: 0.9294 - accuracy: 0.6261 - val_loss: 1.0825 - val_accuracy: 0.5782

Epoch 00006: val_loss did not improve from 0.99350
Epoch 7/100
13664/13664 - 23s - loss: 0.9229 - accuracy: 0.6290 - val_loss: 1.0327 - val_accuracy: 0.5848

Epoch 00007: val_loss did not improve from 0.99350
Epoch 8/100
13664/13664 - 23s - loss: 0.9150 - accuracy: 0.6331 - val_loss: 1.0232 - val_accuracy: 0.6092

Epoch 00008: val_loss did not improve from 0.99350
Epoch 9/100
13664/13664 - 23s - loss: 0.9087 - accuracy: 0.6361 - val_loss: 1.0387 - val_accuracy: 0.5803

Epoch 00009: val_loss did not improve from 0.99350
Epoch 10/100
13664/13664 - 23s - loss: 0.9032 - accuracy: 0.6373 - val_loss: 1.0384 - val_accuracy: 0.5961

Epoch 00010: val_loss did not improve from 0.99350
Epoch 11/100
13664/13664 - 23s - loss: 0.8983 - accuracy: 0.6406 - val_loss: 1.0343 - val_accuracy: 0.5946

Epoch 00011: val_loss did not improve from 0.99350
Epoch 12/100
13664/13664 - 23s - loss: 0.8945 - accuracy: 0.6408 - val_loss: 1.0518 - val_accuracy: 0.6037

Epoch 00012: val_loss did not improve from 0.99350
Epoch 13/100
13664/13664 - 23s - loss: 0.8898 - accuracy: 0.6421 - val_loss: 1.0207 - val_accuracy: 0.6087

Epoch 00013: val_loss did not improve from 0.99350
Epoch 14/100
13664/13664 - 23s - loss: 0.8868 - accuracy: 0.6453 - val_loss: 1.0703 - val_accuracy: 0.5882

Epoch 00014: val_loss did not improve from 0.99350
Epoch 15/100
13664/13664 - 23s - loss: 0.8832 - accuracy: 0.6472 - val_loss: 1.0968 - val_accuracy: 0.5944

Epoch 00015: val_loss did not improve from 0.99350
Epoch 16/100
13664/13664 - 23s - loss: 0.8813 - accuracy: 0.6478 - val_loss: 1.0378 - val_accuracy: 0.6010

Epoch 00016: val_loss did not improve from 0.99350
Epoch 17/100
13664/13664 - 23s - loss: 0.8802 - accuracy: 0.6476 - val_loss: 1.0501 - val_accuracy: 0.6012

Epoch 00017: val_loss did not improve from 0.99350
Epoch 18/100
13664/13664 - 23s - loss: 0.8774 - accuracy: 0.6487 - val_loss: 1.0556 - val_accuracy: 0.5971

Epoch 00018: val_loss did not improve from 0.99350
Epoch 19/100
13664/13664 - 23s - loss: 0.8750 - accuracy: 0.6505 - val_loss: 1.0519 - val_accuracy: 0.5865

Epoch 00019: val_loss did not improve from 0.99350
Epoch 20/100
13664/13664 - 23s - loss: 0.8730 - accuracy: 0.6516 - val_loss: 1.0426 - val_accuracy: 0.6064

Epoch 00020: val_loss did not improve from 0.99350
Epoch 21/100
13664/13664 - 23s - loss: 0.8699 - accuracy: 0.6520 - val_loss: 1.0722 - val_accuracy: 0.5891

Epoch 00021: val_loss did not improve from 0.99350
Epoch 22/100
13664/13664 - 23s - loss: 0.8679 - accuracy: 0.6523 - val_loss: 1.0687 - val_accuracy: 0.5914

Epoch 00022: val_loss did not improve from 0.99350
Epoch 23/100
13664/13664 - 23s - loss: 0.8643 - accuracy: 0.6560 - val_loss: 1.0624 - val_accuracy: 0.5953

Epoch 00023: val_loss did not improve from 0.99350
Epoch 24/100
13664/13664 - 23s - loss: 0.8631 - accuracy: 0.6538 - val_loss: 1.0592 - val_accuracy: 0.5888

Epoch 00024: val_loss did not improve from 0.99350
Epoch 25/100
13664/13664 - 23s - loss: 0.8602 - accuracy: 0.6564 - val_loss: 1.0923 - val_accuracy: 0.5890

Epoch 00025: val_loss did not improve from 0.99350
Epoch 26/100
13664/13664 - 23s - loss: 0.8588 - accuracy: 0.6587 - val_loss: 1.0548 - val_accuracy: 0.6050

Epoch 00026: val_loss did not improve from 0.99350
Epoch 27/100
13664/13664 - 23s - loss: 0.8564 - accuracy: 0.6567 - val_loss: 1.0818 - val_accuracy: 0.5880

Epoch 00027: val_loss did not improve from 0.99350
Epoch 28/100
13664/13664 - 24s - loss: 0.8537 - accuracy: 0.6578 - val_loss: 1.0962 - val_accuracy: 0.5865

Epoch 00028: val_loss did not improve from 0.99350
Epoch 29/100
13664/13664 - 23s - loss: 0.8531 - accuracy: 0.6589 - val_loss: 1.0847 - val_accuracy: 0.5823

Epoch 00029: val_loss did not improve from 0.99350
Epoch 30/100
13664/13664 - 23s - loss: 0.8521 - accuracy: 0.6587 - val_loss: 1.0901 - val_accuracy: 0.5969

Epoch 00030: val_loss did not improve from 0.99350
Epoch 31/100
13664/13664 - 23s - loss: 0.8493 - accuracy: 0.6607 - val_loss: 1.0779 - val_accuracy: 0.6009

Epoch 00031: val_loss did not improve from 0.99350
Epoch 32/100
13664/13664 - 23s - loss: 0.8480 - accuracy: 0.6615 - val_loss: 1.0468 - val_accuracy: 0.6033

Epoch 00032: val_loss did not improve from 0.99350
Epoch 33/100
13664/13664 - 23s - loss: 0.8444 - accuracy: 0.6626 - val_loss: 1.0816 - val_accuracy: 0.5917

Epoch 00033: val_loss did not improve from 0.99350
Epoch 34/100
13664/13664 - 23s - loss: 0.8448 - accuracy: 0.6623 - val_loss: 1.0712 - val_accuracy: 0.5973

Epoch 00034: val_loss did not improve from 0.99350
Epoch 35/100
13664/13664 - 24s - loss: 0.8425 - accuracy: 0.6619 - val_loss: 1.0891 - val_accuracy: 0.5955

Epoch 00035: val_loss did not improve from 0.99350
Epoch 36/100
13664/13664 - 23s - loss: 0.8427 - accuracy: 0.6633 - val_loss: 1.0820 - val_accuracy: 0.5947

Epoch 00036: val_loss did not improve from 0.99350
Epoch 37/100
13664/13664 - 23s - loss: 0.8405 - accuracy: 0.6653 - val_loss: 1.0704 - val_accuracy: 0.5961

Epoch 00037: val_loss did not improve from 0.99350
Epoch 38/100
13664/13664 - 23s - loss: 0.8402 - accuracy: 0.6644 - val_loss: 1.0850 - val_accuracy: 0.6009

Epoch 00038: val_loss did not improve from 0.99350
Epoch 39/100
13664/13664 - 23s - loss: 0.8389 - accuracy: 0.6632 - val_loss: 1.1132 - val_accuracy: 0.5735

Epoch 00039: val_loss did not improve from 0.99350
Epoch 40/100
13664/13664 - 23s - loss: 0.8372 - accuracy: 0.6662 - val_loss: 1.0602 - val_accuracy: 0.6025

Epoch 00040: val_loss did not improve from 0.99350
Epoch 41/100
13664/13664 - 23s - loss: 0.8359 - accuracy: 0.6667 - val_loss: 1.0849 - val_accuracy: 0.6021

Epoch 00041: val_loss did not improve from 0.99350
Epoch 42/100
13664/13664 - 23s - loss: 0.8358 - accuracy: 0.6672 - val_loss: 1.1035 - val_accuracy: 0.5884

Epoch 00042: val_loss did not improve from 0.99350
Epoch 43/100
13664/13664 - 23s - loss: 0.8345 - accuracy: 0.6682 - val_loss: 1.1182 - val_accuracy: 0.5845

Epoch 00043: val_loss did not improve from 0.99350
Epoch 44/100
13664/13664 - 23s - loss: 0.8337 - accuracy: 0.6671 - val_loss: 1.0881 - val_accuracy: 0.5894

Epoch 00044: val_loss did not improve from 0.99350
Epoch 45/100
13664/13664 - 23s - loss: 0.8324 - accuracy: 0.6668 - val_loss: 1.1384 - val_accuracy: 0.5724

Epoch 00045: val_loss did not improve from 0.99350
Epoch 46/100
13664/13664 - 23s - loss: 0.8310 - accuracy: 0.6681 - val_loss: 1.1070 - val_accuracy: 0.5847

Epoch 00046: val_loss did not improve from 0.99350
Epoch 47/100
13664/13664 - 23s - loss: 0.8288 - accuracy: 0.6686 - val_loss: 1.0979 - val_accuracy: 0.5885

Epoch 00047: val_loss did not improve from 0.99350
Epoch 48/100
13664/13664 - 23s - loss: 0.8288 - accuracy: 0.6716 - val_loss: 1.0758 - val_accuracy: 0.5938

Epoch 00048: val_loss did not improve from 0.99350
Epoch 49/100
13664/13664 - 23s - loss: 0.8281 - accuracy: 0.6684 - val_loss: 1.0993 - val_accuracy: 0.5933

Epoch 00049: val_loss did not improve from 0.99350
Epoch 50/100
13664/13664 - 23s - loss: 0.8280 - accuracy: 0.6701 - val_loss: 1.0698 - val_accuracy: 0.6022

Epoch 00050: val_loss did not improve from 0.99350
Epoch 51/100
13664/13664 - 23s - loss: 0.8269 - accuracy: 0.6713 - val_loss: 1.0824 - val_accuracy: 0.6032

Epoch 00051: val_loss did not improve from 0.99350
Epoch 52/100
13664/13664 - 23s - loss: 0.8251 - accuracy: 0.6713 - val_loss: 1.0943 - val_accuracy: 0.5968

Epoch 00052: val_loss did not improve from 0.99350
Epoch 53/100
13664/13664 - 23s - loss: 0.8248 - accuracy: 0.6723 - val_loss: 1.1228 - val_accuracy: 0.5934

Epoch 00053: val_loss did not improve from 0.99350
Epoch 54/100
13664/13664 - 23s - loss: 0.8249 - accuracy: 0.6714 - val_loss: 1.0927 - val_accuracy: 0.6033

Epoch 00054: val_loss did not improve from 0.99350
Epoch 55/100
13664/13664 - 23s - loss: 0.8234 - accuracy: 0.6702 - val_loss: 1.0917 - val_accuracy: 0.5913

Epoch 00055: val_loss did not improve from 0.99350
Epoch 56/100
13664/13664 - 23s - loss: 0.8231 - accuracy: 0.6715 - val_loss: 1.0829 - val_accuracy: 0.5949

Epoch 00056: val_loss did not improve from 0.99350
Epoch 57/100
13664/13664 - 23s - loss: 0.8228 - accuracy: 0.6703 - val_loss: 1.1350 - val_accuracy: 0.5742

Epoch 00057: val_loss did not improve from 0.99350
Epoch 58/100
13664/13664 - 23s - loss: 0.8216 - accuracy: 0.6715 - val_loss: 1.1270 - val_accuracy: 0.5916

Epoch 00058: val_loss did not improve from 0.99350
Epoch 59/100
13664/13664 - 23s - loss: 0.8200 - accuracy: 0.6734 - val_loss: 1.0950 - val_accuracy: 0.5892

Epoch 00059: val_loss did not improve from 0.99350
Epoch 60/100
13664/13664 - 23s - loss: 0.8200 - accuracy: 0.6735 - val_loss: 1.0972 - val_accuracy: 0.6037

Epoch 00060: val_loss did not improve from 0.99350
Epoch 61/100
13664/13664 - 23s - loss: 0.8194 - accuracy: 0.6744 - val_loss: 1.1064 - val_accuracy: 0.5892

Epoch 00061: val_loss did not improve from 0.99350
Epoch 62/100
13664/13664 - 23s - loss: 0.8201 - accuracy: 0.6749 - val_loss: 1.1116 - val_accuracy: 0.5900

Epoch 00062: val_loss did not improve from 0.99350
Epoch 63/100
13664/13664 - 23s - loss: 0.8182 - accuracy: 0.6740 - val_loss: 1.1406 - val_accuracy: 0.5850

Epoch 00063: val_loss did not improve from 0.99350
Epoch 64/100
13664/13664 - 23s - loss: 0.8178 - accuracy: 0.6738 - val_loss: 1.1108 - val_accuracy: 0.6016

Epoch 00064: val_loss did not improve from 0.99350
Epoch 65/100
13664/13664 - 23s - loss: 0.8176 - accuracy: 0.6722 - val_loss: 1.1099 - val_accuracy: 0.5839

Epoch 00065: val_loss did not improve from 0.99350
Epoch 66/100
13664/13664 - 23s - loss: 0.8160 - accuracy: 0.6736 - val_loss: 1.0885 - val_accuracy: 0.5872

Epoch 00066: val_loss did not improve from 0.99350
Epoch 67/100
13664/13664 - 23s - loss: 0.8154 - accuracy: 0.6748 - val_loss: 1.1315 - val_accuracy: 0.5972

Epoch 00067: val_loss did not improve from 0.99350
Epoch 68/100
13664/13664 - 23s - loss: 0.8141 - accuracy: 0.6749 - val_loss: 1.1180 - val_accuracy: 0.5876

Epoch 00068: val_loss did not improve from 0.99350
Epoch 69/100
13664/13664 - 23s - loss: 0.8164 - accuracy: 0.6754 - val_loss: 1.1063 - val_accuracy: 0.5935

Epoch 00069: val_loss did not improve from 0.99350
Epoch 70/100
13664/13664 - 23s - loss: 0.8137 - accuracy: 0.6754 - val_loss: 1.1147 - val_accuracy: 0.5901

Epoch 00070: val_loss did not improve from 0.99350
Epoch 71/100
13664/13664 - 23s - loss: 0.8148 - accuracy: 0.6745 - val_loss: 1.0958 - val_accuracy: 0.5945

Epoch 00071: val_loss did not improve from 0.99350
Epoch 72/100
13664/13664 - 23s - loss: 0.8143 - accuracy: 0.6765 - val_loss: 1.0932 - val_accuracy: 0.5932

Epoch 00072: val_loss did not improve from 0.99350
Epoch 73/100
13664/13664 - 23s - loss: 0.8131 - accuracy: 0.6735 - val_loss: 1.1039 - val_accuracy: 0.6001

Epoch 00073: val_loss did not improve from 0.99350
Epoch 74/100
13664/13664 - 23s - loss: 0.8129 - accuracy: 0.6780 - val_loss: 1.1011 - val_accuracy: 0.5918

Epoch 00074: val_loss did not improve from 0.99350
Epoch 75/100
13664/13664 - 23s - loss: 0.8127 - accuracy: 0.6764 - val_loss: 1.1339 - val_accuracy: 0.5881

Epoch 00075: val_loss did not improve from 0.99350
Epoch 76/100
13664/13664 - 23s - loss: 0.8123 - accuracy: 0.6739 - val_loss: 1.1087 - val_accuracy: 0.5921

Epoch 00076: val_loss did not improve from 0.99350
Epoch 77/100
13664/13664 - 23s - loss: 0.8114 - accuracy: 0.6766 - val_loss: 1.1135 - val_accuracy: 0.5941

Epoch 00077: val_loss did not improve from 0.99350
Epoch 78/100
13664/13664 - 23s - loss: 0.8101 - accuracy: 0.6785 - val_loss: 1.1137 - val_accuracy: 0.5896

Epoch 00078: val_loss did not improve from 0.99350
Epoch 79/100
13664/13664 - 23s - loss: 0.8102 - accuracy: 0.6774 - val_loss: 1.1477 - val_accuracy: 0.5780

Epoch 00079: val_loss did not improve from 0.99350
Epoch 80/100
13664/13664 - 23s - loss: 0.8100 - accuracy: 0.6762 - val_loss: 1.1623 - val_accuracy: 0.5771

Epoch 00080: val_loss did not improve from 0.99350
Epoch 81/100
13664/13664 - 23s - loss: 0.8096 - accuracy: 0.6758 - val_loss: 1.1575 - val_accuracy: 0.5876

Epoch 00081: val_loss did not improve from 0.99350
Epoch 82/100
13664/13664 - 23s - loss: 0.8091 - accuracy: 0.6765 - val_loss: 1.1863 - val_accuracy: 0.5900

Epoch 00082: val_loss did not improve from 0.99350
Epoch 83/100
13664/13664 - 23s - loss: 0.8092 - accuracy: 0.6776 - val_loss: 1.1233 - val_accuracy: 0.5902

Epoch 00083: val_loss did not improve from 0.99350
Epoch 84/100
13664/13664 - 23s - loss: 0.8087 - accuracy: 0.6779 - val_loss: 1.1323 - val_accuracy: 0.5830

Epoch 00084: val_loss did not improve from 0.99350
Epoch 85/100
13664/13664 - 23s - loss: 0.8079 - accuracy: 0.6797 - val_loss: 1.1326 - val_accuracy: 0.5831

Epoch 00085: val_loss did not improve from 0.99350
Epoch 86/100
13664/13664 - 23s - loss: 0.8071 - accuracy: 0.6765 - val_loss: 1.1258 - val_accuracy: 0.5930

Epoch 00086: val_loss did not improve from 0.99350
Epoch 87/100
13664/13664 - 23s - loss: 0.8070 - accuracy: 0.6808 - val_loss: 1.1135 - val_accuracy: 0.5962

Epoch 00087: val_loss did not improve from 0.99350
Epoch 88/100
13664/13664 - 23s - loss: 0.8071 - accuracy: 0.6776 - val_loss: 1.1518 - val_accuracy: 0.5924

Epoch 00088: val_loss did not improve from 0.99350
Epoch 89/100
13664/13664 - 23s - loss: 0.8078 - accuracy: 0.6789 - val_loss: 1.1379 - val_accuracy: 0.5807

Epoch 00089: val_loss did not improve from 0.99350
Epoch 90/100
13664/13664 - 23s - loss: 0.8055 - accuracy: 0.6791 - val_loss: 1.1208 - val_accuracy: 0.5932

Epoch 00090: val_loss did not improve from 0.99350
Epoch 91/100
13664/13664 - 23s - loss: 0.8062 - accuracy: 0.6771 - val_loss: 1.1431 - val_accuracy: 0.5938

Epoch 00091: val_loss did not improve from 0.99350
Epoch 92/100
13664/13664 - 23s - loss: 0.8051 - accuracy: 0.6787 - val_loss: 1.1770 - val_accuracy: 0.5828

Epoch 00092: val_loss did not improve from 0.99350
Epoch 93/100
13664/13664 - 23s - loss: 0.8069 - accuracy: 0.6790 - val_loss: 1.1619 - val_accuracy: 0.5801

Epoch 00093: val_loss did not improve from 0.99350
Epoch 94/100
13664/13664 - 23s - loss: 0.8042 - accuracy: 0.6797 - val_loss: 1.1237 - val_accuracy: 0.5977

Epoch 00094: val_loss did not improve from 0.99350
Epoch 95/100
13664/13664 - 23s - loss: 0.8051 - accuracy: 0.6792 - val_loss: 1.1319 - val_accuracy: 0.5946

Epoch 00095: val_loss did not improve from 0.99350
Epoch 96/100
13664/13664 - 23s - loss: 0.8059 - accuracy: 0.6802 - val_loss: 1.1415 - val_accuracy: 0.5846

Epoch 00096: val_loss did not improve from 0.99350
Epoch 97/100
13664/13664 - 23s - loss: 0.8042 - accuracy: 0.6787 - val_loss: 1.1701 - val_accuracy: 0.5839

Epoch 00097: val_loss did not improve from 0.99350
Epoch 98/100
13664/13664 - 23s - loss: 0.8036 - accuracy: 0.6791 - val_loss: 1.1064 - val_accuracy: 0.5902

Epoch 00098: val_loss did not improve from 0.99350
Epoch 99/100
13664/13664 - 23s - loss: 0.8033 - accuracy: 0.6806 - val_loss: 1.2242 - val_accuracy: 0.5945

Epoch 00099: val_loss did not improve from 0.99350
Epoch 100/100
13664/13664 - 23s - loss: 0.8035 - accuracy: 0.6794 - val_loss: 1.1587 - val_accuracy: 0.5823

Epoch 00100: val_loss did not improve from 0.99350
