Before oversampling: Counter({92.0: 7628, 100.0: 7624, 91.0: 7615, 0.0: 7615, 60.0: 7609, 10.0: 7595, 70.0: 7583, 1.0: 7580, 2.0: 7577, 20.0: 7519, 40.0: 7516, 50.0: 7476, 30.0: 7448, 90.0: 7439, 80.0: 7188})
After oversampling: Counter({100.0: 7628, 92.0: 7628, 91.0: 7628, 90.0: 7628, 20.0: 7628, 1.0: 7628, 80.0: 7628, 70.0: 7628, 0.0: 7628, 50.0: 7628, 30.0: 7628, 10.0: 7628, 40.0: 7628, 2.0: 7628, 60.0: 7628})
Model: "sequential"
_________________________________________________________________
Layer (type)                 Output Shape              Param #   
=================================================================
dense (Dense)                (None, 13)                78        
_________________________________________________________________
dense_1 (Dense)              (None, 15)                210       
=================================================================
Total params: 288
Trainable params: 288
Non-trainable params: 0
_________________________________________________________________
Epoch 1/100
11442/11442 - 5s - loss: 2.0210 - accuracy: 0.3429 - val_loss: 2.3272 - val_accuracy: 0.2641

Epoch 00001: val_loss improved from inf to 2.32715, saving model to ./results/NN_trial_3/cp.ckpt
Epoch 2/100
11442/11442 - 4s - loss: 1.8305 - accuracy: 0.4045 - val_loss: 2.2944 - val_accuracy: 0.2995

Epoch 00002: val_loss improved from 2.32715 to 2.29443, saving model to ./results/NN_trial_3/cp.ckpt
Epoch 3/100
11442/11442 - 4s - loss: 1.7774 - accuracy: 0.4124 - val_loss: 2.4211 - val_accuracy: 0.2751

Epoch 00003: val_loss did not improve from 2.29443
Epoch 4/100
11442/11442 - 4s - loss: 1.7278 - accuracy: 0.4257 - val_loss: 2.5000 - val_accuracy: 0.2821

Epoch 00004: val_loss did not improve from 2.29443
Epoch 5/100
11442/11442 - 4s - loss: 1.6911 - accuracy: 0.4337 - val_loss: 2.5457 - val_accuracy: 0.2839

Epoch 00005: val_loss did not improve from 2.29443
Epoch 6/100
11442/11442 - 4s - loss: 1.6645 - accuracy: 0.4386 - val_loss: 2.5904 - val_accuracy: 0.2825

Epoch 00006: val_loss did not improve from 2.29443
Epoch 7/100
11442/11442 - 4s - loss: 1.6440 - accuracy: 0.4428 - val_loss: 2.6175 - val_accuracy: 0.2970

Epoch 00007: val_loss did not improve from 2.29443
Epoch 8/100
11442/11442 - 4s - loss: 1.6276 - accuracy: 0.4456 - val_loss: 2.5996 - val_accuracy: 0.3002

Epoch 00008: val_loss did not improve from 2.29443
Epoch 9/100
11442/11442 - 4s - loss: 1.6135 - accuracy: 0.4494 - val_loss: 2.6543 - val_accuracy: 0.3060

Epoch 00009: val_loss did not improve from 2.29443
Epoch 10/100
11442/11442 - 4s - loss: 1.6020 - accuracy: 0.4510 - val_loss: 2.6726 - val_accuracy: 0.3090

Epoch 00010: val_loss did not improve from 2.29443
Epoch 11/100
11442/11442 - 4s - loss: 1.5914 - accuracy: 0.4544 - val_loss: 2.6945 - val_accuracy: 0.2908

Epoch 00011: val_loss did not improve from 2.29443
Epoch 12/100
11442/11442 - 4s - loss: 1.5817 - accuracy: 0.4546 - val_loss: 2.7349 - val_accuracy: 0.3172

Epoch 00012: val_loss did not improve from 2.29443
Epoch 13/100
11442/11442 - 4s - loss: 1.5726 - accuracy: 0.4578 - val_loss: 2.7393 - val_accuracy: 0.3115

Epoch 00013: val_loss did not improve from 2.29443
Epoch 14/100
11442/11442 - 4s - loss: 1.5655 - accuracy: 0.4586 - val_loss: 2.7708 - val_accuracy: 0.3258

Epoch 00014: val_loss did not improve from 2.29443
Epoch 15/100
11442/11442 - 4s - loss: 1.5582 - accuracy: 0.4609 - val_loss: 2.7775 - val_accuracy: 0.3164

Epoch 00015: val_loss did not improve from 2.29443
Epoch 16/100
11442/11442 - 4s - loss: 1.5519 - accuracy: 0.4625 - val_loss: 2.8023 - val_accuracy: 0.3089

Epoch 00016: val_loss did not improve from 2.29443
Epoch 17/100
11442/11442 - 4s - loss: 1.5468 - accuracy: 0.4638 - val_loss: 2.7803 - val_accuracy: 0.3075

Epoch 00017: val_loss did not improve from 2.29443
Epoch 18/100
11442/11442 - 4s - loss: 1.5414 - accuracy: 0.4672 - val_loss: 2.8534 - val_accuracy: 0.3111

Epoch 00018: val_loss did not improve from 2.29443
Epoch 19/100
11442/11442 - 4s - loss: 1.5369 - accuracy: 0.4661 - val_loss: 2.8759 - val_accuracy: 0.3313

Epoch 00019: val_loss did not improve from 2.29443
Epoch 20/100
11442/11442 - 4s - loss: 1.5326 - accuracy: 0.4673 - val_loss: 2.8482 - val_accuracy: 0.3293

Epoch 00020: val_loss did not improve from 2.29443
Epoch 21/100
11442/11442 - 4s - loss: 1.5282 - accuracy: 0.4686 - val_loss: 2.9185 - val_accuracy: 0.3309

Epoch 00021: val_loss did not improve from 2.29443
Epoch 22/100
11442/11442 - 4s - loss: 1.5238 - accuracy: 0.4683 - val_loss: 2.8978 - val_accuracy: 0.3307

Epoch 00022: val_loss did not improve from 2.29443
Epoch 23/100
11442/11442 - 4s - loss: 1.5200 - accuracy: 0.4717 - val_loss: 2.8650 - val_accuracy: 0.3200

Epoch 00023: val_loss did not improve from 2.29443
Epoch 24/100
11442/11442 - 4s - loss: 1.5165 - accuracy: 0.4704 - val_loss: 2.9060 - val_accuracy: 0.3372

Epoch 00024: val_loss did not improve from 2.29443
Epoch 25/100
11442/11442 - 4s - loss: 1.5124 - accuracy: 0.4738 - val_loss: 2.9433 - val_accuracy: 0.3184

Epoch 00025: val_loss did not improve from 2.29443
Epoch 26/100
11442/11442 - 4s - loss: 1.5092 - accuracy: 0.4733 - val_loss: 2.9568 - val_accuracy: 0.3294

Epoch 00026: val_loss did not improve from 2.29443
Epoch 27/100
11442/11442 - 4s - loss: 1.5054 - accuracy: 0.4760 - val_loss: 2.9180 - val_accuracy: 0.3283

Epoch 00027: val_loss did not improve from 2.29443
Epoch 28/100
11442/11442 - 4s - loss: 1.5028 - accuracy: 0.4771 - val_loss: 2.9443 - val_accuracy: 0.3270

Epoch 00028: val_loss did not improve from 2.29443
Epoch 29/100
11442/11442 - 4s - loss: 1.5000 - accuracy: 0.4768 - val_loss: 2.9225 - val_accuracy: 0.3205

Epoch 00029: val_loss did not improve from 2.29443
Epoch 30/100
11442/11442 - 4s - loss: 1.4977 - accuracy: 0.4779 - val_loss: 2.9367 - val_accuracy: 0.3371

Epoch 00030: val_loss did not improve from 2.29443
Epoch 31/100
11442/11442 - 4s - loss: 1.4942 - accuracy: 0.4795 - val_loss: 2.8968 - val_accuracy: 0.3135

Epoch 00031: val_loss did not improve from 2.29443
Epoch 32/100
11442/11442 - 4s - loss: 1.4917 - accuracy: 0.4793 - val_loss: 2.9413 - val_accuracy: 0.3147

Epoch 00032: val_loss did not improve from 2.29443
Epoch 33/100
11442/11442 - 4s - loss: 1.4895 - accuracy: 0.4809 - val_loss: 2.9622 - val_accuracy: 0.3234

Epoch 00033: val_loss did not improve from 2.29443
Epoch 34/100
11442/11442 - 4s - loss: 1.4872 - accuracy: 0.4828 - val_loss: 2.9891 - val_accuracy: 0.3236

Epoch 00034: val_loss did not improve from 2.29443
Epoch 35/100
11442/11442 - 4s - loss: 1.4842 - accuracy: 0.4835 - val_loss: 2.9609 - val_accuracy: 0.3259

Epoch 00035: val_loss did not improve from 2.29443
Epoch 36/100
11442/11442 - 4s - loss: 1.4818 - accuracy: 0.4842 - val_loss: 2.9384 - val_accuracy: 0.3370

Epoch 00036: val_loss did not improve from 2.29443
Epoch 37/100
11442/11442 - 4s - loss: 1.4797 - accuracy: 0.4865 - val_loss: 3.0147 - val_accuracy: 0.3275

Epoch 00037: val_loss did not improve from 2.29443
Epoch 38/100
11442/11442 - 4s - loss: 1.4764 - accuracy: 0.4866 - val_loss: 3.0044 - val_accuracy: 0.3191

Epoch 00038: val_loss did not improve from 2.29443
Epoch 39/100
11442/11442 - 4s - loss: 1.4728 - accuracy: 0.4884 - val_loss: 3.0235 - val_accuracy: 0.3302

Epoch 00039: val_loss did not improve from 2.29443
Epoch 40/100
11442/11442 - 4s - loss: 1.4703 - accuracy: 0.4894 - val_loss: 3.0561 - val_accuracy: 0.3265

Epoch 00040: val_loss did not improve from 2.29443
Epoch 41/100
11442/11442 - 4s - loss: 1.4684 - accuracy: 0.4914 - val_loss: 2.9503 - val_accuracy: 0.3396

Epoch 00041: val_loss did not improve from 2.29443
Epoch 42/100
11442/11442 - 4s - loss: 1.4660 - accuracy: 0.4904 - val_loss: 2.9713 - val_accuracy: 0.3261

Epoch 00042: val_loss did not improve from 2.29443
Epoch 43/100
11442/11442 - 4s - loss: 1.4643 - accuracy: 0.4920 - val_loss: 3.0553 - val_accuracy: 0.3190

Epoch 00043: val_loss did not improve from 2.29443
Epoch 44/100
11442/11442 - 4s - loss: 1.4618 - accuracy: 0.4913 - val_loss: 2.9941 - val_accuracy: 0.3331

Epoch 00044: val_loss did not improve from 2.29443
Epoch 45/100
11442/11442 - 4s - loss: 1.4605 - accuracy: 0.4920 - val_loss: 3.0349 - val_accuracy: 0.3326

Epoch 00045: val_loss did not improve from 2.29443
Epoch 46/100
11442/11442 - 4s - loss: 1.4586 - accuracy: 0.4932 - val_loss: 3.0528 - val_accuracy: 0.3194

Epoch 00046: val_loss did not improve from 2.29443
Epoch 47/100
11442/11442 - 4s - loss: 1.4561 - accuracy: 0.4951 - val_loss: 3.0465 - val_accuracy: 0.3128

Epoch 00047: val_loss did not improve from 2.29443
Epoch 48/100
11442/11442 - 4s - loss: 1.4542 - accuracy: 0.4948 - val_loss: 3.0535 - val_accuracy: 0.3169

Epoch 00048: val_loss did not improve from 2.29443
Epoch 49/100
11442/11442 - 4s - loss: 1.4532 - accuracy: 0.4960 - val_loss: 3.0139 - val_accuracy: 0.3385

Epoch 00049: val_loss did not improve from 2.29443
Epoch 50/100
11442/11442 - 4s - loss: 1.4518 - accuracy: 0.4954 - val_loss: 3.0439 - val_accuracy: 0.3348

Epoch 00050: val_loss did not improve from 2.29443
Epoch 51/100
11442/11442 - 4s - loss: 1.4501 - accuracy: 0.4961 - val_loss: 3.0545 - val_accuracy: 0.3323

Epoch 00051: val_loss did not improve from 2.29443
Epoch 52/100
11442/11442 - 4s - loss: 1.4482 - accuracy: 0.4982 - val_loss: 3.0629 - val_accuracy: 0.3282

Epoch 00052: val_loss did not improve from 2.29443
Epoch 53/100
11442/11442 - 4s - loss: 1.4470 - accuracy: 0.4983 - val_loss: 3.0460 - val_accuracy: 0.3360

Epoch 00053: val_loss did not improve from 2.29443
Epoch 54/100
11442/11442 - 4s - loss: 1.4455 - accuracy: 0.5008 - val_loss: 3.0215 - val_accuracy: 0.3221

Epoch 00054: val_loss did not improve from 2.29443
Epoch 55/100
11442/11442 - 4s - loss: 1.4446 - accuracy: 0.4998 - val_loss: 3.1194 - val_accuracy: 0.3284

Epoch 00055: val_loss did not improve from 2.29443
Epoch 56/100
11442/11442 - 4s - loss: 1.4428 - accuracy: 0.4997 - val_loss: 3.0657 - val_accuracy: 0.3377

Epoch 00056: val_loss did not improve from 2.29443
Epoch 57/100
11442/11442 - 4s - loss: 1.4415 - accuracy: 0.5007 - val_loss: 3.0830 - val_accuracy: 0.3186

Epoch 00057: val_loss did not improve from 2.29443
Epoch 58/100
11442/11442 - 4s - loss: 1.4399 - accuracy: 0.5003 - val_loss: 3.1261 - val_accuracy: 0.3245

Epoch 00058: val_loss did not improve from 2.29443
Epoch 59/100
11442/11442 - 4s - loss: 1.4381 - accuracy: 0.5031 - val_loss: 3.1390 - val_accuracy: 0.3328

Epoch 00059: val_loss did not improve from 2.29443
Epoch 60/100
11442/11442 - 4s - loss: 1.4367 - accuracy: 0.5020 - val_loss: 3.1741 - val_accuracy: 0.3338

Epoch 00060: val_loss did not improve from 2.29443
Epoch 61/100
11442/11442 - 4s - loss: 1.4339 - accuracy: 0.5033 - val_loss: 3.1799 - val_accuracy: 0.3356

Epoch 00061: val_loss did not improve from 2.29443
Epoch 62/100
11442/11442 - 4s - loss: 1.4285 - accuracy: 0.5052 - val_loss: 3.1246 - val_accuracy: 0.3299

Epoch 00062: val_loss did not improve from 2.29443
Epoch 63/100
11442/11442 - 4s - loss: 1.4237 - accuracy: 0.5056 - val_loss: 3.1454 - val_accuracy: 0.3302

Epoch 00063: val_loss did not improve from 2.29443
Epoch 64/100
11442/11442 - 4s - loss: 1.4206 - accuracy: 0.5068 - val_loss: 3.1802 - val_accuracy: 0.3300

Epoch 00064: val_loss did not improve from 2.29443
Epoch 65/100
11442/11442 - 4s - loss: 1.4181 - accuracy: 0.5078 - val_loss: 3.2067 - val_accuracy: 0.3387

Epoch 00065: val_loss did not improve from 2.29443
Epoch 66/100
11442/11442 - 4s - loss: 1.4143 - accuracy: 0.5070 - val_loss: 3.1314 - val_accuracy: 0.3442

Epoch 00066: val_loss did not improve from 2.29443
Epoch 67/100
11442/11442 - 4s - loss: 1.4132 - accuracy: 0.5079 - val_loss: 3.2374 - val_accuracy: 0.3272

Epoch 00067: val_loss did not improve from 2.29443
Epoch 68/100
11442/11442 - 4s - loss: 1.4115 - accuracy: 0.5091 - val_loss: 3.1536 - val_accuracy: 0.3385

Epoch 00068: val_loss did not improve from 2.29443
Epoch 69/100
11442/11442 - 4s - loss: 1.4096 - accuracy: 0.5091 - val_loss: 3.1106 - val_accuracy: 0.3282

Epoch 00069: val_loss did not improve from 2.29443
Epoch 70/100
11442/11442 - 4s - loss: 1.4084 - accuracy: 0.5085 - val_loss: 3.1866 - val_accuracy: 0.3340

Epoch 00070: val_loss did not improve from 2.29443
Epoch 71/100
11442/11442 - 4s - loss: 1.4071 - accuracy: 0.5097 - val_loss: 3.1669 - val_accuracy: 0.3374

Epoch 00071: val_loss did not improve from 2.29443
Epoch 72/100
11442/11442 - 4s - loss: 1.4059 - accuracy: 0.5112 - val_loss: 3.2008 - val_accuracy: 0.3460

Epoch 00072: val_loss did not improve from 2.29443
Epoch 73/100
11442/11442 - 4s - loss: 1.4042 - accuracy: 0.5107 - val_loss: 3.1990 - val_accuracy: 0.3380

Epoch 00073: val_loss did not improve from 2.29443
Epoch 74/100
11442/11442 - 4s - loss: 1.4037 - accuracy: 0.5106 - val_loss: 3.2160 - val_accuracy: 0.3350

Epoch 00074: val_loss did not improve from 2.29443
Epoch 75/100
11442/11442 - 4s - loss: 1.4023 - accuracy: 0.5114 - val_loss: 3.2970 - val_accuracy: 0.3342

Epoch 00075: val_loss did not improve from 2.29443
Epoch 76/100
11442/11442 - 4s - loss: 1.4017 - accuracy: 0.5121 - val_loss: 3.2252 - val_accuracy: 0.3255

Epoch 00076: val_loss did not improve from 2.29443
Epoch 77/100
11442/11442 - 4s - loss: 1.4004 - accuracy: 0.5108 - val_loss: 3.2172 - val_accuracy: 0.3343

Epoch 00077: val_loss did not improve from 2.29443
Epoch 78/100
11442/11442 - 4s - loss: 1.3991 - accuracy: 0.5118 - val_loss: 3.3009 - val_accuracy: 0.3411

Epoch 00078: val_loss did not improve from 2.29443
Epoch 79/100
11442/11442 - 4s - loss: 1.3982 - accuracy: 0.5128 - val_loss: 3.2607 - val_accuracy: 0.3331

Epoch 00079: val_loss did not improve from 2.29443
Epoch 80/100
11442/11442 - 4s - loss: 1.3967 - accuracy: 0.5142 - val_loss: 3.2689 - val_accuracy: 0.3328

Epoch 00080: val_loss did not improve from 2.29443
Epoch 81/100
11442/11442 - 4s - loss: 1.3955 - accuracy: 0.5134 - val_loss: 3.2143 - val_accuracy: 0.3328

Epoch 00081: val_loss did not improve from 2.29443
Epoch 82/100
11442/11442 - 4s - loss: 1.3941 - accuracy: 0.5147 - val_loss: 3.2965 - val_accuracy: 0.3317

Epoch 00082: val_loss did not improve from 2.29443
Epoch 83/100
11442/11442 - 4s - loss: 1.3938 - accuracy: 0.5153 - val_loss: 3.2627 - val_accuracy: 0.3378

Epoch 00083: val_loss did not improve from 2.29443
Epoch 84/100
11442/11442 - 4s - loss: 1.3931 - accuracy: 0.5162 - val_loss: 3.2425 - val_accuracy: 0.3300

Epoch 00084: val_loss did not improve from 2.29443
Epoch 85/100
11442/11442 - 4s - loss: 1.3925 - accuracy: 0.5159 - val_loss: 3.3149 - val_accuracy: 0.3390

Epoch 00085: val_loss did not improve from 2.29443
Epoch 86/100
11442/11442 - 4s - loss: 1.3915 - accuracy: 0.5174 - val_loss: 3.3344 - val_accuracy: 0.3417

Epoch 00086: val_loss did not improve from 2.29443
Epoch 87/100
11442/11442 - 4s - loss: 1.3911 - accuracy: 0.5185 - val_loss: 3.2513 - val_accuracy: 0.3378

Epoch 00087: val_loss did not improve from 2.29443
Epoch 88/100
11442/11442 - 4s - loss: 1.3896 - accuracy: 0.5178 - val_loss: 3.4276 - val_accuracy: 0.3331

Epoch 00088: val_loss did not improve from 2.29443
Epoch 89/100
11442/11442 - 4s - loss: 1.3889 - accuracy: 0.5164 - val_loss: 3.3561 - val_accuracy: 0.3150

Epoch 00089: val_loss did not improve from 2.29443
Epoch 90/100
11442/11442 - 4s - loss: 1.3887 - accuracy: 0.5185 - val_loss: 3.3758 - val_accuracy: 0.3261

Epoch 00090: val_loss did not improve from 2.29443
Epoch 91/100
11442/11442 - 4s - loss: 1.3876 - accuracy: 0.5184 - val_loss: 3.4016 - val_accuracy: 0.3363

Epoch 00091: val_loss did not improve from 2.29443
Epoch 92/100
11442/11442 - 4s - loss: 1.3866 - accuracy: 0.5188 - val_loss: 3.3838 - val_accuracy: 0.3356

Epoch 00092: val_loss did not improve from 2.29443
Epoch 93/100
11442/11442 - 4s - loss: 1.3863 - accuracy: 0.5203 - val_loss: 3.3859 - val_accuracy: 0.3392

Epoch 00093: val_loss did not improve from 2.29443
Epoch 94/100
11442/11442 - 4s - loss: 1.3857 - accuracy: 0.5203 - val_loss: 3.3457 - val_accuracy: 0.3288

Epoch 00094: val_loss did not improve from 2.29443
Epoch 95/100
11442/11442 - 4s - loss: 1.3855 - accuracy: 0.5209 - val_loss: 3.3230 - val_accuracy: 0.3261

Epoch 00095: val_loss did not improve from 2.29443
Epoch 96/100
11442/11442 - 4s - loss: 1.3846 - accuracy: 0.5212 - val_loss: 3.3448 - val_accuracy: 0.3231

Epoch 00096: val_loss did not improve from 2.29443
Epoch 97/100
11442/11442 - 4s - loss: 1.3841 - accuracy: 0.5200 - val_loss: 3.3743 - val_accuracy: 0.3202

Epoch 00097: val_loss did not improve from 2.29443
Epoch 98/100
11442/11442 - 4s - loss: 1.3837 - accuracy: 0.5213 - val_loss: 3.3883 - val_accuracy: 0.3333

Epoch 00098: val_loss did not improve from 2.29443
Epoch 99/100
11442/11442 - 4s - loss: 1.3830 - accuracy: 0.5207 - val_loss: 3.4342 - val_accuracy: 0.3268

Epoch 00099: val_loss did not improve from 2.29443
Epoch 100/100
11442/11442 - 4s - loss: 1.3830 - accuracy: 0.5220 - val_loss: 3.3661 - val_accuracy: 0.3342

Epoch 00100: val_loss did not improve from 2.29443
