Before oversampling: Counter({50.0: 52538, 10.0: 30078, 0.0: 22772, 100.0: 7624})
After oversampling: Counter({100.0: 52538, 50.0: 52538, 10.0: 52538, 0.0: 52538})
Model: "sequential"
_________________________________________________________________
Layer (type)                 Output Shape              Param #   
=================================================================
dense (Dense)                (None, 14)                266       
_________________________________________________________________
dense_1 (Dense)              (None, 4)                 60        
=================================================================
Total params: 326
Trainable params: 326
Non-trainable params: 0
_________________________________________________________________
Epoch 1/200
21016/21016 - 9s - loss: 0.9095 - accuracy: 0.6047 - val_loss: 0.8389 - val_accuracy: 0.6502

Epoch 00001: val_loss improved from inf to 0.83892, saving model to ./results/NN_trial_9_1/cp.ckpt
Epoch 2/200
21016/21016 - 9s - loss: 0.7985 - accuracy: 0.6631 - val_loss: 0.7893 - val_accuracy: 0.6710

Epoch 00002: val_loss improved from 0.83892 to 0.78929, saving model to ./results/NN_trial_9_1/cp.ckpt
Epoch 3/200
21016/21016 - 9s - loss: 0.7748 - accuracy: 0.6707 - val_loss: 0.8048 - val_accuracy: 0.6665

Epoch 00003: val_loss did not improve from 0.78929
Epoch 4/200
21016/21016 - 9s - loss: 0.7657 - accuracy: 0.6757 - val_loss: 0.7688 - val_accuracy: 0.6786

Epoch 00004: val_loss improved from 0.78929 to 0.76882, saving model to ./results/NN_trial_9_1/cp.ckpt
Epoch 5/200
21016/21016 - 9s - loss: 0.7600 - accuracy: 0.6793 - val_loss: 0.7648 - val_accuracy: 0.6796

Epoch 00005: val_loss improved from 0.76882 to 0.76485, saving model to ./results/NN_trial_9_1/cp.ckpt
Epoch 6/200
21016/21016 - 9s - loss: 0.7560 - accuracy: 0.6814 - val_loss: 0.7729 - val_accuracy: 0.6769

Epoch 00006: val_loss did not improve from 0.76485
Epoch 7/200
21016/21016 - 9s - loss: 0.7533 - accuracy: 0.6839 - val_loss: 0.7676 - val_accuracy: 0.6821

Epoch 00007: val_loss did not improve from 0.76485
Epoch 8/200
21016/21016 - 9s - loss: 0.7518 - accuracy: 0.6844 - val_loss: 0.7730 - val_accuracy: 0.6755

Epoch 00008: val_loss did not improve from 0.76485
Epoch 9/200
21016/21016 - 9s - loss: 0.7497 - accuracy: 0.6856 - val_loss: 0.7675 - val_accuracy: 0.6808

Epoch 00009: val_loss did not improve from 0.76485
Epoch 10/200
21016/21016 - 9s - loss: 0.7491 - accuracy: 0.6857 - val_loss: 0.7634 - val_accuracy: 0.6801

Epoch 00010: val_loss improved from 0.76485 to 0.76339, saving model to ./results/NN_trial_9_1/cp.ckpt
Epoch 11/200
21016/21016 - 9s - loss: 0.7480 - accuracy: 0.6867 - val_loss: 0.7574 - val_accuracy: 0.6789

Epoch 00011: val_loss improved from 0.76339 to 0.75739, saving model to ./results/NN_trial_9_1/cp.ckpt
Epoch 12/200
21016/21016 - 9s - loss: 0.7470 - accuracy: 0.6872 - val_loss: 0.7608 - val_accuracy: 0.6804

Epoch 00012: val_loss did not improve from 0.75739
Epoch 13/200
21016/21016 - 9s - loss: 0.7456 - accuracy: 0.6875 - val_loss: 0.7551 - val_accuracy: 0.6812

Epoch 00013: val_loss improved from 0.75739 to 0.75509, saving model to ./results/NN_trial_9_1/cp.ckpt
Epoch 14/200
21016/21016 - 9s - loss: 0.7447 - accuracy: 0.6882 - val_loss: 0.7514 - val_accuracy: 0.6837

Epoch 00014: val_loss improved from 0.75509 to 0.75135, saving model to ./results/NN_trial_9_1/cp.ckpt
Epoch 15/200
21016/21016 - 9s - loss: 0.7440 - accuracy: 0.6893 - val_loss: 0.7669 - val_accuracy: 0.6813

Epoch 00015: val_loss did not improve from 0.75135
Epoch 16/200
21016/21016 - 9s - loss: 0.7430 - accuracy: 0.6893 - val_loss: 0.7518 - val_accuracy: 0.6813

Epoch 00016: val_loss did not improve from 0.75135
Epoch 17/200
21016/21016 - 9s - loss: 0.7423 - accuracy: 0.6899 - val_loss: 0.7475 - val_accuracy: 0.6836

Epoch 00017: val_loss improved from 0.75135 to 0.74746, saving model to ./results/NN_trial_9_1/cp.ckpt
Epoch 18/200
21016/21016 - 9s - loss: 0.7409 - accuracy: 0.6908 - val_loss: 0.7480 - val_accuracy: 0.6853

Epoch 00018: val_loss did not improve from 0.74746
Epoch 19/200
21016/21016 - 9s - loss: 0.7404 - accuracy: 0.6901 - val_loss: 0.7633 - val_accuracy: 0.6805

Epoch 00019: val_loss did not improve from 0.74746
Epoch 20/200
21016/21016 - 9s - loss: 0.7390 - accuracy: 0.6911 - val_loss: 0.7684 - val_accuracy: 0.6784

Epoch 00020: val_loss did not improve from 0.74746
Epoch 21/200
21016/21016 - 9s - loss: 0.7385 - accuracy: 0.6906 - val_loss: 0.7651 - val_accuracy: 0.6801

Epoch 00021: val_loss did not improve from 0.74746
Epoch 22/200
21016/21016 - 9s - loss: 0.7379 - accuracy: 0.6904 - val_loss: 0.7483 - val_accuracy: 0.6856

Epoch 00022: val_loss did not improve from 0.74746
Epoch 23/200
21016/21016 - 9s - loss: 0.7372 - accuracy: 0.6913 - val_loss: 0.7532 - val_accuracy: 0.6849

Epoch 00023: val_loss did not improve from 0.74746
Epoch 24/200
21016/21016 - 9s - loss: 0.7362 - accuracy: 0.6922 - val_loss: 0.7496 - val_accuracy: 0.6861

Epoch 00024: val_loss did not improve from 0.74746
Epoch 25/200
21016/21016 - 9s - loss: 0.7358 - accuracy: 0.6917 - val_loss: 0.7606 - val_accuracy: 0.6848

Epoch 00025: val_loss did not improve from 0.74746
Epoch 26/200
21016/21016 - 9s - loss: 0.7349 - accuracy: 0.6925 - val_loss: 0.7460 - val_accuracy: 0.6900

Epoch 00026: val_loss improved from 0.74746 to 0.74600, saving model to ./results/NN_trial_9_1/cp.ckpt
Epoch 27/200
21016/21016 - 9s - loss: 0.7341 - accuracy: 0.6928 - val_loss: 0.7533 - val_accuracy: 0.6861

Epoch 00027: val_loss did not improve from 0.74600
Epoch 28/200
21016/21016 - 9s - loss: 0.7325 - accuracy: 0.6933 - val_loss: 0.7559 - val_accuracy: 0.6849

Epoch 00028: val_loss did not improve from 0.74600
Epoch 29/200
21016/21016 - 9s - loss: 0.7320 - accuracy: 0.6945 - val_loss: 0.7434 - val_accuracy: 0.6864

Epoch 00029: val_loss improved from 0.74600 to 0.74344, saving model to ./results/NN_trial_9_1/cp.ckpt
Epoch 30/200
21016/21016 - 9s - loss: 0.7309 - accuracy: 0.6947 - val_loss: 0.7392 - val_accuracy: 0.6876

Epoch 00030: val_loss improved from 0.74344 to 0.73919, saving model to ./results/NN_trial_9_1/cp.ckpt
Epoch 31/200
21016/21016 - 9s - loss: 0.7302 - accuracy: 0.6940 - val_loss: 0.7546 - val_accuracy: 0.6865

Epoch 00031: val_loss did not improve from 0.73919
Epoch 32/200
21016/21016 - 9s - loss: 0.7293 - accuracy: 0.6964 - val_loss: 0.7434 - val_accuracy: 0.6879

Epoch 00032: val_loss did not improve from 0.73919
Epoch 33/200
21016/21016 - 9s - loss: 0.7287 - accuracy: 0.6964 - val_loss: 0.7593 - val_accuracy: 0.6878

Epoch 00033: val_loss did not improve from 0.73919
Epoch 34/200
21016/21016 - 9s - loss: 0.7282 - accuracy: 0.6960 - val_loss: 0.7597 - val_accuracy: 0.6879

Epoch 00034: val_loss did not improve from 0.73919
Epoch 35/200
21016/21016 - 9s - loss: 0.7273 - accuracy: 0.6968 - val_loss: 0.7478 - val_accuracy: 0.6894

Epoch 00035: val_loss did not improve from 0.73919
Epoch 36/200
21016/21016 - 9s - loss: 0.7267 - accuracy: 0.6972 - val_loss: 0.7400 - val_accuracy: 0.6918

Epoch 00036: val_loss did not improve from 0.73919
Epoch 37/200
21016/21016 - 8s - loss: 0.7261 - accuracy: 0.6965 - val_loss: 0.7493 - val_accuracy: 0.6902

Epoch 00037: val_loss did not improve from 0.73919
Epoch 38/200
21016/21016 - 9s - loss: 0.7257 - accuracy: 0.6968 - val_loss: 0.7591 - val_accuracy: 0.6900

Epoch 00038: val_loss did not improve from 0.73919
Epoch 39/200
21016/21016 - 9s - loss: 0.7251 - accuracy: 0.6967 - val_loss: 0.7391 - val_accuracy: 0.6917

Epoch 00039: val_loss improved from 0.73919 to 0.73907, saving model to ./results/NN_trial_9_1/cp.ckpt
Epoch 40/200
21016/21016 - 9s - loss: 0.7246 - accuracy: 0.6980 - val_loss: 0.7501 - val_accuracy: 0.6854

Epoch 00040: val_loss did not improve from 0.73907
Epoch 41/200
21016/21016 - 9s - loss: 0.7240 - accuracy: 0.6971 - val_loss: 0.7414 - val_accuracy: 0.6920

Epoch 00041: val_loss did not improve from 0.73907
Epoch 42/200
21016/21016 - 9s - loss: 0.7234 - accuracy: 0.6970 - val_loss: 0.7565 - val_accuracy: 0.6886

Epoch 00042: val_loss did not improve from 0.73907
Epoch 43/200
21016/21016 - 9s - loss: 0.7230 - accuracy: 0.6974 - val_loss: 0.7387 - val_accuracy: 0.6952

Epoch 00043: val_loss improved from 0.73907 to 0.73871, saving model to ./results/NN_trial_9_1/cp.ckpt
Epoch 44/200
21016/21016 - 9s - loss: 0.7227 - accuracy: 0.6980 - val_loss: 0.7380 - val_accuracy: 0.6938

Epoch 00044: val_loss improved from 0.73871 to 0.73802, saving model to ./results/NN_trial_9_1/cp.ckpt
Epoch 45/200
21016/21016 - 9s - loss: 0.7221 - accuracy: 0.6980 - val_loss: 0.7627 - val_accuracy: 0.6868

Epoch 00045: val_loss did not improve from 0.73802
Epoch 46/200
21016/21016 - 9s - loss: 0.7223 - accuracy: 0.6977 - val_loss: 0.7386 - val_accuracy: 0.6905

Epoch 00046: val_loss did not improve from 0.73802
Epoch 47/200
21016/21016 - 9s - loss: 0.7217 - accuracy: 0.6984 - val_loss: 0.7541 - val_accuracy: 0.6898

Epoch 00047: val_loss did not improve from 0.73802
Epoch 48/200
21016/21016 - 9s - loss: 0.7214 - accuracy: 0.6975 - val_loss: 0.7507 - val_accuracy: 0.6896

Epoch 00048: val_loss did not improve from 0.73802
Epoch 49/200
21016/21016 - 9s - loss: 0.7213 - accuracy: 0.6987 - val_loss: 0.7366 - val_accuracy: 0.6951

Epoch 00049: val_loss improved from 0.73802 to 0.73655, saving model to ./results/NN_trial_9_1/cp.ckpt
Epoch 50/200
21016/21016 - 9s - loss: 0.7214 - accuracy: 0.6982 - val_loss: 0.7605 - val_accuracy: 0.6893

Epoch 00050: val_loss did not improve from 0.73655
Epoch 51/200
21016/21016 - 9s - loss: 0.7212 - accuracy: 0.6980 - val_loss: 0.7439 - val_accuracy: 0.6929

Epoch 00051: val_loss did not improve from 0.73655
Epoch 52/200
21016/21016 - 9s - loss: 0.7207 - accuracy: 0.6976 - val_loss: 0.7441 - val_accuracy: 0.6899

Epoch 00052: val_loss did not improve from 0.73655
Epoch 53/200
21016/21016 - 9s - loss: 0.7205 - accuracy: 0.6974 - val_loss: 0.7614 - val_accuracy: 0.6874

Epoch 00053: val_loss did not improve from 0.73655
Epoch 54/200
21016/21016 - 21s - loss: 0.7204 - accuracy: 0.6981 - val_loss: 0.7550 - val_accuracy: 0.6861

Epoch 00054: val_loss did not improve from 0.73655
Epoch 55/200
21016/21016 - 9s - loss: 0.7198 - accuracy: 0.6977 - val_loss: 0.7610 - val_accuracy: 0.6903

Epoch 00055: val_loss did not improve from 0.73655
Epoch 56/200
21016/21016 - 9s - loss: 0.7200 - accuracy: 0.6990 - val_loss: 0.7466 - val_accuracy: 0.6934

Epoch 00056: val_loss did not improve from 0.73655
Epoch 57/200
21016/21016 - 9s - loss: 0.7197 - accuracy: 0.6988 - val_loss: 0.7476 - val_accuracy: 0.6908

Epoch 00057: val_loss did not improve from 0.73655
Epoch 58/200
21016/21016 - 9s - loss: 0.7199 - accuracy: 0.6979 - val_loss: 0.7464 - val_accuracy: 0.6917

Epoch 00058: val_loss did not improve from 0.73655
Epoch 59/200
21016/21016 - 9s - loss: 0.7195 - accuracy: 0.6996 - val_loss: 0.7418 - val_accuracy: 0.6938

Epoch 00059: val_loss did not improve from 0.73655
Epoch 60/200
21016/21016 - 9s - loss: 0.7196 - accuracy: 0.6984 - val_loss: 0.7420 - val_accuracy: 0.6899

Epoch 00060: val_loss did not improve from 0.73655
Epoch 61/200
21016/21016 - 9s - loss: 0.7194 - accuracy: 0.6984 - val_loss: 0.7312 - val_accuracy: 0.6934

Epoch 00061: val_loss improved from 0.73655 to 0.73115, saving model to ./results/NN_trial_9_1/cp.ckpt
Epoch 62/200
21016/21016 - 9s - loss: 0.7190 - accuracy: 0.6986 - val_loss: 0.7509 - val_accuracy: 0.6933

Epoch 00062: val_loss did not improve from 0.73115
Epoch 63/200
21016/21016 - 9s - loss: 0.7193 - accuracy: 0.6994 - val_loss: 0.7519 - val_accuracy: 0.6896

Epoch 00063: val_loss did not improve from 0.73115
Epoch 64/200
21016/21016 - 9s - loss: 0.7189 - accuracy: 0.6989 - val_loss: 0.7479 - val_accuracy: 0.6910

Epoch 00064: val_loss did not improve from 0.73115
Epoch 65/200
21016/21016 - 9s - loss: 0.7189 - accuracy: 0.6995 - val_loss: 0.7418 - val_accuracy: 0.6914

Epoch 00065: val_loss did not improve from 0.73115
Epoch 66/200
21016/21016 - 9s - loss: 0.7184 - accuracy: 0.6995 - val_loss: 0.7425 - val_accuracy: 0.6932

Epoch 00066: val_loss did not improve from 0.73115
Epoch 67/200
21016/21016 - 9s - loss: 0.7187 - accuracy: 0.6992 - val_loss: 0.7393 - val_accuracy: 0.6899

Epoch 00067: val_loss did not improve from 0.73115
Epoch 68/200
21016/21016 - 9s - loss: 0.7187 - accuracy: 0.6985 - val_loss: 0.7468 - val_accuracy: 0.6921

Epoch 00068: val_loss did not improve from 0.73115
Epoch 69/200
21016/21016 - 9s - loss: 0.7184 - accuracy: 0.6991 - val_loss: 0.7323 - val_accuracy: 0.6956

Epoch 00069: val_loss did not improve from 0.73115
Epoch 70/200
21016/21016 - 9s - loss: 0.7184 - accuracy: 0.6992 - val_loss: 0.7436 - val_accuracy: 0.6923

Epoch 00070: val_loss did not improve from 0.73115
Epoch 71/200
21016/21016 - 9s - loss: 0.7182 - accuracy: 0.7000 - val_loss: 0.7495 - val_accuracy: 0.6865

Epoch 00071: val_loss did not improve from 0.73115
Epoch 72/200
21016/21016 - 9s - loss: 0.7179 - accuracy: 0.6991 - val_loss: 0.7457 - val_accuracy: 0.6922

Epoch 00072: val_loss did not improve from 0.73115
Epoch 73/200
21016/21016 - 9s - loss: 0.7183 - accuracy: 0.6989 - val_loss: 0.7585 - val_accuracy: 0.6886

Epoch 00073: val_loss did not improve from 0.73115
Epoch 74/200
21016/21016 - 9s - loss: 0.7179 - accuracy: 0.6986 - val_loss: 0.7785 - val_accuracy: 0.6868

Epoch 00074: val_loss did not improve from 0.73115
Epoch 75/200
21016/21016 - 9s - loss: 0.7174 - accuracy: 0.7006 - val_loss: 0.7370 - val_accuracy: 0.6903

Epoch 00075: val_loss did not improve from 0.73115
Epoch 76/200
21016/21016 - 9s - loss: 0.7173 - accuracy: 0.6995 - val_loss: 0.7580 - val_accuracy: 0.6908

Epoch 00076: val_loss did not improve from 0.73115
Epoch 77/200
21016/21016 - 9s - loss: 0.7178 - accuracy: 0.6980 - val_loss: 0.7387 - val_accuracy: 0.6964

Epoch 00077: val_loss did not improve from 0.73115
Epoch 78/200
21016/21016 - 9s - loss: 0.7172 - accuracy: 0.6992 - val_loss: 0.7392 - val_accuracy: 0.6936

Epoch 00078: val_loss did not improve from 0.73115
Epoch 79/200
21016/21016 - 9s - loss: 0.7175 - accuracy: 0.6984 - val_loss: 0.7392 - val_accuracy: 0.6934

Epoch 00079: val_loss did not improve from 0.73115
Epoch 80/200
21016/21016 - 9s - loss: 0.7171 - accuracy: 0.6986 - val_loss: 0.7582 - val_accuracy: 0.6928

Epoch 00080: val_loss did not improve from 0.73115
Epoch 81/200
21016/21016 - 9s - loss: 0.7169 - accuracy: 0.6995 - val_loss: 0.7625 - val_accuracy: 0.6873

Epoch 00081: val_loss did not improve from 0.73115
Epoch 82/200
21016/21016 - 9s - loss: 0.7173 - accuracy: 0.7005 - val_loss: 0.7417 - val_accuracy: 0.6919

Epoch 00082: val_loss did not improve from 0.73115
Epoch 83/200
21016/21016 - 9s - loss: 0.7170 - accuracy: 0.6995 - val_loss: 0.7329 - val_accuracy: 0.6920

Epoch 00083: val_loss did not improve from 0.73115
Epoch 84/200
21016/21016 - 9s - loss: 0.7171 - accuracy: 0.6986 - val_loss: 0.7336 - val_accuracy: 0.6958

Epoch 00084: val_loss did not improve from 0.73115
Epoch 85/200
21016/21016 - 9s - loss: 0.7169 - accuracy: 0.6995 - val_loss: 0.7540 - val_accuracy: 0.6918

Epoch 00085: val_loss did not improve from 0.73115
Epoch 86/200
21016/21016 - 9s - loss: 0.7169 - accuracy: 0.6994 - val_loss: 0.7290 - val_accuracy: 0.6946

Epoch 00086: val_loss improved from 0.73115 to 0.72897, saving model to ./results/NN_trial_9_1/cp.ckpt
Epoch 87/200
21016/21016 - 9s - loss: 0.7164 - accuracy: 0.6991 - val_loss: 0.7421 - val_accuracy: 0.6929

Epoch 00087: val_loss did not improve from 0.72897
Epoch 88/200
21016/21016 - 9s - loss: 0.7164 - accuracy: 0.6999 - val_loss: 0.7363 - val_accuracy: 0.6950

Epoch 00088: val_loss did not improve from 0.72897
Epoch 89/200
21016/21016 - 9s - loss: 0.7167 - accuracy: 0.6995 - val_loss: 0.7544 - val_accuracy: 0.6900

Epoch 00089: val_loss did not improve from 0.72897
Epoch 90/200
21016/21016 - 9s - loss: 0.7165 - accuracy: 0.6998 - val_loss: 0.7390 - val_accuracy: 0.6934

Epoch 00090: val_loss did not improve from 0.72897
Epoch 91/200
21016/21016 - 9s - loss: 0.7162 - accuracy: 0.6989 - val_loss: 0.7359 - val_accuracy: 0.6905

Epoch 00091: val_loss did not improve from 0.72897
Epoch 92/200
21016/21016 - 9s - loss: 0.7163 - accuracy: 0.6996 - val_loss: 0.7755 - val_accuracy: 0.6898

Epoch 00092: val_loss did not improve from 0.72897
Epoch 93/200
21016/21016 - 9s - loss: 0.7162 - accuracy: 0.7003 - val_loss: 0.7433 - val_accuracy: 0.6893

Epoch 00093: val_loss did not improve from 0.72897
Epoch 94/200
21016/21016 - 9s - loss: 0.7159 - accuracy: 0.6995 - val_loss: 0.7553 - val_accuracy: 0.6907

Epoch 00094: val_loss did not improve from 0.72897
Epoch 95/200
21016/21016 - 9s - loss: 0.7162 - accuracy: 0.6998 - val_loss: 0.7513 - val_accuracy: 0.6923

Epoch 00095: val_loss did not improve from 0.72897
Epoch 96/200
21016/21016 - 9s - loss: 0.7160 - accuracy: 0.7000 - val_loss: 0.7981 - val_accuracy: 0.6878

Epoch 00096: val_loss did not improve from 0.72897
Epoch 97/200
21016/21016 - 9s - loss: 0.7155 - accuracy: 0.6999 - val_loss: 0.7434 - val_accuracy: 0.6914

Epoch 00097: val_loss did not improve from 0.72897
Epoch 98/200
21016/21016 - 9s - loss: 0.7160 - accuracy: 0.6989 - val_loss: 0.7559 - val_accuracy: 0.6897

Epoch 00098: val_loss did not improve from 0.72897
Epoch 99/200
21016/21016 - 9s - loss: 0.7158 - accuracy: 0.6994 - val_loss: 0.7407 - val_accuracy: 0.6969

Epoch 00099: val_loss did not improve from 0.72897
Epoch 100/200
21016/21016 - 9s - loss: 0.7158 - accuracy: 0.7002 - val_loss: 0.7433 - val_accuracy: 0.6915

Epoch 00100: val_loss did not improve from 0.72897
Epoch 101/200
21016/21016 - 9s - loss: 0.7158 - accuracy: 0.7004 - val_loss: 0.7612 - val_accuracy: 0.6917

Epoch 00101: val_loss did not improve from 0.72897
Epoch 102/200
21016/21016 - 9s - loss: 0.7156 - accuracy: 0.6994 - val_loss: 0.7464 - val_accuracy: 0.6886

Epoch 00102: val_loss did not improve from 0.72897
Epoch 103/200
21016/21016 - 9s - loss: 0.7159 - accuracy: 0.7008 - val_loss: 0.7303 - val_accuracy: 0.6935

Epoch 00103: val_loss did not improve from 0.72897
Epoch 104/200
21016/21016 - 9s - loss: 0.7156 - accuracy: 0.7003 - val_loss: 0.7386 - val_accuracy: 0.6922

Epoch 00104: val_loss did not improve from 0.72897
Epoch 105/200
21016/21016 - 9s - loss: 0.7154 - accuracy: 0.7002 - val_loss: 0.7512 - val_accuracy: 0.6920

Epoch 00105: val_loss did not improve from 0.72897
Epoch 106/200
21016/21016 - 9s - loss: 0.7156 - accuracy: 0.7000 - val_loss: 0.7459 - val_accuracy: 0.6910

Epoch 00106: val_loss did not improve from 0.72897
Epoch 107/200
21016/21016 - 9s - loss: 0.7150 - accuracy: 0.7007 - val_loss: 0.7515 - val_accuracy: 0.6899

Epoch 00107: val_loss did not improve from 0.72897
Epoch 108/200
21016/21016 - 9s - loss: 0.7156 - accuracy: 0.7002 - val_loss: 0.7593 - val_accuracy: 0.6895

Epoch 00108: val_loss did not improve from 0.72897
Epoch 109/200
21016/21016 - 9s - loss: 0.7150 - accuracy: 0.6994 - val_loss: 0.7413 - val_accuracy: 0.6934

Epoch 00109: val_loss did not improve from 0.72897
Epoch 110/200
21016/21016 - 9s - loss: 0.7152 - accuracy: 0.6996 - val_loss: 0.7401 - val_accuracy: 0.6923

Epoch 00110: val_loss did not improve from 0.72897
Epoch 111/200
21016/21016 - 9s - loss: 0.7149 - accuracy: 0.7003 - val_loss: 0.7456 - val_accuracy: 0.6888

Epoch 00111: val_loss did not improve from 0.72897
Epoch 112/200
21016/21016 - 9s - loss: 0.7148 - accuracy: 0.6996 - val_loss: 0.7348 - val_accuracy: 0.6948

Epoch 00112: val_loss did not improve from 0.72897
Epoch 113/200
21016/21016 - 9s - loss: 0.7151 - accuracy: 0.7004 - val_loss: 0.7436 - val_accuracy: 0.6869

Epoch 00113: val_loss did not improve from 0.72897
Epoch 114/200
21016/21016 - 9s - loss: 0.7149 - accuracy: 0.6996 - val_loss: 0.7594 - val_accuracy: 0.6886

Epoch 00114: val_loss did not improve from 0.72897
Epoch 115/200
21016/21016 - 9s - loss: 0.7147 - accuracy: 0.7003 - val_loss: 0.7410 - val_accuracy: 0.6927

Epoch 00115: val_loss did not improve from 0.72897
Epoch 116/200
21016/21016 - 9s - loss: 0.7152 - accuracy: 0.7002 - val_loss: 0.7336 - val_accuracy: 0.6923

Epoch 00116: val_loss did not improve from 0.72897
Epoch 117/200
21016/21016 - 9s - loss: 0.7151 - accuracy: 0.7004 - val_loss: 0.7415 - val_accuracy: 0.6901

Epoch 00117: val_loss did not improve from 0.72897
Epoch 118/200
21016/21016 - 9s - loss: 0.7147 - accuracy: 0.6994 - val_loss: 0.7449 - val_accuracy: 0.6915

Epoch 00118: val_loss did not improve from 0.72897
Epoch 119/200
21016/21016 - 9s - loss: 0.7147 - accuracy: 0.7006 - val_loss: 0.7454 - val_accuracy: 0.6929

Epoch 00119: val_loss did not improve from 0.72897
Epoch 120/200
21016/21016 - 9s - loss: 0.7146 - accuracy: 0.7001 - val_loss: 0.7328 - val_accuracy: 0.6953

Epoch 00120: val_loss did not improve from 0.72897
Epoch 121/200
21016/21016 - 9s - loss: 0.7142 - accuracy: 0.7006 - val_loss: 0.7424 - val_accuracy: 0.6892

Epoch 00121: val_loss did not improve from 0.72897
Epoch 122/200
21016/21016 - 9s - loss: 0.7148 - accuracy: 0.6996 - val_loss: 0.7473 - val_accuracy: 0.6889

Epoch 00122: val_loss did not improve from 0.72897
Epoch 123/200
21016/21016 - 9s - loss: 0.7142 - accuracy: 0.7005 - val_loss: 0.7237 - val_accuracy: 0.6983

Epoch 00123: val_loss improved from 0.72897 to 0.72372, saving model to ./results/NN_trial_9_1/cp.ckpt
Epoch 124/200
21016/21016 - 9s - loss: 0.7139 - accuracy: 0.7008 - val_loss: 0.7403 - val_accuracy: 0.6919

Epoch 00124: val_loss did not improve from 0.72372
Epoch 125/200
21016/21016 - 9s - loss: 0.7143 - accuracy: 0.7002 - val_loss: 0.7534 - val_accuracy: 0.6918

Epoch 00125: val_loss did not improve from 0.72372
Epoch 126/200
21016/21016 - 9s - loss: 0.7142 - accuracy: 0.7005 - val_loss: 0.7471 - val_accuracy: 0.6888

Epoch 00126: val_loss did not improve from 0.72372
Epoch 127/200
21016/21016 - 9s - loss: 0.7142 - accuracy: 0.6996 - val_loss: 0.7426 - val_accuracy: 0.6928

Epoch 00127: val_loss did not improve from 0.72372
Epoch 128/200
21016/21016 - 9s - loss: 0.7139 - accuracy: 0.7006 - val_loss: 0.7302 - val_accuracy: 0.6959

Epoch 00128: val_loss did not improve from 0.72372
Epoch 129/200
21016/21016 - 9s - loss: 0.7141 - accuracy: 0.7000 - val_loss: 0.7316 - val_accuracy: 0.6918

Epoch 00129: val_loss did not improve from 0.72372
Epoch 130/200
21016/21016 - 9s - loss: 0.7134 - accuracy: 0.7010 - val_loss: 0.7311 - val_accuracy: 0.6931

Epoch 00130: val_loss did not improve from 0.72372
Epoch 131/200
21016/21016 - 9s - loss: 0.7139 - accuracy: 0.7017 - val_loss: 0.7406 - val_accuracy: 0.6933

Epoch 00131: val_loss did not improve from 0.72372
Epoch 132/200
21016/21016 - 9s - loss: 0.7141 - accuracy: 0.7002 - val_loss: 0.7459 - val_accuracy: 0.6913

Epoch 00132: val_loss did not improve from 0.72372
Epoch 133/200
21016/21016 - 9s - loss: 0.7135 - accuracy: 0.7007 - val_loss: 0.7382 - val_accuracy: 0.6928

Epoch 00133: val_loss did not improve from 0.72372
Epoch 134/200
21016/21016 - 9s - loss: 0.7138 - accuracy: 0.7010 - val_loss: 0.7233 - val_accuracy: 0.6956

Epoch 00134: val_loss improved from 0.72372 to 0.72335, saving model to ./results/NN_trial_9_1/cp.ckpt
Epoch 135/200
21016/21016 - 9s - loss: 0.7136 - accuracy: 0.7005 - val_loss: 0.7482 - val_accuracy: 0.6880

Epoch 00135: val_loss did not improve from 0.72335
Epoch 136/200
21016/21016 - 9s - loss: 0.7132 - accuracy: 0.7011 - val_loss: 0.7485 - val_accuracy: 0.6944

Epoch 00136: val_loss did not improve from 0.72335
Epoch 137/200
21016/21016 - 9s - loss: 0.7131 - accuracy: 0.7008 - val_loss: 0.7454 - val_accuracy: 0.6885

Epoch 00137: val_loss did not improve from 0.72335
Epoch 138/200
21016/21016 - 9s - loss: 0.7131 - accuracy: 0.7011 - val_loss: 0.7440 - val_accuracy: 0.6898

Epoch 00138: val_loss did not improve from 0.72335
Epoch 139/200
21016/21016 - 9s - loss: 0.7129 - accuracy: 0.7006 - val_loss: 0.7279 - val_accuracy: 0.6970

Epoch 00139: val_loss did not improve from 0.72335
Epoch 140/200
21016/21016 - 9s - loss: 0.7131 - accuracy: 0.7006 - val_loss: 0.7508 - val_accuracy: 0.6908

Epoch 00140: val_loss did not improve from 0.72335
Epoch 141/200
21016/21016 - 9s - loss: 0.7130 - accuracy: 0.7018 - val_loss: 0.7478 - val_accuracy: 0.6892

Epoch 00141: val_loss did not improve from 0.72335
Epoch 142/200
21016/21016 - 9s - loss: 0.7127 - accuracy: 0.7011 - val_loss: 0.7381 - val_accuracy: 0.6931

Epoch 00142: val_loss did not improve from 0.72335
Epoch 143/200
21016/21016 - 9s - loss: 0.7127 - accuracy: 0.7011 - val_loss: 0.7432 - val_accuracy: 0.6907

Epoch 00143: val_loss did not improve from 0.72335
Epoch 144/200
21016/21016 - 9s - loss: 0.7124 - accuracy: 0.7010 - val_loss: 0.7514 - val_accuracy: 0.6950

Epoch 00144: val_loss did not improve from 0.72335
Epoch 145/200
21016/21016 - 9s - loss: 0.7127 - accuracy: 0.7012 - val_loss: 0.7310 - val_accuracy: 0.6974

Epoch 00145: val_loss did not improve from 0.72335
Epoch 146/200
21016/21016 - 9s - loss: 0.7124 - accuracy: 0.7009 - val_loss: 0.7613 - val_accuracy: 0.6886

Epoch 00146: val_loss did not improve from 0.72335
Epoch 147/200
21016/21016 - 9s - loss: 0.7124 - accuracy: 0.7005 - val_loss: 0.7343 - val_accuracy: 0.6938

Epoch 00147: val_loss did not improve from 0.72335
Epoch 148/200
21016/21016 - 9s - loss: 0.7124 - accuracy: 0.7022 - val_loss: 0.7538 - val_accuracy: 0.6925

Epoch 00148: val_loss did not improve from 0.72335
Epoch 149/200
21016/21016 - 9s - loss: 0.7123 - accuracy: 0.7014 - val_loss: 0.7307 - val_accuracy: 0.6936

Epoch 00149: val_loss did not improve from 0.72335
Epoch 150/200
21016/21016 - 9s - loss: 0.7122 - accuracy: 0.7012 - val_loss: 0.7429 - val_accuracy: 0.6961

Epoch 00150: val_loss did not improve from 0.72335
Epoch 151/200
21016/21016 - 9s - loss: 0.7123 - accuracy: 0.7008 - val_loss: 0.7562 - val_accuracy: 0.6921

Epoch 00151: val_loss did not improve from 0.72335
Epoch 152/200
21016/21016 - 9s - loss: 0.7122 - accuracy: 0.7016 - val_loss: 0.7303 - val_accuracy: 0.6968

Epoch 00152: val_loss did not improve from 0.72335
Epoch 153/200
21016/21016 - 9s - loss: 0.7124 - accuracy: 0.7007 - val_loss: 0.7309 - val_accuracy: 0.6952

Epoch 00153: val_loss did not improve from 0.72335
Epoch 154/200
21016/21016 - 9s - loss: 0.7124 - accuracy: 0.7009 - val_loss: 0.7407 - val_accuracy: 0.6965

Epoch 00154: val_loss did not improve from 0.72335
Epoch 155/200
21016/21016 - 9s - loss: 0.7120 - accuracy: 0.7015 - val_loss: 0.7349 - val_accuracy: 0.6962

Epoch 00155: val_loss did not improve from 0.72335
Epoch 156/200
21016/21016 - 9s - loss: 0.7119 - accuracy: 0.7018 - val_loss: 0.7410 - val_accuracy: 0.6918

Epoch 00156: val_loss did not improve from 0.72335
Epoch 157/200
21016/21016 - 9s - loss: 0.7120 - accuracy: 0.7012 - val_loss: 0.7520 - val_accuracy: 0.6934

Epoch 00157: val_loss did not improve from 0.72335
Epoch 158/200
21016/21016 - 9s - loss: 0.7121 - accuracy: 0.7008 - val_loss: 0.7371 - val_accuracy: 0.6933

Epoch 00158: val_loss did not improve from 0.72335
Epoch 159/200
21016/21016 - 9s - loss: 0.7121 - accuracy: 0.7005 - val_loss: 0.7218 - val_accuracy: 0.6993

Epoch 00159: val_loss improved from 0.72335 to 0.72180, saving model to ./results/NN_trial_9_1/cp.ckpt
Epoch 160/200
21016/21016 - 9s - loss: 0.7115 - accuracy: 0.7020 - val_loss: 0.7564 - val_accuracy: 0.6929

Epoch 00160: val_loss did not improve from 0.72180
Epoch 161/200
21016/21016 - 9s - loss: 0.7116 - accuracy: 0.7016 - val_loss: 0.7281 - val_accuracy: 0.6960

Epoch 00161: val_loss did not improve from 0.72180
Epoch 162/200
21016/21016 - 9s - loss: 0.7117 - accuracy: 0.7016 - val_loss: 0.7481 - val_accuracy: 0.6896

Epoch 00162: val_loss did not improve from 0.72180
Epoch 163/200
21016/21016 - 9s - loss: 0.7115 - accuracy: 0.7021 - val_loss: 0.7371 - val_accuracy: 0.6921

Epoch 00163: val_loss did not improve from 0.72180
Epoch 164/200
21016/21016 - 9s - loss: 0.7122 - accuracy: 0.7015 - val_loss: 0.7255 - val_accuracy: 0.7009

Epoch 00164: val_loss did not improve from 0.72180
Epoch 165/200
21016/21016 - 9s - loss: 0.7118 - accuracy: 0.7013 - val_loss: 0.7527 - val_accuracy: 0.6915

Epoch 00165: val_loss did not improve from 0.72180
Epoch 166/200
21016/21016 - 9s - loss: 0.7114 - accuracy: 0.7023 - val_loss: 0.7369 - val_accuracy: 0.6946

Epoch 00166: val_loss did not improve from 0.72180
Epoch 167/200
21016/21016 - 9s - loss: 0.7118 - accuracy: 0.7010 - val_loss: 0.7378 - val_accuracy: 0.6948

Epoch 00167: val_loss did not improve from 0.72180
Epoch 168/200
21016/21016 - 9s - loss: 0.7115 - accuracy: 0.7017 - val_loss: 0.7407 - val_accuracy: 0.6952

Epoch 00168: val_loss did not improve from 0.72180
Epoch 169/200
21016/21016 - 9s - loss: 0.7114 - accuracy: 0.7028 - val_loss: 0.7413 - val_accuracy: 0.6943

Epoch 00169: val_loss did not improve from 0.72180
Epoch 170/200
21016/21016 - 9s - loss: 0.7114 - accuracy: 0.7020 - val_loss: 0.7346 - val_accuracy: 0.6945

Epoch 00170: val_loss did not improve from 0.72180
Epoch 171/200
21016/21016 - 9s - loss: 0.7119 - accuracy: 0.7015 - val_loss: 0.7541 - val_accuracy: 0.6897

Epoch 00171: val_loss did not improve from 0.72180
Epoch 172/200
21016/21016 - 9s - loss: 0.7118 - accuracy: 0.7018 - val_loss: 0.7336 - val_accuracy: 0.6934

Epoch 00172: val_loss did not improve from 0.72180
Epoch 173/200
21016/21016 - 9s - loss: 0.7116 - accuracy: 0.7018 - val_loss: 0.7310 - val_accuracy: 0.6981

Epoch 00173: val_loss did not improve from 0.72180
Epoch 174/200
21016/21016 - 9s - loss: 0.7114 - accuracy: 0.7021 - val_loss: 0.7447 - val_accuracy: 0.6918

Epoch 00174: val_loss did not improve from 0.72180
Epoch 175/200
21016/21016 - 9s - loss: 0.7112 - accuracy: 0.7015 - val_loss: 0.7504 - val_accuracy: 0.6914

Epoch 00175: val_loss did not improve from 0.72180
Epoch 176/200
21016/21016 - 9s - loss: 0.7114 - accuracy: 0.7017 - val_loss: 0.7397 - val_accuracy: 0.6945

Epoch 00176: val_loss did not improve from 0.72180
Epoch 177/200
21016/21016 - 9s - loss: 0.7108 - accuracy: 0.7016 - val_loss: 0.7268 - val_accuracy: 0.6998

Epoch 00177: val_loss did not improve from 0.72180
Epoch 178/200
21016/21016 - 9s - loss: 0.7114 - accuracy: 0.7018 - val_loss: 0.7605 - val_accuracy: 0.6905

Epoch 00178: val_loss did not improve from 0.72180
Epoch 179/200
21016/21016 - 9s - loss: 0.7111 - accuracy: 0.7021 - val_loss: 0.7289 - val_accuracy: 0.6947

Epoch 00179: val_loss did not improve from 0.72180
Epoch 180/200
21016/21016 - 9s - loss: 0.7113 - accuracy: 0.7014 - val_loss: 0.7586 - val_accuracy: 0.6937

Epoch 00180: val_loss did not improve from 0.72180
Epoch 181/200
21016/21016 - 9s - loss: 0.7112 - accuracy: 0.7012 - val_loss: 0.7347 - val_accuracy: 0.6949

Epoch 00181: val_loss did not improve from 0.72180
Epoch 182/200
21016/21016 - 9s - loss: 0.7109 - accuracy: 0.7014 - val_loss: 0.7480 - val_accuracy: 0.6932

Epoch 00182: val_loss did not improve from 0.72180
Epoch 183/200
21016/21016 - 9s - loss: 0.7109 - accuracy: 0.7022 - val_loss: 0.7343 - val_accuracy: 0.6955

Epoch 00183: val_loss did not improve from 0.72180
Epoch 184/200
21016/21016 - 9s - loss: 0.7108 - accuracy: 0.7020 - val_loss: 0.7485 - val_accuracy: 0.6928

Epoch 00184: val_loss did not improve from 0.72180
Epoch 185/200
21016/21016 - 9s - loss: 0.7107 - accuracy: 0.7024 - val_loss: 0.7332 - val_accuracy: 0.6974

Epoch 00185: val_loss did not improve from 0.72180
Epoch 186/200
21016/21016 - 9s - loss: 0.7108 - accuracy: 0.7022 - val_loss: 0.7489 - val_accuracy: 0.6949

Epoch 00186: val_loss did not improve from 0.72180
Epoch 187/200
21016/21016 - 9s - loss: 0.7107 - accuracy: 0.7015 - val_loss: 0.7473 - val_accuracy: 0.6937

Epoch 00187: val_loss did not improve from 0.72180
Epoch 188/200
21016/21016 - 9s - loss: 0.7109 - accuracy: 0.7013 - val_loss: 0.7397 - val_accuracy: 0.6945

Epoch 00188: val_loss did not improve from 0.72180
Epoch 189/200
21016/21016 - 9s - loss: 0.7105 - accuracy: 0.7026 - val_loss: 0.7330 - val_accuracy: 0.6931

Epoch 00189: val_loss did not improve from 0.72180
Epoch 190/200
21016/21016 - 9s - loss: 0.7108 - accuracy: 0.7017 - val_loss: 0.7461 - val_accuracy: 0.6936

Epoch 00190: val_loss did not improve from 0.72180
Epoch 191/200
21016/21016 - 9s - loss: 0.7110 - accuracy: 0.7018 - val_loss: 0.7375 - val_accuracy: 0.6966

Epoch 00191: val_loss did not improve from 0.72180
Epoch 192/200
21016/21016 - 9s - loss: 0.7106 - accuracy: 0.7019 - val_loss: 0.7466 - val_accuracy: 0.6895

Epoch 00192: val_loss did not improve from 0.72180
Epoch 193/200
21016/21016 - 9s - loss: 0.7105 - accuracy: 0.7023 - val_loss: 0.7444 - val_accuracy: 0.6927

Epoch 00193: val_loss did not improve from 0.72180
Epoch 194/200
21016/21016 - 9s - loss: 0.7106 - accuracy: 0.7027 - val_loss: 0.7368 - val_accuracy: 0.6945

Epoch 00194: val_loss did not improve from 0.72180
Epoch 195/200
21016/21016 - 9s - loss: 0.7104 - accuracy: 0.7022 - val_loss: 0.7369 - val_accuracy: 0.6959

Epoch 00195: val_loss did not improve from 0.72180
Epoch 196/200
21016/21016 - 9s - loss: 0.7104 - accuracy: 0.7025 - val_loss: 0.7479 - val_accuracy: 0.6899

Epoch 00196: val_loss did not improve from 0.72180
Epoch 197/200
21016/21016 - 9s - loss: 0.7105 - accuracy: 0.7021 - val_loss: 0.7407 - val_accuracy: 0.6956

Epoch 00197: val_loss did not improve from 0.72180
Epoch 198/200
21016/21016 - 9s - loss: 0.7100 - accuracy: 0.7021 - val_loss: 0.7467 - val_accuracy: 0.6917

Epoch 00198: val_loss did not improve from 0.72180
Epoch 199/200
21016/21016 - 9s - loss: 0.7102 - accuracy: 0.7025 - val_loss: 0.7475 - val_accuracy: 0.6948

Epoch 00199: val_loss did not improve from 0.72180
Epoch 200/200
21016/21016 - 9s - loss: 0.7104 - accuracy: 0.7017 - val_loss: 0.7524 - val_accuracy: 0.6939

Epoch 00200: val_loss did not improve from 0.72180
