Before oversampling: Counter({50.0: 52538, 10.0: 30078, 0.0: 22772, 100.0: 7624})
After oversampling: Counter({100.0: 52538, 50.0: 52538, 10.0: 52538, 0.0: 52538})
Model: "sequential"
_________________________________________________________________
Layer (type)                 Output Shape              Param #   
=================================================================
dense (Dense)                (None, 14)                266       
_________________________________________________________________
dense_1 (Dense)              (None, 4)                 60        
=================================================================
Total params: 326
Trainable params: 326
Non-trainable params: 0
_________________________________________________________________
Epoch 1/100
21016/21016 - 8s - loss: 0.8984 - accuracy: 0.6167 - val_loss: 0.8249 - val_accuracy: 0.6545

Epoch 00001: val_loss improved from inf to 0.82488, saving model to ./results/NN_GLCM_C4/cp.ckpt
Epoch 2/100
21016/21016 - 8s - loss: 0.7941 - accuracy: 0.6654 - val_loss: 0.7928 - val_accuracy: 0.6673

Epoch 00002: val_loss improved from 0.82488 to 0.79278, saving model to ./results/NN_GLCM_C4/cp.ckpt
Epoch 3/100
21016/21016 - 8s - loss: 0.7723 - accuracy: 0.6714 - val_loss: 0.7778 - val_accuracy: 0.6739

Epoch 00003: val_loss improved from 0.79278 to 0.77779, saving model to ./results/NN_GLCM_C4/cp.ckpt
Epoch 4/100
21016/21016 - 8s - loss: 0.7595 - accuracy: 0.6779 - val_loss: 0.7617 - val_accuracy: 0.6781

Epoch 00004: val_loss improved from 0.77779 to 0.76169, saving model to ./results/NN_GLCM_C4/cp.ckpt
Epoch 5/100
21016/21016 - 8s - loss: 0.7524 - accuracy: 0.6829 - val_loss: 0.7555 - val_accuracy: 0.6799

Epoch 00005: val_loss improved from 0.76169 to 0.75546, saving model to ./results/NN_GLCM_C4/cp.ckpt
Epoch 6/100
21016/21016 - 8s - loss: 0.7480 - accuracy: 0.6876 - val_loss: 0.7617 - val_accuracy: 0.6797

Epoch 00006: val_loss did not improve from 0.75546
Epoch 7/100
21016/21016 - 8s - loss: 0.7456 - accuracy: 0.6888 - val_loss: 0.7624 - val_accuracy: 0.6804

Epoch 00007: val_loss did not improve from 0.75546
Epoch 8/100
21016/21016 - 8s - loss: 0.7437 - accuracy: 0.6907 - val_loss: 0.7591 - val_accuracy: 0.6795

Epoch 00008: val_loss did not improve from 0.75546
Epoch 9/100
21016/21016 - 8s - loss: 0.7420 - accuracy: 0.6918 - val_loss: 0.7523 - val_accuracy: 0.6844

Epoch 00009: val_loss improved from 0.75546 to 0.75233, saving model to ./results/NN_GLCM_C4/cp.ckpt
Epoch 10/100
21016/21016 - 8s - loss: 0.7406 - accuracy: 0.6924 - val_loss: 0.7445 - val_accuracy: 0.6882

Epoch 00010: val_loss improved from 0.75233 to 0.74448, saving model to ./results/NN_GLCM_C4/cp.ckpt
Epoch 11/100
21016/21016 - 8s - loss: 0.7389 - accuracy: 0.6925 - val_loss: 0.7544 - val_accuracy: 0.6858

Epoch 00011: val_loss did not improve from 0.74448
Epoch 12/100
21016/21016 - 8s - loss: 0.7374 - accuracy: 0.6937 - val_loss: 0.7622 - val_accuracy: 0.6857

Epoch 00012: val_loss did not improve from 0.74448
Epoch 13/100
21016/21016 - 8s - loss: 0.7362 - accuracy: 0.6940 - val_loss: 0.7486 - val_accuracy: 0.6878

Epoch 00013: val_loss did not improve from 0.74448
Epoch 14/100
21016/21016 - 8s - loss: 0.7354 - accuracy: 0.6928 - val_loss: 0.7506 - val_accuracy: 0.6879

Epoch 00014: val_loss did not improve from 0.74448
Epoch 15/100
21016/21016 - 8s - loss: 0.7348 - accuracy: 0.6947 - val_loss: 0.7377 - val_accuracy: 0.6906

Epoch 00015: val_loss improved from 0.74448 to 0.73766, saving model to ./results/NN_GLCM_C4/cp.ckpt
Epoch 16/100
21016/21016 - 8s - loss: 0.7337 - accuracy: 0.6948 - val_loss: 0.7351 - val_accuracy: 0.6927

Epoch 00016: val_loss improved from 0.73766 to 0.73510, saving model to ./results/NN_GLCM_C4/cp.ckpt
Epoch 17/100
21016/21016 - 8s - loss: 0.7328 - accuracy: 0.6953 - val_loss: 0.7583 - val_accuracy: 0.6852

Epoch 00017: val_loss did not improve from 0.73510
Epoch 18/100
21016/21016 - 8s - loss: 0.7320 - accuracy: 0.6957 - val_loss: 0.7602 - val_accuracy: 0.6805

Epoch 00018: val_loss did not improve from 0.73510
Epoch 19/100
21016/21016 - 8s - loss: 0.7315 - accuracy: 0.6961 - val_loss: 0.7664 - val_accuracy: 0.6858

Epoch 00019: val_loss did not improve from 0.73510
Epoch 20/100
21016/21016 - 8s - loss: 0.7306 - accuracy: 0.6958 - val_loss: 0.7598 - val_accuracy: 0.6880

Epoch 00020: val_loss did not improve from 0.73510
Epoch 21/100
21016/21016 - 8s - loss: 0.7299 - accuracy: 0.6973 - val_loss: 0.7517 - val_accuracy: 0.6880

Epoch 00021: val_loss did not improve from 0.73510
Epoch 22/100
21016/21016 - 8s - loss: 0.7292 - accuracy: 0.6973 - val_loss: 0.7370 - val_accuracy: 0.6938

Epoch 00022: val_loss did not improve from 0.73510
Epoch 23/100
21016/21016 - 8s - loss: 0.7283 - accuracy: 0.6982 - val_loss: 0.7405 - val_accuracy: 0.6922

Epoch 00023: val_loss did not improve from 0.73510
Epoch 24/100
21016/21016 - 8s - loss: 0.7280 - accuracy: 0.6981 - val_loss: 0.7383 - val_accuracy: 0.6888

Epoch 00024: val_loss did not improve from 0.73510
Epoch 25/100
21016/21016 - 8s - loss: 0.7277 - accuracy: 0.6978 - val_loss: 0.7366 - val_accuracy: 0.6933

Epoch 00025: val_loss did not improve from 0.73510
Epoch 26/100
21016/21016 - 8s - loss: 0.7272 - accuracy: 0.6981 - val_loss: 0.7372 - val_accuracy: 0.6949

Epoch 00026: val_loss did not improve from 0.73510
Epoch 27/100
21016/21016 - 8s - loss: 0.7270 - accuracy: 0.6991 - val_loss: 0.7497 - val_accuracy: 0.6887

Epoch 00027: val_loss did not improve from 0.73510
Epoch 28/100
21016/21016 - 9s - loss: 0.7264 - accuracy: 0.6990 - val_loss: 0.7425 - val_accuracy: 0.6914

Epoch 00028: val_loss did not improve from 0.73510
Epoch 29/100
21016/21016 - 8s - loss: 0.7259 - accuracy: 0.6988 - val_loss: 0.7524 - val_accuracy: 0.6942

Epoch 00029: val_loss did not improve from 0.73510
Epoch 30/100
21016/21016 - 8s - loss: 0.7248 - accuracy: 0.6988 - val_loss: 0.7335 - val_accuracy: 0.6935

Epoch 00030: val_loss improved from 0.73510 to 0.73353, saving model to ./results/NN_GLCM_C4/cp.ckpt
Epoch 31/100
21016/21016 - 8s - loss: 0.7249 - accuracy: 0.6992 - val_loss: 0.7375 - val_accuracy: 0.6958

Epoch 00031: val_loss did not improve from 0.73353
Epoch 32/100
21016/21016 - 8s - loss: 0.7244 - accuracy: 0.6992 - val_loss: 0.7407 - val_accuracy: 0.6881

Epoch 00032: val_loss did not improve from 0.73353
Epoch 33/100
21016/21016 - 8s - loss: 0.7246 - accuracy: 0.6988 - val_loss: 0.7466 - val_accuracy: 0.6927

Epoch 00033: val_loss did not improve from 0.73353
Epoch 34/100
21016/21016 - 8s - loss: 0.7239 - accuracy: 0.6994 - val_loss: 0.7469 - val_accuracy: 0.6928

Epoch 00034: val_loss did not improve from 0.73353
Epoch 35/100
21016/21016 - 8s - loss: 0.7235 - accuracy: 0.7002 - val_loss: 0.7415 - val_accuracy: 0.6936

Epoch 00035: val_loss did not improve from 0.73353
Epoch 36/100
21016/21016 - 8s - loss: 0.7231 - accuracy: 0.7001 - val_loss: 0.7319 - val_accuracy: 0.6956

Epoch 00036: val_loss improved from 0.73353 to 0.73188, saving model to ./results/NN_GLCM_C4/cp.ckpt
Epoch 37/100
21016/21016 - 8s - loss: 0.7227 - accuracy: 0.7007 - val_loss: 0.7374 - val_accuracy: 0.6961

Epoch 00037: val_loss did not improve from 0.73188
Epoch 38/100
21016/21016 - 8s - loss: 0.7222 - accuracy: 0.7006 - val_loss: 0.7269 - val_accuracy: 0.6976

Epoch 00038: val_loss improved from 0.73188 to 0.72693, saving model to ./results/NN_GLCM_C4/cp.ckpt
Epoch 39/100
21016/21016 - 8s - loss: 0.7215 - accuracy: 0.7004 - val_loss: 0.7401 - val_accuracy: 0.6949

Epoch 00039: val_loss did not improve from 0.72693
Epoch 40/100
21016/21016 - 8s - loss: 0.7211 - accuracy: 0.7002 - val_loss: 0.7310 - val_accuracy: 0.6982

Epoch 00040: val_loss did not improve from 0.72693
Epoch 41/100
21016/21016 - 8s - loss: 0.7209 - accuracy: 0.6998 - val_loss: 0.7528 - val_accuracy: 0.6931

Epoch 00041: val_loss did not improve from 0.72693
Epoch 42/100
21016/21016 - 8s - loss: 0.7205 - accuracy: 0.7007 - val_loss: 0.7281 - val_accuracy: 0.6990

Epoch 00042: val_loss did not improve from 0.72693
Epoch 43/100
21016/21016 - 8s - loss: 0.7200 - accuracy: 0.7005 - val_loss: 0.7457 - val_accuracy: 0.6927

Epoch 00043: val_loss did not improve from 0.72693
Epoch 44/100
21016/21016 - 8s - loss: 0.7193 - accuracy: 0.7018 - val_loss: 0.7509 - val_accuracy: 0.6907

Epoch 00044: val_loss did not improve from 0.72693
Epoch 45/100
21016/21016 - 8s - loss: 0.7193 - accuracy: 0.7018 - val_loss: 0.7311 - val_accuracy: 0.6967

Epoch 00045: val_loss did not improve from 0.72693
Epoch 46/100
21016/21016 - 8s - loss: 0.7185 - accuracy: 0.7018 - val_loss: 0.7223 - val_accuracy: 0.6997

Epoch 00046: val_loss improved from 0.72693 to 0.72229, saving model to ./results/NN_GLCM_C4/cp.ckpt
Epoch 47/100
21016/21016 - 8s - loss: 0.7184 - accuracy: 0.7017 - val_loss: 0.7218 - val_accuracy: 0.7014

Epoch 00047: val_loss improved from 0.72229 to 0.72178, saving model to ./results/NN_GLCM_C4/cp.ckpt
Epoch 48/100
21016/21016 - 8s - loss: 0.7186 - accuracy: 0.7012 - val_loss: 0.7342 - val_accuracy: 0.6939

Epoch 00048: val_loss did not improve from 0.72178
Epoch 49/100
21016/21016 - 8s - loss: 0.7182 - accuracy: 0.7020 - val_loss: 0.7323 - val_accuracy: 0.6999

Epoch 00049: val_loss did not improve from 0.72178
Epoch 50/100
21016/21016 - 8s - loss: 0.7175 - accuracy: 0.7028 - val_loss: 0.7456 - val_accuracy: 0.6929

Epoch 00050: val_loss did not improve from 0.72178
Epoch 51/100
21016/21016 - 8s - loss: 0.7177 - accuracy: 0.7019 - val_loss: 0.7461 - val_accuracy: 0.6925

Epoch 00051: val_loss did not improve from 0.72178
Epoch 52/100
21016/21016 - 8s - loss: 0.7168 - accuracy: 0.7022 - val_loss: 0.7365 - val_accuracy: 0.6942

Epoch 00052: val_loss did not improve from 0.72178
Epoch 53/100
21016/21016 - 8s - loss: 0.7169 - accuracy: 0.7021 - val_loss: 0.7315 - val_accuracy: 0.6975

Epoch 00053: val_loss did not improve from 0.72178
Epoch 54/100
21016/21016 - 8s - loss: 0.7168 - accuracy: 0.7031 - val_loss: 0.7246 - val_accuracy: 0.6997

Epoch 00054: val_loss did not improve from 0.72178
Epoch 55/100
21016/21016 - 8s - loss: 0.7160 - accuracy: 0.7025 - val_loss: 0.7245 - val_accuracy: 0.7030

Epoch 00055: val_loss did not improve from 0.72178
Epoch 56/100
21016/21016 - 8s - loss: 0.7163 - accuracy: 0.7020 - val_loss: 0.7529 - val_accuracy: 0.6944

Epoch 00056: val_loss did not improve from 0.72178
Epoch 57/100
21016/21016 - 8s - loss: 0.7159 - accuracy: 0.7026 - val_loss: 0.7284 - val_accuracy: 0.6974

Epoch 00057: val_loss did not improve from 0.72178
Epoch 58/100
21016/21016 - 8s - loss: 0.7161 - accuracy: 0.7024 - val_loss: 0.7259 - val_accuracy: 0.6997

Epoch 00058: val_loss did not improve from 0.72178
Epoch 59/100
21016/21016 - 8s - loss: 0.7158 - accuracy: 0.7021 - val_loss: 0.7327 - val_accuracy: 0.6961

Epoch 00059: val_loss did not improve from 0.72178
Epoch 60/100
21016/21016 - 8s - loss: 0.7150 - accuracy: 0.7030 - val_loss: 0.7295 - val_accuracy: 0.6953

Epoch 00060: val_loss did not improve from 0.72178
Epoch 61/100
21016/21016 - 8s - loss: 0.7150 - accuracy: 0.7036 - val_loss: 0.7334 - val_accuracy: 0.6977

Epoch 00061: val_loss did not improve from 0.72178
Epoch 62/100
21016/21016 - 8s - loss: 0.7151 - accuracy: 0.7028 - val_loss: 0.7343 - val_accuracy: 0.6980

Epoch 00062: val_loss did not improve from 0.72178
Epoch 63/100
21016/21016 - 8s - loss: 0.7151 - accuracy: 0.7023 - val_loss: 0.7333 - val_accuracy: 0.6934

Epoch 00063: val_loss did not improve from 0.72178
Epoch 64/100
21016/21016 - 8s - loss: 0.7147 - accuracy: 0.7023 - val_loss: 0.7359 - val_accuracy: 0.6974

Epoch 00064: val_loss did not improve from 0.72178
Epoch 65/100
21016/21016 - 8s - loss: 0.7143 - accuracy: 0.7027 - val_loss: 0.7276 - val_accuracy: 0.6977

Epoch 00065: val_loss did not improve from 0.72178
Epoch 66/100
21016/21016 - 8s - loss: 0.7143 - accuracy: 0.7037 - val_loss: 0.7347 - val_accuracy: 0.6968

Epoch 00066: val_loss did not improve from 0.72178
Epoch 67/100
21016/21016 - 8s - loss: 0.7143 - accuracy: 0.7017 - val_loss: 0.7616 - val_accuracy: 0.6903

Epoch 00067: val_loss did not improve from 0.72178
Epoch 68/100
21016/21016 - 8s - loss: 0.7138 - accuracy: 0.7028 - val_loss: 0.7267 - val_accuracy: 0.6976

Epoch 00068: val_loss did not improve from 0.72178
Epoch 69/100
21016/21016 - 8s - loss: 0.7138 - accuracy: 0.7037 - val_loss: 0.7400 - val_accuracy: 0.6968

Epoch 00069: val_loss did not improve from 0.72178
Epoch 70/100
21016/21016 - 8s - loss: 0.7136 - accuracy: 0.7036 - val_loss: 0.7295 - val_accuracy: 0.6968

Epoch 00070: val_loss did not improve from 0.72178
Epoch 71/100
21016/21016 - 8s - loss: 0.7134 - accuracy: 0.7032 - val_loss: 0.7649 - val_accuracy: 0.6889

Epoch 00071: val_loss did not improve from 0.72178
Epoch 72/100
21016/21016 - 8s - loss: 0.7133 - accuracy: 0.7031 - val_loss: 0.7476 - val_accuracy: 0.6923

Epoch 00072: val_loss did not improve from 0.72178
Epoch 73/100
21016/21016 - 8s - loss: 0.7130 - accuracy: 0.7037 - val_loss: 0.7420 - val_accuracy: 0.6930

Epoch 00073: val_loss did not improve from 0.72178
Epoch 74/100
21016/21016 - 8s - loss: 0.7132 - accuracy: 0.7026 - val_loss: 0.7159 - val_accuracy: 0.7027

Epoch 00074: val_loss improved from 0.72178 to 0.71593, saving model to ./results/NN_GLCM_C4/cp.ckpt
Epoch 75/100
21016/21016 - 8s - loss: 0.7127 - accuracy: 0.7036 - val_loss: 0.7237 - val_accuracy: 0.6978

Epoch 00075: val_loss did not improve from 0.71593
Epoch 76/100
21016/21016 - 8s - loss: 0.7126 - accuracy: 0.7029 - val_loss: 0.7174 - val_accuracy: 0.7037

Epoch 00076: val_loss did not improve from 0.71593
Epoch 77/100
21016/21016 - 8s - loss: 0.7128 - accuracy: 0.7033 - val_loss: 0.7395 - val_accuracy: 0.6966

Epoch 00077: val_loss did not improve from 0.71593
Epoch 78/100
21016/21016 - 8s - loss: 0.7124 - accuracy: 0.7035 - val_loss: 0.7134 - val_accuracy: 0.7013

Epoch 00078: val_loss improved from 0.71593 to 0.71343, saving model to ./results/NN_GLCM_C4/cp.ckpt
Epoch 79/100
21016/21016 - 8s - loss: 0.7122 - accuracy: 0.7035 - val_loss: 0.7148 - val_accuracy: 0.7060

Epoch 00079: val_loss did not improve from 0.71343
Epoch 80/100
21016/21016 - 8s - loss: 0.7126 - accuracy: 0.7041 - val_loss: 0.7324 - val_accuracy: 0.6930

Epoch 00080: val_loss did not improve from 0.71343
Epoch 81/100
21016/21016 - 8s - loss: 0.7121 - accuracy: 0.7038 - val_loss: 0.7169 - val_accuracy: 0.7006

Epoch 00081: val_loss did not improve from 0.71343
Epoch 82/100
21016/21016 - 8s - loss: 0.7117 - accuracy: 0.7036 - val_loss: 0.7331 - val_accuracy: 0.6965

Epoch 00082: val_loss did not improve from 0.71343
Epoch 83/100
21016/21016 - 8s - loss: 0.7118 - accuracy: 0.7035 - val_loss: 0.7265 - val_accuracy: 0.6972

Epoch 00083: val_loss did not improve from 0.71343
Epoch 84/100
21016/21016 - 8s - loss: 0.7118 - accuracy: 0.7039 - val_loss: 0.7146 - val_accuracy: 0.7023

Epoch 00084: val_loss did not improve from 0.71343
Epoch 85/100
21016/21016 - 8s - loss: 0.7115 - accuracy: 0.7042 - val_loss: 0.7271 - val_accuracy: 0.6930

Epoch 00085: val_loss did not improve from 0.71343
Epoch 86/100
21016/21016 - 8s - loss: 0.7114 - accuracy: 0.7042 - val_loss: 0.7356 - val_accuracy: 0.6956

Epoch 00086: val_loss did not improve from 0.71343
Epoch 87/100
21016/21016 - 8s - loss: 0.7116 - accuracy: 0.7037 - val_loss: 0.7336 - val_accuracy: 0.6916

Epoch 00087: val_loss did not improve from 0.71343
Epoch 88/100
21016/21016 - 8s - loss: 0.7112 - accuracy: 0.7034 - val_loss: 0.7311 - val_accuracy: 0.6952

Epoch 00088: val_loss did not improve from 0.71343
Epoch 89/100
21016/21016 - 8s - loss: 0.7113 - accuracy: 0.7041 - val_loss: 0.7389 - val_accuracy: 0.6951

Epoch 00089: val_loss did not improve from 0.71343
Epoch 90/100
21016/21016 - 8s - loss: 0.7112 - accuracy: 0.7035 - val_loss: 0.7442 - val_accuracy: 0.6951

Epoch 00090: val_loss did not improve from 0.71343
Epoch 91/100
21016/21016 - 8s - loss: 0.7109 - accuracy: 0.7042 - val_loss: 0.7108 - val_accuracy: 0.7049

Epoch 00091: val_loss improved from 0.71343 to 0.71083, saving model to ./results/NN_GLCM_C4/cp.ckpt
Epoch 92/100
21016/21016 - 8s - loss: 0.7108 - accuracy: 0.7040 - val_loss: 0.7327 - val_accuracy: 0.6958

Epoch 00092: val_loss did not improve from 0.71083
Epoch 93/100
21016/21016 - 8s - loss: 0.7104 - accuracy: 0.7031 - val_loss: 0.7223 - val_accuracy: 0.6994

Epoch 00093: val_loss did not improve from 0.71083
Epoch 94/100
21016/21016 - 8s - loss: 0.7106 - accuracy: 0.7042 - val_loss: 0.7235 - val_accuracy: 0.6968

Epoch 00094: val_loss did not improve from 0.71083
Epoch 95/100
21016/21016 - 8s - loss: 0.7107 - accuracy: 0.7042 - val_loss: 0.7273 - val_accuracy: 0.6985

Epoch 00095: val_loss did not improve from 0.71083
Epoch 96/100
21016/21016 - 8s - loss: 0.7106 - accuracy: 0.7046 - val_loss: 0.7340 - val_accuracy: 0.6936

Epoch 00096: val_loss did not improve from 0.71083
Epoch 97/100
21016/21016 - 8s - loss: 0.7103 - accuracy: 0.7041 - val_loss: 0.7521 - val_accuracy: 0.6914

Epoch 00097: val_loss did not improve from 0.71083
Epoch 98/100
21016/21016 - 8s - loss: 0.7102 - accuracy: 0.7040 - val_loss: 0.7391 - val_accuracy: 0.6909

Epoch 00098: val_loss did not improve from 0.71083
Epoch 99/100
21016/21016 - 8s - loss: 0.7100 - accuracy: 0.7049 - val_loss: 0.7456 - val_accuracy: 0.6907

Epoch 00099: val_loss did not improve from 0.71083
Epoch 100/100
21016/21016 - 8s - loss: 0.7097 - accuracy: 0.7045 - val_loss: 0.7260 - val_accuracy: 0.6994

Epoch 00100: val_loss did not improve from 0.71083
