Before oversampling: Counter({50.0: 38006, 0.0: 37856, 1.0: 37836, 70.0: 37779, 20.0: 37752, 80.0: 37699, 10.0: 37678, 60.0: 37677, 92.0: 37673, 2.0: 37641, 91.0: 37630, 30.0: 37505, 90.0: 37480, 100.0: 37475, 40.0: 37235})
After oversampling: Counter({50.0: 38006, 40.0: 38006, 0.0: 37856, 1.0: 37836, 70.0: 37779, 20.0: 37752, 80.0: 37699, 10.0: 37678, 60.0: 37677, 92.0: 37673, 2.0: 37641, 91.0: 37630, 30.0: 37505, 90.0: 37480, 100.0: 37475})
Model: "sequential"
_________________________________________________________________
Layer (type)                 Output Shape              Param #   
=================================================================
dense (Dense)                (None, 128)               3200      
_________________________________________________________________
dense_1 (Dense)              (None, 15)                1935      
=================================================================
Total params: 5,135
Trainable params: 5,135
Non-trainable params: 0
_________________________________________________________________
Epoch 1/100
90511/90511 - 30s - loss: 1.2727 - accuracy: 0.5575 - val_loss: 12.6172 - val_accuracy: 0.2310

Epoch 00001: saving model to ./results/NN_trial_2/cp.ckpt
Epoch 2/100
90511/90511 - 29s - loss: 1.0159 - accuracy: 0.6460 - val_loss: 14.7568 - val_accuracy: 0.2309

Epoch 00002: saving model to ./results/NN_trial_2/cp.ckpt
Epoch 3/100
90511/90511 - 30s - loss: 0.9323 - accuracy: 0.6730 - val_loss: 15.9239 - val_accuracy: 0.2063

Epoch 00003: saving model to ./results/NN_trial_2/cp.ckpt
Epoch 4/100
90511/90511 - 29s - loss: 0.8850 - accuracy: 0.6878 - val_loss: 17.2082 - val_accuracy: 0.2207

Epoch 00004: saving model to ./results/NN_trial_2/cp.ckpt
Epoch 5/100
90511/90511 - 31s - loss: 0.8532 - accuracy: 0.6993 - val_loss: 17.9865 - val_accuracy: 0.2115

Epoch 00005: saving model to ./results/NN_trial_2/cp.ckpt
Epoch 6/100
90511/90511 - 30s - loss: 0.8301 - accuracy: 0.7064 - val_loss: 18.9102 - val_accuracy: 0.2302

Epoch 00006: saving model to ./results/NN_trial_2/cp.ckpt
Epoch 7/100
90511/90511 - 31s - loss: 0.8115 - accuracy: 0.7136 - val_loss: 19.9074 - val_accuracy: 0.2462

Epoch 00007: saving model to ./results/NN_trial_2/cp.ckpt
Epoch 8/100
90511/90511 - 30s - loss: 0.7951 - accuracy: 0.7184 - val_loss: 20.4519 - val_accuracy: 0.2467

Epoch 00008: saving model to ./results/NN_trial_2/cp.ckpt
Epoch 9/100
90511/90511 - 30s - loss: 0.7812 - accuracy: 0.7239 - val_loss: 21.1349 - val_accuracy: 0.2239

Epoch 00009: saving model to ./results/NN_trial_2/cp.ckpt
Epoch 10/100
90511/90511 - 30s - loss: 0.7686 - accuracy: 0.7284 - val_loss: 21.5488 - val_accuracy: 0.2475

Epoch 00010: saving model to ./results/NN_trial_2/cp.ckpt
Epoch 11/100
90511/90511 - 30s - loss: 0.7577 - accuracy: 0.7326 - val_loss: 22.1453 - val_accuracy: 0.2426

Epoch 00011: saving model to ./results/NN_trial_2/cp.ckpt
Epoch 12/100
90511/90511 - 29s - loss: 0.7470 - accuracy: 0.7362 - val_loss: 22.3448 - val_accuracy: 0.2371

Epoch 00012: saving model to ./results/NN_trial_2/cp.ckpt
Epoch 13/100
90511/90511 - 29s - loss: 0.7382 - accuracy: 0.7390 - val_loss: 22.1195 - val_accuracy: 0.2551

Epoch 00013: saving model to ./results/NN_trial_2/cp.ckpt
Epoch 14/100
90511/90511 - 29s - loss: 0.7313 - accuracy: 0.7423 - val_loss: 22.3024 - val_accuracy: 0.2591

Epoch 00014: saving model to ./results/NN_trial_2/cp.ckpt
Epoch 15/100
90511/90511 - 29s - loss: 0.7249 - accuracy: 0.7442 - val_loss: 22.4628 - val_accuracy: 0.2621

Epoch 00015: saving model to ./results/NN_trial_2/cp.ckpt
Epoch 16/100
90511/90511 - 29s - loss: 0.7187 - accuracy: 0.7467 - val_loss: 22.4310 - val_accuracy: 0.2449

Epoch 00016: saving model to ./results/NN_trial_2/cp.ckpt
Epoch 17/100
90511/90511 - 29s - loss: 0.7133 - accuracy: 0.7485 - val_loss: 21.9406 - val_accuracy: 0.2373

Epoch 00017: saving model to ./results/NN_trial_2/cp.ckpt
Epoch 18/100
90511/90511 - 29s - loss: 0.7089 - accuracy: 0.7498 - val_loss: 22.5272 - val_accuracy: 0.2667

Epoch 00018: saving model to ./results/NN_trial_2/cp.ckpt
Epoch 19/100
90511/90511 - 29s - loss: 0.7051 - accuracy: 0.7515 - val_loss: 22.4772 - val_accuracy: 0.2387

Epoch 00019: saving model to ./results/NN_trial_2/cp.ckpt
Epoch 20/100
90511/90511 - 29s - loss: 0.7011 - accuracy: 0.7529 - val_loss: 22.9726 - val_accuracy: 0.2710

Epoch 00020: saving model to ./results/NN_trial_2/cp.ckpt
Epoch 21/100
90511/90511 - 29s - loss: 0.6979 - accuracy: 0.7536 - val_loss: 22.7361 - val_accuracy: 0.2683

Epoch 00021: saving model to ./results/NN_trial_2/cp.ckpt
Epoch 22/100
90511/90511 - 29s - loss: 0.6953 - accuracy: 0.7547 - val_loss: 22.7666 - val_accuracy: 0.2778

Epoch 00022: saving model to ./results/NN_trial_2/cp.ckpt
Epoch 23/100
90511/90511 - 29s - loss: 0.6925 - accuracy: 0.7565 - val_loss: 22.8255 - val_accuracy: 0.2724

Epoch 00023: saving model to ./results/NN_trial_2/cp.ckpt
Epoch 24/100
90511/90511 - 29s - loss: 0.6899 - accuracy: 0.7565 - val_loss: 23.0585 - val_accuracy: 0.2643

Epoch 00024: saving model to ./results/NN_trial_2/cp.ckpt
Epoch 25/100
90511/90511 - 29s - loss: 0.6878 - accuracy: 0.7585 - val_loss: 22.9568 - val_accuracy: 0.2758

Epoch 00025: saving model to ./results/NN_trial_2/cp.ckpt
Epoch 26/100
90511/90511 - 29s - loss: 0.6850 - accuracy: 0.7586 - val_loss: 23.6044 - val_accuracy: 0.2776

Epoch 00026: saving model to ./results/NN_trial_2/cp.ckpt
Epoch 27/100
90511/90511 - 29s - loss: 0.6824 - accuracy: 0.7605 - val_loss: 23.6900 - val_accuracy: 0.2693

Epoch 00027: saving model to ./results/NN_trial_2/cp.ckpt
Epoch 28/100
90511/90511 - 29s - loss: 0.6808 - accuracy: 0.7610 - val_loss: 25.0574 - val_accuracy: 0.2838

Epoch 00028: saving model to ./results/NN_trial_2/cp.ckpt
Epoch 29/100
90511/90511 - 30s - loss: 0.6784 - accuracy: 0.7612 - val_loss: 25.1279 - val_accuracy: 0.2699

Epoch 00029: saving model to ./results/NN_trial_2/cp.ckpt
Epoch 30/100
90511/90511 - 27s - loss: 0.6766 - accuracy: 0.7620 - val_loss: 24.8308 - val_accuracy: 0.2478

Epoch 00030: saving model to ./results/NN_trial_2/cp.ckpt
Epoch 31/100
90511/90511 - 30s - loss: 0.6749 - accuracy: 0.7634 - val_loss: 25.4604 - val_accuracy: 0.2653

Epoch 00031: saving model to ./results/NN_trial_2/cp.ckpt
Epoch 32/100
90511/90511 - 29s - loss: 0.6726 - accuracy: 0.7631 - val_loss: 26.5053 - val_accuracy: 0.2746

Epoch 00032: saving model to ./results/NN_trial_2/cp.ckpt
Epoch 33/100
90511/90511 - 29s - loss: 0.6711 - accuracy: 0.7639 - val_loss: 27.0929 - val_accuracy: 0.2550

Epoch 00033: saving model to ./results/NN_trial_2/cp.ckpt
Epoch 34/100
90511/90511 - 29s - loss: 0.6694 - accuracy: 0.7652 - val_loss: 27.2364 - val_accuracy: 0.2746

Epoch 00034: saving model to ./results/NN_trial_2/cp.ckpt
Epoch 35/100
90511/90511 - 29s - loss: 0.6681 - accuracy: 0.7650 - val_loss: 27.8170 - val_accuracy: 0.2666

Epoch 00035: saving model to ./results/NN_trial_2/cp.ckpt
Epoch 36/100
90511/90511 - 29s - loss: 0.6663 - accuracy: 0.7648 - val_loss: 28.4997 - val_accuracy: 0.2725

Epoch 00036: saving model to ./results/NN_trial_2/cp.ckpt
Epoch 37/100
90511/90511 - 29s - loss: 0.6645 - accuracy: 0.7656 - val_loss: 28.8525 - val_accuracy: 0.2840

Epoch 00037: saving model to ./results/NN_trial_2/cp.ckpt
Epoch 38/100
90511/90511 - 29s - loss: 0.6631 - accuracy: 0.7660 - val_loss: 29.1536 - val_accuracy: 0.2737

Epoch 00038: saving model to ./results/NN_trial_2/cp.ckpt
Epoch 39/100
90511/90511 - 29s - loss: 0.6622 - accuracy: 0.7667 - val_loss: 29.5040 - val_accuracy: 0.2750

Epoch 00039: saving model to ./results/NN_trial_2/cp.ckpt
Epoch 40/100
90511/90511 - 29s - loss: 0.6609 - accuracy: 0.7676 - val_loss: 29.7885 - val_accuracy: 0.2780

Epoch 00040: saving model to ./results/NN_trial_2/cp.ckpt
Epoch 41/100
90511/90511 - 29s - loss: 0.6590 - accuracy: 0.7682 - val_loss: 30.4893 - val_accuracy: 0.2612

Epoch 00041: saving model to ./results/NN_trial_2/cp.ckpt
Epoch 42/100
90511/90511 - 29s - loss: 0.6580 - accuracy: 0.7688 - val_loss: 30.8149 - val_accuracy: 0.2835

Epoch 00042: saving model to ./results/NN_trial_2/cp.ckpt
Epoch 43/100
90511/90511 - 29s - loss: 0.6572 - accuracy: 0.7698 - val_loss: 31.5444 - val_accuracy: 0.2812

Epoch 00043: saving model to ./results/NN_trial_2/cp.ckpt
Epoch 44/100
90511/90511 - 29s - loss: 0.6560 - accuracy: 0.7691 - val_loss: 31.7593 - val_accuracy: 0.2694

Epoch 00044: saving model to ./results/NN_trial_2/cp.ckpt
Epoch 45/100
90511/90511 - 29s - loss: 0.6545 - accuracy: 0.7700 - val_loss: 32.1241 - val_accuracy: 0.2702

Epoch 00045: saving model to ./results/NN_trial_2/cp.ckpt
Epoch 46/100
90511/90511 - 29s - loss: 0.6536 - accuracy: 0.7702 - val_loss: 32.2139 - val_accuracy: 0.2584

Epoch 00046: saving model to ./results/NN_trial_2/cp.ckpt
Epoch 47/100
90511/90511 - 29s - loss: 0.6520 - accuracy: 0.7702 - val_loss: 32.4747 - val_accuracy: 0.2600

Epoch 00047: saving model to ./results/NN_trial_2/cp.ckpt
Epoch 48/100
90511/90511 - 29s - loss: 0.6502 - accuracy: 0.7712 - val_loss: 33.5124 - val_accuracy: 0.2644

Epoch 00048: saving model to ./results/NN_trial_2/cp.ckpt
Epoch 49/100
90511/90511 - 29s - loss: 0.6501 - accuracy: 0.7712 - val_loss: 33.3779 - val_accuracy: 0.2673

Epoch 00049: saving model to ./results/NN_trial_2/cp.ckpt
Epoch 50/100
90511/90511 - 29s - loss: 0.6494 - accuracy: 0.7713 - val_loss: 33.3227 - val_accuracy: 0.2770

Epoch 00050: saving model to ./results/NN_trial_2/cp.ckpt
Epoch 51/100
90511/90511 - 31s - loss: 0.6476 - accuracy: 0.7721 - val_loss: 34.2366 - val_accuracy: 0.2716

Epoch 00051: saving model to ./results/NN_trial_2/cp.ckpt
Epoch 52/100
90511/90511 - 31s - loss: 0.6474 - accuracy: 0.7728 - val_loss: 34.2097 - val_accuracy: 0.2566

Epoch 00052: saving model to ./results/NN_trial_2/cp.ckpt
Epoch 53/100
90511/90511 - 29s - loss: 0.6460 - accuracy: 0.7727 - val_loss: 34.9180 - val_accuracy: 0.2588

Epoch 00053: saving model to ./results/NN_trial_2/cp.ckpt
Epoch 54/100
90511/90511 - 30s - loss: 0.6447 - accuracy: 0.7738 - val_loss: 35.3096 - val_accuracy: 0.2582

Epoch 00054: saving model to ./results/NN_trial_2/cp.ckpt
Epoch 55/100
90511/90511 - 31s - loss: 0.6434 - accuracy: 0.7734 - val_loss: 35.1899 - val_accuracy: 0.2683

Epoch 00055: saving model to ./results/NN_trial_2/cp.ckpt
Epoch 56/100
90511/90511 - 30s - loss: 0.6424 - accuracy: 0.7743 - val_loss: 35.4916 - val_accuracy: 0.2550

Epoch 00056: saving model to ./results/NN_trial_2/cp.ckpt
Epoch 57/100
90511/90511 - 35s - loss: 0.6420 - accuracy: 0.7741 - val_loss: 36.2655 - val_accuracy: 0.2513

Epoch 00057: saving model to ./results/NN_trial_2/cp.ckpt
Epoch 58/100
90511/90511 - 30s - loss: 0.6406 - accuracy: 0.7748 - val_loss: 36.6387 - val_accuracy: 0.2651

Epoch 00058: saving model to ./results/NN_trial_2/cp.ckpt
Epoch 59/100
90511/90511 - 30s - loss: 0.6394 - accuracy: 0.7749 - val_loss: 37.0995 - val_accuracy: 0.2581

Epoch 00059: saving model to ./results/NN_trial_2/cp.ckpt
Epoch 60/100
90511/90511 - 29s - loss: 0.6392 - accuracy: 0.7751 - val_loss: 37.5564 - val_accuracy: 0.2538

Epoch 00060: saving model to ./results/NN_trial_2/cp.ckpt
Epoch 61/100
90511/90511 - 29s - loss: 0.6386 - accuracy: 0.7755 - val_loss: 37.1659 - val_accuracy: 0.2515

Epoch 00061: saving model to ./results/NN_trial_2/cp.ckpt
Epoch 62/100
90511/90511 - 29s - loss: 0.6371 - accuracy: 0.7762 - val_loss: 37.2464 - val_accuracy: 0.2649

Epoch 00062: saving model to ./results/NN_trial_2/cp.ckpt
Epoch 63/100
90511/90511 - 30s - loss: 0.6373 - accuracy: 0.7760 - val_loss: 38.0460 - val_accuracy: 0.2413

Epoch 00063: saving model to ./results/NN_trial_2/cp.ckpt
Epoch 64/100
90511/90511 - 29s - loss: 0.6371 - accuracy: 0.7756 - val_loss: 37.5277 - val_accuracy: 0.2485

Epoch 00064: saving model to ./results/NN_trial_2/cp.ckpt
Epoch 65/100
90511/90511 - 30s - loss: 0.6349 - accuracy: 0.7765 - val_loss: 38.8607 - val_accuracy: 0.2617

Epoch 00065: saving model to ./results/NN_trial_2/cp.ckpt
Epoch 66/100
90511/90511 - 29s - loss: 0.6343 - accuracy: 0.7769 - val_loss: 39.1545 - val_accuracy: 0.2479

Epoch 00066: saving model to ./results/NN_trial_2/cp.ckpt
Epoch 67/100
90511/90511 - 29s - loss: 0.6334 - accuracy: 0.7775 - val_loss: 39.4693 - val_accuracy: 0.2438

Epoch 00067: saving model to ./results/NN_trial_2/cp.ckpt
Epoch 68/100
90511/90511 - 29s - loss: 0.6331 - accuracy: 0.7773 - val_loss: 39.5115 - val_accuracy: 0.2530

Epoch 00068: saving model to ./results/NN_trial_2/cp.ckpt
Epoch 69/100
90511/90511 - 29s - loss: 0.6318 - accuracy: 0.7777 - val_loss: 40.5609 - val_accuracy: 0.2502

Epoch 00069: saving model to ./results/NN_trial_2/cp.ckpt
Epoch 70/100
90511/90511 - 29s - loss: 0.6318 - accuracy: 0.7781 - val_loss: 40.7217 - val_accuracy: 0.2265

Epoch 00070: saving model to ./results/NN_trial_2/cp.ckpt
Epoch 71/100
90511/90511 - 29s - loss: 0.6302 - accuracy: 0.7781 - val_loss: 40.3854 - val_accuracy: 0.2616

Epoch 00071: saving model to ./results/NN_trial_2/cp.ckpt
Epoch 72/100
90511/90511 - 29s - loss: 0.6296 - accuracy: 0.7787 - val_loss: 40.9346 - val_accuracy: 0.2769

Epoch 00072: saving model to ./results/NN_trial_2/cp.ckpt
Epoch 73/100
90511/90511 - 29s - loss: 0.6292 - accuracy: 0.7790 - val_loss: 40.8365 - val_accuracy: 0.2485

Epoch 00073: saving model to ./results/NN_trial_2/cp.ckpt
Epoch 74/100
90511/90511 - 29s - loss: 0.6282 - accuracy: 0.7794 - val_loss: 40.2476 - val_accuracy: 0.2454

Epoch 00074: saving model to ./results/NN_trial_2/cp.ckpt
Epoch 75/100
90511/90511 - 29s - loss: 0.6278 - accuracy: 0.7792 - val_loss: 41.4183 - val_accuracy: 0.2390

Epoch 00075: saving model to ./results/NN_trial_2/cp.ckpt
Epoch 76/100
90511/90511 - 29s - loss: 0.6268 - accuracy: 0.7791 - val_loss: 42.0741 - val_accuracy: 0.2301

Epoch 00076: saving model to ./results/NN_trial_2/cp.ckpt
Epoch 77/100
90511/90511 - 29s - loss: 0.6260 - accuracy: 0.7795 - val_loss: 42.4607 - val_accuracy: 0.2549

Epoch 00077: saving model to ./results/NN_trial_2/cp.ckpt
Epoch 78/100
90511/90511 - 29s - loss: 0.6257 - accuracy: 0.7801 - val_loss: 43.0485 - val_accuracy: 0.2264

Epoch 00078: saving model to ./results/NN_trial_2/cp.ckpt
Epoch 79/100
90511/90511 - 29s - loss: 0.6245 - accuracy: 0.7801 - val_loss: 43.3086 - val_accuracy: 0.2685

Epoch 00079: saving model to ./results/NN_trial_2/cp.ckpt
Epoch 80/100
90511/90511 - 29s - loss: 0.6239 - accuracy: 0.7803 - val_loss: 42.7162 - val_accuracy: 0.2478

Epoch 00080: saving model to ./results/NN_trial_2/cp.ckpt
Epoch 81/100
90511/90511 - 30s - loss: 0.6225 - accuracy: 0.7812 - val_loss: 44.3252 - val_accuracy: 0.1963

Epoch 00081: saving model to ./results/NN_trial_2/cp.ckpt
Epoch 82/100
90511/90511 - 29s - loss: 0.6222 - accuracy: 0.7811 - val_loss: 44.1248 - val_accuracy: 0.2519

Epoch 00082: saving model to ./results/NN_trial_2/cp.ckpt
Epoch 83/100
90511/90511 - 29s - loss: 0.6212 - accuracy: 0.7816 - val_loss: 44.7753 - val_accuracy: 0.2623

Epoch 00083: saving model to ./results/NN_trial_2/cp.ckpt
Epoch 84/100
90511/90511 - 29s - loss: 0.6207 - accuracy: 0.7818 - val_loss: 44.0590 - val_accuracy: 0.2295

Epoch 00084: saving model to ./results/NN_trial_2/cp.ckpt
Epoch 85/100
90511/90511 - 29s - loss: 0.6195 - accuracy: 0.7820 - val_loss: 46.4829 - val_accuracy: 0.2643

Epoch 00085: saving model to ./results/NN_trial_2/cp.ckpt
Epoch 86/100
90511/90511 - 29s - loss: 0.6186 - accuracy: 0.7822 - val_loss: 46.4128 - val_accuracy: 0.2649

Epoch 00086: saving model to ./results/NN_trial_2/cp.ckpt
Epoch 87/100
90511/90511 - 30s - loss: 0.6179 - accuracy: 0.7822 - val_loss: 45.7415 - val_accuracy: 0.2614

Epoch 00087: saving model to ./results/NN_trial_2/cp.ckpt
Epoch 88/100
90511/90511 - 29s - loss: 0.6180 - accuracy: 0.7831 - val_loss: 46.6811 - val_accuracy: 0.2749

Epoch 00088: saving model to ./results/NN_trial_2/cp.ckpt
Epoch 89/100
90511/90511 - 29s - loss: 0.6174 - accuracy: 0.7833 - val_loss: 47.9333 - val_accuracy: 0.2449

Epoch 00089: saving model to ./results/NN_trial_2/cp.ckpt
Epoch 90/100
90511/90511 - 29s - loss: 0.6168 - accuracy: 0.7838 - val_loss: 47.4441 - val_accuracy: 0.2470

Epoch 00090: saving model to ./results/NN_trial_2/cp.ckpt
Epoch 91/100
90511/90511 - 29s - loss: 0.6162 - accuracy: 0.7837 - val_loss: 48.9605 - val_accuracy: 0.2701

Epoch 00091: saving model to ./results/NN_trial_2/cp.ckpt
Epoch 92/100
90511/90511 - 29s - loss: 0.6159 - accuracy: 0.7831 - val_loss: 48.7044 - val_accuracy: 0.2678

Epoch 00092: saving model to ./results/NN_trial_2/cp.ckpt
Epoch 93/100
90511/90511 - 29s - loss: 0.6146 - accuracy: 0.7838 - val_loss: 48.9182 - val_accuracy: 0.2707

Epoch 00093: saving model to ./results/NN_trial_2/cp.ckpt
Epoch 94/100
90511/90511 - 29s - loss: 0.6147 - accuracy: 0.7840 - val_loss: 50.6810 - val_accuracy: 0.2655

Epoch 00094: saving model to ./results/NN_trial_2/cp.ckpt
Epoch 95/100
90511/90511 - 29s - loss: 0.6142 - accuracy: 0.7845 - val_loss: 50.5064 - val_accuracy: 0.2519

Epoch 00095: saving model to ./results/NN_trial_2/cp.ckpt
Epoch 96/100
90511/90511 - 29s - loss: 0.6141 - accuracy: 0.7839 - val_loss: 50.7524 - val_accuracy: 0.2364

Epoch 00096: saving model to ./results/NN_trial_2/cp.ckpt
Epoch 97/100
90511/90511 - 29s - loss: 0.6129 - accuracy: 0.7849 - val_loss: 52.6067 - val_accuracy: 0.2191

Epoch 00097: saving model to ./results/NN_trial_2/cp.ckpt
Epoch 98/100
90511/90511 - 29s - loss: 0.6133 - accuracy: 0.7839 - val_loss: 51.9814 - val_accuracy: 0.2561

Epoch 00098: saving model to ./results/NN_trial_2/cp.ckpt
Epoch 99/100
90511/90511 - 29s - loss: 0.6129 - accuracy: 0.7848 - val_loss: 53.2973 - val_accuracy: 0.2582

Epoch 00099: saving model to ./results/NN_trial_2/cp.ckpt
Epoch 100/100
90511/90511 - 29s - loss: 0.6119 - accuracy: 0.7852 - val_loss: 52.7289 - val_accuracy: 0.2379

Epoch 00100: saving model to ./results/NN_trial_2/cp.ckpt
