Before oversampling: Counter({50.0: 52538, 10.0: 30078, 0.0: 22772, 100.0: 7624})
After oversampling: Counter({100.0: 52538, 50.0: 52538, 10.0: 52538, 0.0: 52538})
Model: "sequential"
_________________________________________________________________
Layer (type)                 Output Shape              Param #   
=================================================================
dense (Dense)                (None, 16)                336       
_________________________________________________________________
dense_1 (Dense)              (None, 4)                 68        
=================================================================
Total params: 404
Trainable params: 404
Non-trainable params: 0
_________________________________________________________________
Epoch 1/100
21016/21016 - 9s - loss: 0.7813 - accuracy: 0.6786 - val_loss: 0.7956 - val_accuracy: 0.6591

Epoch 00001: val_loss improved from inf to 0.79560, saving model to ./results/NN_GLCM_C4_cat/cp.ckpt
Epoch 2/100
21016/21016 - 8s - loss: 0.6468 - accuracy: 0.7490 - val_loss: 0.7837 - val_accuracy: 0.6694

Epoch 00002: val_loss improved from 0.79560 to 0.78369, saving model to ./results/NN_GLCM_C4_cat/cp.ckpt
Epoch 3/100
21016/21016 - 8s - loss: 0.6221 - accuracy: 0.7587 - val_loss: 0.7942 - val_accuracy: 0.6736

Epoch 00003: val_loss did not improve from 0.78369
Epoch 4/100
21016/21016 - 8s - loss: 0.6091 - accuracy: 0.7646 - val_loss: 0.7610 - val_accuracy: 0.6856

Epoch 00004: val_loss improved from 0.78369 to 0.76103, saving model to ./results/NN_GLCM_C4_cat/cp.ckpt
Epoch 5/100
21016/21016 - 8s - loss: 0.5981 - accuracy: 0.7690 - val_loss: 0.7493 - val_accuracy: 0.6875

Epoch 00005: val_loss improved from 0.76103 to 0.74929, saving model to ./results/NN_GLCM_C4_cat/cp.ckpt
Epoch 6/100
21016/21016 - 8s - loss: 0.5870 - accuracy: 0.7755 - val_loss: 0.7651 - val_accuracy: 0.6871

Epoch 00006: val_loss did not improve from 0.74929
Epoch 7/100
21016/21016 - 8s - loss: 0.5759 - accuracy: 0.7797 - val_loss: 0.7541 - val_accuracy: 0.6892

Epoch 00007: val_loss did not improve from 0.74929
Epoch 8/100
21016/21016 - 8s - loss: 0.5670 - accuracy: 0.7815 - val_loss: 0.7474 - val_accuracy: 0.6877

Epoch 00008: val_loss improved from 0.74929 to 0.74740, saving model to ./results/NN_GLCM_C4_cat/cp.ckpt
Epoch 9/100
21016/21016 - 8s - loss: 0.5594 - accuracy: 0.7839 - val_loss: 0.8001 - val_accuracy: 0.6839

Epoch 00009: val_loss did not improve from 0.74740
Epoch 10/100
21016/21016 - 8s - loss: 0.5542 - accuracy: 0.7853 - val_loss: 0.7492 - val_accuracy: 0.6959

Epoch 00010: val_loss did not improve from 0.74740
Epoch 11/100
21016/21016 - 8s - loss: 0.5497 - accuracy: 0.7870 - val_loss: 0.8560 - val_accuracy: 0.6800

Epoch 00011: val_loss did not improve from 0.74740
Epoch 12/100
21016/21016 - 8s - loss: 0.5461 - accuracy: 0.7888 - val_loss: 0.7815 - val_accuracy: 0.6915

Epoch 00012: val_loss did not improve from 0.74740
Epoch 13/100
21016/21016 - 8s - loss: 0.5439 - accuracy: 0.7893 - val_loss: 0.7160 - val_accuracy: 0.7041

Epoch 00013: val_loss improved from 0.74740 to 0.71598, saving model to ./results/NN_GLCM_C4_cat/cp.ckpt
Epoch 14/100
21016/21016 - 8s - loss: 0.5416 - accuracy: 0.7921 - val_loss: 0.7546 - val_accuracy: 0.7026

Epoch 00014: val_loss did not improve from 0.71598
Epoch 15/100
21016/21016 - 8s - loss: 0.5401 - accuracy: 0.7930 - val_loss: 0.7230 - val_accuracy: 0.7017

Epoch 00015: val_loss did not improve from 0.71598
Epoch 16/100
21016/21016 - 8s - loss: 0.5386 - accuracy: 0.7927 - val_loss: 0.7285 - val_accuracy: 0.7102

Epoch 00016: val_loss did not improve from 0.71598
Epoch 17/100
21016/21016 - 8s - loss: 0.5366 - accuracy: 0.7935 - val_loss: 0.7339 - val_accuracy: 0.7093

Epoch 00017: val_loss did not improve from 0.71598
Epoch 18/100
21016/21016 - 8s - loss: 0.5357 - accuracy: 0.7948 - val_loss: 0.7031 - val_accuracy: 0.7132

Epoch 00018: val_loss improved from 0.71598 to 0.70309, saving model to ./results/NN_GLCM_C4_cat/cp.ckpt
Epoch 19/100
21016/21016 - 8s - loss: 0.5346 - accuracy: 0.7952 - val_loss: 0.7142 - val_accuracy: 0.7147

Epoch 00019: val_loss did not improve from 0.70309
Epoch 20/100
21016/21016 - 8s - loss: 0.5335 - accuracy: 0.7958 - val_loss: 0.7626 - val_accuracy: 0.7076

Epoch 00020: val_loss did not improve from 0.70309
Epoch 21/100
21016/21016 - 8s - loss: 0.5327 - accuracy: 0.7966 - val_loss: 0.8039 - val_accuracy: 0.6994

Epoch 00021: val_loss did not improve from 0.70309
Epoch 22/100
21016/21016 - 8s - loss: 0.5320 - accuracy: 0.7968 - val_loss: 0.7172 - val_accuracy: 0.7189

Epoch 00022: val_loss did not improve from 0.70309
Epoch 23/100
21016/21016 - 8s - loss: 0.5312 - accuracy: 0.7974 - val_loss: 0.7206 - val_accuracy: 0.7145

Epoch 00023: val_loss did not improve from 0.70309
Epoch 24/100
21016/21016 - 8s - loss: 0.5299 - accuracy: 0.7983 - val_loss: 0.7403 - val_accuracy: 0.7151

Epoch 00024: val_loss did not improve from 0.70309
Epoch 25/100
21016/21016 - 8s - loss: 0.5296 - accuracy: 0.7982 - val_loss: 0.7470 - val_accuracy: 0.7113

Epoch 00025: val_loss did not improve from 0.70309
Epoch 26/100
21016/21016 - 8s - loss: 0.5288 - accuracy: 0.7981 - val_loss: 0.7362 - val_accuracy: 0.7075

Epoch 00026: val_loss did not improve from 0.70309
Epoch 27/100
21016/21016 - 8s - loss: 0.5287 - accuracy: 0.7975 - val_loss: 0.7532 - val_accuracy: 0.7108

Epoch 00027: val_loss did not improve from 0.70309
Epoch 28/100
21016/21016 - 8s - loss: 0.5280 - accuracy: 0.7990 - val_loss: 0.7299 - val_accuracy: 0.7168

Epoch 00028: val_loss did not improve from 0.70309
Epoch 29/100
21016/21016 - 8s - loss: 0.5272 - accuracy: 0.8001 - val_loss: 0.7457 - val_accuracy: 0.7091

Epoch 00029: val_loss did not improve from 0.70309
Epoch 30/100
21016/21016 - 8s - loss: 0.5265 - accuracy: 0.8002 - val_loss: 0.7457 - val_accuracy: 0.7133

Epoch 00030: val_loss did not improve from 0.70309
Epoch 31/100
21016/21016 - 8s - loss: 0.5263 - accuracy: 0.8002 - val_loss: 0.7514 - val_accuracy: 0.7072

Epoch 00031: val_loss did not improve from 0.70309
Epoch 32/100
21016/21016 - 8s - loss: 0.5257 - accuracy: 0.8008 - val_loss: 0.7227 - val_accuracy: 0.7130

Epoch 00032: val_loss did not improve from 0.70309
Epoch 33/100
21016/21016 - 8s - loss: 0.5246 - accuracy: 0.8005 - val_loss: 0.7344 - val_accuracy: 0.7133

Epoch 00033: val_loss did not improve from 0.70309
Epoch 34/100
21016/21016 - 8s - loss: 0.5244 - accuracy: 0.8002 - val_loss: 0.7683 - val_accuracy: 0.7077

Epoch 00034: val_loss did not improve from 0.70309
Epoch 35/100
21016/21016 - 8s - loss: 0.5238 - accuracy: 0.8019 - val_loss: 0.7302 - val_accuracy: 0.7147

Epoch 00035: val_loss did not improve from 0.70309
Epoch 36/100
21016/21016 - 8s - loss: 0.5233 - accuracy: 0.8011 - val_loss: 0.7330 - val_accuracy: 0.7149

Epoch 00036: val_loss did not improve from 0.70309
Epoch 37/100
21016/21016 - 8s - loss: 0.5231 - accuracy: 0.8017 - val_loss: 0.7747 - val_accuracy: 0.7130

Epoch 00037: val_loss did not improve from 0.70309
Epoch 38/100
21016/21016 - 8s - loss: 0.5233 - accuracy: 0.8020 - val_loss: 0.7173 - val_accuracy: 0.7224

Epoch 00038: val_loss did not improve from 0.70309
Epoch 39/100
21016/21016 - 8s - loss: 0.5226 - accuracy: 0.8032 - val_loss: 0.7578 - val_accuracy: 0.7124

Epoch 00039: val_loss did not improve from 0.70309
Epoch 40/100
21016/21016 - 8s - loss: 0.5223 - accuracy: 0.8035 - val_loss: 0.7410 - val_accuracy: 0.7144

Epoch 00040: val_loss did not improve from 0.70309
Epoch 41/100
21016/21016 - 8s - loss: 0.5216 - accuracy: 0.8028 - val_loss: 0.7565 - val_accuracy: 0.7112

Epoch 00041: val_loss did not improve from 0.70309
Epoch 42/100
21016/21016 - 8s - loss: 0.5222 - accuracy: 0.8035 - val_loss: 0.7550 - val_accuracy: 0.7111

Epoch 00042: val_loss did not improve from 0.70309
Epoch 43/100
21016/21016 - 8s - loss: 0.5215 - accuracy: 0.8026 - val_loss: 0.7316 - val_accuracy: 0.7161

Epoch 00043: val_loss did not improve from 0.70309
Epoch 44/100
21016/21016 - 8s - loss: 0.5211 - accuracy: 0.8033 - val_loss: 0.7392 - val_accuracy: 0.7212

Epoch 00044: val_loss did not improve from 0.70309
Epoch 45/100
21016/21016 - 8s - loss: 0.5214 - accuracy: 0.8030 - val_loss: 0.7441 - val_accuracy: 0.7136

Epoch 00045: val_loss did not improve from 0.70309
Epoch 46/100
21016/21016 - 8s - loss: 0.5207 - accuracy: 0.8032 - val_loss: 0.7182 - val_accuracy: 0.7220

Epoch 00046: val_loss did not improve from 0.70309
Epoch 47/100
21016/21016 - 8s - loss: 0.5210 - accuracy: 0.8036 - val_loss: 0.7560 - val_accuracy: 0.7142

Epoch 00047: val_loss did not improve from 0.70309
Epoch 48/100
21016/21016 - 8s - loss: 0.5205 - accuracy: 0.8038 - val_loss: 0.7148 - val_accuracy: 0.7205

Epoch 00048: val_loss did not improve from 0.70309
Epoch 49/100
21016/21016 - 8s - loss: 0.5197 - accuracy: 0.8044 - val_loss: 0.7366 - val_accuracy: 0.7155

Epoch 00049: val_loss did not improve from 0.70309
Epoch 50/100
21016/21016 - 8s - loss: 0.5197 - accuracy: 0.8034 - val_loss: 0.7095 - val_accuracy: 0.7255

Epoch 00050: val_loss did not improve from 0.70309
Epoch 51/100
21016/21016 - 8s - loss: 0.5196 - accuracy: 0.8043 - val_loss: 0.7474 - val_accuracy: 0.7162

Epoch 00051: val_loss did not improve from 0.70309
Epoch 52/100
21016/21016 - 8s - loss: 0.5189 - accuracy: 0.8041 - val_loss: 0.7235 - val_accuracy: 0.7261

Epoch 00052: val_loss did not improve from 0.70309
Epoch 53/100
21016/21016 - 8s - loss: 0.5193 - accuracy: 0.8046 - val_loss: 0.6962 - val_accuracy: 0.7319

Epoch 00053: val_loss improved from 0.70309 to 0.69618, saving model to ./results/NN_GLCM_C4_cat/cp.ckpt
Epoch 54/100
21016/21016 - 8s - loss: 0.5186 - accuracy: 0.8043 - val_loss: 0.7633 - val_accuracy: 0.7132

Epoch 00054: val_loss did not improve from 0.69618
Epoch 55/100
21016/21016 - 8s - loss: 0.5185 - accuracy: 0.8043 - val_loss: 0.7549 - val_accuracy: 0.7200

Epoch 00055: val_loss did not improve from 0.69618
Epoch 56/100
21016/21016 - 8s - loss: 0.5179 - accuracy: 0.8039 - val_loss: 0.7147 - val_accuracy: 0.7248

Epoch 00056: val_loss did not improve from 0.69618
Epoch 57/100
21016/21016 - 8s - loss: 0.5181 - accuracy: 0.8050 - val_loss: 0.7157 - val_accuracy: 0.7273

Epoch 00057: val_loss did not improve from 0.69618
Epoch 58/100
21016/21016 - 8s - loss: 0.5181 - accuracy: 0.8058 - val_loss: 0.7701 - val_accuracy: 0.7123

Epoch 00058: val_loss did not improve from 0.69618
Epoch 59/100
21016/21016 - 8s - loss: 0.5175 - accuracy: 0.8045 - val_loss: 0.7404 - val_accuracy: 0.7206

Epoch 00059: val_loss did not improve from 0.69618
Epoch 60/100
21016/21016 - 8s - loss: 0.5173 - accuracy: 0.8050 - val_loss: 0.7457 - val_accuracy: 0.7067

Epoch 00060: val_loss did not improve from 0.69618
Epoch 61/100
21016/21016 - 8s - loss: 0.5175 - accuracy: 0.8054 - val_loss: 0.7791 - val_accuracy: 0.7117

Epoch 00061: val_loss did not improve from 0.69618
Epoch 62/100
21016/21016 - 8s - loss: 0.5168 - accuracy: 0.8053 - val_loss: 0.8148 - val_accuracy: 0.7047

Epoch 00062: val_loss did not improve from 0.69618
Epoch 63/100
21016/21016 - 8s - loss: 0.5171 - accuracy: 0.8055 - val_loss: 0.7419 - val_accuracy: 0.7167

Epoch 00063: val_loss did not improve from 0.69618
Epoch 64/100
21016/21016 - 8s - loss: 0.5165 - accuracy: 0.8045 - val_loss: 0.7393 - val_accuracy: 0.7214

Epoch 00064: val_loss did not improve from 0.69618
Epoch 65/100
21016/21016 - 8s - loss: 0.5168 - accuracy: 0.8051 - val_loss: 0.7205 - val_accuracy: 0.7234

Epoch 00065: val_loss did not improve from 0.69618
Epoch 66/100
21016/21016 - 8s - loss: 0.5164 - accuracy: 0.8055 - val_loss: 0.7448 - val_accuracy: 0.7121

Epoch 00066: val_loss did not improve from 0.69618
Epoch 67/100
21016/21016 - 8s - loss: 0.5159 - accuracy: 0.8060 - val_loss: 0.7783 - val_accuracy: 0.7076

Epoch 00067: val_loss did not improve from 0.69618
Epoch 68/100
21016/21016 - 8s - loss: 0.5158 - accuracy: 0.8052 - val_loss: 0.7565 - val_accuracy: 0.7167

Epoch 00068: val_loss did not improve from 0.69618
Epoch 69/100
21016/21016 - 8s - loss: 0.5160 - accuracy: 0.8056 - val_loss: 0.7095 - val_accuracy: 0.7270

Epoch 00069: val_loss did not improve from 0.69618
Epoch 70/100
21016/21016 - 8s - loss: 0.5155 - accuracy: 0.8055 - val_loss: 0.7250 - val_accuracy: 0.7206

Epoch 00070: val_loss did not improve from 0.69618
Epoch 71/100
21016/21016 - 8s - loss: 0.5151 - accuracy: 0.8058 - val_loss: 0.7446 - val_accuracy: 0.7184

Epoch 00071: val_loss did not improve from 0.69618
Epoch 72/100
21016/21016 - 8s - loss: 0.5153 - accuracy: 0.8054 - val_loss: 0.7634 - val_accuracy: 0.7023

Epoch 00072: val_loss did not improve from 0.69618
Epoch 73/100
21016/21016 - 8s - loss: 0.5151 - accuracy: 0.8055 - val_loss: 0.7444 - val_accuracy: 0.7209

Epoch 00073: val_loss did not improve from 0.69618
Epoch 74/100
21016/21016 - 8s - loss: 0.5154 - accuracy: 0.8059 - val_loss: 0.7161 - val_accuracy: 0.7284

Epoch 00074: val_loss did not improve from 0.69618
Epoch 75/100
21016/21016 - 8s - loss: 0.5145 - accuracy: 0.8064 - val_loss: 0.7645 - val_accuracy: 0.7073

Epoch 00075: val_loss did not improve from 0.69618
Epoch 76/100
21016/21016 - 8s - loss: 0.5146 - accuracy: 0.8065 - val_loss: 0.7046 - val_accuracy: 0.7287

Epoch 00076: val_loss did not improve from 0.69618
Epoch 77/100
21016/21016 - 8s - loss: 0.5147 - accuracy: 0.8061 - val_loss: 0.7067 - val_accuracy: 0.7290

Epoch 00077: val_loss did not improve from 0.69618
Epoch 78/100
21016/21016 - 8s - loss: 0.5146 - accuracy: 0.8066 - val_loss: 0.8022 - val_accuracy: 0.6992

Epoch 00078: val_loss did not improve from 0.69618
Epoch 79/100
21016/21016 - 8s - loss: 0.5145 - accuracy: 0.8069 - val_loss: 0.6954 - val_accuracy: 0.7305

Epoch 00079: val_loss improved from 0.69618 to 0.69541, saving model to ./results/NN_GLCM_C4_cat/cp.ckpt
Epoch 80/100
21016/21016 - 8s - loss: 0.5143 - accuracy: 0.8062 - val_loss: 0.7777 - val_accuracy: 0.7132

Epoch 00080: val_loss did not improve from 0.69541
Epoch 81/100
21016/21016 - 8s - loss: 0.5139 - accuracy: 0.8055 - val_loss: 0.8036 - val_accuracy: 0.7091

Epoch 00081: val_loss did not improve from 0.69541
Epoch 82/100
21016/21016 - 8s - loss: 0.5137 - accuracy: 0.8066 - val_loss: 0.7637 - val_accuracy: 0.7141

Epoch 00082: val_loss did not improve from 0.69541
Epoch 83/100
21016/21016 - 8s - loss: 0.5138 - accuracy: 0.8071 - val_loss: 0.7259 - val_accuracy: 0.7238

Epoch 00083: val_loss did not improve from 0.69541
Epoch 84/100
21016/21016 - 8s - loss: 0.5143 - accuracy: 0.8067 - val_loss: 0.7421 - val_accuracy: 0.7190

Epoch 00084: val_loss did not improve from 0.69541
Epoch 85/100
21016/21016 - 8s - loss: 0.5138 - accuracy: 0.8065 - val_loss: 0.7152 - val_accuracy: 0.7274

Epoch 00085: val_loss did not improve from 0.69541
Epoch 86/100
21016/21016 - 8s - loss: 0.5131 - accuracy: 0.8065 - val_loss: 0.7396 - val_accuracy: 0.7180

Epoch 00086: val_loss did not improve from 0.69541
Epoch 87/100
21016/21016 - 8s - loss: 0.5131 - accuracy: 0.8073 - val_loss: 0.7522 - val_accuracy: 0.7123

Epoch 00087: val_loss did not improve from 0.69541
Epoch 88/100
21016/21016 - 8s - loss: 0.5134 - accuracy: 0.8066 - val_loss: 0.7235 - val_accuracy: 0.7220

Epoch 00088: val_loss did not improve from 0.69541
Epoch 89/100
21016/21016 - 8s - loss: 0.5126 - accuracy: 0.8074 - val_loss: 0.7577 - val_accuracy: 0.7161

Epoch 00089: val_loss did not improve from 0.69541
Epoch 90/100
21016/21016 - 8s - loss: 0.5128 - accuracy: 0.8074 - val_loss: 0.7457 - val_accuracy: 0.7224

Epoch 00090: val_loss did not improve from 0.69541
Epoch 91/100
21016/21016 - 8s - loss: 0.5124 - accuracy: 0.8078 - val_loss: 0.7244 - val_accuracy: 0.7253

Epoch 00091: val_loss did not improve from 0.69541
Epoch 92/100
21016/21016 - 8s - loss: 0.5128 - accuracy: 0.8072 - val_loss: 0.7164 - val_accuracy: 0.7284

Epoch 00092: val_loss did not improve from 0.69541
Epoch 93/100
21016/21016 - 8s - loss: 0.5128 - accuracy: 0.8075 - val_loss: 0.7516 - val_accuracy: 0.7148

Epoch 00093: val_loss did not improve from 0.69541
Epoch 94/100
21016/21016 - 8s - loss: 0.5125 - accuracy: 0.8072 - val_loss: 0.7405 - val_accuracy: 0.7175

Epoch 00094: val_loss did not improve from 0.69541
Epoch 95/100
21016/21016 - 8s - loss: 0.5125 - accuracy: 0.8067 - val_loss: 0.7432 - val_accuracy: 0.7180

Epoch 00095: val_loss did not improve from 0.69541
Epoch 96/100
21016/21016 - 8s - loss: 0.5125 - accuracy: 0.8078 - val_loss: 0.6950 - val_accuracy: 0.7334

Epoch 00096: val_loss improved from 0.69541 to 0.69497, saving model to ./results/NN_GLCM_C4_cat/cp.ckpt
Epoch 97/100
21016/21016 - 8s - loss: 0.5125 - accuracy: 0.8075 - val_loss: 0.7947 - val_accuracy: 0.7083

Epoch 00097: val_loss did not improve from 0.69497
Epoch 98/100
21016/21016 - 8s - loss: 0.5121 - accuracy: 0.8076 - val_loss: 0.7578 - val_accuracy: 0.7149

Epoch 00098: val_loss did not improve from 0.69497
Epoch 99/100
21016/21016 - 8s - loss: 0.5123 - accuracy: 0.8082 - val_loss: 0.7407 - val_accuracy: 0.7206

Epoch 00099: val_loss did not improve from 0.69497
Epoch 100/100
21016/21016 - 8s - loss: 0.5115 - accuracy: 0.8074 - val_loss: 0.7490 - val_accuracy: 0.7197

Epoch 00100: val_loss did not improve from 0.69497
