Before oversampling: Counter({0.0: 22772, 40.0: 22601, 10.0: 22562, 70.0: 22210, 91.0: 15243, 100.0: 7624})
After oversampling: Counter({100.0: 22772, 91.0: 22772, 70.0: 22772, 10.0: 22772, 0.0: 22772, 40.0: 22772})
Model: "sequential"
_________________________________________________________________
Layer (type)                 Output Shape              Param #   
=================================================================
dense (Dense)                (None, 16)                304       
_________________________________________________________________
dense_1 (Dense)              (None, 6)                 102       
=================================================================
Total params: 406
Trainable params: 406
Non-trainable params: 0
_________________________________________________________________
Epoch 1/200
13664/13664 - 6s - loss: 1.2275 - accuracy: 0.4905 - val_loss: 1.2024 - val_accuracy: 0.5365

Epoch 00001: val_loss improved from inf to 1.20239, saving model to ./results/NN_trial_8_1/cp.ckpt
Epoch 2/200
13664/13664 - 6s - loss: 1.1172 - accuracy: 0.5513 - val_loss: 1.1297 - val_accuracy: 0.5637

Epoch 00002: val_loss improved from 1.20239 to 1.12971, saving model to ./results/NN_trial_8_1/cp.ckpt
Epoch 3/200
13664/13664 - 6s - loss: 1.0740 - accuracy: 0.5664 - val_loss: 1.1063 - val_accuracy: 0.5627

Epoch 00003: val_loss improved from 1.12971 to 1.10632, saving model to ./results/NN_trial_8_1/cp.ckpt
Epoch 4/200
13664/13664 - 6s - loss: 1.0590 - accuracy: 0.5723 - val_loss: 1.1021 - val_accuracy: 0.5600

Epoch 00004: val_loss improved from 1.10632 to 1.10208, saving model to ./results/NN_trial_8_1/cp.ckpt
Epoch 5/200
13664/13664 - 6s - loss: 1.0512 - accuracy: 0.5751 - val_loss: 1.1095 - val_accuracy: 0.5629

Epoch 00005: val_loss did not improve from 1.10208
Epoch 6/200
13664/13664 - 6s - loss: 1.0451 - accuracy: 0.5760 - val_loss: 1.1148 - val_accuracy: 0.5505

Epoch 00006: val_loss did not improve from 1.10208
Epoch 7/200
13664/13664 - 6s - loss: 1.0405 - accuracy: 0.5782 - val_loss: 1.1037 - val_accuracy: 0.5692

Epoch 00007: val_loss did not improve from 1.10208
Epoch 8/200
13664/13664 - 6s - loss: 1.0372 - accuracy: 0.5800 - val_loss: 1.0874 - val_accuracy: 0.5663

Epoch 00008: val_loss improved from 1.10208 to 1.08743, saving model to ./results/NN_trial_8_1/cp.ckpt
Epoch 9/200
13664/13664 - 6s - loss: 1.0335 - accuracy: 0.5813 - val_loss: 1.1018 - val_accuracy: 0.5689

Epoch 00009: val_loss did not improve from 1.08743
Epoch 10/200
13664/13664 - 6s - loss: 1.0311 - accuracy: 0.5831 - val_loss: 1.0966 - val_accuracy: 0.5604

Epoch 00010: val_loss did not improve from 1.08743
Epoch 11/200
13664/13664 - 6s - loss: 1.0282 - accuracy: 0.5833 - val_loss: 1.0945 - val_accuracy: 0.5718

Epoch 00011: val_loss did not improve from 1.08743
Epoch 12/200
13664/13664 - 6s - loss: 1.0250 - accuracy: 0.5855 - val_loss: 1.1063 - val_accuracy: 0.5495

Epoch 00012: val_loss did not improve from 1.08743
Epoch 13/200
13664/13664 - 6s - loss: 1.0237 - accuracy: 0.5866 - val_loss: 1.0928 - val_accuracy: 0.5743

Epoch 00013: val_loss did not improve from 1.08743
Epoch 14/200
13664/13664 - 6s - loss: 1.0202 - accuracy: 0.5886 - val_loss: 1.0895 - val_accuracy: 0.5735

Epoch 00014: val_loss did not improve from 1.08743
Epoch 15/200
13664/13664 - 6s - loss: 1.0181 - accuracy: 0.5889 - val_loss: 1.1045 - val_accuracy: 0.5621

Epoch 00015: val_loss did not improve from 1.08743
Epoch 16/200
13664/13664 - 6s - loss: 1.0149 - accuracy: 0.5914 - val_loss: 1.0715 - val_accuracy: 0.5795

Epoch 00016: val_loss improved from 1.08743 to 1.07149, saving model to ./results/NN_trial_8_1/cp.ckpt
Epoch 17/200
13664/13664 - 6s - loss: 1.0124 - accuracy: 0.5928 - val_loss: 1.0887 - val_accuracy: 0.5594

Epoch 00017: val_loss did not improve from 1.07149
Epoch 18/200
13664/13664 - 6s - loss: 1.0100 - accuracy: 0.5936 - val_loss: 1.1027 - val_accuracy: 0.5782

Epoch 00018: val_loss did not improve from 1.07149
Epoch 19/200
13664/13664 - 6s - loss: 1.0080 - accuracy: 0.5947 - val_loss: 1.1040 - val_accuracy: 0.5743

Epoch 00019: val_loss did not improve from 1.07149
Epoch 20/200
13664/13664 - 6s - loss: 1.0060 - accuracy: 0.5950 - val_loss: 1.0957 - val_accuracy: 0.5725

Epoch 00020: val_loss did not improve from 1.07149
Epoch 21/200
13664/13664 - 6s - loss: 1.0041 - accuracy: 0.5980 - val_loss: 1.0823 - val_accuracy: 0.5750

Epoch 00021: val_loss did not improve from 1.07149
Epoch 22/200
13664/13664 - 6s - loss: 1.0022 - accuracy: 0.5992 - val_loss: 1.0867 - val_accuracy: 0.5711

Epoch 00022: val_loss did not improve from 1.07149
Epoch 23/200
13664/13664 - 6s - loss: 1.0003 - accuracy: 0.5984 - val_loss: 1.0773 - val_accuracy: 0.5736

Epoch 00023: val_loss did not improve from 1.07149
Epoch 24/200
13664/13664 - 6s - loss: 0.9989 - accuracy: 0.5988 - val_loss: 1.0927 - val_accuracy: 0.5647

Epoch 00024: val_loss did not improve from 1.07149
Epoch 25/200
13664/13664 - 6s - loss: 0.9981 - accuracy: 0.5996 - val_loss: 1.1034 - val_accuracy: 0.5799

Epoch 00025: val_loss did not improve from 1.07149
Epoch 26/200
13664/13664 - 6s - loss: 0.9971 - accuracy: 0.5993 - val_loss: 1.1152 - val_accuracy: 0.5680

Epoch 00026: val_loss did not improve from 1.07149
Epoch 27/200
13664/13664 - 6s - loss: 0.9961 - accuracy: 0.5988 - val_loss: 1.0815 - val_accuracy: 0.5657

Epoch 00027: val_loss did not improve from 1.07149
Epoch 28/200
13664/13664 - 6s - loss: 0.9945 - accuracy: 0.6020 - val_loss: 1.0934 - val_accuracy: 0.5619

Epoch 00028: val_loss did not improve from 1.07149
Epoch 29/200
13664/13664 - 6s - loss: 0.9941 - accuracy: 0.6021 - val_loss: 1.0739 - val_accuracy: 0.5734

Epoch 00029: val_loss did not improve from 1.07149
Epoch 30/200
13664/13664 - 6s - loss: 0.9928 - accuracy: 0.6026 - val_loss: 1.0857 - val_accuracy: 0.5797

Epoch 00030: val_loss did not improve from 1.07149
Epoch 31/200
13664/13664 - 6s - loss: 0.9918 - accuracy: 0.6031 - val_loss: 1.0989 - val_accuracy: 0.5826

Epoch 00031: val_loss did not improve from 1.07149
Epoch 32/200
13664/13664 - 6s - loss: 0.9924 - accuracy: 0.6029 - val_loss: 1.0789 - val_accuracy: 0.5776

Epoch 00032: val_loss did not improve from 1.07149
Epoch 33/200
13664/13664 - 6s - loss: 0.9911 - accuracy: 0.6013 - val_loss: 1.0877 - val_accuracy: 0.5776

Epoch 00033: val_loss did not improve from 1.07149
Epoch 34/200
13664/13664 - 6s - loss: 0.9899 - accuracy: 0.6035 - val_loss: 1.0748 - val_accuracy: 0.5731

Epoch 00034: val_loss did not improve from 1.07149
Epoch 35/200
13664/13664 - 6s - loss: 0.9899 - accuracy: 0.6029 - val_loss: 1.0854 - val_accuracy: 0.5667

Epoch 00035: val_loss did not improve from 1.07149
Epoch 36/200
13664/13664 - 6s - loss: 0.9891 - accuracy: 0.6028 - val_loss: 1.0748 - val_accuracy: 0.5823

Epoch 00036: val_loss did not improve from 1.07149
Epoch 37/200
13664/13664 - 10s - loss: 0.9885 - accuracy: 0.6035 - val_loss: 1.0904 - val_accuracy: 0.5710

Epoch 00037: val_loss did not improve from 1.07149
Epoch 38/200
13664/13664 - 6s - loss: 0.9883 - accuracy: 0.6034 - val_loss: 1.1025 - val_accuracy: 0.5815

Epoch 00038: val_loss did not improve from 1.07149
Epoch 39/200
13664/13664 - 6s - loss: 0.9883 - accuracy: 0.6026 - val_loss: 1.0943 - val_accuracy: 0.5709

Epoch 00039: val_loss did not improve from 1.07149
Epoch 40/200
13664/13664 - 6s - loss: 0.9874 - accuracy: 0.6034 - val_loss: 1.0737 - val_accuracy: 0.5717

Epoch 00040: val_loss did not improve from 1.07149
Epoch 41/200
13664/13664 - 6s - loss: 0.9866 - accuracy: 0.6036 - val_loss: 1.0778 - val_accuracy: 0.5838

Epoch 00041: val_loss did not improve from 1.07149
Epoch 42/200
13664/13664 - 6s - loss: 0.9863 - accuracy: 0.6040 - val_loss: 1.0984 - val_accuracy: 0.5804

Epoch 00042: val_loss did not improve from 1.07149
Epoch 43/200
13664/13664 - 6s - loss: 0.9861 - accuracy: 0.6020 - val_loss: 1.0849 - val_accuracy: 0.5754

Epoch 00043: val_loss did not improve from 1.07149
Epoch 44/200
13664/13664 - 6s - loss: 0.9855 - accuracy: 0.6039 - val_loss: 1.0757 - val_accuracy: 0.5757

Epoch 00044: val_loss did not improve from 1.07149
Epoch 45/200
13664/13664 - 6s - loss: 0.9854 - accuracy: 0.6019 - val_loss: 1.0993 - val_accuracy: 0.5791

Epoch 00045: val_loss did not improve from 1.07149
Epoch 46/200
13664/13664 - 6s - loss: 0.9842 - accuracy: 0.6048 - val_loss: 1.0782 - val_accuracy: 0.5784

Epoch 00046: val_loss did not improve from 1.07149
Epoch 47/200
13664/13664 - 6s - loss: 0.9840 - accuracy: 0.6041 - val_loss: 1.0932 - val_accuracy: 0.5809

Epoch 00047: val_loss did not improve from 1.07149
Epoch 48/200
13664/13664 - 6s - loss: 0.9830 - accuracy: 0.6044 - val_loss: 1.0760 - val_accuracy: 0.5828

Epoch 00048: val_loss did not improve from 1.07149
Epoch 49/200
13664/13664 - 6s - loss: 0.9834 - accuracy: 0.6044 - val_loss: 1.0896 - val_accuracy: 0.5710

Epoch 00049: val_loss did not improve from 1.07149
Epoch 50/200
13664/13664 - 6s - loss: 0.9825 - accuracy: 0.6053 - val_loss: 1.0888 - val_accuracy: 0.5731

Epoch 00050: val_loss did not improve from 1.07149
Epoch 51/200
13664/13664 - 6s - loss: 0.9823 - accuracy: 0.6044 - val_loss: 1.0845 - val_accuracy: 0.5815

Epoch 00051: val_loss did not improve from 1.07149
Epoch 52/200
13664/13664 - 6s - loss: 0.9819 - accuracy: 0.6049 - val_loss: 1.0836 - val_accuracy: 0.5703

Epoch 00052: val_loss did not improve from 1.07149
Epoch 53/200
13664/13664 - 6s - loss: 0.9821 - accuracy: 0.6047 - val_loss: 1.0818 - val_accuracy: 0.5787

Epoch 00053: val_loss did not improve from 1.07149
Epoch 54/200
13664/13664 - 6s - loss: 0.9819 - accuracy: 0.6051 - val_loss: 1.0756 - val_accuracy: 0.5789

Epoch 00054: val_loss did not improve from 1.07149
Epoch 55/200
13664/13664 - 6s - loss: 0.9813 - accuracy: 0.6056 - val_loss: 1.0708 - val_accuracy: 0.5801

Epoch 00055: val_loss improved from 1.07149 to 1.07080, saving model to ./results/NN_trial_8_1/cp.ckpt
Epoch 56/200
13664/13664 - 6s - loss: 0.9804 - accuracy: 0.6059 - val_loss: 1.0767 - val_accuracy: 0.5779

Epoch 00056: val_loss did not improve from 1.07080
Epoch 57/200
13664/13664 - 6s - loss: 0.9806 - accuracy: 0.6052 - val_loss: 1.0862 - val_accuracy: 0.5566

Epoch 00057: val_loss did not improve from 1.07080
Epoch 58/200
13664/13664 - 6s - loss: 0.9802 - accuracy: 0.6067 - val_loss: 1.0823 - val_accuracy: 0.5832

Epoch 00058: val_loss did not improve from 1.07080
Epoch 59/200
13664/13664 - 6s - loss: 0.9802 - accuracy: 0.6065 - val_loss: 1.0754 - val_accuracy: 0.5846

Epoch 00059: val_loss did not improve from 1.07080
Epoch 60/200
13664/13664 - 6s - loss: 0.9801 - accuracy: 0.6066 - val_loss: 1.0738 - val_accuracy: 0.5832

Epoch 00060: val_loss did not improve from 1.07080
Epoch 61/200
13664/13664 - 6s - loss: 0.9800 - accuracy: 0.6053 - val_loss: 1.0658 - val_accuracy: 0.5814

Epoch 00061: val_loss improved from 1.07080 to 1.06579, saving model to ./results/NN_trial_8_1/cp.ckpt
Epoch 62/200
13664/13664 - 6s - loss: 0.9792 - accuracy: 0.6066 - val_loss: 1.1015 - val_accuracy: 0.5862

Epoch 00062: val_loss did not improve from 1.06579
Epoch 63/200
13664/13664 - 6s - loss: 0.9790 - accuracy: 0.6064 - val_loss: 1.0889 - val_accuracy: 0.5732

Epoch 00063: val_loss did not improve from 1.06579
Epoch 64/200
13664/13664 - 6s - loss: 0.9797 - accuracy: 0.6056 - val_loss: 1.0833 - val_accuracy: 0.5816

Epoch 00064: val_loss did not improve from 1.06579
Epoch 65/200
13664/13664 - 6s - loss: 0.9792 - accuracy: 0.6076 - val_loss: 1.1125 - val_accuracy: 0.5828

Epoch 00065: val_loss did not improve from 1.06579
Epoch 66/200
13664/13664 - 6s - loss: 0.9795 - accuracy: 0.6058 - val_loss: 1.0843 - val_accuracy: 0.5766

Epoch 00066: val_loss did not improve from 1.06579
Epoch 67/200
13664/13664 - 6s - loss: 0.9781 - accuracy: 0.6061 - val_loss: 1.0795 - val_accuracy: 0.5790

Epoch 00067: val_loss did not improve from 1.06579
Epoch 68/200
13664/13664 - 6s - loss: 0.9782 - accuracy: 0.6071 - val_loss: 1.0761 - val_accuracy: 0.5794

Epoch 00068: val_loss did not improve from 1.06579
Epoch 69/200
13664/13664 - 6s - loss: 0.9784 - accuracy: 0.6075 - val_loss: 1.0692 - val_accuracy: 0.5853

Epoch 00069: val_loss did not improve from 1.06579
Epoch 70/200
13664/13664 - 6s - loss: 0.9779 - accuracy: 0.6069 - val_loss: 1.0747 - val_accuracy: 0.5794

Epoch 00070: val_loss did not improve from 1.06579
Epoch 71/200
13664/13664 - 6s - loss: 0.9776 - accuracy: 0.6071 - val_loss: 1.0810 - val_accuracy: 0.5807

Epoch 00071: val_loss did not improve from 1.06579
Epoch 72/200
13664/13664 - 6s - loss: 0.9770 - accuracy: 0.6067 - val_loss: 1.0909 - val_accuracy: 0.5747

Epoch 00072: val_loss did not improve from 1.06579
Epoch 73/200
13664/13664 - 6s - loss: 0.9767 - accuracy: 0.6070 - val_loss: 1.0809 - val_accuracy: 0.5825

Epoch 00073: val_loss did not improve from 1.06579
Epoch 74/200
13664/13664 - 6s - loss: 0.9762 - accuracy: 0.6077 - val_loss: 1.0686 - val_accuracy: 0.5929

Epoch 00074: val_loss did not improve from 1.06579
Epoch 75/200
13664/13664 - 6s - loss: 0.9771 - accuracy: 0.6064 - val_loss: 1.0790 - val_accuracy: 0.5733

Epoch 00075: val_loss did not improve from 1.06579
Epoch 76/200
13664/13664 - 6s - loss: 0.9765 - accuracy: 0.6079 - val_loss: 1.0713 - val_accuracy: 0.5782

Epoch 00076: val_loss did not improve from 1.06579
Epoch 77/200
13664/13664 - 6s - loss: 0.9762 - accuracy: 0.6078 - val_loss: 1.0746 - val_accuracy: 0.5698

Epoch 00077: val_loss did not improve from 1.06579
Epoch 78/200
13664/13664 - 6s - loss: 0.9762 - accuracy: 0.6073 - val_loss: 1.0856 - val_accuracy: 0.5788

Epoch 00078: val_loss did not improve from 1.06579
Epoch 79/200
13664/13664 - 6s - loss: 0.9754 - accuracy: 0.6087 - val_loss: 1.0758 - val_accuracy: 0.5844

Epoch 00079: val_loss did not improve from 1.06579
Epoch 80/200
13664/13664 - 6s - loss: 0.9747 - accuracy: 0.6080 - val_loss: 1.0831 - val_accuracy: 0.5757

Epoch 00080: val_loss did not improve from 1.06579
Epoch 81/200
13664/13664 - 6s - loss: 0.9744 - accuracy: 0.6081 - val_loss: 1.0901 - val_accuracy: 0.5574

Epoch 00081: val_loss did not improve from 1.06579
Epoch 82/200
13664/13664 - 6s - loss: 0.9749 - accuracy: 0.6085 - val_loss: 1.0853 - val_accuracy: 0.5765

Epoch 00082: val_loss did not improve from 1.06579
Epoch 83/200
13664/13664 - 6s - loss: 0.9750 - accuracy: 0.6075 - val_loss: 1.0818 - val_accuracy: 0.5819

Epoch 00083: val_loss did not improve from 1.06579
Epoch 84/200
13664/13664 - 6s - loss: 0.9751 - accuracy: 0.6093 - val_loss: 1.0737 - val_accuracy: 0.5784

Epoch 00084: val_loss did not improve from 1.06579
Epoch 85/200
13664/13664 - 6s - loss: 0.9744 - accuracy: 0.6097 - val_loss: 1.0791 - val_accuracy: 0.5728

Epoch 00085: val_loss did not improve from 1.06579
Epoch 86/200
13664/13664 - 6s - loss: 0.9736 - accuracy: 0.6076 - val_loss: 1.0742 - val_accuracy: 0.5732

Epoch 00086: val_loss did not improve from 1.06579
Epoch 87/200
13664/13664 - 6s - loss: 0.9738 - accuracy: 0.6086 - val_loss: 1.0907 - val_accuracy: 0.5897

Epoch 00087: val_loss did not improve from 1.06579
Epoch 88/200
13664/13664 - 6s - loss: 0.9737 - accuracy: 0.6088 - val_loss: 1.0869 - val_accuracy: 0.5725

Epoch 00088: val_loss did not improve from 1.06579
Epoch 89/200
13664/13664 - 6s - loss: 0.9735 - accuracy: 0.6088 - val_loss: 1.0779 - val_accuracy: 0.5800

Epoch 00089: val_loss did not improve from 1.06579
Epoch 90/200
13664/13664 - 6s - loss: 0.9730 - accuracy: 0.6093 - val_loss: 1.0643 - val_accuracy: 0.5869

Epoch 00090: val_loss improved from 1.06579 to 1.06433, saving model to ./results/NN_trial_8_1/cp.ckpt
Epoch 91/200
13664/13664 - 6s - loss: 0.9729 - accuracy: 0.6087 - val_loss: 1.0745 - val_accuracy: 0.5742

Epoch 00091: val_loss did not improve from 1.06433
Epoch 92/200
13664/13664 - 6s - loss: 0.9723 - accuracy: 0.6096 - val_loss: 1.0712 - val_accuracy: 0.5791

Epoch 00092: val_loss did not improve from 1.06433
Epoch 93/200
13664/13664 - 6s - loss: 0.9727 - accuracy: 0.6098 - val_loss: 1.0780 - val_accuracy: 0.5907

Epoch 00093: val_loss did not improve from 1.06433
Epoch 94/200
13664/13664 - 6s - loss: 0.9717 - accuracy: 0.6092 - val_loss: 1.0751 - val_accuracy: 0.5827

Epoch 00094: val_loss did not improve from 1.06433
Epoch 95/200
13664/13664 - 6s - loss: 0.9721 - accuracy: 0.6086 - val_loss: 1.0713 - val_accuracy: 0.5849

Epoch 00095: val_loss did not improve from 1.06433
Epoch 96/200
13664/13664 - 6s - loss: 0.9726 - accuracy: 0.6100 - val_loss: 1.0961 - val_accuracy: 0.5871

Epoch 00096: val_loss did not improve from 1.06433
Epoch 97/200
13664/13664 - 6s - loss: 0.9721 - accuracy: 0.6107 - val_loss: 1.0745 - val_accuracy: 0.5762

Epoch 00097: val_loss did not improve from 1.06433
Epoch 98/200
13664/13664 - 6s - loss: 0.9714 - accuracy: 0.6111 - val_loss: 1.0725 - val_accuracy: 0.5896

Epoch 00098: val_loss did not improve from 1.06433
Epoch 99/200
13664/13664 - 6s - loss: 0.9710 - accuracy: 0.6101 - val_loss: 1.0806 - val_accuracy: 0.5837

Epoch 00099: val_loss did not improve from 1.06433
Epoch 100/200
13664/13664 - 6s - loss: 0.9708 - accuracy: 0.6110 - val_loss: 1.0794 - val_accuracy: 0.5851

Epoch 00100: val_loss did not improve from 1.06433
Epoch 101/200
13664/13664 - 6s - loss: 0.9712 - accuracy: 0.6095 - val_loss: 1.0791 - val_accuracy: 0.5874

Epoch 00101: val_loss did not improve from 1.06433
Epoch 102/200
13664/13664 - 6s - loss: 0.9713 - accuracy: 0.6102 - val_loss: 1.0685 - val_accuracy: 0.5718

Epoch 00102: val_loss did not improve from 1.06433
Epoch 103/200
13664/13664 - 6s - loss: 0.9706 - accuracy: 0.6092 - val_loss: 1.0835 - val_accuracy: 0.5781

Epoch 00103: val_loss did not improve from 1.06433
Epoch 104/200
13664/13664 - 6s - loss: 0.9707 - accuracy: 0.6092 - val_loss: 1.0759 - val_accuracy: 0.5790

Epoch 00104: val_loss did not improve from 1.06433
Epoch 105/200
13664/13664 - 6s - loss: 0.9705 - accuracy: 0.6095 - val_loss: 1.0876 - val_accuracy: 0.5822

Epoch 00105: val_loss did not improve from 1.06433
Epoch 106/200
13664/13664 - 6s - loss: 0.9701 - accuracy: 0.6096 - val_loss: 1.0709 - val_accuracy: 0.5743

Epoch 00106: val_loss did not improve from 1.06433
Epoch 107/200
13664/13664 - 6s - loss: 0.9702 - accuracy: 0.6106 - val_loss: 1.0708 - val_accuracy: 0.5872

Epoch 00107: val_loss did not improve from 1.06433
Epoch 108/200
13664/13664 - 6s - loss: 0.9700 - accuracy: 0.6100 - val_loss: 1.0662 - val_accuracy: 0.5778

Epoch 00108: val_loss did not improve from 1.06433
Epoch 109/200
13664/13664 - 6s - loss: 0.9699 - accuracy: 0.6098 - val_loss: 1.0725 - val_accuracy: 0.5832

Epoch 00109: val_loss did not improve from 1.06433
Epoch 110/200
13664/13664 - 6s - loss: 0.9699 - accuracy: 0.6098 - val_loss: 1.0615 - val_accuracy: 0.5891

Epoch 00110: val_loss improved from 1.06433 to 1.06151, saving model to ./results/NN_trial_8_1/cp.ckpt
Epoch 111/200
13664/13664 - 6s - loss: 0.9691 - accuracy: 0.6112 - val_loss: 1.0624 - val_accuracy: 0.5886

Epoch 00111: val_loss did not improve from 1.06151
Epoch 112/200
13664/13664 - 6s - loss: 0.9694 - accuracy: 0.6113 - val_loss: 1.0760 - val_accuracy: 0.5885

Epoch 00112: val_loss did not improve from 1.06151
Epoch 113/200
13664/13664 - 6s - loss: 0.9687 - accuracy: 0.6107 - val_loss: 1.0625 - val_accuracy: 0.5898

Epoch 00113: val_loss did not improve from 1.06151
Epoch 114/200
13664/13664 - 6s - loss: 0.9692 - accuracy: 0.6104 - val_loss: 1.0779 - val_accuracy: 0.5920

Epoch 00114: val_loss did not improve from 1.06151
Epoch 115/200
13664/13664 - 6s - loss: 0.9685 - accuracy: 0.6098 - val_loss: 1.0664 - val_accuracy: 0.5826

Epoch 00115: val_loss did not improve from 1.06151
Epoch 116/200
13664/13664 - 6s - loss: 0.9682 - accuracy: 0.6123 - val_loss: 1.0658 - val_accuracy: 0.5876

Epoch 00116: val_loss did not improve from 1.06151
Epoch 117/200
13664/13664 - 6s - loss: 0.9686 - accuracy: 0.6105 - val_loss: 1.0721 - val_accuracy: 0.5871

Epoch 00117: val_loss did not improve from 1.06151
Epoch 118/200
13664/13664 - 6s - loss: 0.9672 - accuracy: 0.6112 - val_loss: 1.0717 - val_accuracy: 0.5813

Epoch 00118: val_loss did not improve from 1.06151
Epoch 119/200
13664/13664 - 6s - loss: 0.9685 - accuracy: 0.6117 - val_loss: 1.0627 - val_accuracy: 0.5859

Epoch 00119: val_loss did not improve from 1.06151
Epoch 120/200
13664/13664 - 6s - loss: 0.9682 - accuracy: 0.6112 - val_loss: 1.0651 - val_accuracy: 0.5831

Epoch 00120: val_loss did not improve from 1.06151
Epoch 121/200
13664/13664 - 6s - loss: 0.9679 - accuracy: 0.6100 - val_loss: 1.0723 - val_accuracy: 0.5936

Epoch 00121: val_loss did not improve from 1.06151
Epoch 122/200
13664/13664 - 6s - loss: 0.9677 - accuracy: 0.6113 - val_loss: 1.0866 - val_accuracy: 0.5840

Epoch 00122: val_loss did not improve from 1.06151
Epoch 123/200
13664/13664 - 6s - loss: 0.9674 - accuracy: 0.6122 - val_loss: 1.0991 - val_accuracy: 0.5770

Epoch 00123: val_loss did not improve from 1.06151
Epoch 124/200
13664/13664 - 6s - loss: 0.9673 - accuracy: 0.6126 - val_loss: 1.0756 - val_accuracy: 0.5856

Epoch 00124: val_loss did not improve from 1.06151
Epoch 125/200
13664/13664 - 6s - loss: 0.9666 - accuracy: 0.6120 - val_loss: 1.0663 - val_accuracy: 0.5897

Epoch 00125: val_loss did not improve from 1.06151
Epoch 126/200
13664/13664 - 6s - loss: 0.9666 - accuracy: 0.6125 - val_loss: 1.0902 - val_accuracy: 0.5753

Epoch 00126: val_loss did not improve from 1.06151
Epoch 127/200
13664/13664 - 6s - loss: 0.9659 - accuracy: 0.6119 - val_loss: 1.0533 - val_accuracy: 0.5901

Epoch 00127: val_loss improved from 1.06151 to 1.05332, saving model to ./results/NN_trial_8_1/cp.ckpt
Epoch 128/200
13664/13664 - 6s - loss: 0.9667 - accuracy: 0.6109 - val_loss: 1.0609 - val_accuracy: 0.5836

Epoch 00128: val_loss did not improve from 1.05332
Epoch 129/200
13664/13664 - 6s - loss: 0.9664 - accuracy: 0.6129 - val_loss: 1.0830 - val_accuracy: 0.5726

Epoch 00129: val_loss did not improve from 1.05332
Epoch 130/200
13664/13664 - 6s - loss: 0.9669 - accuracy: 0.6106 - val_loss: 1.0796 - val_accuracy: 0.5809

Epoch 00130: val_loss did not improve from 1.05332
Epoch 131/200
13664/13664 - 6s - loss: 0.9663 - accuracy: 0.6122 - val_loss: 1.0725 - val_accuracy: 0.5831

Epoch 00131: val_loss did not improve from 1.05332
Epoch 132/200
13664/13664 - 6s - loss: 0.9659 - accuracy: 0.6118 - val_loss: 1.0776 - val_accuracy: 0.5783

Epoch 00132: val_loss did not improve from 1.05332
Epoch 133/200
13664/13664 - 6s - loss: 0.9657 - accuracy: 0.6118 - val_loss: 1.0781 - val_accuracy: 0.5821

Epoch 00133: val_loss did not improve from 1.05332
Epoch 134/200
13664/13664 - 6s - loss: 0.9649 - accuracy: 0.6121 - val_loss: 1.0655 - val_accuracy: 0.5839

Epoch 00134: val_loss did not improve from 1.05332
Epoch 135/200
13664/13664 - 6s - loss: 0.9661 - accuracy: 0.6119 - val_loss: 1.0553 - val_accuracy: 0.5908

Epoch 00135: val_loss did not improve from 1.05332
Epoch 136/200
13664/13664 - 6s - loss: 0.9651 - accuracy: 0.6130 - val_loss: 1.0734 - val_accuracy: 0.5807

Epoch 00136: val_loss did not improve from 1.05332
Epoch 137/200
13664/13664 - 6s - loss: 0.9657 - accuracy: 0.6126 - val_loss: 1.0677 - val_accuracy: 0.5809

Epoch 00137: val_loss did not improve from 1.05332
Epoch 138/200
13664/13664 - 6s - loss: 0.9649 - accuracy: 0.6106 - val_loss: 1.0684 - val_accuracy: 0.5812

Epoch 00138: val_loss did not improve from 1.05332
Epoch 139/200
13664/13664 - 6s - loss: 0.9655 - accuracy: 0.6121 - val_loss: 1.0684 - val_accuracy: 0.5700

Epoch 00139: val_loss did not improve from 1.05332
Epoch 140/200
13664/13664 - 6s - loss: 0.9653 - accuracy: 0.6116 - val_loss: 1.0806 - val_accuracy: 0.5853

Epoch 00140: val_loss did not improve from 1.05332
Epoch 141/200
13664/13664 - 6s - loss: 0.9646 - accuracy: 0.6107 - val_loss: 1.0888 - val_accuracy: 0.5698

Epoch 00141: val_loss did not improve from 1.05332
Epoch 142/200
13664/13664 - 6s - loss: 0.9642 - accuracy: 0.6120 - val_loss: 1.0775 - val_accuracy: 0.5802

Epoch 00142: val_loss did not improve from 1.05332
Epoch 143/200
13664/13664 - 6s - loss: 0.9652 - accuracy: 0.6125 - val_loss: 1.0922 - val_accuracy: 0.5785

Epoch 00143: val_loss did not improve from 1.05332
Epoch 144/200
13664/13664 - 6s - loss: 0.9643 - accuracy: 0.6118 - val_loss: 1.0796 - val_accuracy: 0.5846

Epoch 00144: val_loss did not improve from 1.05332
Epoch 145/200
13664/13664 - 6s - loss: 0.9645 - accuracy: 0.6124 - val_loss: 1.0613 - val_accuracy: 0.5871

Epoch 00145: val_loss did not improve from 1.05332
Epoch 146/200
13664/13664 - 6s - loss: 0.9642 - accuracy: 0.6117 - val_loss: 1.0724 - val_accuracy: 0.5790

Epoch 00146: val_loss did not improve from 1.05332
Epoch 147/200
13664/13664 - 6s - loss: 0.9641 - accuracy: 0.6123 - val_loss: 1.0664 - val_accuracy: 0.5761

Epoch 00147: val_loss did not improve from 1.05332
Epoch 148/200
13664/13664 - 6s - loss: 0.9639 - accuracy: 0.6129 - val_loss: 1.0681 - val_accuracy: 0.5880

Epoch 00148: val_loss did not improve from 1.05332
Epoch 149/200
13664/13664 - 6s - loss: 0.9639 - accuracy: 0.6130 - val_loss: 1.0862 - val_accuracy: 0.5873

Epoch 00149: val_loss did not improve from 1.05332
Epoch 150/200
13664/13664 - 6s - loss: 0.9636 - accuracy: 0.6125 - val_loss: 1.0774 - val_accuracy: 0.5779

Epoch 00150: val_loss did not improve from 1.05332
Epoch 151/200
13664/13664 - 6s - loss: 0.9637 - accuracy: 0.6122 - val_loss: 1.0780 - val_accuracy: 0.5828

Epoch 00151: val_loss did not improve from 1.05332
Epoch 152/200
13664/13664 - 6s - loss: 0.9635 - accuracy: 0.6124 - val_loss: 1.0745 - val_accuracy: 0.5933

Epoch 00152: val_loss did not improve from 1.05332
Epoch 153/200
13664/13664 - 6s - loss: 0.9632 - accuracy: 0.6125 - val_loss: 1.0806 - val_accuracy: 0.5769

Epoch 00153: val_loss did not improve from 1.05332
Epoch 154/200
13664/13664 - 6s - loss: 0.9622 - accuracy: 0.6125 - val_loss: 1.0774 - val_accuracy: 0.5906

Epoch 00154: val_loss did not improve from 1.05332
Epoch 155/200
13664/13664 - 6s - loss: 0.9635 - accuracy: 0.6123 - val_loss: 1.0846 - val_accuracy: 0.5750

Epoch 00155: val_loss did not improve from 1.05332
Epoch 156/200
13664/13664 - 6s - loss: 0.9632 - accuracy: 0.6130 - val_loss: 1.0597 - val_accuracy: 0.5926

Epoch 00156: val_loss did not improve from 1.05332
Epoch 157/200
13664/13664 - 6s - loss: 0.9623 - accuracy: 0.6132 - val_loss: 1.0742 - val_accuracy: 0.5879

Epoch 00157: val_loss did not improve from 1.05332
Epoch 158/200
13664/13664 - 6s - loss: 0.9629 - accuracy: 0.6133 - val_loss: 1.0850 - val_accuracy: 0.5653

Epoch 00158: val_loss did not improve from 1.05332
Epoch 159/200
13664/13664 - 6s - loss: 0.9626 - accuracy: 0.6126 - val_loss: 1.1078 - val_accuracy: 0.5879

Epoch 00159: val_loss did not improve from 1.05332
Epoch 160/200
13664/13664 - 6s - loss: 0.9630 - accuracy: 0.6125 - val_loss: 1.0661 - val_accuracy: 0.5868

Epoch 00160: val_loss did not improve from 1.05332
Epoch 161/200
13664/13664 - 6s - loss: 0.9625 - accuracy: 0.6137 - val_loss: 1.0927 - val_accuracy: 0.5882

Epoch 00161: val_loss did not improve from 1.05332
Epoch 162/200
13664/13664 - 6s - loss: 0.9621 - accuracy: 0.6121 - val_loss: 1.0696 - val_accuracy: 0.5779

Epoch 00162: val_loss did not improve from 1.05332
Epoch 163/200
13664/13664 - 6s - loss: 0.9624 - accuracy: 0.6132 - val_loss: 1.0715 - val_accuracy: 0.5835

Epoch 00163: val_loss did not improve from 1.05332
Epoch 164/200
13664/13664 - 6s - loss: 0.9621 - accuracy: 0.6122 - val_loss: 1.0768 - val_accuracy: 0.5863

Epoch 00164: val_loss did not improve from 1.05332
Epoch 165/200
13664/13664 - 6s - loss: 0.9620 - accuracy: 0.6136 - val_loss: 1.0703 - val_accuracy: 0.5923

Epoch 00165: val_loss did not improve from 1.05332
Epoch 166/200
13664/13664 - 6s - loss: 0.9617 - accuracy: 0.6133 - val_loss: 1.0606 - val_accuracy: 0.5893

Epoch 00166: val_loss did not improve from 1.05332
Epoch 167/200
13664/13664 - 6s - loss: 0.9616 - accuracy: 0.6139 - val_loss: 1.0693 - val_accuracy: 0.5878

Epoch 00167: val_loss did not improve from 1.05332
Epoch 168/200
13664/13664 - 6s - loss: 0.9612 - accuracy: 0.6138 - val_loss: 1.0904 - val_accuracy: 0.5845

Epoch 00168: val_loss did not improve from 1.05332
Epoch 169/200
13664/13664 - 6s - loss: 0.9618 - accuracy: 0.6124 - val_loss: 1.0745 - val_accuracy: 0.5806

Epoch 00169: val_loss did not improve from 1.05332
Epoch 170/200
13664/13664 - 6s - loss: 0.9619 - accuracy: 0.6140 - val_loss: 1.0634 - val_accuracy: 0.5788

Epoch 00170: val_loss did not improve from 1.05332
Epoch 171/200
13664/13664 - 6s - loss: 0.9612 - accuracy: 0.6131 - val_loss: 1.0684 - val_accuracy: 0.5905

Epoch 00171: val_loss did not improve from 1.05332
Epoch 172/200
13664/13664 - 6s - loss: 0.9621 - accuracy: 0.6125 - val_loss: 1.0773 - val_accuracy: 0.5818

Epoch 00172: val_loss did not improve from 1.05332
Epoch 173/200
13664/13664 - 6s - loss: 0.9609 - accuracy: 0.6139 - val_loss: 1.0699 - val_accuracy: 0.5673

Epoch 00173: val_loss did not improve from 1.05332
Epoch 174/200
13664/13664 - 6s - loss: 0.9613 - accuracy: 0.6145 - val_loss: 1.0612 - val_accuracy: 0.5880

Epoch 00174: val_loss did not improve from 1.05332
Epoch 175/200
13664/13664 - 6s - loss: 0.9618 - accuracy: 0.6142 - val_loss: 1.0754 - val_accuracy: 0.5816

Epoch 00175: val_loss did not improve from 1.05332
Epoch 176/200
13664/13664 - 6s - loss: 0.9615 - accuracy: 0.6130 - val_loss: 1.0639 - val_accuracy: 0.5882

Epoch 00176: val_loss did not improve from 1.05332
Epoch 177/200
13664/13664 - 6s - loss: 0.9613 - accuracy: 0.6137 - val_loss: 1.0689 - val_accuracy: 0.5795

Epoch 00177: val_loss did not improve from 1.05332
Epoch 178/200
13664/13664 - 6s - loss: 0.9611 - accuracy: 0.6136 - val_loss: 1.0726 - val_accuracy: 0.5860

Epoch 00178: val_loss did not improve from 1.05332
Epoch 179/200
13664/13664 - 6s - loss: 0.9611 - accuracy: 0.6137 - val_loss: 1.0648 - val_accuracy: 0.5768

Epoch 00179: val_loss did not improve from 1.05332
Epoch 180/200
13664/13664 - 6s - loss: 0.9604 - accuracy: 0.6140 - val_loss: 1.0693 - val_accuracy: 0.5812

Epoch 00180: val_loss did not improve from 1.05332
Epoch 181/200
13664/13664 - 6s - loss: 0.9606 - accuracy: 0.6145 - val_loss: 1.0912 - val_accuracy: 0.5793

Epoch 00181: val_loss did not improve from 1.05332
Epoch 182/200
13664/13664 - 6s - loss: 0.9602 - accuracy: 0.6141 - val_loss: 1.0720 - val_accuracy: 0.5811

Epoch 00182: val_loss did not improve from 1.05332
Epoch 183/200
13664/13664 - 6s - loss: 0.9609 - accuracy: 0.6128 - val_loss: 1.0646 - val_accuracy: 0.5771

Epoch 00183: val_loss did not improve from 1.05332
Epoch 184/200
13664/13664 - 6s - loss: 0.9603 - accuracy: 0.6131 - val_loss: 1.0691 - val_accuracy: 0.5900

Epoch 00184: val_loss did not improve from 1.05332
Epoch 185/200
13664/13664 - 6s - loss: 0.9606 - accuracy: 0.6135 - val_loss: 1.0678 - val_accuracy: 0.5926

Epoch 00185: val_loss did not improve from 1.05332
Epoch 186/200
13664/13664 - 6s - loss: 0.9600 - accuracy: 0.6149 - val_loss: 1.0822 - val_accuracy: 0.5813

Epoch 00186: val_loss did not improve from 1.05332
Epoch 187/200
13664/13664 - 6s - loss: 0.9608 - accuracy: 0.6132 - val_loss: 1.0607 - val_accuracy: 0.5931

Epoch 00187: val_loss did not improve from 1.05332
Epoch 188/200
13664/13664 - 6s - loss: 0.9603 - accuracy: 0.6136 - val_loss: 1.0697 - val_accuracy: 0.5825

Epoch 00188: val_loss did not improve from 1.05332
Epoch 189/200
13664/13664 - 6s - loss: 0.9606 - accuracy: 0.6139 - val_loss: 1.0726 - val_accuracy: 0.5938

Epoch 00189: val_loss did not improve from 1.05332
Epoch 190/200
13664/13664 - 6s - loss: 0.9593 - accuracy: 0.6150 - val_loss: 1.0912 - val_accuracy: 0.5649

Epoch 00190: val_loss did not improve from 1.05332
Epoch 191/200
13664/13664 - 6s - loss: 0.9601 - accuracy: 0.6137 - val_loss: 1.0628 - val_accuracy: 0.5863

Epoch 00191: val_loss did not improve from 1.05332
Epoch 192/200
13664/13664 - 6s - loss: 0.9597 - accuracy: 0.6143 - val_loss: 1.0653 - val_accuracy: 0.5956

Epoch 00192: val_loss did not improve from 1.05332
Epoch 193/200
13664/13664 - 6s - loss: 0.9590 - accuracy: 0.6140 - val_loss: 1.0635 - val_accuracy: 0.5924

Epoch 00193: val_loss did not improve from 1.05332
Epoch 194/200
13664/13664 - 6s - loss: 0.9599 - accuracy: 0.6144 - val_loss: 1.0632 - val_accuracy: 0.5844

Epoch 00194: val_loss did not improve from 1.05332
Epoch 195/200
13664/13664 - 6s - loss: 0.9595 - accuracy: 0.6144 - val_loss: 1.0559 - val_accuracy: 0.5954

Epoch 00195: val_loss did not improve from 1.05332
Epoch 196/200
13664/13664 - 6s - loss: 0.9587 - accuracy: 0.6152 - val_loss: 1.0700 - val_accuracy: 0.5868

Epoch 00196: val_loss did not improve from 1.05332
Epoch 197/200
13664/13664 - 6s - loss: 0.9592 - accuracy: 0.6139 - val_loss: 1.0641 - val_accuracy: 0.5869

Epoch 00197: val_loss did not improve from 1.05332
Epoch 198/200
13664/13664 - 6s - loss: 0.9592 - accuracy: 0.6142 - val_loss: 1.0779 - val_accuracy: 0.5860

Epoch 00198: val_loss did not improve from 1.05332
Epoch 199/200
13664/13664 - 6s - loss: 0.9593 - accuracy: 0.6158 - val_loss: 1.0665 - val_accuracy: 0.5705

Epoch 00199: val_loss did not improve from 1.05332
Epoch 200/200
13664/13664 - 6s - loss: 0.9590 - accuracy: 0.6133 - val_loss: 1.0650 - val_accuracy: 0.5931

Epoch 00200: val_loss did not improve from 1.05332
