Before oversampling: Counter({92.0: 7628, 100.0: 7624, 91.0: 7615, 0.0: 7615, 60.0: 7609, 10.0: 7595, 70.0: 7583, 1.0: 7580, 2.0: 7577, 20.0: 7519, 40.0: 7516, 50.0: 7476, 30.0: 7448, 90.0: 7439, 80.0: 7188})
After oversampling: Counter({100.0: 7628, 92.0: 7628, 91.0: 7628, 90.0: 7628, 20.0: 7628, 1.0: 7628, 80.0: 7628, 70.0: 7628, 0.0: 7628, 50.0: 7628, 30.0: 7628, 10.0: 7628, 40.0: 7628, 2.0: 7628, 60.0: 7628})
Model: "sequential"
_________________________________________________________________
Layer (type)                 Output Shape              Param #   
=================================================================
dense (Dense)                (None, 23)                483       
_________________________________________________________________
dense_1 (Dense)              (None, 15)                360       
=================================================================
Total params: 843
Trainable params: 843
Non-trainable params: 0
_________________________________________________________________
Epoch 1/100
11442/11442 - 4s - loss: 1.9572 - accuracy: 0.3357 - val_loss: 2.3171 - val_accuracy: 0.2271

Epoch 00001: val_loss improved from inf to 2.31707, saving model to ./results/NN_GLCM_C15_cat/cp.ckpt
Epoch 2/100
11442/11442 - 4s - loss: 1.7277 - accuracy: 0.4151 - val_loss: 2.2136 - val_accuracy: 0.2596

Epoch 00002: val_loss improved from 2.31707 to 2.21362, saving model to ./results/NN_GLCM_C15_cat/cp.ckpt
Epoch 3/100
11442/11442 - 4s - loss: 1.6314 - accuracy: 0.4498 - val_loss: 2.1682 - val_accuracy: 0.2827

Epoch 00003: val_loss improved from 2.21362 to 2.16822, saving model to ./results/NN_GLCM_C15_cat/cp.ckpt
Epoch 4/100
11442/11442 - 4s - loss: 1.5626 - accuracy: 0.4707 - val_loss: 2.2006 - val_accuracy: 0.2816

Epoch 00004: val_loss did not improve from 2.16822
Epoch 5/100
11442/11442 - 4s - loss: 1.5071 - accuracy: 0.4857 - val_loss: 2.1402 - val_accuracy: 0.2913

Epoch 00005: val_loss improved from 2.16822 to 2.14021, saving model to ./results/NN_GLCM_C15_cat/cp.ckpt
Epoch 6/100
11442/11442 - 4s - loss: 1.4627 - accuracy: 0.4971 - val_loss: 2.1971 - val_accuracy: 0.2997

Epoch 00006: val_loss did not improve from 2.14021
Epoch 7/100
11442/11442 - 4s - loss: 1.4318 - accuracy: 0.5037 - val_loss: 2.1907 - val_accuracy: 0.3273

Epoch 00007: val_loss did not improve from 2.14021
Epoch 8/100
11442/11442 - 4s - loss: 1.4114 - accuracy: 0.5110 - val_loss: 2.1610 - val_accuracy: 0.3348

Epoch 00008: val_loss did not improve from 2.14021
Epoch 9/100
11442/11442 - 4s - loss: 1.3949 - accuracy: 0.5187 - val_loss: 2.2126 - val_accuracy: 0.3157

Epoch 00009: val_loss did not improve from 2.14021
Epoch 10/100
11442/11442 - 4s - loss: 1.3817 - accuracy: 0.5241 - val_loss: 2.2129 - val_accuracy: 0.3110

Epoch 00010: val_loss did not improve from 2.14021
Epoch 11/100
11442/11442 - 4s - loss: 1.3717 - accuracy: 0.5241 - val_loss: 2.2012 - val_accuracy: 0.3169

Epoch 00011: val_loss did not improve from 2.14021
Epoch 12/100
11442/11442 - 4s - loss: 1.3623 - accuracy: 0.5308 - val_loss: 2.2365 - val_accuracy: 0.3151

Epoch 00012: val_loss did not improve from 2.14021
Epoch 13/100
11442/11442 - 4s - loss: 1.3542 - accuracy: 0.5320 - val_loss: 2.2637 - val_accuracy: 0.3205

Epoch 00013: val_loss did not improve from 2.14021
Epoch 14/100
11442/11442 - 4s - loss: 1.3454 - accuracy: 0.5363 - val_loss: 2.2662 - val_accuracy: 0.3251

Epoch 00014: val_loss did not improve from 2.14021
Epoch 15/100
11442/11442 - 4s - loss: 1.3393 - accuracy: 0.5388 - val_loss: 2.3063 - val_accuracy: 0.3295

Epoch 00015: val_loss did not improve from 2.14021
Epoch 16/100
11442/11442 - 4s - loss: 1.3340 - accuracy: 0.5409 - val_loss: 2.3065 - val_accuracy: 0.3216

Epoch 00016: val_loss did not improve from 2.14021
Epoch 17/100
11442/11442 - 4s - loss: 1.3285 - accuracy: 0.5425 - val_loss: 2.3450 - val_accuracy: 0.3138

Epoch 00017: val_loss did not improve from 2.14021
Epoch 18/100
11442/11442 - 4s - loss: 1.3226 - accuracy: 0.5454 - val_loss: 2.3782 - val_accuracy: 0.3165

Epoch 00018: val_loss did not improve from 2.14021
Epoch 19/100
11442/11442 - 4s - loss: 1.3167 - accuracy: 0.5482 - val_loss: 2.2784 - val_accuracy: 0.3440

Epoch 00019: val_loss did not improve from 2.14021
Epoch 20/100
11442/11442 - 4s - loss: 1.3124 - accuracy: 0.5477 - val_loss: 2.3510 - val_accuracy: 0.3159

Epoch 00020: val_loss did not improve from 2.14021
Epoch 21/100
11442/11442 - 4s - loss: 1.3072 - accuracy: 0.5518 - val_loss: 2.3036 - val_accuracy: 0.3465

Epoch 00021: val_loss did not improve from 2.14021
Epoch 22/100
11442/11442 - 4s - loss: 1.3003 - accuracy: 0.5527 - val_loss: 2.3985 - val_accuracy: 0.3163

Epoch 00022: val_loss did not improve from 2.14021
Epoch 23/100
11442/11442 - 4s - loss: 1.2954 - accuracy: 0.5535 - val_loss: 2.4259 - val_accuracy: 0.3217

Epoch 00023: val_loss did not improve from 2.14021
Epoch 24/100
11442/11442 - 4s - loss: 1.2905 - accuracy: 0.5560 - val_loss: 2.4675 - val_accuracy: 0.3272

Epoch 00024: val_loss did not improve from 2.14021
Epoch 25/100
11442/11442 - 4s - loss: 1.2850 - accuracy: 0.5584 - val_loss: 2.5655 - val_accuracy: 0.3083

Epoch 00025: val_loss did not improve from 2.14021
Epoch 26/100
11442/11442 - 4s - loss: 1.2800 - accuracy: 0.5595 - val_loss: 2.5076 - val_accuracy: 0.3254

Epoch 00026: val_loss did not improve from 2.14021
Epoch 27/100
11442/11442 - 4s - loss: 1.2745 - accuracy: 0.5633 - val_loss: 2.4899 - val_accuracy: 0.3137

Epoch 00027: val_loss did not improve from 2.14021
Epoch 28/100
11442/11442 - 4s - loss: 1.2697 - accuracy: 0.5634 - val_loss: 2.5637 - val_accuracy: 0.3162

Epoch 00028: val_loss did not improve from 2.14021
Epoch 29/100
11442/11442 - 4s - loss: 1.2666 - accuracy: 0.5655 - val_loss: 2.5210 - val_accuracy: 0.3065

Epoch 00029: val_loss did not improve from 2.14021
Epoch 30/100
11442/11442 - 4s - loss: 1.2621 - accuracy: 0.5689 - val_loss: 2.5637 - val_accuracy: 0.2998

Epoch 00030: val_loss did not improve from 2.14021
Epoch 31/100
11442/11442 - 4s - loss: 1.2592 - accuracy: 0.5694 - val_loss: 2.6854 - val_accuracy: 0.2962

Epoch 00031: val_loss did not improve from 2.14021
Epoch 32/100
11442/11442 - 4s - loss: 1.2542 - accuracy: 0.5706 - val_loss: 2.7162 - val_accuracy: 0.3130

Epoch 00032: val_loss did not improve from 2.14021
Epoch 33/100
11442/11442 - 4s - loss: 1.2512 - accuracy: 0.5716 - val_loss: 2.5862 - val_accuracy: 0.3045

Epoch 00033: val_loss did not improve from 2.14021
Epoch 34/100
11442/11442 - 4s - loss: 1.2494 - accuracy: 0.5716 - val_loss: 2.6785 - val_accuracy: 0.3056

Epoch 00034: val_loss did not improve from 2.14021
Epoch 35/100
11442/11442 - 4s - loss: 1.2445 - accuracy: 0.5736 - val_loss: 2.5980 - val_accuracy: 0.3317

Epoch 00035: val_loss did not improve from 2.14021
Epoch 36/100
11442/11442 - 4s - loss: 1.2428 - accuracy: 0.5750 - val_loss: 2.6824 - val_accuracy: 0.3175

Epoch 00036: val_loss did not improve from 2.14021
Epoch 37/100
11442/11442 - 4s - loss: 1.2399 - accuracy: 0.5744 - val_loss: 2.6804 - val_accuracy: 0.3103

Epoch 00037: val_loss did not improve from 2.14021
Epoch 38/100
11442/11442 - 4s - loss: 1.2381 - accuracy: 0.5760 - val_loss: 2.6611 - val_accuracy: 0.3388

Epoch 00038: val_loss did not improve from 2.14021
Epoch 39/100
11442/11442 - 4s - loss: 1.2348 - accuracy: 0.5771 - val_loss: 2.7566 - val_accuracy: 0.3143

Epoch 00039: val_loss did not improve from 2.14021
Epoch 40/100
11442/11442 - 4s - loss: 1.2329 - accuracy: 0.5776 - val_loss: 2.8273 - val_accuracy: 0.3063

Epoch 00040: val_loss did not improve from 2.14021
Epoch 41/100
11442/11442 - 4s - loss: 1.2302 - accuracy: 0.5803 - val_loss: 2.6512 - val_accuracy: 0.3304

Epoch 00041: val_loss did not improve from 2.14021
Epoch 42/100
11442/11442 - 4s - loss: 1.2277 - accuracy: 0.5790 - val_loss: 2.8126 - val_accuracy: 0.3168

Epoch 00042: val_loss did not improve from 2.14021
Epoch 43/100
11442/11442 - 4s - loss: 1.2260 - accuracy: 0.5792 - val_loss: 2.6615 - val_accuracy: 0.3311

Epoch 00043: val_loss did not improve from 2.14021
Epoch 44/100
11442/11442 - 4s - loss: 1.2232 - accuracy: 0.5809 - val_loss: 2.6787 - val_accuracy: 0.3202

Epoch 00044: val_loss did not improve from 2.14021
Epoch 45/100
11442/11442 - 4s - loss: 1.2223 - accuracy: 0.5813 - val_loss: 2.7323 - val_accuracy: 0.3389

Epoch 00045: val_loss did not improve from 2.14021
Epoch 46/100
11442/11442 - 4s - loss: 1.2202 - accuracy: 0.5833 - val_loss: 2.7537 - val_accuracy: 0.3116

Epoch 00046: val_loss did not improve from 2.14021
Epoch 47/100
11442/11442 - 4s - loss: 1.2178 - accuracy: 0.5840 - val_loss: 2.9798 - val_accuracy: 0.3029

Epoch 00047: val_loss did not improve from 2.14021
Epoch 48/100
11442/11442 - 4s - loss: 1.2176 - accuracy: 0.5833 - val_loss: 2.7700 - val_accuracy: 0.3165

Epoch 00048: val_loss did not improve from 2.14021
Epoch 49/100
11442/11442 - 4s - loss: 1.2145 - accuracy: 0.5850 - val_loss: 2.6750 - val_accuracy: 0.3194

Epoch 00049: val_loss did not improve from 2.14021
Epoch 50/100
11442/11442 - 4s - loss: 1.2114 - accuracy: 0.5842 - val_loss: 2.7841 - val_accuracy: 0.3182

Epoch 00050: val_loss did not improve from 2.14021
Epoch 51/100
11442/11442 - 4s - loss: 1.2085 - accuracy: 0.5850 - val_loss: 2.7263 - val_accuracy: 0.3364

Epoch 00051: val_loss did not improve from 2.14021
Epoch 52/100
11442/11442 - 4s - loss: 1.2050 - accuracy: 0.5876 - val_loss: 2.9567 - val_accuracy: 0.3083

Epoch 00052: val_loss did not improve from 2.14021
Epoch 53/100
11442/11442 - 4s - loss: 1.2038 - accuracy: 0.5899 - val_loss: 2.8810 - val_accuracy: 0.3157

Epoch 00053: val_loss did not improve from 2.14021
Epoch 54/100
11442/11442 - 4s - loss: 1.2021 - accuracy: 0.5877 - val_loss: 2.8812 - val_accuracy: 0.3086

Epoch 00054: val_loss did not improve from 2.14021
Epoch 55/100
11442/11442 - 4s - loss: 1.2004 - accuracy: 0.5883 - val_loss: 2.8546 - val_accuracy: 0.3474

Epoch 00055: val_loss did not improve from 2.14021
Epoch 56/100
11442/11442 - 4s - loss: 1.1987 - accuracy: 0.5902 - val_loss: 2.8456 - val_accuracy: 0.3264

Epoch 00056: val_loss did not improve from 2.14021
Epoch 57/100
11442/11442 - 4s - loss: 1.1972 - accuracy: 0.5904 - val_loss: 2.9531 - val_accuracy: 0.3212

Epoch 00057: val_loss did not improve from 2.14021
Epoch 58/100
11442/11442 - 4s - loss: 1.1956 - accuracy: 0.5904 - val_loss: 2.9609 - val_accuracy: 0.3101

Epoch 00058: val_loss did not improve from 2.14021
Epoch 59/100
11442/11442 - 4s - loss: 1.1949 - accuracy: 0.5895 - val_loss: 2.8747 - val_accuracy: 0.3196

Epoch 00059: val_loss did not improve from 2.14021
Epoch 60/100
11442/11442 - 4s - loss: 1.1936 - accuracy: 0.5913 - val_loss: 2.8321 - val_accuracy: 0.3545

Epoch 00060: val_loss did not improve from 2.14021
Epoch 61/100
11442/11442 - 4s - loss: 1.1913 - accuracy: 0.5907 - val_loss: 2.8863 - val_accuracy: 0.3425

Epoch 00061: val_loss did not improve from 2.14021
Epoch 62/100
11442/11442 - 4s - loss: 1.1904 - accuracy: 0.5931 - val_loss: 2.9963 - val_accuracy: 0.3159

Epoch 00062: val_loss did not improve from 2.14021
Epoch 63/100
11442/11442 - 4s - loss: 1.1889 - accuracy: 0.5921 - val_loss: 2.9705 - val_accuracy: 0.3168

Epoch 00063: val_loss did not improve from 2.14021
Epoch 64/100
11442/11442 - 4s - loss: 1.1872 - accuracy: 0.5942 - val_loss: 2.8910 - val_accuracy: 0.3238

Epoch 00064: val_loss did not improve from 2.14021
Epoch 65/100
11442/11442 - 4s - loss: 1.1868 - accuracy: 0.5934 - val_loss: 2.9064 - val_accuracy: 0.3150

Epoch 00065: val_loss did not improve from 2.14021
Epoch 66/100
11442/11442 - 4s - loss: 1.1852 - accuracy: 0.5938 - val_loss: 3.1407 - val_accuracy: 0.3220

Epoch 00066: val_loss did not improve from 2.14021
Epoch 67/100
11442/11442 - 4s - loss: 1.1851 - accuracy: 0.5922 - val_loss: 2.9923 - val_accuracy: 0.3243

Epoch 00067: val_loss did not improve from 2.14021
Epoch 68/100
11442/11442 - 4s - loss: 1.1836 - accuracy: 0.5915 - val_loss: 3.0174 - val_accuracy: 0.3470

Epoch 00068: val_loss did not improve from 2.14021
Epoch 69/100
11442/11442 - 4s - loss: 1.1820 - accuracy: 0.5946 - val_loss: 2.9734 - val_accuracy: 0.3195

Epoch 00069: val_loss did not improve from 2.14021
Epoch 70/100
11442/11442 - 4s - loss: 1.1806 - accuracy: 0.5954 - val_loss: 2.9793 - val_accuracy: 0.3453

Epoch 00070: val_loss did not improve from 2.14021
Epoch 71/100
11442/11442 - 4s - loss: 1.1799 - accuracy: 0.5944 - val_loss: 3.0122 - val_accuracy: 0.3543

Epoch 00071: val_loss did not improve from 2.14021
Epoch 72/100
11442/11442 - 4s - loss: 1.1793 - accuracy: 0.5954 - val_loss: 2.9364 - val_accuracy: 0.3514

Epoch 00072: val_loss did not improve from 2.14021
Epoch 73/100
11442/11442 - 4s - loss: 1.1772 - accuracy: 0.5958 - val_loss: 3.1092 - val_accuracy: 0.3280

Epoch 00073: val_loss did not improve from 2.14021
Epoch 74/100
11442/11442 - 4s - loss: 1.1766 - accuracy: 0.5967 - val_loss: 3.0270 - val_accuracy: 0.3468

Epoch 00074: val_loss did not improve from 2.14021
Epoch 75/100
11442/11442 - 4s - loss: 1.1757 - accuracy: 0.5971 - val_loss: 3.0951 - val_accuracy: 0.3433

Epoch 00075: val_loss did not improve from 2.14021
Epoch 76/100
11442/11442 - 4s - loss: 1.1750 - accuracy: 0.5963 - val_loss: 2.9273 - val_accuracy: 0.3149

Epoch 00076: val_loss did not improve from 2.14021
Epoch 77/100
11442/11442 - 4s - loss: 1.1730 - accuracy: 0.5969 - val_loss: 3.1225 - val_accuracy: 0.3257

Epoch 00077: val_loss did not improve from 2.14021
Epoch 78/100
11442/11442 - 4s - loss: 1.1727 - accuracy: 0.5960 - val_loss: 2.9883 - val_accuracy: 0.3489

Epoch 00078: val_loss did not improve from 2.14021
Epoch 79/100
11442/11442 - 4s - loss: 1.1719 - accuracy: 0.5985 - val_loss: 3.1097 - val_accuracy: 0.3390

Epoch 00079: val_loss did not improve from 2.14021
Epoch 80/100
11442/11442 - 4s - loss: 1.1712 - accuracy: 0.5961 - val_loss: 3.0846 - val_accuracy: 0.3408

Epoch 00080: val_loss did not improve from 2.14021
Epoch 81/100
11442/11442 - 4s - loss: 1.1701 - accuracy: 0.5975 - val_loss: 3.0738 - val_accuracy: 0.3472

Epoch 00081: val_loss did not improve from 2.14021
Epoch 82/100
11442/11442 - 4s - loss: 1.1687 - accuracy: 0.5980 - val_loss: 3.1940 - val_accuracy: 0.3448

Epoch 00082: val_loss did not improve from 2.14021
Epoch 83/100
11442/11442 - 4s - loss: 1.1680 - accuracy: 0.5994 - val_loss: 3.2034 - val_accuracy: 0.3485

Epoch 00083: val_loss did not improve from 2.14021
Epoch 84/100
11442/11442 - 4s - loss: 1.1677 - accuracy: 0.5973 - val_loss: 3.0747 - val_accuracy: 0.3403

Epoch 00084: val_loss did not improve from 2.14021
Epoch 85/100
11442/11442 - 4s - loss: 1.1678 - accuracy: 0.5988 - val_loss: 3.1731 - val_accuracy: 0.3396

Epoch 00085: val_loss did not improve from 2.14021
Epoch 86/100
11442/11442 - 4s - loss: 1.1662 - accuracy: 0.6000 - val_loss: 3.1450 - val_accuracy: 0.3481

Epoch 00086: val_loss did not improve from 2.14021
Epoch 87/100
11442/11442 - 4s - loss: 1.1644 - accuracy: 0.5990 - val_loss: 3.1759 - val_accuracy: 0.3008

Epoch 00087: val_loss did not improve from 2.14021
Epoch 88/100
11442/11442 - 4s - loss: 1.1646 - accuracy: 0.5994 - val_loss: 3.3106 - val_accuracy: 0.3185

Epoch 00088: val_loss did not improve from 2.14021
Epoch 89/100
11442/11442 - 4s - loss: 1.1620 - accuracy: 0.5995 - val_loss: 3.1672 - val_accuracy: 0.3458

Epoch 00089: val_loss did not improve from 2.14021
Epoch 90/100
11442/11442 - 4s - loss: 1.1624 - accuracy: 0.5997 - val_loss: 3.2691 - val_accuracy: 0.3175

Epoch 00090: val_loss did not improve from 2.14021
Epoch 91/100
11442/11442 - 4s - loss: 1.1618 - accuracy: 0.6005 - val_loss: 3.1530 - val_accuracy: 0.3435

Epoch 00091: val_loss did not improve from 2.14021
Epoch 92/100
11442/11442 - 4s - loss: 1.1609 - accuracy: 0.6002 - val_loss: 3.2123 - val_accuracy: 0.3264

Epoch 00092: val_loss did not improve from 2.14021
Epoch 93/100
11442/11442 - 4s - loss: 1.1600 - accuracy: 0.6000 - val_loss: 3.1243 - val_accuracy: 0.3467

Epoch 00093: val_loss did not improve from 2.14021
Epoch 94/100
11442/11442 - 4s - loss: 1.1588 - accuracy: 0.6018 - val_loss: 3.2082 - val_accuracy: 0.3471

Epoch 00094: val_loss did not improve from 2.14021
Epoch 95/100
11442/11442 - 4s - loss: 1.1590 - accuracy: 0.6005 - val_loss: 3.1736 - val_accuracy: 0.3395

Epoch 00095: val_loss did not improve from 2.14021
Epoch 96/100
11442/11442 - 4s - loss: 1.1579 - accuracy: 0.6013 - val_loss: 3.4449 - val_accuracy: 0.2954

Epoch 00096: val_loss did not improve from 2.14021
Epoch 97/100
11442/11442 - 4s - loss: 1.1570 - accuracy: 0.6004 - val_loss: 3.2774 - val_accuracy: 0.3454

Epoch 00097: val_loss did not improve from 2.14021
Epoch 98/100
11442/11442 - 4s - loss: 1.1568 - accuracy: 0.6014 - val_loss: 3.1910 - val_accuracy: 0.3392

Epoch 00098: val_loss did not improve from 2.14021
Epoch 99/100
11442/11442 - 4s - loss: 1.1555 - accuracy: 0.6023 - val_loss: 3.2286 - val_accuracy: 0.3365

Epoch 00099: val_loss did not improve from 2.14021
Epoch 100/100
11442/11442 - 4s - loss: 1.1552 - accuracy: 0.6019 - val_loss: 3.1462 - val_accuracy: 0.3363

Epoch 00100: val_loss did not improve from 2.14021
