Before oversampling: Counter({0.0: 22772, 40.0: 22601, 10.0: 22562, 70.0: 22210, 91.0: 15243, 100.0: 7624})
After oversampling: Counter({100.0: 22772, 91.0: 22772, 70.0: 22772, 10.0: 22772, 0.0: 22772, 40.0: 22772})
Model: "model"
__________________________________________________________________________________________________
Layer (type)                    Output Shape         Param #     Connected to                     
==================================================================================================
conv (InputLayer)               [(None, 23, 1)]      0                                            
__________________________________________________________________________________________________
conv1d (Conv1D)                 (None, 23, 64)       384         conv[0][0]                       
__________________________________________________________________________________________________
conv1d_1 (Conv1D)               (None, 23, 64)       20544       conv1d[0][0]                     
__________________________________________________________________________________________________
conv1d_2 (Conv1D)               (None, 23, 64)       20544       conv1d_1[0][0]                   
__________________________________________________________________________________________________
cat (InputLayer)                [(None, 2)]          0                                            
__________________________________________________________________________________________________
flatten (Flatten)               (None, 1472)         0           conv1d_2[0][0]                   
__________________________________________________________________________________________________
concatenate (Concatenate)       (None, 1474)         0           cat[0][0]                        
                                                                 flatten[0][0]                    
__________________________________________________________________________________________________
dense (Dense)                   (None, 17)           25075       concatenate[0][0]                
__________________________________________________________________________________________________
dense_1 (Dense)                 (None, 6)            108         dense[0][0]                      
==================================================================================================
Total params: 66,655
Trainable params: 66,655
Non-trainable params: 0
__________________________________________________________________________________________________
Epoch 1/100
13664/13664 - 13s - loss: 1.0639 - accuracy: 0.5646 - val_loss: 1.0256 - val_accuracy: 0.5841

Epoch 00001: val_loss improved from inf to 1.02561, saving model to ./results/CNN_GLCM_C6_cat/cp.ckpt
Epoch 2/100
13664/13664 - 12s - loss: 0.9202 - accuracy: 0.6303 - val_loss: 1.0367 - val_accuracy: 0.6107

Epoch 00002: val_loss did not improve from 1.02561
Epoch 3/100
13664/13664 - 12s - loss: 0.8630 - accuracy: 0.6609 - val_loss: 1.0187 - val_accuracy: 0.6166

Epoch 00003: val_loss improved from 1.02561 to 1.01868, saving model to ./results/CNN_GLCM_C6_cat/cp.ckpt
Epoch 4/100
13664/13664 - 12s - loss: 0.8346 - accuracy: 0.6739 - val_loss: 1.0474 - val_accuracy: 0.6144

Epoch 00004: val_loss did not improve from 1.01868
Epoch 5/100
13664/13664 - 12s - loss: 0.8170 - accuracy: 0.6790 - val_loss: 1.0838 - val_accuracy: 0.5862

Epoch 00005: val_loss did not improve from 1.01868
Epoch 6/100
13664/13664 - 12s - loss: 0.8019 - accuracy: 0.6876 - val_loss: 1.1605 - val_accuracy: 0.5888

Epoch 00006: val_loss did not improve from 1.01868
Epoch 7/100
13664/13664 - 12s - loss: 0.7913 - accuracy: 0.6934 - val_loss: 1.1676 - val_accuracy: 0.5706

Epoch 00007: val_loss did not improve from 1.01868
Epoch 8/100
13664/13664 - 12s - loss: 0.7830 - accuracy: 0.6975 - val_loss: 1.1356 - val_accuracy: 0.5768

Epoch 00008: val_loss did not improve from 1.01868
Epoch 9/100
13664/13664 - 12s - loss: 0.7734 - accuracy: 0.7034 - val_loss: 1.2203 - val_accuracy: 0.5792

Epoch 00009: val_loss did not improve from 1.01868
Epoch 10/100
13664/13664 - 12s - loss: 0.7669 - accuracy: 0.7061 - val_loss: 1.2238 - val_accuracy: 0.5511

Epoch 00010: val_loss did not improve from 1.01868
Epoch 11/100
13664/13664 - 12s - loss: 0.7604 - accuracy: 0.7101 - val_loss: 1.2342 - val_accuracy: 0.5527

Epoch 00011: val_loss did not improve from 1.01868
Epoch 12/100
13664/13664 - 12s - loss: 0.7543 - accuracy: 0.7113 - val_loss: 1.2604 - val_accuracy: 0.5646

Epoch 00012: val_loss did not improve from 1.01868
Epoch 13/100
13664/13664 - 12s - loss: 0.7464 - accuracy: 0.7161 - val_loss: 1.2706 - val_accuracy: 0.5573

Epoch 00013: val_loss did not improve from 1.01868
Epoch 14/100
13664/13664 - 12s - loss: 0.7421 - accuracy: 0.7179 - val_loss: 1.3048 - val_accuracy: 0.5595

Epoch 00014: val_loss did not improve from 1.01868
Epoch 15/100
13664/13664 - 12s - loss: 0.7389 - accuracy: 0.7209 - val_loss: 1.2295 - val_accuracy: 0.5735

Epoch 00015: val_loss did not improve from 1.01868
Epoch 16/100
13664/13664 - 12s - loss: 0.7331 - accuracy: 0.7236 - val_loss: 1.2716 - val_accuracy: 0.5755

Epoch 00016: val_loss did not improve from 1.01868
Epoch 17/100
13664/13664 - 12s - loss: 0.7278 - accuracy: 0.7266 - val_loss: 1.3241 - val_accuracy: 0.5498

Epoch 00017: val_loss did not improve from 1.01868
Epoch 18/100
13664/13664 - 12s - loss: 0.7208 - accuracy: 0.7283 - val_loss: 1.3440 - val_accuracy: 0.5520

Epoch 00018: val_loss did not improve from 1.01868
Epoch 19/100
13664/13664 - 12s - loss: 0.7171 - accuracy: 0.7295 - val_loss: 1.3234 - val_accuracy: 0.5426

Epoch 00019: val_loss did not improve from 1.01868
Epoch 20/100
13664/13664 - 12s - loss: 0.7120 - accuracy: 0.7327 - val_loss: 1.3637 - val_accuracy: 0.5510

Epoch 00020: val_loss did not improve from 1.01868
Epoch 21/100
13664/13664 - 12s - loss: 0.7099 - accuracy: 0.7334 - val_loss: 1.3077 - val_accuracy: 0.5515

Epoch 00021: val_loss did not improve from 1.01868
Epoch 22/100
13664/13664 - 12s - loss: 0.7061 - accuracy: 0.7354 - val_loss: 1.3946 - val_accuracy: 0.5626

Epoch 00022: val_loss did not improve from 1.01868
Epoch 23/100
13664/13664 - 12s - loss: 0.7036 - accuracy: 0.7363 - val_loss: 1.3586 - val_accuracy: 0.5512

Epoch 00023: val_loss did not improve from 1.01868
Epoch 24/100
13664/13664 - 12s - loss: 0.7009 - accuracy: 0.7380 - val_loss: 1.3980 - val_accuracy: 0.5485

Epoch 00024: val_loss did not improve from 1.01868
Epoch 25/100
13664/13664 - 12s - loss: 0.6990 - accuracy: 0.7381 - val_loss: 1.3854 - val_accuracy: 0.5495

Epoch 00025: val_loss did not improve from 1.01868
Epoch 26/100
13664/13664 - 12s - loss: 0.6978 - accuracy: 0.7385 - val_loss: 1.4149 - val_accuracy: 0.5461

Epoch 00026: val_loss did not improve from 1.01868
Epoch 27/100
13664/13664 - 12s - loss: 0.6931 - accuracy: 0.7409 - val_loss: 1.4219 - val_accuracy: 0.5335

Epoch 00027: val_loss did not improve from 1.01868
Epoch 28/100
13664/13664 - 12s - loss: 0.6938 - accuracy: 0.7401 - val_loss: 1.5150 - val_accuracy: 0.5522

Epoch 00028: val_loss did not improve from 1.01868
Epoch 29/100
13664/13664 - 12s - loss: 0.6915 - accuracy: 0.7424 - val_loss: 1.4734 - val_accuracy: 0.5479

Epoch 00029: val_loss did not improve from 1.01868
Epoch 30/100
13664/13664 - 12s - loss: 0.6906 - accuracy: 0.7428 - val_loss: 1.4769 - val_accuracy: 0.5583

Epoch 00030: val_loss did not improve from 1.01868
Epoch 31/100
13664/13664 - 12s - loss: 0.6888 - accuracy: 0.7420 - val_loss: 1.4902 - val_accuracy: 0.5517

Epoch 00031: val_loss did not improve from 1.01868
Epoch 32/100
13664/13664 - 12s - loss: 0.6861 - accuracy: 0.7446 - val_loss: 1.4741 - val_accuracy: 0.5532

Epoch 00032: val_loss did not improve from 1.01868
Epoch 33/100
13664/13664 - 12s - loss: 0.6862 - accuracy: 0.7428 - val_loss: 1.4898 - val_accuracy: 0.5506

Epoch 00033: val_loss did not improve from 1.01868
Epoch 34/100
13664/13664 - 12s - loss: 0.6863 - accuracy: 0.7440 - val_loss: 1.4377 - val_accuracy: 0.5518

Epoch 00034: val_loss did not improve from 1.01868
Epoch 35/100
13664/13664 - 12s - loss: 0.6833 - accuracy: 0.7455 - val_loss: 1.5200 - val_accuracy: 0.5399

Epoch 00035: val_loss did not improve from 1.01868
Epoch 36/100
13664/13664 - 12s - loss: 0.6814 - accuracy: 0.7474 - val_loss: 1.5212 - val_accuracy: 0.5352

Epoch 00036: val_loss did not improve from 1.01868
Epoch 37/100
13664/13664 - 12s - loss: 0.6824 - accuracy: 0.7477 - val_loss: 1.5340 - val_accuracy: 0.5515

Epoch 00037: val_loss did not improve from 1.01868
Epoch 38/100
13664/13664 - 12s - loss: 0.6803 - accuracy: 0.7463 - val_loss: 1.5215 - val_accuracy: 0.5618

Epoch 00038: val_loss did not improve from 1.01868
Epoch 39/100
13664/13664 - 12s - loss: 0.6790 - accuracy: 0.7476 - val_loss: 1.5602 - val_accuracy: 0.5593

Epoch 00039: val_loss did not improve from 1.01868
Epoch 40/100
13664/13664 - 13s - loss: 0.6787 - accuracy: 0.7467 - val_loss: 1.5760 - val_accuracy: 0.5424

Epoch 00040: val_loss did not improve from 1.01868
Epoch 41/100
13664/13664 - 13s - loss: 0.6780 - accuracy: 0.7484 - val_loss: 1.5000 - val_accuracy: 0.5439

Epoch 00041: val_loss did not improve from 1.01868
Epoch 42/100
13664/13664 - 13s - loss: 0.6766 - accuracy: 0.7489 - val_loss: 1.5759 - val_accuracy: 0.5480

Epoch 00042: val_loss did not improve from 1.01868
Epoch 43/100
13664/13664 - 14s - loss: 0.6769 - accuracy: 0.7482 - val_loss: 1.5172 - val_accuracy: 0.5506

Epoch 00043: val_loss did not improve from 1.01868
Epoch 44/100
13664/13664 - 15s - loss: 0.6746 - accuracy: 0.7485 - val_loss: 1.5960 - val_accuracy: 0.5680

Epoch 00044: val_loss did not improve from 1.01868
Epoch 45/100
13664/13664 - 14s - loss: 0.6748 - accuracy: 0.7499 - val_loss: 1.4338 - val_accuracy: 0.5526

Epoch 00045: val_loss did not improve from 1.01868
Epoch 46/100
13664/13664 - 15s - loss: 0.6747 - accuracy: 0.7478 - val_loss: 1.5471 - val_accuracy: 0.5569

Epoch 00046: val_loss did not improve from 1.01868
Epoch 47/100
13664/13664 - 14s - loss: 0.6725 - accuracy: 0.7499 - val_loss: 1.6178 - val_accuracy: 0.5409

Epoch 00047: val_loss did not improve from 1.01868
Epoch 48/100
13664/13664 - 14s - loss: 0.6740 - accuracy: 0.7496 - val_loss: 1.4962 - val_accuracy: 0.5639

Epoch 00048: val_loss did not improve from 1.01868
Epoch 49/100
13664/13664 - 14s - loss: 0.6745 - accuracy: 0.7500 - val_loss: 1.5616 - val_accuracy: 0.5427

Epoch 00049: val_loss did not improve from 1.01868
Epoch 50/100
13664/13664 - 14s - loss: 0.6732 - accuracy: 0.7490 - val_loss: 1.5740 - val_accuracy: 0.5517

Epoch 00050: val_loss did not improve from 1.01868
Epoch 51/100
13664/13664 - 14s - loss: 0.6718 - accuracy: 0.7490 - val_loss: 1.5104 - val_accuracy: 0.5522

Epoch 00051: val_loss did not improve from 1.01868
Epoch 52/100
13664/13664 - 13s - loss: 0.6722 - accuracy: 0.7484 - val_loss: 1.5309 - val_accuracy: 0.5507

Epoch 00052: val_loss did not improve from 1.01868
Epoch 53/100
13664/13664 - 13s - loss: 0.6701 - accuracy: 0.7513 - val_loss: 1.6039 - val_accuracy: 0.5472

Epoch 00053: val_loss did not improve from 1.01868
Epoch 54/100
13664/13664 - 12s - loss: 0.6696 - accuracy: 0.7503 - val_loss: 1.6208 - val_accuracy: 0.5491

Epoch 00054: val_loss did not improve from 1.01868
Epoch 55/100
13664/13664 - 12s - loss: 0.6688 - accuracy: 0.7504 - val_loss: 1.5994 - val_accuracy: 0.5424

Epoch 00055: val_loss did not improve from 1.01868
Epoch 56/100
13664/13664 - 12s - loss: 0.6680 - accuracy: 0.7528 - val_loss: 1.6007 - val_accuracy: 0.5519

Epoch 00056: val_loss did not improve from 1.01868
Epoch 57/100
13664/13664 - 12s - loss: 0.6671 - accuracy: 0.7521 - val_loss: 1.6053 - val_accuracy: 0.5512

Epoch 00057: val_loss did not improve from 1.01868
Epoch 58/100
13664/13664 - 12s - loss: 0.6670 - accuracy: 0.7512 - val_loss: 1.4624 - val_accuracy: 0.5650

Epoch 00058: val_loss did not improve from 1.01868
Epoch 59/100
13664/13664 - 12s - loss: 0.6664 - accuracy: 0.7506 - val_loss: 1.5683 - val_accuracy: 0.5479

Epoch 00059: val_loss did not improve from 1.01868
Epoch 60/100
13664/13664 - 12s - loss: 0.6662 - accuracy: 0.7528 - val_loss: 1.5508 - val_accuracy: 0.5548

Epoch 00060: val_loss did not improve from 1.01868
Epoch 61/100
13664/13664 - 12s - loss: 0.6654 - accuracy: 0.7523 - val_loss: 1.5239 - val_accuracy: 0.5585

Epoch 00061: val_loss did not improve from 1.01868
Epoch 62/100
13664/13664 - 12s - loss: 0.6647 - accuracy: 0.7522 - val_loss: 1.5623 - val_accuracy: 0.5494

Epoch 00062: val_loss did not improve from 1.01868
Epoch 63/100
13664/13664 - 12s - loss: 0.6643 - accuracy: 0.7519 - val_loss: 1.5542 - val_accuracy: 0.5507

Epoch 00063: val_loss did not improve from 1.01868
Epoch 64/100
13664/13664 - 12s - loss: 0.6658 - accuracy: 0.7549 - val_loss: 1.6312 - val_accuracy: 0.5543

Epoch 00064: val_loss did not improve from 1.01868
Epoch 65/100
13664/13664 - 12s - loss: 0.6631 - accuracy: 0.7530 - val_loss: 1.5543 - val_accuracy: 0.5501

Epoch 00065: val_loss did not improve from 1.01868
Epoch 66/100
13664/13664 - 12s - loss: 0.6633 - accuracy: 0.7533 - val_loss: 1.4826 - val_accuracy: 0.5489

Epoch 00066: val_loss did not improve from 1.01868
Epoch 67/100
13664/13664 - 13s - loss: 0.6599 - accuracy: 0.7551 - val_loss: 1.5232 - val_accuracy: 0.5571

Epoch 00067: val_loss did not improve from 1.01868
Epoch 68/100
13664/13664 - 12s - loss: 0.6582 - accuracy: 0.7557 - val_loss: 1.4689 - val_accuracy: 0.5552

Epoch 00068: val_loss did not improve from 1.01868
Epoch 69/100
13664/13664 - 12s - loss: 0.6577 - accuracy: 0.7558 - val_loss: 1.6139 - val_accuracy: 0.5544

Epoch 00069: val_loss did not improve from 1.01868
Epoch 70/100
13664/13664 - 12s - loss: 0.6564 - accuracy: 0.7560 - val_loss: 1.6442 - val_accuracy: 0.5485

Epoch 00070: val_loss did not improve from 1.01868
Epoch 71/100
13664/13664 - 12s - loss: 0.6549 - accuracy: 0.7577 - val_loss: 1.4836 - val_accuracy: 0.5652

Epoch 00071: val_loss did not improve from 1.01868
Epoch 72/100
13664/13664 - 12s - loss: 0.6570 - accuracy: 0.7572 - val_loss: 1.6002 - val_accuracy: 0.5538

Epoch 00072: val_loss did not improve from 1.01868
Epoch 73/100
13664/13664 - 12s - loss: 0.6546 - accuracy: 0.7574 - val_loss: 1.6487 - val_accuracy: 0.5415

Epoch 00073: val_loss did not improve from 1.01868
Epoch 74/100
13664/13664 - 12s - loss: 0.6544 - accuracy: 0.7582 - val_loss: 1.5551 - val_accuracy: 0.5583

Epoch 00074: val_loss did not improve from 1.01868
Epoch 75/100
13664/13664 - 12s - loss: 0.6520 - accuracy: 0.7590 - val_loss: 1.6360 - val_accuracy: 0.5579

Epoch 00075: val_loss did not improve from 1.01868
Epoch 76/100
13664/13664 - 12s - loss: 0.6517 - accuracy: 0.7588 - val_loss: 1.5661 - val_accuracy: 0.5559

Epoch 00076: val_loss did not improve from 1.01868
Epoch 77/100
13664/13664 - 12s - loss: 0.6511 - accuracy: 0.7593 - val_loss: 1.6284 - val_accuracy: 0.5642

Epoch 00077: val_loss did not improve from 1.01868
Epoch 78/100
13664/13664 - 12s - loss: 0.6517 - accuracy: 0.7597 - val_loss: 1.6340 - val_accuracy: 0.5454

Epoch 00078: val_loss did not improve from 1.01868
Epoch 79/100
13664/13664 - 12s - loss: 0.6490 - accuracy: 0.7601 - val_loss: 1.5683 - val_accuracy: 0.5532

Epoch 00079: val_loss did not improve from 1.01868
Epoch 80/100
13664/13664 - 12s - loss: 0.6507 - accuracy: 0.7603 - val_loss: 1.5253 - val_accuracy: 0.5540

Epoch 00080: val_loss did not improve from 1.01868
Epoch 81/100
13664/13664 - 12s - loss: 0.6483 - accuracy: 0.7615 - val_loss: 1.5460 - val_accuracy: 0.5494

Epoch 00081: val_loss did not improve from 1.01868
Epoch 82/100
13664/13664 - 12s - loss: 0.6501 - accuracy: 0.7605 - val_loss: 1.6388 - val_accuracy: 0.5535

Epoch 00082: val_loss did not improve from 1.01868
Epoch 83/100
13664/13664 - 12s - loss: 0.6504 - accuracy: 0.7601 - val_loss: 1.6521 - val_accuracy: 0.5438

Epoch 00083: val_loss did not improve from 1.01868
Epoch 84/100
13664/13664 - 12s - loss: 0.6489 - accuracy: 0.7605 - val_loss: 1.6208 - val_accuracy: 0.5412

Epoch 00084: val_loss did not improve from 1.01868
Epoch 85/100
13664/13664 - 12s - loss: 0.6485 - accuracy: 0.7606 - val_loss: 1.5488 - val_accuracy: 0.5656

Epoch 00085: val_loss did not improve from 1.01868
Epoch 86/100
13664/13664 - 12s - loss: 0.6488 - accuracy: 0.7615 - val_loss: 1.5655 - val_accuracy: 0.5510

Epoch 00086: val_loss did not improve from 1.01868
Epoch 87/100
13664/13664 - 12s - loss: 0.6487 - accuracy: 0.7608 - val_loss: 1.6380 - val_accuracy: 0.5457

Epoch 00087: val_loss did not improve from 1.01868
Epoch 88/100
13664/13664 - 12s - loss: 0.6498 - accuracy: 0.7587 - val_loss: 1.6302 - val_accuracy: 0.5430

Epoch 00088: val_loss did not improve from 1.01868
Epoch 89/100
13664/13664 - 12s - loss: 0.6471 - accuracy: 0.7613 - val_loss: 1.6551 - val_accuracy: 0.5476

Epoch 00089: val_loss did not improve from 1.01868
Epoch 90/100
13664/13664 - 12s - loss: 0.6475 - accuracy: 0.7598 - val_loss: 1.6493 - val_accuracy: 0.5389

Epoch 00090: val_loss did not improve from 1.01868
Epoch 91/100
13664/13664 - 12s - loss: 0.6464 - accuracy: 0.7628 - val_loss: 1.5847 - val_accuracy: 0.5533

Epoch 00091: val_loss did not improve from 1.01868
Epoch 92/100
13664/13664 - 12s - loss: 0.6478 - accuracy: 0.7615 - val_loss: 1.6139 - val_accuracy: 0.5437

Epoch 00092: val_loss did not improve from 1.01868
Epoch 93/100
13664/13664 - 12s - loss: 0.6469 - accuracy: 0.7616 - val_loss: 1.6502 - val_accuracy: 0.5428

Epoch 00093: val_loss did not improve from 1.01868
Epoch 94/100
13664/13664 - 12s - loss: 0.6474 - accuracy: 0.7614 - val_loss: 1.5957 - val_accuracy: 0.5460

Epoch 00094: val_loss did not improve from 1.01868
Epoch 95/100
13664/13664 - 12s - loss: 0.6474 - accuracy: 0.7610 - val_loss: 1.6421 - val_accuracy: 0.5508

Epoch 00095: val_loss did not improve from 1.01868
Epoch 96/100
13664/13664 - 12s - loss: 0.6476 - accuracy: 0.7611 - val_loss: 1.6391 - val_accuracy: 0.5459

Epoch 00096: val_loss did not improve from 1.01868
Epoch 97/100
13664/13664 - 12s - loss: 0.6459 - accuracy: 0.7628 - val_loss: 1.6626 - val_accuracy: 0.5531

Epoch 00097: val_loss did not improve from 1.01868
Epoch 98/100
13664/13664 - 12s - loss: 0.6483 - accuracy: 0.7620 - val_loss: 1.5983 - val_accuracy: 0.5592

Epoch 00098: val_loss did not improve from 1.01868
Epoch 99/100
13664/13664 - 12s - loss: 0.6462 - accuracy: 0.7620 - val_loss: 1.6623 - val_accuracy: 0.5580

Epoch 00099: val_loss did not improve from 1.01868
Epoch 100/100
13664/13664 - 13s - loss: 0.6468 - accuracy: 0.7614 - val_loss: 1.7408 - val_accuracy: 0.5319

Epoch 00100: val_loss did not improve from 1.01868
