Before oversampling: Counter({0.0: 22772, 10.0: 15114, 50.0: 15085, 90.0: 15054, 30.0: 14964, 70.0: 14771, 92.0: 7628, 100.0: 7624})
After oversampling: Counter({100.0: 22772, 92.0: 22772, 90.0: 22772, 10.0: 22772, 0.0: 22772, 70.0: 22772, 50.0: 22772, 30.0: 22772})
Model: "sequential"
_________________________________________________________________
Layer (type)                 Output Shape              Param #   
=================================================================
dense (Dense)                (None, 17)                323       
_________________________________________________________________
dense_1 (Dense)              (None, 8)                 144       
=================================================================
Total params: 467
Trainable params: 467
Non-trainable params: 0
_________________________________________________________________
Epoch 1/100
18218/18218 - 7s - loss: 1.5215 - accuracy: 0.4002 - val_loss: 1.4642 - val_accuracy: 0.4338

Epoch 00001: val_loss improved from inf to 1.46420, saving model to ./results/NN_trial_7/cp.ckpt
Epoch 2/100
18218/18218 - 7s - loss: 1.4160 - accuracy: 0.4434 - val_loss: 1.3911 - val_accuracy: 0.4572

Epoch 00002: val_loss improved from 1.46420 to 1.39110, saving model to ./results/NN_trial_7/cp.ckpt
Epoch 3/100
18218/18218 - 7s - loss: 1.3785 - accuracy: 0.4577 - val_loss: 1.3723 - val_accuracy: 0.4601

Epoch 00003: val_loss improved from 1.39110 to 1.37230, saving model to ./results/NN_trial_7/cp.ckpt
Epoch 4/100
18218/18218 - 7s - loss: 1.3637 - accuracy: 0.4625 - val_loss: 1.3614 - val_accuracy: 0.4609

Epoch 00004: val_loss improved from 1.37230 to 1.36144, saving model to ./results/NN_trial_7/cp.ckpt
Epoch 5/100
18218/18218 - 7s - loss: 1.3558 - accuracy: 0.4662 - val_loss: 1.3539 - val_accuracy: 0.4640

Epoch 00005: val_loss improved from 1.36144 to 1.35395, saving model to ./results/NN_trial_7/cp.ckpt
Epoch 6/100
18218/18218 - 7s - loss: 1.3492 - accuracy: 0.4682 - val_loss: 1.3527 - val_accuracy: 0.4701

Epoch 00006: val_loss improved from 1.35395 to 1.35268, saving model to ./results/NN_trial_7/cp.ckpt
Epoch 7/100
18218/18218 - 7s - loss: 1.3440 - accuracy: 0.4724 - val_loss: 1.3479 - val_accuracy: 0.4688

Epoch 00007: val_loss improved from 1.35268 to 1.34788, saving model to ./results/NN_trial_7/cp.ckpt
Epoch 8/100
18218/18218 - 7s - loss: 1.3381 - accuracy: 0.4739 - val_loss: 1.3449 - val_accuracy: 0.4700

Epoch 00008: val_loss improved from 1.34788 to 1.34492, saving model to ./results/NN_trial_7/cp.ckpt
Epoch 9/100
18218/18218 - 7s - loss: 1.3336 - accuracy: 0.4773 - val_loss: 1.3422 - val_accuracy: 0.4679

Epoch 00009: val_loss improved from 1.34492 to 1.34220, saving model to ./results/NN_trial_7/cp.ckpt
Epoch 10/100
18218/18218 - 7s - loss: 1.3291 - accuracy: 0.4811 - val_loss: 1.3540 - val_accuracy: 0.4749

Epoch 00010: val_loss did not improve from 1.34220
Epoch 11/100
18218/18218 - 7s - loss: 1.3260 - accuracy: 0.4809 - val_loss: 1.3371 - val_accuracy: 0.4782

Epoch 00011: val_loss improved from 1.34220 to 1.33707, saving model to ./results/NN_trial_7/cp.ckpt
Epoch 12/100
18218/18218 - 7s - loss: 1.3225 - accuracy: 0.4841 - val_loss: 1.3365 - val_accuracy: 0.4697

Epoch 00012: val_loss improved from 1.33707 to 1.33646, saving model to ./results/NN_trial_7/cp.ckpt
Epoch 13/100
18218/18218 - 7s - loss: 1.3201 - accuracy: 0.4854 - val_loss: 1.3277 - val_accuracy: 0.4750

Epoch 00013: val_loss improved from 1.33646 to 1.32767, saving model to ./results/NN_trial_7/cp.ckpt
Epoch 14/100
18218/18218 - 7s - loss: 1.3174 - accuracy: 0.4855 - val_loss: 1.3299 - val_accuracy: 0.4707

Epoch 00014: val_loss did not improve from 1.32767
Epoch 15/100
18218/18218 - 7s - loss: 1.3153 - accuracy: 0.4869 - val_loss: 1.3274 - val_accuracy: 0.4808

Epoch 00015: val_loss improved from 1.32767 to 1.32737, saving model to ./results/NN_trial_7/cp.ckpt
Epoch 16/100
18218/18218 - 7s - loss: 1.3133 - accuracy: 0.4875 - val_loss: 1.3218 - val_accuracy: 0.4799

Epoch 00016: val_loss improved from 1.32737 to 1.32180, saving model to ./results/NN_trial_7/cp.ckpt
Epoch 17/100
18218/18218 - 7s - loss: 1.3113 - accuracy: 0.4868 - val_loss: 1.3244 - val_accuracy: 0.4752

Epoch 00017: val_loss did not improve from 1.32180
Epoch 18/100
18218/18218 - 7s - loss: 1.3099 - accuracy: 0.4902 - val_loss: 1.3296 - val_accuracy: 0.4767

Epoch 00018: val_loss did not improve from 1.32180
Epoch 19/100
18218/18218 - 7s - loss: 1.3085 - accuracy: 0.4911 - val_loss: 1.3232 - val_accuracy: 0.4770

Epoch 00019: val_loss did not improve from 1.32180
Epoch 20/100
18218/18218 - 7s - loss: 1.3069 - accuracy: 0.4905 - val_loss: 1.3217 - val_accuracy: 0.4845

Epoch 00020: val_loss improved from 1.32180 to 1.32169, saving model to ./results/NN_trial_7/cp.ckpt
Epoch 21/100
18218/18218 - 7s - loss: 1.3060 - accuracy: 0.4911 - val_loss: 1.3228 - val_accuracy: 0.4720

Epoch 00021: val_loss did not improve from 1.32169
Epoch 22/100
18218/18218 - 7s - loss: 1.3051 - accuracy: 0.4918 - val_loss: 1.3307 - val_accuracy: 0.4790

Epoch 00022: val_loss did not improve from 1.32169
Epoch 23/100
18218/18218 - 7s - loss: 1.3040 - accuracy: 0.4922 - val_loss: 1.3201 - val_accuracy: 0.4796

Epoch 00023: val_loss improved from 1.32169 to 1.32014, saving model to ./results/NN_trial_7/cp.ckpt
Epoch 24/100
18218/18218 - 7s - loss: 1.3026 - accuracy: 0.4931 - val_loss: 1.3199 - val_accuracy: 0.4743

Epoch 00024: val_loss improved from 1.32014 to 1.31994, saving model to ./results/NN_trial_7/cp.ckpt
Epoch 25/100
18218/18218 - 7s - loss: 1.3023 - accuracy: 0.4926 - val_loss: 1.3205 - val_accuracy: 0.4833

Epoch 00025: val_loss did not improve from 1.31994
Epoch 26/100
18218/18218 - 7s - loss: 1.3012 - accuracy: 0.4942 - val_loss: 1.3199 - val_accuracy: 0.4815

Epoch 00026: val_loss improved from 1.31994 to 1.31988, saving model to ./results/NN_trial_7/cp.ckpt
Epoch 27/100
18218/18218 - 7s - loss: 1.3004 - accuracy: 0.4941 - val_loss: 1.3161 - val_accuracy: 0.4785

Epoch 00027: val_loss improved from 1.31988 to 1.31613, saving model to ./results/NN_trial_7/cp.ckpt
Epoch 28/100
18218/18218 - 7s - loss: 1.3001 - accuracy: 0.4944 - val_loss: 1.3241 - val_accuracy: 0.4830

Epoch 00028: val_loss did not improve from 1.31613
Epoch 29/100
18218/18218 - 7s - loss: 1.2993 - accuracy: 0.4951 - val_loss: 1.3139 - val_accuracy: 0.4754

Epoch 00029: val_loss improved from 1.31613 to 1.31389, saving model to ./results/NN_trial_7/cp.ckpt
Epoch 30/100
18218/18218 - 7s - loss: 1.2985 - accuracy: 0.4953 - val_loss: 1.3087 - val_accuracy: 0.4856

Epoch 00030: val_loss improved from 1.31389 to 1.30874, saving model to ./results/NN_trial_7/cp.ckpt
Epoch 31/100
18218/18218 - 7s - loss: 1.2973 - accuracy: 0.4944 - val_loss: 1.3114 - val_accuracy: 0.4824

Epoch 00031: val_loss did not improve from 1.30874
Epoch 32/100
18218/18218 - 7s - loss: 1.2968 - accuracy: 0.4958 - val_loss: 1.3158 - val_accuracy: 0.4820

Epoch 00032: val_loss did not improve from 1.30874
Epoch 33/100
18218/18218 - 7s - loss: 1.2957 - accuracy: 0.4947 - val_loss: 1.3097 - val_accuracy: 0.4844

Epoch 00033: val_loss did not improve from 1.30874
Epoch 34/100
18218/18218 - 7s - loss: 1.2954 - accuracy: 0.4964 - val_loss: 1.3071 - val_accuracy: 0.4868

Epoch 00034: val_loss improved from 1.30874 to 1.30706, saving model to ./results/NN_trial_7/cp.ckpt
Epoch 35/100
18218/18218 - 7s - loss: 1.2948 - accuracy: 0.4956 - val_loss: 1.3233 - val_accuracy: 0.4800

Epoch 00035: val_loss did not improve from 1.30706
Epoch 36/100
18218/18218 - 7s - loss: 1.2948 - accuracy: 0.4966 - val_loss: 1.3120 - val_accuracy: 0.4795

Epoch 00036: val_loss did not improve from 1.30706
Epoch 37/100
18218/18218 - 7s - loss: 1.2938 - accuracy: 0.4967 - val_loss: 1.3170 - val_accuracy: 0.4812

Epoch 00037: val_loss did not improve from 1.30706
Epoch 38/100
18218/18218 - 7s - loss: 1.2930 - accuracy: 0.4978 - val_loss: 1.3025 - val_accuracy: 0.4849

Epoch 00038: val_loss improved from 1.30706 to 1.30249, saving model to ./results/NN_trial_7/cp.ckpt
Epoch 39/100
18218/18218 - 7s - loss: 1.2922 - accuracy: 0.4982 - val_loss: 1.3030 - val_accuracy: 0.4867

Epoch 00039: val_loss did not improve from 1.30249
Epoch 40/100
18218/18218 - 7s - loss: 1.2919 - accuracy: 0.4975 - val_loss: 1.3161 - val_accuracy: 0.4831

Epoch 00040: val_loss did not improve from 1.30249
Epoch 41/100
18218/18218 - 7s - loss: 1.2918 - accuracy: 0.4977 - val_loss: 1.3235 - val_accuracy: 0.4703

Epoch 00041: val_loss did not improve from 1.30249
Epoch 42/100
18218/18218 - 7s - loss: 1.2906 - accuracy: 0.4976 - val_loss: 1.3131 - val_accuracy: 0.4888

Epoch 00042: val_loss did not improve from 1.30249
Epoch 43/100
18218/18218 - 7s - loss: 1.2901 - accuracy: 0.4973 - val_loss: 1.3040 - val_accuracy: 0.4868

Epoch 00043: val_loss did not improve from 1.30249
Epoch 44/100
18218/18218 - 8s - loss: 1.2898 - accuracy: 0.4982 - val_loss: 1.3133 - val_accuracy: 0.4816

Epoch 00044: val_loss did not improve from 1.30249
Epoch 45/100
18218/18218 - 8s - loss: 1.2896 - accuracy: 0.4986 - val_loss: 1.3073 - val_accuracy: 0.4887

Epoch 00045: val_loss did not improve from 1.30249
Epoch 46/100
18218/18218 - 8s - loss: 1.2887 - accuracy: 0.4989 - val_loss: 1.3082 - val_accuracy: 0.4912

Epoch 00046: val_loss did not improve from 1.30249
Epoch 47/100
18218/18218 - 8s - loss: 1.2886 - accuracy: 0.4985 - val_loss: 1.3085 - val_accuracy: 0.4831

Epoch 00047: val_loss did not improve from 1.30249
Epoch 48/100
18218/18218 - 8s - loss: 1.2884 - accuracy: 0.4996 - val_loss: 1.3418 - val_accuracy: 0.4769

Epoch 00048: val_loss did not improve from 1.30249
Epoch 49/100
18218/18218 - 8s - loss: 1.2872 - accuracy: 0.4996 - val_loss: 1.2982 - val_accuracy: 0.4907

Epoch 00049: val_loss improved from 1.30249 to 1.29824, saving model to ./results/NN_trial_7/cp.ckpt
Epoch 50/100
18218/18218 - 8s - loss: 1.2873 - accuracy: 0.4992 - val_loss: 1.3130 - val_accuracy: 0.4769

Epoch 00050: val_loss did not improve from 1.29824
Epoch 51/100
18218/18218 - 8s - loss: 1.2867 - accuracy: 0.5010 - val_loss: 1.3173 - val_accuracy: 0.4851

Epoch 00051: val_loss did not improve from 1.29824
Epoch 52/100
18218/18218 - 8s - loss: 1.2865 - accuracy: 0.5006 - val_loss: 1.3036 - val_accuracy: 0.4814

Epoch 00052: val_loss did not improve from 1.29824
Epoch 53/100
18218/18218 - 8s - loss: 1.2864 - accuracy: 0.5009 - val_loss: 1.2996 - val_accuracy: 0.4854

Epoch 00053: val_loss did not improve from 1.29824
Epoch 54/100
18218/18218 - 8s - loss: 1.2855 - accuracy: 0.5011 - val_loss: 1.3024 - val_accuracy: 0.4819

Epoch 00054: val_loss did not improve from 1.29824
Epoch 55/100
18218/18218 - 8s - loss: 1.2847 - accuracy: 0.5007 - val_loss: 1.3000 - val_accuracy: 0.4809

Epoch 00055: val_loss did not improve from 1.29824
Epoch 56/100
18218/18218 - 8s - loss: 1.2851 - accuracy: 0.5002 - val_loss: 1.3176 - val_accuracy: 0.4712

Epoch 00056: val_loss did not improve from 1.29824
Epoch 57/100
18218/18218 - 8s - loss: 1.2845 - accuracy: 0.5013 - val_loss: 1.3052 - val_accuracy: 0.4871

Epoch 00057: val_loss did not improve from 1.29824
Epoch 58/100
18218/18218 - 8s - loss: 1.2842 - accuracy: 0.5013 - val_loss: 1.3094 - val_accuracy: 0.4799

Epoch 00058: val_loss did not improve from 1.29824
Epoch 59/100
18218/18218 - 7s - loss: 1.2841 - accuracy: 0.5015 - val_loss: 1.3019 - val_accuracy: 0.4906

Epoch 00059: val_loss did not improve from 1.29824
Epoch 60/100
18218/18218 - 8s - loss: 1.2833 - accuracy: 0.5014 - val_loss: 1.3048 - val_accuracy: 0.4874

Epoch 00060: val_loss did not improve from 1.29824
Epoch 61/100
18218/18218 - 8s - loss: 1.2829 - accuracy: 0.5026 - val_loss: 1.3043 - val_accuracy: 0.4887

Epoch 00061: val_loss did not improve from 1.29824
Epoch 62/100
18218/18218 - 8s - loss: 1.2826 - accuracy: 0.5020 - val_loss: 1.3055 - val_accuracy: 0.4790

Epoch 00062: val_loss did not improve from 1.29824
Epoch 63/100
18218/18218 - 8s - loss: 1.2823 - accuracy: 0.5027 - val_loss: 1.3082 - val_accuracy: 0.4823

Epoch 00063: val_loss did not improve from 1.29824
Epoch 64/100
18218/18218 - 7s - loss: 1.2813 - accuracy: 0.5037 - val_loss: 1.3041 - val_accuracy: 0.4872

Epoch 00064: val_loss did not improve from 1.29824
Epoch 65/100
18218/18218 - 7s - loss: 1.2812 - accuracy: 0.5033 - val_loss: 1.2991 - val_accuracy: 0.4830

Epoch 00065: val_loss did not improve from 1.29824
Epoch 66/100
18218/18218 - 8s - loss: 1.2818 - accuracy: 0.5032 - val_loss: 1.2957 - val_accuracy: 0.4913

Epoch 00066: val_loss improved from 1.29824 to 1.29566, saving model to ./results/NN_trial_7/cp.ckpt
Epoch 67/100
18218/18218 - 7s - loss: 1.2803 - accuracy: 0.5026 - val_loss: 1.2963 - val_accuracy: 0.4876

Epoch 00067: val_loss did not improve from 1.29566
Epoch 68/100
18218/18218 - 7s - loss: 1.2806 - accuracy: 0.5021 - val_loss: 1.3036 - val_accuracy: 0.4857

Epoch 00068: val_loss did not improve from 1.29566
Epoch 69/100
18218/18218 - 7s - loss: 1.2805 - accuracy: 0.5029 - val_loss: 1.3035 - val_accuracy: 0.4756

Epoch 00069: val_loss did not improve from 1.29566
Epoch 70/100
18218/18218 - 7s - loss: 1.2798 - accuracy: 0.5057 - val_loss: 1.2998 - val_accuracy: 0.4886

Epoch 00070: val_loss did not improve from 1.29566
Epoch 71/100
18218/18218 - 7s - loss: 1.2801 - accuracy: 0.5046 - val_loss: 1.2983 - val_accuracy: 0.4829

Epoch 00071: val_loss did not improve from 1.29566
Epoch 72/100
18218/18218 - 7s - loss: 1.2789 - accuracy: 0.5049 - val_loss: 1.3013 - val_accuracy: 0.4836

Epoch 00072: val_loss did not improve from 1.29566
Epoch 73/100
18218/18218 - 7s - loss: 1.2788 - accuracy: 0.5052 - val_loss: 1.3046 - val_accuracy: 0.4854

Epoch 00073: val_loss did not improve from 1.29566
Epoch 74/100
18218/18218 - 7s - loss: 1.2795 - accuracy: 0.5050 - val_loss: 1.3017 - val_accuracy: 0.4942

Epoch 00074: val_loss did not improve from 1.29566
Epoch 75/100
18218/18218 - 7s - loss: 1.2785 - accuracy: 0.5054 - val_loss: 1.2994 - val_accuracy: 0.4902

Epoch 00075: val_loss did not improve from 1.29566
Epoch 76/100
18218/18218 - 8s - loss: 1.2781 - accuracy: 0.5045 - val_loss: 1.3030 - val_accuracy: 0.4886

Epoch 00076: val_loss did not improve from 1.29566
Epoch 77/100
18218/18218 - 8s - loss: 1.2776 - accuracy: 0.5061 - val_loss: 1.2986 - val_accuracy: 0.4956

Epoch 00077: val_loss did not improve from 1.29566
Epoch 78/100
18218/18218 - 8s - loss: 1.2777 - accuracy: 0.5054 - val_loss: 1.2915 - val_accuracy: 0.4968

Epoch 00078: val_loss improved from 1.29566 to 1.29152, saving model to ./results/NN_trial_7/cp.ckpt
Epoch 79/100
18218/18218 - 8s - loss: 1.2781 - accuracy: 0.5053 - val_loss: 1.3012 - val_accuracy: 0.4848

Epoch 00079: val_loss did not improve from 1.29152
Epoch 80/100
18218/18218 - 7s - loss: 1.2769 - accuracy: 0.5052 - val_loss: 1.2970 - val_accuracy: 0.4873

Epoch 00080: val_loss did not improve from 1.29152
Epoch 81/100
18218/18218 - 7s - loss: 1.2777 - accuracy: 0.5056 - val_loss: 1.2965 - val_accuracy: 0.4917

Epoch 00081: val_loss did not improve from 1.29152
Epoch 82/100
18218/18218 - 7s - loss: 1.2769 - accuracy: 0.5061 - val_loss: 1.2969 - val_accuracy: 0.4893

Epoch 00082: val_loss did not improve from 1.29152
Epoch 83/100
18218/18218 - 7s - loss: 1.2764 - accuracy: 0.5061 - val_loss: 1.3045 - val_accuracy: 0.4840

Epoch 00083: val_loss did not improve from 1.29152
Epoch 84/100
18218/18218 - 8s - loss: 1.2762 - accuracy: 0.5048 - val_loss: 1.3029 - val_accuracy: 0.4811

Epoch 00084: val_loss did not improve from 1.29152
Epoch 85/100
18218/18218 - 7s - loss: 1.2756 - accuracy: 0.5068 - val_loss: 1.2995 - val_accuracy: 0.4872

Epoch 00085: val_loss did not improve from 1.29152
Epoch 86/100
18218/18218 - 8s - loss: 1.2757 - accuracy: 0.5069 - val_loss: 1.2970 - val_accuracy: 0.4877

Epoch 00086: val_loss did not improve from 1.29152
Epoch 87/100
18218/18218 - 8s - loss: 1.2757 - accuracy: 0.5071 - val_loss: 1.2969 - val_accuracy: 0.4885

Epoch 00087: val_loss did not improve from 1.29152
Epoch 88/100
18218/18218 - 8s - loss: 1.2758 - accuracy: 0.5068 - val_loss: 1.2899 - val_accuracy: 0.4897

Epoch 00088: val_loss improved from 1.29152 to 1.28988, saving model to ./results/NN_trial_7/cp.ckpt
Epoch 89/100
18218/18218 - 8s - loss: 1.2754 - accuracy: 0.5074 - val_loss: 1.2913 - val_accuracy: 0.4900

Epoch 00089: val_loss did not improve from 1.28988
Epoch 90/100
18218/18218 - 8s - loss: 1.2755 - accuracy: 0.5071 - val_loss: 1.2907 - val_accuracy: 0.4965

Epoch 00090: val_loss did not improve from 1.28988
Epoch 91/100
18218/18218 - 8s - loss: 1.2750 - accuracy: 0.5077 - val_loss: 1.3006 - val_accuracy: 0.4926

Epoch 00091: val_loss did not improve from 1.28988
Epoch 92/100
18218/18218 - 8s - loss: 1.2745 - accuracy: 0.5078 - val_loss: 1.3072 - val_accuracy: 0.4901

Epoch 00092: val_loss did not improve from 1.28988
Epoch 93/100
18218/18218 - 8s - loss: 1.2745 - accuracy: 0.5064 - val_loss: 1.2972 - val_accuracy: 0.4943

Epoch 00093: val_loss did not improve from 1.28988
Epoch 94/100
18218/18218 - 8s - loss: 1.2746 - accuracy: 0.5067 - val_loss: 1.2880 - val_accuracy: 0.4936

Epoch 00094: val_loss improved from 1.28988 to 1.28796, saving model to ./results/NN_trial_7/cp.ckpt
Epoch 95/100
18218/18218 - 8s - loss: 1.2742 - accuracy: 0.5067 - val_loss: 1.2924 - val_accuracy: 0.4977

Epoch 00095: val_loss did not improve from 1.28796
Epoch 96/100
18218/18218 - 8s - loss: 1.2746 - accuracy: 0.5073 - val_loss: 1.2923 - val_accuracy: 0.4890

Epoch 00096: val_loss did not improve from 1.28796
Epoch 97/100
18218/18218 - 8s - loss: 1.2745 - accuracy: 0.5067 - val_loss: 1.3022 - val_accuracy: 0.4956

Epoch 00097: val_loss did not improve from 1.28796
Epoch 98/100
18218/18218 - 8s - loss: 1.2734 - accuracy: 0.5086 - val_loss: 1.2937 - val_accuracy: 0.4911

Epoch 00098: val_loss did not improve from 1.28796
Epoch 99/100
18218/18218 - 8s - loss: 1.2736 - accuracy: 0.5077 - val_loss: 1.2981 - val_accuracy: 0.4857

Epoch 00099: val_loss did not improve from 1.28796
Epoch 100/100
18218/18218 - 8s - loss: 1.2735 - accuracy: 0.5078 - val_loss: 1.2967 - val_accuracy: 0.4945

Epoch 00100: val_loss did not improve from 1.28796
