Before oversampling: Counter({92.0: 7628, 100.0: 7624, 91.0: 7615, 0.0: 7615, 60.0: 7609, 10.0: 7595, 70.0: 7583, 1.0: 7580, 2.0: 7577, 20.0: 7519, 40.0: 7516, 50.0: 7476, 30.0: 7448, 90.0: 7439, 80.0: 7188})
After oversampling: Counter({100.0: 7628, 92.0: 7628, 91.0: 7628, 90.0: 7628, 20.0: 7628, 1.0: 7628, 80.0: 7628, 70.0: 7628, 0.0: 7628, 50.0: 7628, 30.0: 7628, 10.0: 7628, 40.0: 7628, 2.0: 7628, 60.0: 7628})
Model: "sequential"
_________________________________________________________________
Layer (type)                 Output Shape              Param #   
=================================================================
dense (Dense)                (None, 16)                160       
_________________________________________________________________
dense_1 (Dense)              (None, 15)                255       
=================================================================
Total params: 415
Trainable params: 415
Non-trainable params: 0
_________________________________________________________________
Epoch 1/100
11442/11442 - 5s - loss: 1.8448 - accuracy: 0.3910 - val_loss: 2.6390 - val_accuracy: 0.2790

Epoch 00001: val_loss improved from inf to 2.63898, saving model to ./results/NN_metadata_2/cp.ckpt
Epoch 2/100
11442/11442 - 4s - loss: 1.5801 - accuracy: 0.4707 - val_loss: 2.9857 - val_accuracy: 0.2837

Epoch 00002: val_loss did not improve from 2.63898
Epoch 3/100
11442/11442 - 4s - loss: 1.4857 - accuracy: 0.4934 - val_loss: 3.2020 - val_accuracy: 0.3040

Epoch 00003: val_loss did not improve from 2.63898
Epoch 4/100
11442/11442 - 4s - loss: 1.4249 - accuracy: 0.5167 - val_loss: 3.5104 - val_accuracy: 0.2971

Epoch 00004: val_loss did not improve from 2.63898
Epoch 5/100
11442/11442 - 4s - loss: 1.3827 - accuracy: 0.5392 - val_loss: 3.6355 - val_accuracy: 0.2932

Epoch 00005: val_loss did not improve from 2.63898
Epoch 6/100
11442/11442 - 4s - loss: 1.3518 - accuracy: 0.5504 - val_loss: 3.8731 - val_accuracy: 0.2992

Epoch 00006: val_loss did not improve from 2.63898
Epoch 7/100
11442/11442 - 4s - loss: 1.3301 - accuracy: 0.5550 - val_loss: 4.0661 - val_accuracy: 0.2943

Epoch 00007: val_loss did not improve from 2.63898
Epoch 8/100
11442/11442 - 4s - loss: 1.3134 - accuracy: 0.5625 - val_loss: 4.0538 - val_accuracy: 0.3077

Epoch 00008: val_loss did not improve from 2.63898
Epoch 9/100
11442/11442 - 4s - loss: 1.2997 - accuracy: 0.5663 - val_loss: 4.2920 - val_accuracy: 0.2914

Epoch 00009: val_loss did not improve from 2.63898
Epoch 10/100
11442/11442 - 4s - loss: 1.2878 - accuracy: 0.5709 - val_loss: 4.4237 - val_accuracy: 0.2827

Epoch 00010: val_loss did not improve from 2.63898
Epoch 11/100
11442/11442 - 4s - loss: 1.2764 - accuracy: 0.5751 - val_loss: 4.3610 - val_accuracy: 0.2907

Epoch 00011: val_loss did not improve from 2.63898
Epoch 12/100
11442/11442 - 4s - loss: 1.2610 - accuracy: 0.5796 - val_loss: 4.5062 - val_accuracy: 0.2841

Epoch 00012: val_loss did not improve from 2.63898
Epoch 13/100
11442/11442 - 4s - loss: 1.2484 - accuracy: 0.5849 - val_loss: 4.5724 - val_accuracy: 0.2962

Epoch 00013: val_loss did not improve from 2.63898
Epoch 14/100
11442/11442 - 4s - loss: 1.2369 - accuracy: 0.5898 - val_loss: 4.7992 - val_accuracy: 0.2852

Epoch 00014: val_loss did not improve from 2.63898
Epoch 15/100
11442/11442 - 4s - loss: 1.2265 - accuracy: 0.5949 - val_loss: 4.7443 - val_accuracy: 0.2956

Epoch 00015: val_loss did not improve from 2.63898
Epoch 16/100
11442/11442 - 4s - loss: 1.2178 - accuracy: 0.5970 - val_loss: 4.8144 - val_accuracy: 0.2808

Epoch 00016: val_loss did not improve from 2.63898
Epoch 17/100
11442/11442 - 4s - loss: 1.2095 - accuracy: 0.6005 - val_loss: 4.7647 - val_accuracy: 0.2612

Epoch 00017: val_loss did not improve from 2.63898
Epoch 18/100
11442/11442 - 4s - loss: 1.2018 - accuracy: 0.6022 - val_loss: 5.0793 - val_accuracy: 0.2621

Epoch 00018: val_loss did not improve from 2.63898
Epoch 19/100
11442/11442 - 4s - loss: 1.1956 - accuracy: 0.6034 - val_loss: 5.1332 - val_accuracy: 0.2429

Epoch 00019: val_loss did not improve from 2.63898
Epoch 20/100
11442/11442 - 4s - loss: 1.1889 - accuracy: 0.6057 - val_loss: 5.1709 - val_accuracy: 0.2384

Epoch 00020: val_loss did not improve from 2.63898
Epoch 21/100
11442/11442 - 4s - loss: 1.1831 - accuracy: 0.6069 - val_loss: 5.2651 - val_accuracy: 0.2365

Epoch 00021: val_loss did not improve from 2.63898
Epoch 22/100
11442/11442 - 4s - loss: 1.1772 - accuracy: 0.6092 - val_loss: 5.3523 - val_accuracy: 0.2298

Epoch 00022: val_loss did not improve from 2.63898
Epoch 23/100
11442/11442 - 4s - loss: 1.1710 - accuracy: 0.6106 - val_loss: 5.4226 - val_accuracy: 0.2256

Epoch 00023: val_loss did not improve from 2.63898
Epoch 24/100
11442/11442 - 4s - loss: 1.1648 - accuracy: 0.6108 - val_loss: 5.4606 - val_accuracy: 0.2279

Epoch 00024: val_loss did not improve from 2.63898
Epoch 25/100
11442/11442 - 4s - loss: 1.1598 - accuracy: 0.6136 - val_loss: 5.3535 - val_accuracy: 0.2345

Epoch 00025: val_loss did not improve from 2.63898
Epoch 26/100
11442/11442 - 4s - loss: 1.1548 - accuracy: 0.6149 - val_loss: 5.3316 - val_accuracy: 0.2355

Epoch 00026: val_loss did not improve from 2.63898
Epoch 27/100
11442/11442 - 4s - loss: 1.1511 - accuracy: 0.6164 - val_loss: 5.4529 - val_accuracy: 0.2333

Epoch 00027: val_loss did not improve from 2.63898
Epoch 28/100
11442/11442 - 4s - loss: 1.1469 - accuracy: 0.6173 - val_loss: 5.7222 - val_accuracy: 0.2265

Epoch 00028: val_loss did not improve from 2.63898
Epoch 29/100
11442/11442 - 4s - loss: 1.1445 - accuracy: 0.6163 - val_loss: 5.7746 - val_accuracy: 0.2268

Epoch 00029: val_loss did not improve from 2.63898
Epoch 30/100
11442/11442 - 4s - loss: 1.1412 - accuracy: 0.6185 - val_loss: 5.7825 - val_accuracy: 0.2297

Epoch 00030: val_loss did not improve from 2.63898
Epoch 31/100
11442/11442 - 4s - loss: 1.1381 - accuracy: 0.6189 - val_loss: 5.8253 - val_accuracy: 0.2334

Epoch 00031: val_loss did not improve from 2.63898
Epoch 32/100
11442/11442 - 4s - loss: 1.1351 - accuracy: 0.6198 - val_loss: 5.8979 - val_accuracy: 0.2303

Epoch 00032: val_loss did not improve from 2.63898
Epoch 33/100
11442/11442 - 4s - loss: 1.1330 - accuracy: 0.6205 - val_loss: 6.0489 - val_accuracy: 0.2292

Epoch 00033: val_loss did not improve from 2.63898
Epoch 34/100
11442/11442 - 4s - loss: 1.1303 - accuracy: 0.6213 - val_loss: 5.8546 - val_accuracy: 0.2356

Epoch 00034: val_loss did not improve from 2.63898
Epoch 35/100
11442/11442 - 4s - loss: 1.1282 - accuracy: 0.6205 - val_loss: 5.9094 - val_accuracy: 0.2368

Epoch 00035: val_loss did not improve from 2.63898
Epoch 36/100
11442/11442 - 4s - loss: 1.1258 - accuracy: 0.6202 - val_loss: 6.0669 - val_accuracy: 0.2351

Epoch 00036: val_loss did not improve from 2.63898
Epoch 37/100
11442/11442 - 4s - loss: 1.1242 - accuracy: 0.6207 - val_loss: 6.0293 - val_accuracy: 0.2378

Epoch 00037: val_loss did not improve from 2.63898
Epoch 38/100
11442/11442 - 4s - loss: 1.1224 - accuracy: 0.6224 - val_loss: 6.0621 - val_accuracy: 0.2416

Epoch 00038: val_loss did not improve from 2.63898
Epoch 39/100
11442/11442 - 4s - loss: 1.1196 - accuracy: 0.6212 - val_loss: 6.0402 - val_accuracy: 0.2372

Epoch 00039: val_loss did not improve from 2.63898
Epoch 40/100
11442/11442 - 4s - loss: 1.1177 - accuracy: 0.6225 - val_loss: 6.0954 - val_accuracy: 0.2356

Epoch 00040: val_loss did not improve from 2.63898
Epoch 41/100
11442/11442 - 4s - loss: 1.1160 - accuracy: 0.6224 - val_loss: 6.1729 - val_accuracy: 0.2387

Epoch 00041: val_loss did not improve from 2.63898
Epoch 42/100
11442/11442 - 4s - loss: 1.1140 - accuracy: 0.6241 - val_loss: 6.3253 - val_accuracy: 0.2301

Epoch 00042: val_loss did not improve from 2.63898
Epoch 43/100
11442/11442 - 4s - loss: 1.1121 - accuracy: 0.6239 - val_loss: 6.3312 - val_accuracy: 0.2332

Epoch 00043: val_loss did not improve from 2.63898
Epoch 44/100
11442/11442 - 4s - loss: 1.1117 - accuracy: 0.6234 - val_loss: 6.2299 - val_accuracy: 0.2423

Epoch 00044: val_loss did not improve from 2.63898
Epoch 45/100
11442/11442 - 4s - loss: 1.1090 - accuracy: 0.6219 - val_loss: 6.3879 - val_accuracy: 0.2433

Epoch 00045: val_loss did not improve from 2.63898
Epoch 46/100
11442/11442 - 4s - loss: 1.1079 - accuracy: 0.6241 - val_loss: 6.4136 - val_accuracy: 0.2357

Epoch 00046: val_loss did not improve from 2.63898
Epoch 47/100
11442/11442 - 4s - loss: 1.1064 - accuracy: 0.6222 - val_loss: 6.3292 - val_accuracy: 0.2342

Epoch 00047: val_loss did not improve from 2.63898
Epoch 48/100
11442/11442 - 4s - loss: 1.1049 - accuracy: 0.6248 - val_loss: 6.4042 - val_accuracy: 0.2361

Epoch 00048: val_loss did not improve from 2.63898
Epoch 49/100
11442/11442 - 4s - loss: 1.1033 - accuracy: 0.6233 - val_loss: 6.4449 - val_accuracy: 0.2425

Epoch 00049: val_loss did not improve from 2.63898
Epoch 50/100
11442/11442 - 4s - loss: 1.1024 - accuracy: 0.6239 - val_loss: 6.3045 - val_accuracy: 0.2393

Epoch 00050: val_loss did not improve from 2.63898
Epoch 51/100
11442/11442 - 4s - loss: 1.1009 - accuracy: 0.6247 - val_loss: 6.3771 - val_accuracy: 0.2340

Epoch 00051: val_loss did not improve from 2.63898
Epoch 52/100
11442/11442 - 4s - loss: 1.1000 - accuracy: 0.6253 - val_loss: 6.5725 - val_accuracy: 0.2448

Epoch 00052: val_loss did not improve from 2.63898
Epoch 53/100
11442/11442 - 4s - loss: 1.0981 - accuracy: 0.6252 - val_loss: 6.5118 - val_accuracy: 0.2329

Epoch 00053: val_loss did not improve from 2.63898
Epoch 54/100
11442/11442 - 4s - loss: 1.0971 - accuracy: 0.6256 - val_loss: 6.4065 - val_accuracy: 0.2478

Epoch 00054: val_loss did not improve from 2.63898
Epoch 55/100
11442/11442 - 4s - loss: 1.0965 - accuracy: 0.6254 - val_loss: 6.7490 - val_accuracy: 0.2260

Epoch 00055: val_loss did not improve from 2.63898
Epoch 56/100
11442/11442 - 4s - loss: 1.0955 - accuracy: 0.6261 - val_loss: 6.7243 - val_accuracy: 0.2286

Epoch 00056: val_loss did not improve from 2.63898
Epoch 57/100
11442/11442 - 4s - loss: 1.0939 - accuracy: 0.6255 - val_loss: 6.6300 - val_accuracy: 0.2404

Epoch 00057: val_loss did not improve from 2.63898
Epoch 58/100
11442/11442 - 4s - loss: 1.0928 - accuracy: 0.6254 - val_loss: 6.6758 - val_accuracy: 0.2353

Epoch 00058: val_loss did not improve from 2.63898
Epoch 59/100
11442/11442 - 4s - loss: 1.0921 - accuracy: 0.6261 - val_loss: 6.7663 - val_accuracy: 0.2401

Epoch 00059: val_loss did not improve from 2.63898
Epoch 60/100
11442/11442 - 4s - loss: 1.0907 - accuracy: 0.6256 - val_loss: 6.7567 - val_accuracy: 0.2404

Epoch 00060: val_loss did not improve from 2.63898
Epoch 61/100
11442/11442 - 4s - loss: 1.0902 - accuracy: 0.6268 - val_loss: 6.7350 - val_accuracy: 0.2484

Epoch 00061: val_loss did not improve from 2.63898
Epoch 62/100
11442/11442 - 4s - loss: 1.0893 - accuracy: 0.6259 - val_loss: 6.6363 - val_accuracy: 0.2496

Epoch 00062: val_loss did not improve from 2.63898
Epoch 63/100
11442/11442 - 4s - loss: 1.0874 - accuracy: 0.6268 - val_loss: 6.9374 - val_accuracy: 0.2349

Epoch 00063: val_loss did not improve from 2.63898
Epoch 64/100
11442/11442 - 4s - loss: 1.0864 - accuracy: 0.6275 - val_loss: 6.7905 - val_accuracy: 0.2488

Epoch 00064: val_loss did not improve from 2.63898
Epoch 65/100
11442/11442 - 4s - loss: 1.0853 - accuracy: 0.6272 - val_loss: 6.7556 - val_accuracy: 0.2486

Epoch 00065: val_loss did not improve from 2.63898
Epoch 66/100
11442/11442 - 4s - loss: 1.0841 - accuracy: 0.6260 - val_loss: 6.8327 - val_accuracy: 0.2448

Epoch 00066: val_loss did not improve from 2.63898
Epoch 67/100
11442/11442 - 4s - loss: 1.0835 - accuracy: 0.6290 - val_loss: 6.8453 - val_accuracy: 0.2407

Epoch 00067: val_loss did not improve from 2.63898
Epoch 68/100
11442/11442 - 4s - loss: 1.0824 - accuracy: 0.6284 - val_loss: 6.8451 - val_accuracy: 0.2377

Epoch 00068: val_loss did not improve from 2.63898
Epoch 69/100
11442/11442 - 4s - loss: 1.0817 - accuracy: 0.6277 - val_loss: 6.7704 - val_accuracy: 0.2352

Epoch 00069: val_loss did not improve from 2.63898
Epoch 70/100
11442/11442 - 4s - loss: 1.0810 - accuracy: 0.6279 - val_loss: 6.9658 - val_accuracy: 0.2390

Epoch 00070: val_loss did not improve from 2.63898
Epoch 71/100
11442/11442 - 4s - loss: 1.0795 - accuracy: 0.6287 - val_loss: 6.9633 - val_accuracy: 0.2476

Epoch 00071: val_loss did not improve from 2.63898
Epoch 72/100
11442/11442 - 4s - loss: 1.0790 - accuracy: 0.6290 - val_loss: 7.0335 - val_accuracy: 0.2358

Epoch 00072: val_loss did not improve from 2.63898
Epoch 73/100
11442/11442 - 4s - loss: 1.0783 - accuracy: 0.6275 - val_loss: 7.1452 - val_accuracy: 0.2399

Epoch 00073: val_loss did not improve from 2.63898
Epoch 74/100
11442/11442 - 4s - loss: 1.0779 - accuracy: 0.6283 - val_loss: 7.1690 - val_accuracy: 0.2397

Epoch 00074: val_loss did not improve from 2.63898
Epoch 75/100
11442/11442 - 4s - loss: 1.0766 - accuracy: 0.6289 - val_loss: 7.1453 - val_accuracy: 0.2333

Epoch 00075: val_loss did not improve from 2.63898
Epoch 76/100
11442/11442 - 4s - loss: 1.0758 - accuracy: 0.6269 - val_loss: 7.3467 - val_accuracy: 0.2325

Epoch 00076: val_loss did not improve from 2.63898
Epoch 77/100
11442/11442 - 4s - loss: 1.0748 - accuracy: 0.6287 - val_loss: 7.2654 - val_accuracy: 0.2334

Epoch 00077: val_loss did not improve from 2.63898
Epoch 78/100
11442/11442 - 4s - loss: 1.0744 - accuracy: 0.6285 - val_loss: 7.2711 - val_accuracy: 0.2341

Epoch 00078: val_loss did not improve from 2.63898
Epoch 79/100
11442/11442 - 4s - loss: 1.0737 - accuracy: 0.6272 - val_loss: 7.3954 - val_accuracy: 0.2407

Epoch 00079: val_loss did not improve from 2.63898
Epoch 80/100
11442/11442 - 4s - loss: 1.0738 - accuracy: 0.6281 - val_loss: 7.3439 - val_accuracy: 0.2466

Epoch 00080: val_loss did not improve from 2.63898
Epoch 81/100
11442/11442 - 4s - loss: 1.0722 - accuracy: 0.6281 - val_loss: 7.2773 - val_accuracy: 0.2484

Epoch 00081: val_loss did not improve from 2.63898
Epoch 82/100
11442/11442 - 4s - loss: 1.0721 - accuracy: 0.6273 - val_loss: 7.3015 - val_accuracy: 0.2376

Epoch 00082: val_loss did not improve from 2.63898
Epoch 83/100
11442/11442 - 4s - loss: 1.0715 - accuracy: 0.6276 - val_loss: 7.3574 - val_accuracy: 0.2367

Epoch 00083: val_loss did not improve from 2.63898
Epoch 84/100
11442/11442 - 4s - loss: 1.0711 - accuracy: 0.6280 - val_loss: 7.4469 - val_accuracy: 0.2385

Epoch 00084: val_loss did not improve from 2.63898
Epoch 85/100
11442/11442 - 4s - loss: 1.0710 - accuracy: 0.6284 - val_loss: 7.4453 - val_accuracy: 0.2352

Epoch 00085: val_loss did not improve from 2.63898
Epoch 86/100
11442/11442 - 4s - loss: 1.0697 - accuracy: 0.6280 - val_loss: 7.5583 - val_accuracy: 0.2394

Epoch 00086: val_loss did not improve from 2.63898
Epoch 87/100
11442/11442 - 4s - loss: 1.0696 - accuracy: 0.6282 - val_loss: 7.4043 - val_accuracy: 0.2336

Epoch 00087: val_loss did not improve from 2.63898
Epoch 88/100
11442/11442 - 4s - loss: 1.0693 - accuracy: 0.6277 - val_loss: 7.3629 - val_accuracy: 0.2318

Epoch 00088: val_loss did not improve from 2.63898
Epoch 89/100
11442/11442 - 4s - loss: 1.0685 - accuracy: 0.6269 - val_loss: 7.4449 - val_accuracy: 0.2312

Epoch 00089: val_loss did not improve from 2.63898
Epoch 90/100
11442/11442 - 4s - loss: 1.0681 - accuracy: 0.6291 - val_loss: 7.3656 - val_accuracy: 0.2391

Epoch 00090: val_loss did not improve from 2.63898
Epoch 91/100
11442/11442 - 4s - loss: 1.0678 - accuracy: 0.6295 - val_loss: 7.4066 - val_accuracy: 0.2306

Epoch 00091: val_loss did not improve from 2.63898
Epoch 92/100
11442/11442 - 4s - loss: 1.0672 - accuracy: 0.6286 - val_loss: 7.4397 - val_accuracy: 0.2447

Epoch 00092: val_loss did not improve from 2.63898
Epoch 93/100
11442/11442 - 4s - loss: 1.0662 - accuracy: 0.6301 - val_loss: 7.5384 - val_accuracy: 0.2337

Epoch 00093: val_loss did not improve from 2.63898
Epoch 94/100
11442/11442 - 4s - loss: 1.0661 - accuracy: 0.6285 - val_loss: 7.6658 - val_accuracy: 0.2305

Epoch 00094: val_loss did not improve from 2.63898
Epoch 95/100
11442/11442 - 4s - loss: 1.0663 - accuracy: 0.6289 - val_loss: 7.6960 - val_accuracy: 0.2402

Epoch 00095: val_loss did not improve from 2.63898
Epoch 96/100
11442/11442 - 4s - loss: 1.0648 - accuracy: 0.6291 - val_loss: 7.7393 - val_accuracy: 0.2288

Epoch 00096: val_loss did not improve from 2.63898
Epoch 97/100
11442/11442 - 4s - loss: 1.0649 - accuracy: 0.6284 - val_loss: 7.7289 - val_accuracy: 0.2330

Epoch 00097: val_loss did not improve from 2.63898
Epoch 98/100
11442/11442 - 4s - loss: 1.0648 - accuracy: 0.6294 - val_loss: 7.5655 - val_accuracy: 0.2350

Epoch 00098: val_loss did not improve from 2.63898
Epoch 99/100
11442/11442 - 4s - loss: 1.0636 - accuracy: 0.6294 - val_loss: 7.6112 - val_accuracy: 0.2447

Epoch 00099: val_loss did not improve from 2.63898
Epoch 100/100
11442/11442 - 4s - loss: 1.0636 - accuracy: 0.6291 - val_loss: 7.8259 - val_accuracy: 0.2319

Epoch 00100: val_loss did not improve from 2.63898
