Before oversampling: Counter({50.0: 52538, 10.0: 30078, 0.0: 22772, 100.0: 7624})
After oversampling: Counter({100.0: 52538, 50.0: 52538, 10.0: 52538, 0.0: 52538})
Model: "sequential"
_________________________________________________________________
Layer (type)                 Output Shape              Param #   
=================================================================
conv1d (Conv1D)              (None, 19, 64)            256       
_________________________________________________________________
conv1d_1 (Conv1D)            (None, 17, 64)            12352     
_________________________________________________________________
max_pooling1d (MaxPooling1D) (None, 8, 64)             0         
_________________________________________________________________
flatten (Flatten)            (None, 512)               0         
_________________________________________________________________
dense (Dense)                (None, 16)                8208      
_________________________________________________________________
dense_1 (Dense)              (None, 4)                 68        
=================================================================
Total params: 20,884
Trainable params: 20,884
Non-trainable params: 0
_________________________________________________________________
Epoch 1/100
21016/21016 - 18s - loss: 0.7732 - accuracy: 0.6748 - val_loss: 0.7443 - val_accuracy: 0.6806

Epoch 00001: val_loss improved from inf to 0.74429, saving model to ./results/CNN_trial_9_1/cp.ckpt
Epoch 2/100
21016/21016 - 17s - loss: 0.7261 - accuracy: 0.6959 - val_loss: 0.7215 - val_accuracy: 0.6855

Epoch 00002: val_loss improved from 0.74429 to 0.72147, saving model to ./results/CNN_trial_9_1/cp.ckpt
Epoch 3/100
21016/21016 - 17s - loss: 0.7064 - accuracy: 0.7006 - val_loss: 0.7254 - val_accuracy: 0.6958

Epoch 00003: val_loss did not improve from 0.72147
Epoch 4/100
21016/21016 - 17s - loss: 0.6933 - accuracy: 0.7077 - val_loss: 0.7091 - val_accuracy: 0.6933

Epoch 00004: val_loss improved from 0.72147 to 0.70906, saving model to ./results/CNN_trial_9_1/cp.ckpt
Epoch 5/100
21016/21016 - 17s - loss: 0.6859 - accuracy: 0.7120 - val_loss: 0.6998 - val_accuracy: 0.7028

Epoch 00005: val_loss improved from 0.70906 to 0.69983, saving model to ./results/CNN_trial_9_1/cp.ckpt
Epoch 6/100
21016/21016 - 17s - loss: 0.6810 - accuracy: 0.7148 - val_loss: 0.6898 - val_accuracy: 0.7033

Epoch 00006: val_loss improved from 0.69983 to 0.68977, saving model to ./results/CNN_trial_9_1/cp.ckpt
Epoch 7/100
21016/21016 - 17s - loss: 0.6775 - accuracy: 0.7161 - val_loss: 0.6826 - val_accuracy: 0.7105

Epoch 00007: val_loss improved from 0.68977 to 0.68260, saving model to ./results/CNN_trial_9_1/cp.ckpt
Epoch 8/100
21016/21016 - 17s - loss: 0.6745 - accuracy: 0.7173 - val_loss: 0.6969 - val_accuracy: 0.7063

Epoch 00008: val_loss did not improve from 0.68260
Epoch 9/100
21016/21016 - 17s - loss: 0.6708 - accuracy: 0.7197 - val_loss: 0.6975 - val_accuracy: 0.7069

Epoch 00009: val_loss did not improve from 0.68260
Epoch 10/100
21016/21016 - 18s - loss: 0.6689 - accuracy: 0.7200 - val_loss: 0.6766 - val_accuracy: 0.7134

Epoch 00010: val_loss improved from 0.68260 to 0.67657, saving model to ./results/CNN_trial_9_1/cp.ckpt
Epoch 11/100
21016/21016 - 17s - loss: 0.6662 - accuracy: 0.7211 - val_loss: 0.6950 - val_accuracy: 0.7093

Epoch 00011: val_loss did not improve from 0.67657
Epoch 12/100
21016/21016 - 17s - loss: 0.6646 - accuracy: 0.7216 - val_loss: 0.7090 - val_accuracy: 0.7068

Epoch 00012: val_loss did not improve from 0.67657
Epoch 13/100
21016/21016 - 17s - loss: 0.6628 - accuracy: 0.7222 - val_loss: 0.6831 - val_accuracy: 0.7069

Epoch 00013: val_loss did not improve from 0.67657
Epoch 14/100
21016/21016 - 17s - loss: 0.6616 - accuracy: 0.7231 - val_loss: 0.6903 - val_accuracy: 0.7102

Epoch 00014: val_loss did not improve from 0.67657
Epoch 15/100
21016/21016 - 17s - loss: 0.6596 - accuracy: 0.7234 - val_loss: 0.7018 - val_accuracy: 0.7052

Epoch 00015: val_loss did not improve from 0.67657
Epoch 16/100
21016/21016 - 18s - loss: 0.6582 - accuracy: 0.7242 - val_loss: 0.6935 - val_accuracy: 0.7100

Epoch 00016: val_loss did not improve from 0.67657
Epoch 17/100
21016/21016 - 18s - loss: 0.6573 - accuracy: 0.7239 - val_loss: 0.6717 - val_accuracy: 0.7100

Epoch 00017: val_loss improved from 0.67657 to 0.67167, saving model to ./results/CNN_trial_9_1/cp.ckpt
Epoch 18/100
21016/21016 - 17s - loss: 0.6549 - accuracy: 0.7247 - val_loss: 0.6932 - val_accuracy: 0.7102

Epoch 00018: val_loss did not improve from 0.67167
Epoch 19/100
21016/21016 - 17s - loss: 0.6538 - accuracy: 0.7257 - val_loss: 0.6990 - val_accuracy: 0.7038

Epoch 00019: val_loss did not improve from 0.67167
Epoch 20/100
21016/21016 - 18s - loss: 0.6531 - accuracy: 0.7269 - val_loss: 0.6802 - val_accuracy: 0.7112

Epoch 00020: val_loss did not improve from 0.67167
Epoch 21/100
21016/21016 - 17s - loss: 0.6513 - accuracy: 0.7277 - val_loss: 0.7063 - val_accuracy: 0.7044

Epoch 00021: val_loss did not improve from 0.67167
Epoch 22/100
21016/21016 - 17s - loss: 0.6508 - accuracy: 0.7272 - val_loss: 0.6809 - val_accuracy: 0.7092

Epoch 00022: val_loss did not improve from 0.67167
Epoch 23/100
21016/21016 - 18s - loss: 0.6488 - accuracy: 0.7273 - val_loss: 0.6703 - val_accuracy: 0.7128

Epoch 00023: val_loss improved from 0.67167 to 0.67030, saving model to ./results/CNN_trial_9_1/cp.ckpt
Epoch 24/100
21016/21016 - 17s - loss: 0.6488 - accuracy: 0.7278 - val_loss: 0.7076 - val_accuracy: 0.7069

Epoch 00024: val_loss did not improve from 0.67030
Epoch 25/100
21016/21016 - 17s - loss: 0.6471 - accuracy: 0.7287 - val_loss: 0.6784 - val_accuracy: 0.7117

Epoch 00025: val_loss did not improve from 0.67030
Epoch 26/100
21016/21016 - 17s - loss: 0.6458 - accuracy: 0.7288 - val_loss: 0.6777 - val_accuracy: 0.7109

Epoch 00026: val_loss did not improve from 0.67030
Epoch 27/100
21016/21016 - 17s - loss: 0.6449 - accuracy: 0.7294 - val_loss: 0.6782 - val_accuracy: 0.7092

Epoch 00027: val_loss did not improve from 0.67030
Epoch 28/100
21016/21016 - 18s - loss: 0.6441 - accuracy: 0.7312 - val_loss: 0.6848 - val_accuracy: 0.7148

Epoch 00028: val_loss did not improve from 0.67030
Epoch 29/100
21016/21016 - 17s - loss: 0.6435 - accuracy: 0.7307 - val_loss: 0.6684 - val_accuracy: 0.7186

Epoch 00029: val_loss improved from 0.67030 to 0.66843, saving model to ./results/CNN_trial_9_1/cp.ckpt
Epoch 30/100
21016/21016 - 17s - loss: 0.6430 - accuracy: 0.7300 - val_loss: 0.6874 - val_accuracy: 0.7124

Epoch 00030: val_loss did not improve from 0.66843
Epoch 31/100
21016/21016 - 18s - loss: 0.6421 - accuracy: 0.7304 - val_loss: 0.6769 - val_accuracy: 0.7107

Epoch 00031: val_loss did not improve from 0.66843
Epoch 32/100
21016/21016 - 17s - loss: 0.6408 - accuracy: 0.7309 - val_loss: 0.6712 - val_accuracy: 0.7172

Epoch 00032: val_loss did not improve from 0.66843
Epoch 33/100
21016/21016 - 18s - loss: 0.6409 - accuracy: 0.7311 - val_loss: 0.6851 - val_accuracy: 0.7125

Epoch 00033: val_loss did not improve from 0.66843
Epoch 34/100
21016/21016 - 17s - loss: 0.6407 - accuracy: 0.7306 - val_loss: 0.6794 - val_accuracy: 0.7130

Epoch 00034: val_loss did not improve from 0.66843
Epoch 35/100
21016/21016 - 18s - loss: 0.6394 - accuracy: 0.7321 - val_loss: 0.6799 - val_accuracy: 0.7132

Epoch 00035: val_loss did not improve from 0.66843
Epoch 36/100
21016/21016 - 17s - loss: 0.6391 - accuracy: 0.7309 - val_loss: 0.6838 - val_accuracy: 0.7151

Epoch 00036: val_loss did not improve from 0.66843
Epoch 37/100
21016/21016 - 17s - loss: 0.6381 - accuracy: 0.7333 - val_loss: 0.6933 - val_accuracy: 0.7089

Epoch 00037: val_loss did not improve from 0.66843
Epoch 38/100
21016/21016 - 17s - loss: 0.6379 - accuracy: 0.7334 - val_loss: 0.6654 - val_accuracy: 0.7194

Epoch 00038: val_loss improved from 0.66843 to 0.66542, saving model to ./results/CNN_trial_9_1/cp.ckpt
Epoch 39/100
21016/21016 - 18s - loss: 0.6369 - accuracy: 0.7323 - val_loss: 0.6792 - val_accuracy: 0.7123

Epoch 00039: val_loss did not improve from 0.66542
Epoch 40/100
21016/21016 - 18s - loss: 0.6370 - accuracy: 0.7321 - val_loss: 0.6750 - val_accuracy: 0.7122

Epoch 00040: val_loss did not improve from 0.66542
Epoch 41/100
21016/21016 - 17s - loss: 0.6366 - accuracy: 0.7334 - val_loss: 0.6703 - val_accuracy: 0.7152

Epoch 00041: val_loss did not improve from 0.66542
Epoch 42/100
21016/21016 - 17s - loss: 0.6361 - accuracy: 0.7341 - val_loss: 0.6763 - val_accuracy: 0.7193

Epoch 00042: val_loss did not improve from 0.66542
Epoch 43/100
21016/21016 - 17s - loss: 0.6343 - accuracy: 0.7339 - val_loss: 0.6619 - val_accuracy: 0.7201

Epoch 00043: val_loss improved from 0.66542 to 0.66193, saving model to ./results/CNN_trial_9_1/cp.ckpt
Epoch 44/100
21016/21016 - 17s - loss: 0.6352 - accuracy: 0.7333 - val_loss: 0.6740 - val_accuracy: 0.7167

Epoch 00044: val_loss did not improve from 0.66193
Epoch 45/100
21016/21016 - 17s - loss: 0.6351 - accuracy: 0.7343 - val_loss: 0.6871 - val_accuracy: 0.7156

Epoch 00045: val_loss did not improve from 0.66193
Epoch 46/100
21016/21016 - 17s - loss: 0.6339 - accuracy: 0.7344 - val_loss: 0.6753 - val_accuracy: 0.7152

Epoch 00046: val_loss did not improve from 0.66193
Epoch 47/100
21016/21016 - 19s - loss: 0.6337 - accuracy: 0.7342 - val_loss: 0.6609 - val_accuracy: 0.7214

Epoch 00047: val_loss improved from 0.66193 to 0.66094, saving model to ./results/CNN_trial_9_1/cp.ckpt
Epoch 48/100
21016/21016 - 18s - loss: 0.6332 - accuracy: 0.7351 - val_loss: 0.6843 - val_accuracy: 0.7146

Epoch 00048: val_loss did not improve from 0.66094
Epoch 49/100
21016/21016 - 18s - loss: 0.6322 - accuracy: 0.7344 - val_loss: 0.6638 - val_accuracy: 0.7196

Epoch 00049: val_loss did not improve from 0.66094
Epoch 50/100
21016/21016 - 18s - loss: 0.6312 - accuracy: 0.7351 - val_loss: 0.7008 - val_accuracy: 0.7013

Epoch 00050: val_loss did not improve from 0.66094
Epoch 51/100
21016/21016 - 17s - loss: 0.6311 - accuracy: 0.7355 - val_loss: 0.6832 - val_accuracy: 0.7134

Epoch 00051: val_loss did not improve from 0.66094
Epoch 52/100
21016/21016 - 17s - loss: 0.6311 - accuracy: 0.7361 - val_loss: 0.7573 - val_accuracy: 0.6991

Epoch 00052: val_loss did not improve from 0.66094
Epoch 53/100
21016/21016 - 17s - loss: 0.6302 - accuracy: 0.7357 - val_loss: 0.6756 - val_accuracy: 0.7204

Epoch 00053: val_loss did not improve from 0.66094
Epoch 54/100
21016/21016 - 18s - loss: 0.6290 - accuracy: 0.7356 - val_loss: 0.7256 - val_accuracy: 0.7132

Epoch 00054: val_loss did not improve from 0.66094
Epoch 55/100
21016/21016 - 18s - loss: 0.6293 - accuracy: 0.7366 - val_loss: 0.6771 - val_accuracy: 0.7154

Epoch 00055: val_loss did not improve from 0.66094
Epoch 56/100
21016/21016 - 18s - loss: 0.6293 - accuracy: 0.7357 - val_loss: 0.6905 - val_accuracy: 0.7146

Epoch 00056: val_loss did not improve from 0.66094
Epoch 57/100
21016/21016 - 18s - loss: 0.6292 - accuracy: 0.7363 - val_loss: 0.6788 - val_accuracy: 0.7199

Epoch 00057: val_loss did not improve from 0.66094
Epoch 58/100
21016/21016 - 17s - loss: 0.6284 - accuracy: 0.7368 - val_loss: 0.6850 - val_accuracy: 0.7155

Epoch 00058: val_loss did not improve from 0.66094
Epoch 59/100
21016/21016 - 17s - loss: 0.6281 - accuracy: 0.7380 - val_loss: 0.6891 - val_accuracy: 0.7165

Epoch 00059: val_loss did not improve from 0.66094
Epoch 60/100
21016/21016 - 18s - loss: 0.6279 - accuracy: 0.7369 - val_loss: 0.6802 - val_accuracy: 0.7142

Epoch 00060: val_loss did not improve from 0.66094
Epoch 61/100
21016/21016 - 17s - loss: 0.6274 - accuracy: 0.7369 - val_loss: 0.6847 - val_accuracy: 0.7157

Epoch 00061: val_loss did not improve from 0.66094
Epoch 62/100
21016/21016 - 17s - loss: 0.6265 - accuracy: 0.7381 - val_loss: 0.7125 - val_accuracy: 0.7079

Epoch 00062: val_loss did not improve from 0.66094
Epoch 63/100
21016/21016 - 17s - loss: 0.6259 - accuracy: 0.7381 - val_loss: 0.6813 - val_accuracy: 0.7118

Epoch 00063: val_loss did not improve from 0.66094
Epoch 64/100
21016/21016 - 17s - loss: 0.6261 - accuracy: 0.7381 - val_loss: 0.6726 - val_accuracy: 0.7171

Epoch 00064: val_loss did not improve from 0.66094
Epoch 65/100
21016/21016 - 17s - loss: 0.6255 - accuracy: 0.7375 - val_loss: 0.7091 - val_accuracy: 0.7092

Epoch 00065: val_loss did not improve from 0.66094
Epoch 66/100
21016/21016 - 17s - loss: 0.6255 - accuracy: 0.7391 - val_loss: 0.6879 - val_accuracy: 0.7144

Epoch 00066: val_loss did not improve from 0.66094
Epoch 67/100
21016/21016 - 17s - loss: 0.6247 - accuracy: 0.7370 - val_loss: 0.6836 - val_accuracy: 0.7204

Epoch 00067: val_loss did not improve from 0.66094
Epoch 68/100
21016/21016 - 17s - loss: 0.6241 - accuracy: 0.7385 - val_loss: 0.6848 - val_accuracy: 0.7200

Epoch 00068: val_loss did not improve from 0.66094
Epoch 69/100
21016/21016 - 17s - loss: 0.6242 - accuracy: 0.7389 - val_loss: 0.6719 - val_accuracy: 0.7183

Epoch 00069: val_loss did not improve from 0.66094
Epoch 70/100
21016/21016 - 17s - loss: 0.6241 - accuracy: 0.7387 - val_loss: 0.7025 - val_accuracy: 0.7080

Epoch 00070: val_loss did not improve from 0.66094
Epoch 71/100
21016/21016 - 17s - loss: 0.6237 - accuracy: 0.7387 - val_loss: 0.6755 - val_accuracy: 0.7170

Epoch 00071: val_loss did not improve from 0.66094
Epoch 72/100
21016/21016 - 17s - loss: 0.6233 - accuracy: 0.7394 - val_loss: 0.6903 - val_accuracy: 0.7148

Epoch 00072: val_loss did not improve from 0.66094
Epoch 73/100
21016/21016 - 17s - loss: 0.6237 - accuracy: 0.7387 - val_loss: 0.6781 - val_accuracy: 0.7215

Epoch 00073: val_loss did not improve from 0.66094
Epoch 74/100
21016/21016 - 17s - loss: 0.6232 - accuracy: 0.7382 - val_loss: 0.6866 - val_accuracy: 0.7196

Epoch 00074: val_loss did not improve from 0.66094
Epoch 75/100
21016/21016 - 17s - loss: 0.6225 - accuracy: 0.7392 - val_loss: 0.6920 - val_accuracy: 0.7196

Epoch 00075: val_loss did not improve from 0.66094
Epoch 76/100
21016/21016 - 17s - loss: 0.6218 - accuracy: 0.7405 - val_loss: 0.6900 - val_accuracy: 0.7146

Epoch 00076: val_loss did not improve from 0.66094
Epoch 77/100
21016/21016 - 17s - loss: 0.6214 - accuracy: 0.7393 - val_loss: 0.6793 - val_accuracy: 0.7172

Epoch 00077: val_loss did not improve from 0.66094
Epoch 78/100
21016/21016 - 17s - loss: 0.6215 - accuracy: 0.7404 - val_loss: 0.7058 - val_accuracy: 0.7116

Epoch 00078: val_loss did not improve from 0.66094
Epoch 79/100
21016/21016 - 17s - loss: 0.6217 - accuracy: 0.7393 - val_loss: 0.6822 - val_accuracy: 0.7134

Epoch 00079: val_loss did not improve from 0.66094
Epoch 80/100
21016/21016 - 17s - loss: 0.6217 - accuracy: 0.7393 - val_loss: 0.6757 - val_accuracy: 0.7173

Epoch 00080: val_loss did not improve from 0.66094
Epoch 81/100
21016/21016 - 17s - loss: 0.6209 - accuracy: 0.7402 - val_loss: 0.6813 - val_accuracy: 0.7174

Epoch 00081: val_loss did not improve from 0.66094
Epoch 82/100
21016/21016 - 17s - loss: 0.6219 - accuracy: 0.7393 - val_loss: 0.6760 - val_accuracy: 0.7184

Epoch 00082: val_loss did not improve from 0.66094
Epoch 83/100
21016/21016 - 17s - loss: 0.6207 - accuracy: 0.7400 - val_loss: 0.6952 - val_accuracy: 0.7153

Epoch 00083: val_loss did not improve from 0.66094
Epoch 84/100
21016/21016 - 19s - loss: 0.6207 - accuracy: 0.7401 - val_loss: 0.6786 - val_accuracy: 0.7206

Epoch 00084: val_loss did not improve from 0.66094
Epoch 85/100
21016/21016 - 17s - loss: 0.6200 - accuracy: 0.7395 - val_loss: 0.6778 - val_accuracy: 0.7174

Epoch 00085: val_loss did not improve from 0.66094
Epoch 86/100
21016/21016 - 17s - loss: 0.6195 - accuracy: 0.7403 - val_loss: 0.6740 - val_accuracy: 0.7209

Epoch 00086: val_loss did not improve from 0.66094
Epoch 87/100
21016/21016 - 17s - loss: 0.6203 - accuracy: 0.7394 - val_loss: 0.6717 - val_accuracy: 0.7194

Epoch 00087: val_loss did not improve from 0.66094
Epoch 88/100
21016/21016 - 17s - loss: 0.6191 - accuracy: 0.7404 - val_loss: 0.6926 - val_accuracy: 0.7172

Epoch 00088: val_loss did not improve from 0.66094
Epoch 89/100
21016/21016 - 17s - loss: 0.6196 - accuracy: 0.7401 - val_loss: 0.6864 - val_accuracy: 0.7159

Epoch 00089: val_loss did not improve from 0.66094
Epoch 90/100
21016/21016 - 17s - loss: 0.6199 - accuracy: 0.7404 - val_loss: 0.6874 - val_accuracy: 0.7205

Epoch 00090: val_loss did not improve from 0.66094
Epoch 91/100
21016/21016 - 18s - loss: 0.6189 - accuracy: 0.7408 - val_loss: 0.6799 - val_accuracy: 0.7198

Epoch 00091: val_loss did not improve from 0.66094
Epoch 92/100
21016/21016 - 18s - loss: 0.6193 - accuracy: 0.7404 - val_loss: 0.6832 - val_accuracy: 0.7193

Epoch 00092: val_loss did not improve from 0.66094
Epoch 93/100
21016/21016 - 18s - loss: 0.6186 - accuracy: 0.7412 - val_loss: 0.6718 - val_accuracy: 0.7185

Epoch 00093: val_loss did not improve from 0.66094
Epoch 94/100
21016/21016 - 18s - loss: 0.6178 - accuracy: 0.7422 - val_loss: 0.6867 - val_accuracy: 0.7216

Epoch 00094: val_loss did not improve from 0.66094
Epoch 95/100
21016/21016 - 19s - loss: 0.6181 - accuracy: 0.7419 - val_loss: 0.6963 - val_accuracy: 0.7173

Epoch 00095: val_loss did not improve from 0.66094
Epoch 96/100
21016/21016 - 19s - loss: 0.6188 - accuracy: 0.7419 - val_loss: 0.6774 - val_accuracy: 0.7184

Epoch 00096: val_loss did not improve from 0.66094
Epoch 97/100
21016/21016 - 18s - loss: 0.6189 - accuracy: 0.7404 - val_loss: 0.7121 - val_accuracy: 0.7144

Epoch 00097: val_loss did not improve from 0.66094
Epoch 98/100
21016/21016 - 19s - loss: 0.6183 - accuracy: 0.7414 - val_loss: 0.6821 - val_accuracy: 0.7205

Epoch 00098: val_loss did not improve from 0.66094
Epoch 99/100
21016/21016 - 19s - loss: 0.6181 - accuracy: 0.7410 - val_loss: 0.6665 - val_accuracy: 0.7159

Epoch 00099: val_loss did not improve from 0.66094
Epoch 100/100
21016/21016 - 18s - loss: 0.6181 - accuracy: 0.7412 - val_loss: 0.6771 - val_accuracy: 0.7205

Epoch 00100: val_loss did not improve from 0.66094
