Before oversampling: Counter({0.0: 22772, 40.0: 22601, 10.0: 22562, 70.0: 22210, 91.0: 15243, 100.0: 7624})
After oversampling: Counter({100.0: 22772, 91.0: 22772, 70.0: 22772, 10.0: 22772, 0.0: 22772, 40.0: 22772})
Model: "sequential"
_________________________________________________________________
Layer (type)                 Output Shape              Param #   
=================================================================
conv1d (Conv1D)              (None, 16, 64)            256       
_________________________________________________________________
conv1d_1 (Conv1D)            (None, 14, 64)            12352     
_________________________________________________________________
max_pooling1d (MaxPooling1D) (None, 7, 64)             0         
_________________________________________________________________
flatten (Flatten)            (None, 448)               0         
_________________________________________________________________
dense (Dense)                (None, 16)                7184      
_________________________________________________________________
dense_1 (Dense)              (None, 6)                 102       
=================================================================
Total params: 19,894
Trainable params: 19,894
Non-trainable params: 0
_________________________________________________________________
Epoch 1/100
13664/13664 - 11s - loss: 1.1385 - accuracy: 0.5308 - val_loss: 1.1035 - val_accuracy: 0.5535

Epoch 00001: val_loss improved from inf to 1.10345, saving model to ./results/CNN_trial_8_3/cp.ckpt
Epoch 2/100
13664/13664 - 11s - loss: 1.0376 - accuracy: 0.5775 - val_loss: 1.0828 - val_accuracy: 0.5613

Epoch 00002: val_loss improved from 1.10345 to 1.08280, saving model to ./results/CNN_trial_8_3/cp.ckpt
Epoch 3/100
13664/13664 - 11s - loss: 1.0135 - accuracy: 0.5880 - val_loss: 1.0843 - val_accuracy: 0.5725

Epoch 00003: val_loss did not improve from 1.08280
Epoch 4/100
13664/13664 - 11s - loss: 0.9982 - accuracy: 0.5963 - val_loss: 1.0842 - val_accuracy: 0.5651

Epoch 00004: val_loss did not improve from 1.08280
Epoch 5/100
13664/13664 - 11s - loss: 0.9874 - accuracy: 0.6050 - val_loss: 1.0749 - val_accuracy: 0.5754

Epoch 00005: val_loss improved from 1.08280 to 1.07489, saving model to ./results/CNN_trial_8_3/cp.ckpt
Epoch 6/100
13664/13664 - 11s - loss: 0.9789 - accuracy: 0.6070 - val_loss: 1.0737 - val_accuracy: 0.5700

Epoch 00006: val_loss improved from 1.07489 to 1.07370, saving model to ./results/CNN_trial_8_3/cp.ckpt
Epoch 7/100
13664/13664 - 11s - loss: 0.9709 - accuracy: 0.6103 - val_loss: 1.0437 - val_accuracy: 0.5774

Epoch 00007: val_loss improved from 1.07370 to 1.04372, saving model to ./results/CNN_trial_8_3/cp.ckpt
Epoch 8/100
13664/13664 - 11s - loss: 0.9589 - accuracy: 0.6143 - val_loss: 1.0435 - val_accuracy: 0.5773

Epoch 00008: val_loss improved from 1.04372 to 1.04349, saving model to ./results/CNN_trial_8_3/cp.ckpt
Epoch 9/100
13664/13664 - 11s - loss: 0.9489 - accuracy: 0.6191 - val_loss: 1.0600 - val_accuracy: 0.5813

Epoch 00009: val_loss did not improve from 1.04349
Epoch 10/100
13664/13664 - 10s - loss: 0.9422 - accuracy: 0.6205 - val_loss: 1.0291 - val_accuracy: 0.5898

Epoch 00010: val_loss improved from 1.04349 to 1.02914, saving model to ./results/CNN_trial_8_3/cp.ckpt
Epoch 11/100
13664/13664 - 11s - loss: 0.9360 - accuracy: 0.6243 - val_loss: 1.0357 - val_accuracy: 0.5804

Epoch 00011: val_loss did not improve from 1.02914
Epoch 12/100
13664/13664 - 11s - loss: 0.9319 - accuracy: 0.6252 - val_loss: 1.0218 - val_accuracy: 0.5937

Epoch 00012: val_loss improved from 1.02914 to 1.02180, saving model to ./results/CNN_trial_8_3/cp.ckpt
Epoch 13/100
13664/13664 - 11s - loss: 0.9276 - accuracy: 0.6287 - val_loss: 1.0098 - val_accuracy: 0.6067

Epoch 00013: val_loss improved from 1.02180 to 1.00984, saving model to ./results/CNN_trial_8_3/cp.ckpt
Epoch 14/100
13664/13664 - 11s - loss: 0.9224 - accuracy: 0.6284 - val_loss: 1.0280 - val_accuracy: 0.5888

Epoch 00014: val_loss did not improve from 1.00984
Epoch 15/100
13664/13664 - 11s - loss: 0.9183 - accuracy: 0.6306 - val_loss: 1.0525 - val_accuracy: 0.5734

Epoch 00015: val_loss did not improve from 1.00984
Epoch 16/100
13664/13664 - 11s - loss: 0.9157 - accuracy: 0.6316 - val_loss: 1.0266 - val_accuracy: 0.5978

Epoch 00016: val_loss did not improve from 1.00984
Epoch 17/100
13664/13664 - 11s - loss: 0.9116 - accuracy: 0.6348 - val_loss: 1.0237 - val_accuracy: 0.6052

Epoch 00017: val_loss did not improve from 1.00984
Epoch 18/100
13664/13664 - 11s - loss: 0.9089 - accuracy: 0.6347 - val_loss: 1.0087 - val_accuracy: 0.6137

Epoch 00018: val_loss improved from 1.00984 to 1.00871, saving model to ./results/CNN_trial_8_3/cp.ckpt
Epoch 19/100
13664/13664 - 11s - loss: 0.9069 - accuracy: 0.6346 - val_loss: 1.0438 - val_accuracy: 0.5988

Epoch 00019: val_loss did not improve from 1.00871
Epoch 20/100
13664/13664 - 11s - loss: 0.9052 - accuracy: 0.6349 - val_loss: 1.0282 - val_accuracy: 0.6032

Epoch 00020: val_loss did not improve from 1.00871
Epoch 21/100
13664/13664 - 11s - loss: 0.9026 - accuracy: 0.6383 - val_loss: 1.0335 - val_accuracy: 0.5964

Epoch 00021: val_loss did not improve from 1.00871
Epoch 22/100
13664/13664 - 11s - loss: 0.9014 - accuracy: 0.6379 - val_loss: 1.0336 - val_accuracy: 0.6011

Epoch 00022: val_loss did not improve from 1.00871
Epoch 23/100
13664/13664 - 11s - loss: 0.9003 - accuracy: 0.6373 - val_loss: 1.0347 - val_accuracy: 0.6013

Epoch 00023: val_loss did not improve from 1.00871
Epoch 24/100
13664/13664 - 11s - loss: 0.8972 - accuracy: 0.6388 - val_loss: 1.0305 - val_accuracy: 0.6015

Epoch 00024: val_loss did not improve from 1.00871
Epoch 25/100
13664/13664 - 11s - loss: 0.8965 - accuracy: 0.6393 - val_loss: 1.0309 - val_accuracy: 0.6044

Epoch 00025: val_loss did not improve from 1.00871
Epoch 26/100
13664/13664 - 12s - loss: 0.8948 - accuracy: 0.6409 - val_loss: 1.0296 - val_accuracy: 0.5967

Epoch 00026: val_loss did not improve from 1.00871
Epoch 27/100
13664/13664 - 11s - loss: 0.8935 - accuracy: 0.6405 - val_loss: 1.0378 - val_accuracy: 0.6062

Epoch 00027: val_loss did not improve from 1.00871
Epoch 28/100
13664/13664 - 11s - loss: 0.8916 - accuracy: 0.6419 - val_loss: 1.0606 - val_accuracy: 0.6025

Epoch 00028: val_loss did not improve from 1.00871
Epoch 29/100
13664/13664 - 11s - loss: 0.8902 - accuracy: 0.6422 - val_loss: 1.0368 - val_accuracy: 0.6082

Epoch 00029: val_loss did not improve from 1.00871
Epoch 30/100
13664/13664 - 11s - loss: 0.8897 - accuracy: 0.6418 - val_loss: 1.0369 - val_accuracy: 0.5939

Epoch 00030: val_loss did not improve from 1.00871
Epoch 31/100
13664/13664 - 11s - loss: 0.8868 - accuracy: 0.6451 - val_loss: 1.0680 - val_accuracy: 0.5926

Epoch 00031: val_loss did not improve from 1.00871
Epoch 32/100
13664/13664 - 11s - loss: 0.8880 - accuracy: 0.6445 - val_loss: 1.0344 - val_accuracy: 0.6048

Epoch 00032: val_loss did not improve from 1.00871
Epoch 33/100
13664/13664 - 11s - loss: 0.8864 - accuracy: 0.6447 - val_loss: 1.0395 - val_accuracy: 0.6046

Epoch 00033: val_loss did not improve from 1.00871
Epoch 34/100
13664/13664 - 11s - loss: 0.8864 - accuracy: 0.6449 - val_loss: 1.0551 - val_accuracy: 0.5939

Epoch 00034: val_loss did not improve from 1.00871
Epoch 35/100
13664/13664 - 11s - loss: 0.8837 - accuracy: 0.6437 - val_loss: 1.0287 - val_accuracy: 0.6059

Epoch 00035: val_loss did not improve from 1.00871
Epoch 36/100
13664/13664 - 11s - loss: 0.8828 - accuracy: 0.6454 - val_loss: 1.0383 - val_accuracy: 0.5988

Epoch 00036: val_loss did not improve from 1.00871
Epoch 37/100
13664/13664 - 11s - loss: 0.8824 - accuracy: 0.6471 - val_loss: 1.0588 - val_accuracy: 0.6002

Epoch 00037: val_loss did not improve from 1.00871
Epoch 38/100
13664/13664 - 11s - loss: 0.8807 - accuracy: 0.6474 - val_loss: 1.0583 - val_accuracy: 0.5972

Epoch 00038: val_loss did not improve from 1.00871
Epoch 39/100
13664/13664 - 12s - loss: 0.8803 - accuracy: 0.6457 - val_loss: 1.0575 - val_accuracy: 0.6001

Epoch 00039: val_loss did not improve from 1.00871
Epoch 40/100
13664/13664 - 11s - loss: 0.8793 - accuracy: 0.6481 - val_loss: 1.0710 - val_accuracy: 0.5924

Epoch 00040: val_loss did not improve from 1.00871
Epoch 41/100
13664/13664 - 11s - loss: 0.8792 - accuracy: 0.6477 - val_loss: 1.0258 - val_accuracy: 0.6055

Epoch 00041: val_loss did not improve from 1.00871
Epoch 42/100
13664/13664 - 11s - loss: 0.8783 - accuracy: 0.6475 - val_loss: 1.0521 - val_accuracy: 0.5975

Epoch 00042: val_loss did not improve from 1.00871
Epoch 43/100
13664/13664 - 11s - loss: 0.8782 - accuracy: 0.6481 - val_loss: 1.0347 - val_accuracy: 0.5979

Epoch 00043: val_loss did not improve from 1.00871
Epoch 44/100
13664/13664 - 11s - loss: 0.8777 - accuracy: 0.6483 - val_loss: 1.0592 - val_accuracy: 0.5991

Epoch 00044: val_loss did not improve from 1.00871
Epoch 45/100
13664/13664 - 11s - loss: 0.8767 - accuracy: 0.6469 - val_loss: 1.0526 - val_accuracy: 0.5860

Epoch 00045: val_loss did not improve from 1.00871
Epoch 46/100
13664/13664 - 11s - loss: 0.8753 - accuracy: 0.6505 - val_loss: 1.0479 - val_accuracy: 0.6033

Epoch 00046: val_loss did not improve from 1.00871
Epoch 47/100
13664/13664 - 11s - loss: 0.8749 - accuracy: 0.6492 - val_loss: 1.0356 - val_accuracy: 0.6034

Epoch 00047: val_loss did not improve from 1.00871
Epoch 48/100
13664/13664 - 11s - loss: 0.8745 - accuracy: 0.6488 - val_loss: 1.0940 - val_accuracy: 0.5988

Epoch 00048: val_loss did not improve from 1.00871
Epoch 49/100
13664/13664 - 11s - loss: 0.8737 - accuracy: 0.6502 - val_loss: 1.0414 - val_accuracy: 0.5908

Epoch 00049: val_loss did not improve from 1.00871
Epoch 50/100
13664/13664 - 11s - loss: 0.8737 - accuracy: 0.6492 - val_loss: 1.0644 - val_accuracy: 0.5894

Epoch 00050: val_loss did not improve from 1.00871
Epoch 51/100
13664/13664 - 11s - loss: 0.8726 - accuracy: 0.6513 - val_loss: 1.0824 - val_accuracy: 0.5920

Epoch 00051: val_loss did not improve from 1.00871
Epoch 52/100
13664/13664 - 11s - loss: 0.8719 - accuracy: 0.6502 - val_loss: 1.0684 - val_accuracy: 0.5886

Epoch 00052: val_loss did not improve from 1.00871
Epoch 53/100
13664/13664 - 11s - loss: 0.8700 - accuracy: 0.6525 - val_loss: 1.0729 - val_accuracy: 0.5961

Epoch 00053: val_loss did not improve from 1.00871
Epoch 54/100
13664/13664 - 11s - loss: 0.8716 - accuracy: 0.6519 - val_loss: 1.0819 - val_accuracy: 0.5843

Epoch 00054: val_loss did not improve from 1.00871
Epoch 55/100
13664/13664 - 11s - loss: 0.8696 - accuracy: 0.6520 - val_loss: 1.0866 - val_accuracy: 0.5892

Epoch 00055: val_loss did not improve from 1.00871
Epoch 56/100
13664/13664 - 11s - loss: 0.8694 - accuracy: 0.6518 - val_loss: 1.0616 - val_accuracy: 0.5956

Epoch 00056: val_loss did not improve from 1.00871
Epoch 57/100
13664/13664 - 11s - loss: 0.8680 - accuracy: 0.6541 - val_loss: 1.0522 - val_accuracy: 0.6000

Epoch 00057: val_loss did not improve from 1.00871
Epoch 58/100
13664/13664 - 11s - loss: 0.8687 - accuracy: 0.6538 - val_loss: 1.0537 - val_accuracy: 0.5972

Epoch 00058: val_loss did not improve from 1.00871
Epoch 59/100
13664/13664 - 11s - loss: 0.8671 - accuracy: 0.6544 - val_loss: 1.0526 - val_accuracy: 0.6038

Epoch 00059: val_loss did not improve from 1.00871
Epoch 60/100
13664/13664 - 11s - loss: 0.8671 - accuracy: 0.6534 - val_loss: 1.0482 - val_accuracy: 0.5949

Epoch 00060: val_loss did not improve from 1.00871
Epoch 61/100
13664/13664 - 11s - loss: 0.8666 - accuracy: 0.6539 - val_loss: 1.0509 - val_accuracy: 0.6038

Epoch 00061: val_loss did not improve from 1.00871
Epoch 62/100
13664/13664 - 11s - loss: 0.8661 - accuracy: 0.6538 - val_loss: 1.0677 - val_accuracy: 0.5924

Epoch 00062: val_loss did not improve from 1.00871
Epoch 63/100
13664/13664 - 11s - loss: 0.8662 - accuracy: 0.6557 - val_loss: 1.0551 - val_accuracy: 0.5979

Epoch 00063: val_loss did not improve from 1.00871
Epoch 64/100
13664/13664 - 11s - loss: 0.8647 - accuracy: 0.6551 - val_loss: 1.0598 - val_accuracy: 0.6073

Epoch 00064: val_loss did not improve from 1.00871
Epoch 65/100
13664/13664 - 11s - loss: 0.8642 - accuracy: 0.6542 - val_loss: 1.0839 - val_accuracy: 0.5744

Epoch 00065: val_loss did not improve from 1.00871
Epoch 66/100
13664/13664 - 11s - loss: 0.8642 - accuracy: 0.6537 - val_loss: 1.0692 - val_accuracy: 0.6068

Epoch 00066: val_loss did not improve from 1.00871
Epoch 67/100
13664/13664 - 11s - loss: 0.8641 - accuracy: 0.6553 - val_loss: 1.0495 - val_accuracy: 0.5982

Epoch 00067: val_loss did not improve from 1.00871
Epoch 68/100
13664/13664 - 11s - loss: 0.8643 - accuracy: 0.6542 - val_loss: 1.0656 - val_accuracy: 0.6048

Epoch 00068: val_loss did not improve from 1.00871
Epoch 69/100
13664/13664 - 11s - loss: 0.8635 - accuracy: 0.6562 - val_loss: 1.0516 - val_accuracy: 0.6022

Epoch 00069: val_loss did not improve from 1.00871
Epoch 70/100
13664/13664 - 11s - loss: 0.8635 - accuracy: 0.6552 - val_loss: 1.0754 - val_accuracy: 0.5935

Epoch 00070: val_loss did not improve from 1.00871
Epoch 71/100
13664/13664 - 11s - loss: 0.8622 - accuracy: 0.6552 - val_loss: 1.0621 - val_accuracy: 0.5987

Epoch 00071: val_loss did not improve from 1.00871
Epoch 72/100
13664/13664 - 11s - loss: 0.8621 - accuracy: 0.6550 - val_loss: 1.0894 - val_accuracy: 0.5881

Epoch 00072: val_loss did not improve from 1.00871
Epoch 73/100
13664/13664 - 11s - loss: 0.8613 - accuracy: 0.6555 - val_loss: 1.0704 - val_accuracy: 0.6039

Epoch 00073: val_loss did not improve from 1.00871
Epoch 74/100
13664/13664 - 11s - loss: 0.8614 - accuracy: 0.6567 - val_loss: 1.0845 - val_accuracy: 0.5900

Epoch 00074: val_loss did not improve from 1.00871
Epoch 75/100
13664/13664 - 11s - loss: 0.8604 - accuracy: 0.6566 - val_loss: 1.1145 - val_accuracy: 0.5990

Epoch 00075: val_loss did not improve from 1.00871
Epoch 76/100
13664/13664 - 11s - loss: 0.8615 - accuracy: 0.6565 - val_loss: 1.0724 - val_accuracy: 0.6003

Epoch 00076: val_loss did not improve from 1.00871
Epoch 77/100
13664/13664 - 11s - loss: 0.8591 - accuracy: 0.6565 - val_loss: 1.0775 - val_accuracy: 0.5907

Epoch 00077: val_loss did not improve from 1.00871
Epoch 78/100
13664/13664 - 11s - loss: 0.8592 - accuracy: 0.6570 - val_loss: 1.0797 - val_accuracy: 0.5966

Epoch 00078: val_loss did not improve from 1.00871
Epoch 79/100
13664/13664 - 11s - loss: 0.8600 - accuracy: 0.6571 - val_loss: 1.0623 - val_accuracy: 0.6011

Epoch 00079: val_loss did not improve from 1.00871
Epoch 80/100
13664/13664 - 11s - loss: 0.8596 - accuracy: 0.6563 - val_loss: 1.0759 - val_accuracy: 0.5964

Epoch 00080: val_loss did not improve from 1.00871
Epoch 81/100
13664/13664 - 11s - loss: 0.8598 - accuracy: 0.6572 - val_loss: 1.0652 - val_accuracy: 0.6002

Epoch 00081: val_loss did not improve from 1.00871
Epoch 82/100
13664/13664 - 11s - loss: 0.8584 - accuracy: 0.6575 - val_loss: 1.0798 - val_accuracy: 0.5821

Epoch 00082: val_loss did not improve from 1.00871
Epoch 83/100
13664/13664 - 11s - loss: 0.8584 - accuracy: 0.6574 - val_loss: 1.0514 - val_accuracy: 0.6080

Epoch 00083: val_loss did not improve from 1.00871
Epoch 84/100
13664/13664 - 11s - loss: 0.8581 - accuracy: 0.6588 - val_loss: 1.0715 - val_accuracy: 0.5948

Epoch 00084: val_loss did not improve from 1.00871
Epoch 85/100
13664/13664 - 11s - loss: 0.8579 - accuracy: 0.6573 - val_loss: 1.0512 - val_accuracy: 0.5792

Epoch 00085: val_loss did not improve from 1.00871
Epoch 86/100
13664/13664 - 11s - loss: 0.8572 - accuracy: 0.6577 - val_loss: 1.0649 - val_accuracy: 0.5887

Epoch 00086: val_loss did not improve from 1.00871
Epoch 87/100
13664/13664 - 11s - loss: 0.8568 - accuracy: 0.6586 - val_loss: 1.0526 - val_accuracy: 0.5963

Epoch 00087: val_loss did not improve from 1.00871
Epoch 88/100
13664/13664 - 11s - loss: 0.8565 - accuracy: 0.6572 - val_loss: 1.0994 - val_accuracy: 0.5722

Epoch 00088: val_loss did not improve from 1.00871
Epoch 89/100
13664/13664 - 11s - loss: 0.8576 - accuracy: 0.6587 - val_loss: 1.0820 - val_accuracy: 0.5900

Epoch 00089: val_loss did not improve from 1.00871
Epoch 90/100
13664/13664 - 11s - loss: 0.8554 - accuracy: 0.6577 - val_loss: 1.0686 - val_accuracy: 0.5820

Epoch 00090: val_loss did not improve from 1.00871
Epoch 91/100
13664/13664 - 11s - loss: 0.8563 - accuracy: 0.6582 - val_loss: 1.0775 - val_accuracy: 0.5849

Epoch 00091: val_loss did not improve from 1.00871
Epoch 92/100
13664/13664 - 11s - loss: 0.8559 - accuracy: 0.6588 - val_loss: 1.0796 - val_accuracy: 0.5911

Epoch 00092: val_loss did not improve from 1.00871
Epoch 93/100
13664/13664 - 11s - loss: 0.8554 - accuracy: 0.6588 - val_loss: 1.0692 - val_accuracy: 0.5895

Epoch 00093: val_loss did not improve from 1.00871
Epoch 94/100
13664/13664 - 11s - loss: 0.8551 - accuracy: 0.6587 - val_loss: 1.0653 - val_accuracy: 0.5884

Epoch 00094: val_loss did not improve from 1.00871
Epoch 95/100
13664/13664 - 11s - loss: 0.8540 - accuracy: 0.6595 - val_loss: 1.0828 - val_accuracy: 0.5922

Epoch 00095: val_loss did not improve from 1.00871
Epoch 96/100
13664/13664 - 11s - loss: 0.8544 - accuracy: 0.6598 - val_loss: 1.0930 - val_accuracy: 0.5917

Epoch 00096: val_loss did not improve from 1.00871
Epoch 97/100
13664/13664 - 11s - loss: 0.8539 - accuracy: 0.6605 - val_loss: 1.0929 - val_accuracy: 0.5854

Epoch 00097: val_loss did not improve from 1.00871
Epoch 98/100
13664/13664 - 11s - loss: 0.8546 - accuracy: 0.6589 - val_loss: 1.0744 - val_accuracy: 0.6011

Epoch 00098: val_loss did not improve from 1.00871
Epoch 99/100
13664/13664 - 11s - loss: 0.8539 - accuracy: 0.6576 - val_loss: 1.0714 - val_accuracy: 0.5882

Epoch 00099: val_loss did not improve from 1.00871
Epoch 100/100
13664/13664 - 11s - loss: 0.8526 - accuracy: 0.6595 - val_loss: 1.0903 - val_accuracy: 0.5894

Epoch 00100: val_loss did not improve from 1.00871
