Before oversampling: Counter({92.0: 7628, 100.0: 7624, 91.0: 7615, 0.0: 7615, 60.0: 7609, 10.0: 7595, 70.0: 7583, 1.0: 7580, 2.0: 7577, 20.0: 7519, 40.0: 7516, 50.0: 7476, 30.0: 7448, 90.0: 7439, 80.0: 7188})
After oversampling: Counter({100.0: 7628, 92.0: 7628, 91.0: 7628, 90.0: 7628, 20.0: 7628, 1.0: 7628, 80.0: 7628, 70.0: 7628, 0.0: 7628, 50.0: 7628, 30.0: 7628, 10.0: 7628, 40.0: 7628, 2.0: 7628, 60.0: 7628})
Model: "sequential"
_________________________________________________________________
Layer (type)                 Output Shape              Param #   
=================================================================
dense (Dense)                (None, 6)                 24        
_________________________________________________________________
dense_1 (Dense)              (None, 15)                105       
=================================================================
Total params: 129
Trainable params: 129
Non-trainable params: 0
_________________________________________________________________
Epoch 1/100
11442/11442 - 5s - loss: 2.7092 - accuracy: 0.1449 - val_loss: 2.3840 - val_accuracy: 0.1608

Epoch 00001: val_loss improved from inf to 2.38402, saving model to ./results/NN_raw_spectral_C15/cp.ckpt
Epoch 2/100
11442/11442 - 4s - loss: 2.3441 - accuracy: 0.1860 - val_loss: 2.3378 - val_accuracy: 0.1612

Epoch 00002: val_loss improved from 2.38402 to 2.33781, saving model to ./results/NN_raw_spectral_C15/cp.ckpt
Epoch 3/100
11442/11442 - 4s - loss: 2.2896 - accuracy: 0.1983 - val_loss: 2.2850 - val_accuracy: 0.1918

Epoch 00003: val_loss improved from 2.33781 to 2.28495, saving model to ./results/NN_raw_spectral_C15/cp.ckpt
Epoch 4/100
11442/11442 - 4s - loss: 2.2638 - accuracy: 0.2029 - val_loss: 2.2507 - val_accuracy: 0.2010

Epoch 00004: val_loss improved from 2.28495 to 2.25066, saving model to ./results/NN_raw_spectral_C15/cp.ckpt
Epoch 5/100
11442/11442 - 4s - loss: 2.2507 - accuracy: 0.2055 - val_loss: 2.2461 - val_accuracy: 0.1635

Epoch 00005: val_loss improved from 2.25066 to 2.24609, saving model to ./results/NN_raw_spectral_C15/cp.ckpt
Epoch 6/100
11442/11442 - 4s - loss: 2.2434 - accuracy: 0.2053 - val_loss: 2.2429 - val_accuracy: 0.1901

Epoch 00006: val_loss improved from 2.24609 to 2.24290, saving model to ./results/NN_raw_spectral_C15/cp.ckpt
Epoch 7/100
11442/11442 - 4s - loss: 2.2211 - accuracy: 0.2150 - val_loss: 2.3336 - val_accuracy: 0.2046

Epoch 00007: val_loss did not improve from 2.24290
Epoch 8/100
11442/11442 - 4s - loss: 2.1971 - accuracy: 0.2279 - val_loss: 2.2241 - val_accuracy: 0.2058

Epoch 00008: val_loss improved from 2.24290 to 2.22410, saving model to ./results/NN_raw_spectral_C15/cp.ckpt
Epoch 9/100
11442/11442 - 4s - loss: 2.1898 - accuracy: 0.2349 - val_loss: 2.2188 - val_accuracy: 0.2140

Epoch 00009: val_loss improved from 2.22410 to 2.21883, saving model to ./results/NN_raw_spectral_C15/cp.ckpt
Epoch 10/100
11442/11442 - 4s - loss: 2.1868 - accuracy: 0.2324 - val_loss: 2.2498 - val_accuracy: 0.2105

Epoch 00010: val_loss did not improve from 2.21883
Epoch 11/100
11442/11442 - 4s - loss: 2.1859 - accuracy: 0.2352 - val_loss: 2.2539 - val_accuracy: 0.1893

Epoch 00011: val_loss did not improve from 2.21883
Epoch 12/100
11442/11442 - 4s - loss: 2.1830 - accuracy: 0.2341 - val_loss: 2.2255 - val_accuracy: 0.1961

Epoch 00012: val_loss did not improve from 2.21883
Epoch 13/100
11442/11442 - 4s - loss: 2.1836 - accuracy: 0.2355 - val_loss: 2.2180 - val_accuracy: 0.2089

Epoch 00013: val_loss improved from 2.21883 to 2.21798, saving model to ./results/NN_raw_spectral_C15/cp.ckpt
Epoch 14/100
11442/11442 - 4s - loss: 2.1822 - accuracy: 0.2343 - val_loss: 2.2301 - val_accuracy: 0.2101

Epoch 00014: val_loss did not improve from 2.21798
Epoch 15/100
11442/11442 - 4s - loss: 2.1803 - accuracy: 0.2347 - val_loss: 2.2242 - val_accuracy: 0.2059

Epoch 00015: val_loss did not improve from 2.21798
Epoch 16/100
11442/11442 - 4s - loss: 2.1798 - accuracy: 0.2328 - val_loss: 2.2184 - val_accuracy: 0.2061

Epoch 00016: val_loss did not improve from 2.21798
Epoch 17/100
11442/11442 - 4s - loss: 2.1793 - accuracy: 0.2379 - val_loss: 2.2247 - val_accuracy: 0.1978

Epoch 00017: val_loss did not improve from 2.21798
Epoch 18/100
11442/11442 - 4s - loss: 2.1774 - accuracy: 0.2338 - val_loss: 2.2339 - val_accuracy: 0.1825

Epoch 00018: val_loss did not improve from 2.21798
Epoch 19/100
11442/11442 - 4s - loss: 2.1767 - accuracy: 0.2342 - val_loss: 2.2496 - val_accuracy: 0.2043

Epoch 00019: val_loss did not improve from 2.21798
Epoch 20/100
11442/11442 - 4s - loss: 2.1769 - accuracy: 0.2311 - val_loss: 2.2599 - val_accuracy: 0.1595

Epoch 00020: val_loss did not improve from 2.21798
Epoch 21/100
11442/11442 - 4s - loss: 2.1752 - accuracy: 0.2313 - val_loss: 2.2372 - val_accuracy: 0.2066

Epoch 00021: val_loss did not improve from 2.21798
Epoch 22/100
11442/11442 - 4s - loss: 2.1730 - accuracy: 0.2313 - val_loss: 2.2175 - val_accuracy: 0.1936

Epoch 00022: val_loss improved from 2.21798 to 2.21753, saving model to ./results/NN_raw_spectral_C15/cp.ckpt
Epoch 23/100
11442/11442 - 4s - loss: 2.1698 - accuracy: 0.2351 - val_loss: 2.2224 - val_accuracy: 0.1954

Epoch 00023: val_loss did not improve from 2.21753
Epoch 24/100
11442/11442 - 4s - loss: 2.1658 - accuracy: 0.2367 - val_loss: 2.2432 - val_accuracy: 0.1956

Epoch 00024: val_loss did not improve from 2.21753
Epoch 25/100
11442/11442 - 4s - loss: 2.1626 - accuracy: 0.2385 - val_loss: 2.2240 - val_accuracy: 0.1851

Epoch 00025: val_loss did not improve from 2.21753
Epoch 26/100
11442/11442 - 4s - loss: 2.1605 - accuracy: 0.2383 - val_loss: 2.2105 - val_accuracy: 0.1773

Epoch 00026: val_loss improved from 2.21753 to 2.21049, saving model to ./results/NN_raw_spectral_C15/cp.ckpt
Epoch 27/100
11442/11442 - 4s - loss: 2.1563 - accuracy: 0.2418 - val_loss: 2.2278 - val_accuracy: 0.2013

Epoch 00027: val_loss did not improve from 2.21049
Epoch 28/100
11442/11442 - 4s - loss: 2.1543 - accuracy: 0.2425 - val_loss: 2.2126 - val_accuracy: 0.2045

Epoch 00028: val_loss did not improve from 2.21049
Epoch 29/100
11442/11442 - 4s - loss: 2.1551 - accuracy: 0.2437 - val_loss: 2.2088 - val_accuracy: 0.2049

Epoch 00029: val_loss improved from 2.21049 to 2.20883, saving model to ./results/NN_raw_spectral_C15/cp.ckpt
Epoch 30/100
11442/11442 - 4s - loss: 2.1530 - accuracy: 0.2440 - val_loss: 2.2170 - val_accuracy: 0.1871

Epoch 00030: val_loss did not improve from 2.20883
Epoch 31/100
11442/11442 - 4s - loss: 2.1512 - accuracy: 0.2433 - val_loss: 2.2178 - val_accuracy: 0.1994

Epoch 00031: val_loss did not improve from 2.20883
Epoch 32/100
11442/11442 - 4s - loss: 2.1468 - accuracy: 0.2454 - val_loss: 2.1995 - val_accuracy: 0.1954

Epoch 00032: val_loss improved from 2.20883 to 2.19946, saving model to ./results/NN_raw_spectral_C15/cp.ckpt
Epoch 33/100
11442/11442 - 4s - loss: 2.1472 - accuracy: 0.2458 - val_loss: 2.2117 - val_accuracy: 0.2013

Epoch 00033: val_loss did not improve from 2.19946
Epoch 34/100
11442/11442 - 4s - loss: 2.1453 - accuracy: 0.2445 - val_loss: 2.2220 - val_accuracy: 0.2016

Epoch 00034: val_loss did not improve from 2.19946
Epoch 35/100
11442/11442 - 4s - loss: 2.1439 - accuracy: 0.2444 - val_loss: 2.2012 - val_accuracy: 0.1968

Epoch 00035: val_loss did not improve from 2.19946
Epoch 36/100
11442/11442 - 4s - loss: 2.1428 - accuracy: 0.2444 - val_loss: 2.2173 - val_accuracy: 0.1946

Epoch 00036: val_loss did not improve from 2.19946
Epoch 37/100
11442/11442 - 4s - loss: 2.1422 - accuracy: 0.2459 - val_loss: 2.2119 - val_accuracy: 0.1913

Epoch 00037: val_loss did not improve from 2.19946
Epoch 38/100
11442/11442 - 4s - loss: 2.1426 - accuracy: 0.2444 - val_loss: 2.2429 - val_accuracy: 0.1985

Epoch 00038: val_loss did not improve from 2.19946
Epoch 39/100
11442/11442 - 4s - loss: 2.1417 - accuracy: 0.2447 - val_loss: 2.1940 - val_accuracy: 0.1908

Epoch 00039: val_loss improved from 2.19946 to 2.19403, saving model to ./results/NN_raw_spectral_C15/cp.ckpt
Epoch 40/100
11442/11442 - 4s - loss: 2.1404 - accuracy: 0.2469 - val_loss: 2.1851 - val_accuracy: 0.1917

Epoch 00040: val_loss improved from 2.19403 to 2.18514, saving model to ./results/NN_raw_spectral_C15/cp.ckpt
Epoch 41/100
11442/11442 - 4s - loss: 2.1387 - accuracy: 0.2475 - val_loss: 2.2236 - val_accuracy: 0.1882

Epoch 00041: val_loss did not improve from 2.18514
Epoch 42/100
11442/11442 - 5s - loss: 2.1389 - accuracy: 0.2458 - val_loss: 2.2017 - val_accuracy: 0.1987

Epoch 00042: val_loss did not improve from 2.18514
Epoch 43/100
11442/11442 - 5s - loss: 2.1396 - accuracy: 0.2468 - val_loss: 2.2098 - val_accuracy: 0.1934

Epoch 00043: val_loss did not improve from 2.18514
Epoch 44/100
11442/11442 - 5s - loss: 2.1382 - accuracy: 0.2469 - val_loss: 2.2026 - val_accuracy: 0.1990

Epoch 00044: val_loss did not improve from 2.18514
Epoch 45/100
11442/11442 - 5s - loss: 2.1384 - accuracy: 0.2463 - val_loss: 2.2028 - val_accuracy: 0.1933

Epoch 00045: val_loss did not improve from 2.18514
Epoch 46/100
11442/11442 - 5s - loss: 2.1380 - accuracy: 0.2464 - val_loss: 2.2063 - val_accuracy: 0.1886

Epoch 00046: val_loss did not improve from 2.18514
Epoch 47/100
11442/11442 - 5s - loss: 2.1377 - accuracy: 0.2474 - val_loss: 2.2032 - val_accuracy: 0.1992

Epoch 00047: val_loss did not improve from 2.18514
Epoch 48/100
11442/11442 - 5s - loss: 2.1346 - accuracy: 0.2479 - val_loss: 2.2010 - val_accuracy: 0.1923

Epoch 00048: val_loss did not improve from 2.18514
Epoch 49/100
11442/11442 - 5s - loss: 2.1361 - accuracy: 0.2470 - val_loss: 2.1890 - val_accuracy: 0.1997

Epoch 00049: val_loss did not improve from 2.18514
Epoch 50/100
11442/11442 - 5s - loss: 2.1354 - accuracy: 0.2476 - val_loss: 2.1960 - val_accuracy: 0.2174

Epoch 00050: val_loss did not improve from 2.18514
Epoch 51/100
11442/11442 - 5s - loss: 2.1356 - accuracy: 0.2468 - val_loss: 2.1946 - val_accuracy: 0.2126

Epoch 00051: val_loss did not improve from 2.18514
Epoch 52/100
11442/11442 - 5s - loss: 2.1353 - accuracy: 0.2488 - val_loss: 2.2017 - val_accuracy: 0.2100

Epoch 00052: val_loss did not improve from 2.18514
Epoch 53/100
11442/11442 - 5s - loss: 2.1364 - accuracy: 0.2476 - val_loss: 2.1894 - val_accuracy: 0.2010

Epoch 00053: val_loss did not improve from 2.18514
Epoch 54/100
11442/11442 - 5s - loss: 2.1331 - accuracy: 0.2489 - val_loss: 2.1922 - val_accuracy: 0.2017

Epoch 00054: val_loss did not improve from 2.18514
Epoch 55/100
11442/11442 - 5s - loss: 2.1350 - accuracy: 0.2474 - val_loss: 2.1864 - val_accuracy: 0.2139

Epoch 00055: val_loss did not improve from 2.18514
Epoch 56/100
11442/11442 - 5s - loss: 2.1341 - accuracy: 0.2475 - val_loss: 2.2166 - val_accuracy: 0.2023

Epoch 00056: val_loss did not improve from 2.18514
Epoch 57/100
11442/11442 - 5s - loss: 2.1351 - accuracy: 0.2502 - val_loss: 2.1819 - val_accuracy: 0.2104

Epoch 00057: val_loss improved from 2.18514 to 2.18187, saving model to ./results/NN_raw_spectral_C15/cp.ckpt
Epoch 58/100
11442/11442 - 5s - loss: 2.1342 - accuracy: 0.2497 - val_loss: 2.1896 - val_accuracy: 0.2024

Epoch 00058: val_loss did not improve from 2.18187
Epoch 59/100
11442/11442 - 5s - loss: 2.1329 - accuracy: 0.2510 - val_loss: 2.2034 - val_accuracy: 0.1929

Epoch 00059: val_loss did not improve from 2.18187
Epoch 60/100
11442/11442 - 5s - loss: 2.1336 - accuracy: 0.2507 - val_loss: 2.2078 - val_accuracy: 0.2210

Epoch 00060: val_loss did not improve from 2.18187
Epoch 61/100
11442/11442 - 5s - loss: 2.1330 - accuracy: 0.2497 - val_loss: 2.2039 - val_accuracy: 0.2004

Epoch 00061: val_loss did not improve from 2.18187
Epoch 62/100
11442/11442 - 5s - loss: 2.1315 - accuracy: 0.2504 - val_loss: 2.2113 - val_accuracy: 0.2086

Epoch 00062: val_loss did not improve from 2.18187
Epoch 63/100
11442/11442 - 5s - loss: 2.1262 - accuracy: 0.2569 - val_loss: 2.1932 - val_accuracy: 0.1969

Epoch 00063: val_loss did not improve from 2.18187
Epoch 64/100
11442/11442 - 5s - loss: 2.1234 - accuracy: 0.2583 - val_loss: 2.2060 - val_accuracy: 0.1813

Epoch 00064: val_loss did not improve from 2.18187
Epoch 65/100
11442/11442 - 5s - loss: 2.1216 - accuracy: 0.2576 - val_loss: 2.1689 - val_accuracy: 0.2053

Epoch 00065: val_loss improved from 2.18187 to 2.16888, saving model to ./results/NN_raw_spectral_C15/cp.ckpt
Epoch 66/100
11442/11442 - 5s - loss: 2.1210 - accuracy: 0.2592 - val_loss: 2.1916 - val_accuracy: 0.1983

Epoch 00066: val_loss did not improve from 2.16888
Epoch 67/100
11442/11442 - 5s - loss: 2.1185 - accuracy: 0.2619 - val_loss: 2.1838 - val_accuracy: 0.2320

Epoch 00067: val_loss did not improve from 2.16888
Epoch 68/100
11442/11442 - 5s - loss: 2.1179 - accuracy: 0.2615 - val_loss: 2.1704 - val_accuracy: 0.1964

Epoch 00068: val_loss did not improve from 2.16888
Epoch 69/100
11442/11442 - 5s - loss: 2.1178 - accuracy: 0.2600 - val_loss: 2.1810 - val_accuracy: 0.1922

Epoch 00069: val_loss did not improve from 2.16888
Epoch 70/100
11442/11442 - 5s - loss: 2.1172 - accuracy: 0.2609 - val_loss: 2.1783 - val_accuracy: 0.1974

Epoch 00070: val_loss did not improve from 2.16888
Epoch 71/100
11442/11442 - 5s - loss: 2.1179 - accuracy: 0.2625 - val_loss: 2.1845 - val_accuracy: 0.2066

Epoch 00071: val_loss did not improve from 2.16888
Epoch 72/100
11442/11442 - 5s - loss: 2.1167 - accuracy: 0.2606 - val_loss: 2.1797 - val_accuracy: 0.1994

Epoch 00072: val_loss did not improve from 2.16888
Epoch 73/100
11442/11442 - 5s - loss: 2.1167 - accuracy: 0.2601 - val_loss: 2.1960 - val_accuracy: 0.2016

Epoch 00073: val_loss did not improve from 2.16888
Epoch 74/100
11442/11442 - 5s - loss: 2.1161 - accuracy: 0.2604 - val_loss: 2.1742 - val_accuracy: 0.2211

Epoch 00074: val_loss did not improve from 2.16888
Epoch 75/100
11442/11442 - 5s - loss: 2.1150 - accuracy: 0.2621 - val_loss: 2.2167 - val_accuracy: 0.1714

Epoch 00075: val_loss did not improve from 2.16888
Epoch 76/100
11442/11442 - 5s - loss: 2.1146 - accuracy: 0.2617 - val_loss: 2.1706 - val_accuracy: 0.2022

Epoch 00076: val_loss did not improve from 2.16888
Epoch 77/100
11442/11442 - 5s - loss: 2.1150 - accuracy: 0.2606 - val_loss: 2.1827 - val_accuracy: 0.2053

Epoch 00077: val_loss did not improve from 2.16888
Epoch 78/100
11442/11442 - 5s - loss: 2.1141 - accuracy: 0.2621 - val_loss: 2.1814 - val_accuracy: 0.2088

Epoch 00078: val_loss did not improve from 2.16888
Epoch 79/100
11442/11442 - 5s - loss: 2.1148 - accuracy: 0.2621 - val_loss: 2.1727 - val_accuracy: 0.2138

Epoch 00079: val_loss did not improve from 2.16888
Epoch 80/100
11442/11442 - 5s - loss: 2.1146 - accuracy: 0.2606 - val_loss: 2.1788 - val_accuracy: 0.2066

Epoch 00080: val_loss did not improve from 2.16888
Epoch 81/100
11442/11442 - 5s - loss: 2.1152 - accuracy: 0.2609 - val_loss: 2.1891 - val_accuracy: 0.1916

Epoch 00081: val_loss did not improve from 2.16888
Epoch 82/100
11442/11442 - 5s - loss: 2.1155 - accuracy: 0.2612 - val_loss: 2.1791 - val_accuracy: 0.2014

Epoch 00082: val_loss did not improve from 2.16888
Epoch 83/100
11442/11442 - 5s - loss: 2.1142 - accuracy: 0.2631 - val_loss: 2.1984 - val_accuracy: 0.1964

Epoch 00083: val_loss did not improve from 2.16888
Epoch 84/100
11442/11442 - 5s - loss: 2.1139 - accuracy: 0.2612 - val_loss: 2.1833 - val_accuracy: 0.2048

Epoch 00084: val_loss did not improve from 2.16888
Epoch 85/100
11442/11442 - 5s - loss: 2.1138 - accuracy: 0.2617 - val_loss: 2.1934 - val_accuracy: 0.1935

Epoch 00085: val_loss did not improve from 2.16888
Epoch 86/100
11442/11442 - 5s - loss: 2.1148 - accuracy: 0.2606 - val_loss: 2.1885 - val_accuracy: 0.1994

Epoch 00086: val_loss did not improve from 2.16888
Epoch 87/100
11442/11442 - 5s - loss: 2.1144 - accuracy: 0.2618 - val_loss: 2.1887 - val_accuracy: 0.2087

Epoch 00087: val_loss did not improve from 2.16888
Epoch 88/100
11442/11442 - 5s - loss: 2.1146 - accuracy: 0.2616 - val_loss: 2.2104 - val_accuracy: 0.2273

Epoch 00088: val_loss did not improve from 2.16888
Epoch 89/100
11442/11442 - 5s - loss: 2.1148 - accuracy: 0.2613 - val_loss: 2.2001 - val_accuracy: 0.2127

Epoch 00089: val_loss did not improve from 2.16888
Epoch 90/100
11442/11442 - 5s - loss: 2.1132 - accuracy: 0.2644 - val_loss: 2.1889 - val_accuracy: 0.2006

Epoch 00090: val_loss did not improve from 2.16888
Epoch 91/100
11442/11442 - 5s - loss: 2.1136 - accuracy: 0.2629 - val_loss: 2.1930 - val_accuracy: 0.1980

Epoch 00091: val_loss did not improve from 2.16888
Epoch 92/100
11442/11442 - 5s - loss: 2.1149 - accuracy: 0.2623 - val_loss: 2.1746 - val_accuracy: 0.1925

Epoch 00092: val_loss did not improve from 2.16888
Epoch 93/100
11442/11442 - 5s - loss: 2.1135 - accuracy: 0.2614 - val_loss: 2.1953 - val_accuracy: 0.1906

Epoch 00093: val_loss did not improve from 2.16888
Epoch 94/100
11442/11442 - 5s - loss: 2.1135 - accuracy: 0.2606 - val_loss: 2.2096 - val_accuracy: 0.2258

Epoch 00094: val_loss did not improve from 2.16888
Epoch 95/100
11442/11442 - 5s - loss: 2.1134 - accuracy: 0.2628 - val_loss: 2.1990 - val_accuracy: 0.2240

Epoch 00095: val_loss did not improve from 2.16888
Epoch 96/100
11442/11442 - 5s - loss: 2.1132 - accuracy: 0.2623 - val_loss: 2.1899 - val_accuracy: 0.1963

Epoch 00096: val_loss did not improve from 2.16888
Epoch 97/100
11442/11442 - 5s - loss: 2.1138 - accuracy: 0.2611 - val_loss: 2.1822 - val_accuracy: 0.2054

Epoch 00097: val_loss did not improve from 2.16888
Epoch 98/100
11442/11442 - 5s - loss: 2.1141 - accuracy: 0.2613 - val_loss: 2.1858 - val_accuracy: 0.2056

Epoch 00098: val_loss did not improve from 2.16888
Epoch 99/100
11442/11442 - 5s - loss: 2.1131 - accuracy: 0.2604 - val_loss: 2.1784 - val_accuracy: 0.2249

Epoch 00099: val_loss did not improve from 2.16888
Epoch 100/100
11442/11442 - 5s - loss: 2.1135 - accuracy: 0.2618 - val_loss: 2.1816 - val_accuracy: 0.2037

Epoch 00100: val_loss did not improve from 2.16888
