Before oversampling: Counter({50.0: 38006, 0.0: 37856, 1.0: 37836, 70.0: 37779, 20.0: 37752, 80.0: 37699, 10.0: 37678, 60.0: 37677, 92.0: 37673, 2.0: 37641, 91.0: 37630, 30.0: 37505, 90.0: 37480, 100.0: 37475, 40.0: 37235})
After oversampling: Counter({50.0: 38006, 40.0: 38006, 0.0: 37856, 1.0: 37836, 70.0: 37779, 20.0: 37752, 80.0: 37699, 10.0: 37678, 60.0: 37677, 92.0: 37673, 2.0: 37641, 91.0: 37630, 30.0: 37505, 90.0: 37480, 100.0: 37475})
Model: "sequential"
_________________________________________________________________
Layer (type)                 Output Shape              Param #   
=================================================================
dense (Dense)                (None, 128)               3456      
_________________________________________________________________
dense_1 (Dense)              (None, 15)                1935      
=================================================================
Total params: 5,391
Trainable params: 5,391
Non-trainable params: 0
_________________________________________________________________
Epoch 1/100
90511/90511 - 32s - loss: 1.1588 - accuracy: 0.5947 - val_loss: 12.8642 - val_accuracy: 0.2080

Epoch 00001: saving model to ./results/NN_trial_1/cp.ckpt
Epoch 2/100
90511/90511 - 30s - loss: 0.9203 - accuracy: 0.6753 - val_loss: 13.9719 - val_accuracy: 0.1955

Epoch 00002: saving model to ./results/NN_trial_1/cp.ckpt
Epoch 3/100
90511/90511 - 30s - loss: 0.8432 - accuracy: 0.7006 - val_loss: 14.2528 - val_accuracy: 0.1498

Epoch 00003: saving model to ./results/NN_trial_1/cp.ckpt
Epoch 4/100
90511/90511 - 30s - loss: 0.7913 - accuracy: 0.7180 - val_loss: 14.5309 - val_accuracy: 0.1897

Epoch 00004: saving model to ./results/NN_trial_1/cp.ckpt
Epoch 5/100
90511/90511 - 29s - loss: 0.7573 - accuracy: 0.7298 - val_loss: 14.1609 - val_accuracy: 0.1553

Epoch 00005: saving model to ./results/NN_trial_1/cp.ckpt
Epoch 6/100
90511/90511 - 29s - loss: 0.7316 - accuracy: 0.7386 - val_loss: 14.9388 - val_accuracy: 0.1994

Epoch 00006: saving model to ./results/NN_trial_1/cp.ckpt
Epoch 7/100
90511/90511 - 30s - loss: 0.7129 - accuracy: 0.7447 - val_loss: 15.4808 - val_accuracy: 0.1679

Epoch 00007: saving model to ./results/NN_trial_1/cp.ckpt
Epoch 8/100
90511/90511 - 30s - loss: 0.6980 - accuracy: 0.7504 - val_loss: 15.7078 - val_accuracy: 0.1962

Epoch 00008: saving model to ./results/NN_trial_1/cp.ckpt
Epoch 9/100
90511/90511 - 30s - loss: 0.6853 - accuracy: 0.7554 - val_loss: 16.1385 - val_accuracy: 0.1778

Epoch 00009: saving model to ./results/NN_trial_1/cp.ckpt
Epoch 10/100
90511/90511 - 30s - loss: 0.6758 - accuracy: 0.7587 - val_loss: 16.0571 - val_accuracy: 0.2046

Epoch 00010: saving model to ./results/NN_trial_1/cp.ckpt
Epoch 11/100
90511/90511 - 30s - loss: 0.6669 - accuracy: 0.7616 - val_loss: 16.1158 - val_accuracy: 0.1791

Epoch 00011: saving model to ./results/NN_trial_1/cp.ckpt
Epoch 12/100
90511/90511 - 30s - loss: 0.6597 - accuracy: 0.7642 - val_loss: 16.3224 - val_accuracy: 0.1510

Epoch 00012: saving model to ./results/NN_trial_1/cp.ckpt
Epoch 13/100
90511/90511 - 31s - loss: 0.6531 - accuracy: 0.7661 - val_loss: 15.5895 - val_accuracy: 0.1924

Epoch 00013: saving model to ./results/NN_trial_1/cp.ckpt
Epoch 14/100
90511/90511 - 32s - loss: 0.6467 - accuracy: 0.7688 - val_loss: 15.8967 - val_accuracy: 0.1610

Epoch 00014: saving model to ./results/NN_trial_1/cp.ckpt
Epoch 15/100
90511/90511 - 32s - loss: 0.6410 - accuracy: 0.7709 - val_loss: 15.4307 - val_accuracy: 0.1989

Epoch 00015: saving model to ./results/NN_trial_1/cp.ckpt
Epoch 16/100
90511/90511 - 31s - loss: 0.6354 - accuracy: 0.7728 - val_loss: 15.6710 - val_accuracy: 0.1769

Epoch 00016: saving model to ./results/NN_trial_1/cp.ckpt
Epoch 17/100
90511/90511 - 31s - loss: 0.6297 - accuracy: 0.7749 - val_loss: 15.6726 - val_accuracy: 0.1984

Epoch 00017: saving model to ./results/NN_trial_1/cp.ckpt
Epoch 18/100
90511/90511 - 26s - loss: 0.6254 - accuracy: 0.7762 - val_loss: 15.3550 - val_accuracy: 0.1777

Epoch 00018: saving model to ./results/NN_trial_1/cp.ckpt
Epoch 19/100
90511/90511 - 26s - loss: 0.6216 - accuracy: 0.7779 - val_loss: 14.9449 - val_accuracy: 0.1768

Epoch 00019: saving model to ./results/NN_trial_1/cp.ckpt
Epoch 20/100
90511/90511 - 25s - loss: 0.6173 - accuracy: 0.7797 - val_loss: 14.5406 - val_accuracy: 0.1731

Epoch 00020: saving model to ./results/NN_trial_1/cp.ckpt
Epoch 21/100
90511/90511 - 26s - loss: 0.6141 - accuracy: 0.7808 - val_loss: 14.3968 - val_accuracy: 0.1844

Epoch 00021: saving model to ./results/NN_trial_1/cp.ckpt
Epoch 22/100
90511/90511 - 30s - loss: 0.6100 - accuracy: 0.7815 - val_loss: 14.9177 - val_accuracy: 0.1727

Epoch 00022: saving model to ./results/NN_trial_1/cp.ckpt
Epoch 23/100
90511/90511 - 30s - loss: 0.6079 - accuracy: 0.7828 - val_loss: 14.8853 - val_accuracy: 0.1483

Epoch 00023: saving model to ./results/NN_trial_1/cp.ckpt
Epoch 24/100
90511/90511 - 30s - loss: 0.6055 - accuracy: 0.7838 - val_loss: 14.5959 - val_accuracy: 0.1534

Epoch 00024: saving model to ./results/NN_trial_1/cp.ckpt
Epoch 25/100
90511/90511 - 30s - loss: 0.6036 - accuracy: 0.7841 - val_loss: 15.1961 - val_accuracy: 0.1657

Epoch 00025: saving model to ./results/NN_trial_1/cp.ckpt
Epoch 26/100
90511/90511 - 30s - loss: 0.6017 - accuracy: 0.7854 - val_loss: 14.6263 - val_accuracy: 0.1744

Epoch 00026: saving model to ./results/NN_trial_1/cp.ckpt
Epoch 27/100
90511/90511 - 30s - loss: 0.5993 - accuracy: 0.7865 - val_loss: 14.3004 - val_accuracy: 0.1809

Epoch 00027: saving model to ./results/NN_trial_1/cp.ckpt
Epoch 28/100
90511/90511 - 30s - loss: 0.5971 - accuracy: 0.7872 - val_loss: 15.4210 - val_accuracy: 0.1707

Epoch 00028: saving model to ./results/NN_trial_1/cp.ckpt
Epoch 29/100
90511/90511 - 28s - loss: 0.5963 - accuracy: 0.7873 - val_loss: 14.8053 - val_accuracy: 0.1834

Epoch 00029: saving model to ./results/NN_trial_1/cp.ckpt
Epoch 30/100
90511/90511 - 30s - loss: 0.5942 - accuracy: 0.7883 - val_loss: 14.9017 - val_accuracy: 0.1769

Epoch 00030: saving model to ./results/NN_trial_1/cp.ckpt
Epoch 31/100
90511/90511 - 30s - loss: 0.5913 - accuracy: 0.7896 - val_loss: 14.1864 - val_accuracy: 0.2119

Epoch 00031: saving model to ./results/NN_trial_1/cp.ckpt
Epoch 32/100
90511/90511 - 30s - loss: 0.5903 - accuracy: 0.7899 - val_loss: 14.8882 - val_accuracy: 0.1746

Epoch 00032: saving model to ./results/NN_trial_1/cp.ckpt
Epoch 33/100
90511/90511 - 30s - loss: 0.5892 - accuracy: 0.7898 - val_loss: 14.9494 - val_accuracy: 0.1681

Epoch 00033: saving model to ./results/NN_trial_1/cp.ckpt
Epoch 34/100
90511/90511 - 30s - loss: 0.5872 - accuracy: 0.7907 - val_loss: 15.0159 - val_accuracy: 0.2138

Epoch 00034: saving model to ./results/NN_trial_1/cp.ckpt
Epoch 35/100
90511/90511 - 30s - loss: 0.5853 - accuracy: 0.7912 - val_loss: 14.6230 - val_accuracy: 0.2413

Epoch 00035: saving model to ./results/NN_trial_1/cp.ckpt
Epoch 36/100
90511/90511 - 29s - loss: 0.5843 - accuracy: 0.7921 - val_loss: 15.1536 - val_accuracy: 0.1994

Epoch 00036: saving model to ./results/NN_trial_1/cp.ckpt
Epoch 37/100
90511/90511 - 29s - loss: 0.5822 - accuracy: 0.7923 - val_loss: 15.6221 - val_accuracy: 0.1578

Epoch 00037: saving model to ./results/NN_trial_1/cp.ckpt
Epoch 38/100
90511/90511 - 30s - loss: 0.5807 - accuracy: 0.7930 - val_loss: 14.7994 - val_accuracy: 0.1674

Epoch 00038: saving model to ./results/NN_trial_1/cp.ckpt
Epoch 39/100
90511/90511 - 30s - loss: 0.5781 - accuracy: 0.7945 - val_loss: 15.5077 - val_accuracy: 0.1923

Epoch 00039: saving model to ./results/NN_trial_1/cp.ckpt
Epoch 40/100
90511/90511 - 30s - loss: 0.5766 - accuracy: 0.7945 - val_loss: 14.9602 - val_accuracy: 0.1866

Epoch 00040: saving model to ./results/NN_trial_1/cp.ckpt
Epoch 41/100
90511/90511 - 30s - loss: 0.5754 - accuracy: 0.7953 - val_loss: 15.7848 - val_accuracy: 0.1822

Epoch 00041: saving model to ./results/NN_trial_1/cp.ckpt
Epoch 42/100
90511/90511 - 30s - loss: 0.5729 - accuracy: 0.7964 - val_loss: 15.6633 - val_accuracy: 0.2010

Epoch 00042: saving model to ./results/NN_trial_1/cp.ckpt
Epoch 43/100
90511/90511 - 28s - loss: 0.5714 - accuracy: 0.7966 - val_loss: 16.1302 - val_accuracy: 0.1631

Epoch 00043: saving model to ./results/NN_trial_1/cp.ckpt
Epoch 44/100
90511/90511 - 30s - loss: 0.5702 - accuracy: 0.7968 - val_loss: 16.5403 - val_accuracy: 0.2079

Epoch 00044: saving model to ./results/NN_trial_1/cp.ckpt
Epoch 45/100
90511/90511 - 30s - loss: 0.5688 - accuracy: 0.7974 - val_loss: 16.4379 - val_accuracy: 0.1769

Epoch 00045: saving model to ./results/NN_trial_1/cp.ckpt
Epoch 46/100
90511/90511 - 30s - loss: 0.5681 - accuracy: 0.7979 - val_loss: 15.9660 - val_accuracy: 0.1968

Epoch 00046: saving model to ./results/NN_trial_1/cp.ckpt
Epoch 47/100
90511/90511 - 30s - loss: 0.5662 - accuracy: 0.7987 - val_loss: 16.7688 - val_accuracy: 0.1807

Epoch 00047: saving model to ./results/NN_trial_1/cp.ckpt
Epoch 48/100
90511/90511 - 30s - loss: 0.5651 - accuracy: 0.7990 - val_loss: 15.8369 - val_accuracy: 0.1782

Epoch 00048: saving model to ./results/NN_trial_1/cp.ckpt
Epoch 49/100
90511/90511 - 30s - loss: 0.5645 - accuracy: 0.7989 - val_loss: 16.8216 - val_accuracy: 0.2089

Epoch 00049: saving model to ./results/NN_trial_1/cp.ckpt
Epoch 50/100
90511/90511 - 30s - loss: 0.5628 - accuracy: 0.7999 - val_loss: 17.6535 - val_accuracy: 0.2083

Epoch 00050: saving model to ./results/NN_trial_1/cp.ckpt
Epoch 51/100
90511/90511 - 30s - loss: 0.5617 - accuracy: 0.8003 - val_loss: 16.5170 - val_accuracy: 0.1944

Epoch 00051: saving model to ./results/NN_trial_1/cp.ckpt
Epoch 52/100
90511/90511 - 28s - loss: 0.5617 - accuracy: 0.7995 - val_loss: 17.6175 - val_accuracy: 0.1603

Epoch 00052: saving model to ./results/NN_trial_1/cp.ckpt
Epoch 53/100
90511/90511 - 30s - loss: 0.5605 - accuracy: 0.8004 - val_loss: 17.2229 - val_accuracy: 0.1977

Epoch 00053: saving model to ./results/NN_trial_1/cp.ckpt
Epoch 54/100
90511/90511 - 30s - loss: 0.5601 - accuracy: 0.8005 - val_loss: 18.8510 - val_accuracy: 0.1810

Epoch 00054: saving model to ./results/NN_trial_1/cp.ckpt
Epoch 55/100
90511/90511 - 30s - loss: 0.5593 - accuracy: 0.8016 - val_loss: 18.8840 - val_accuracy: 0.2018

Epoch 00055: saving model to ./results/NN_trial_1/cp.ckpt
Epoch 56/100
90511/90511 - 30s - loss: 0.5589 - accuracy: 0.8015 - val_loss: 18.7084 - val_accuracy: 0.1742

Epoch 00056: saving model to ./results/NN_trial_1/cp.ckpt
Epoch 57/100
90511/90511 - 30s - loss: 0.5575 - accuracy: 0.8018 - val_loss: 19.2464 - val_accuracy: 0.1810

Epoch 00057: saving model to ./results/NN_trial_1/cp.ckpt
Epoch 58/100
90511/90511 - 30s - loss: 0.5572 - accuracy: 0.8019 - val_loss: 19.7148 - val_accuracy: 0.1934

Epoch 00058: saving model to ./results/NN_trial_1/cp.ckpt
Epoch 59/100
90511/90511 - 30s - loss: 0.5559 - accuracy: 0.8024 - val_loss: 20.1427 - val_accuracy: 0.1932

Epoch 00059: saving model to ./results/NN_trial_1/cp.ckpt
Epoch 60/100
90511/90511 - 31s - loss: 0.5555 - accuracy: 0.8032 - val_loss: 20.6908 - val_accuracy: 0.1806

Epoch 00060: saving model to ./results/NN_trial_1/cp.ckpt
Epoch 61/100
90511/90511 - 31s - loss: 0.5545 - accuracy: 0.8030 - val_loss: 21.0407 - val_accuracy: 0.1858

Epoch 00061: saving model to ./results/NN_trial_1/cp.ckpt
Epoch 62/100
90511/90511 - 33s - loss: 0.5542 - accuracy: 0.8033 - val_loss: 20.9500 - val_accuracy: 0.2067

Epoch 00062: saving model to ./results/NN_trial_1/cp.ckpt
Epoch 63/100
90511/90511 - 32s - loss: 0.5541 - accuracy: 0.8030 - val_loss: 20.8136 - val_accuracy: 0.1982

Epoch 00063: saving model to ./results/NN_trial_1/cp.ckpt
Epoch 64/100
90511/90511 - 32s - loss: 0.5535 - accuracy: 0.8033 - val_loss: 21.1868 - val_accuracy: 0.2050

Epoch 00064: saving model to ./results/NN_trial_1/cp.ckpt
Epoch 65/100
90511/90511 - 31s - loss: 0.5531 - accuracy: 0.8036 - val_loss: 22.0352 - val_accuracy: 0.1885

Epoch 00065: saving model to ./results/NN_trial_1/cp.ckpt
Epoch 66/100
90511/90511 - 32s - loss: 0.5520 - accuracy: 0.8043 - val_loss: 21.3438 - val_accuracy: 0.2031

Epoch 00066: saving model to ./results/NN_trial_1/cp.ckpt
Epoch 67/100
90511/90511 - 32s - loss: 0.5518 - accuracy: 0.8039 - val_loss: 21.3306 - val_accuracy: 0.1752

Epoch 00067: saving model to ./results/NN_trial_1/cp.ckpt
Epoch 68/100
90511/90511 - 29s - loss: 0.5517 - accuracy: 0.8047 - val_loss: 21.7717 - val_accuracy: 0.1791

Epoch 00068: saving model to ./results/NN_trial_1/cp.ckpt
Epoch 69/100
90511/90511 - 30s - loss: 0.5506 - accuracy: 0.8042 - val_loss: 22.8256 - val_accuracy: 0.2021

Epoch 00069: saving model to ./results/NN_trial_1/cp.ckpt
Epoch 70/100
90511/90511 - 30s - loss: 0.5500 - accuracy: 0.8048 - val_loss: 22.7654 - val_accuracy: 0.1853

Epoch 00070: saving model to ./results/NN_trial_1/cp.ckpt
Epoch 71/100
90511/90511 - 30s - loss: 0.5494 - accuracy: 0.8053 - val_loss: 23.0973 - val_accuracy: 0.1729

Epoch 00071: saving model to ./results/NN_trial_1/cp.ckpt
Epoch 72/100
90511/90511 - 30s - loss: 0.5503 - accuracy: 0.8044 - val_loss: 22.8724 - val_accuracy: 0.2021

Epoch 00072: saving model to ./results/NN_trial_1/cp.ckpt
Epoch 73/100
90511/90511 - 30s - loss: 0.5489 - accuracy: 0.8054 - val_loss: 24.3897 - val_accuracy: 0.1608

Epoch 00073: saving model to ./results/NN_trial_1/cp.ckpt
Epoch 74/100
90511/90511 - 30s - loss: 0.5480 - accuracy: 0.8057 - val_loss: 22.6114 - val_accuracy: 0.2007

Epoch 00074: saving model to ./results/NN_trial_1/cp.ckpt
Epoch 75/100
90511/90511 - 30s - loss: 0.5477 - accuracy: 0.8068 - val_loss: 23.9018 - val_accuracy: 0.1779

Epoch 00075: saving model to ./results/NN_trial_1/cp.ckpt
Epoch 76/100
90511/90511 - 30s - loss: 0.5478 - accuracy: 0.8056 - val_loss: 23.1486 - val_accuracy: 0.1596

Epoch 00076: saving model to ./results/NN_trial_1/cp.ckpt
Epoch 77/100
90511/90511 - 25s - loss: 0.5476 - accuracy: 0.8061 - val_loss: 23.5194 - val_accuracy: 0.1736

Epoch 00077: saving model to ./results/NN_trial_1/cp.ckpt
Epoch 78/100
90511/90511 - 25s - loss: 0.5468 - accuracy: 0.8060 - val_loss: 24.5302 - val_accuracy: 0.1943

Epoch 00078: saving model to ./results/NN_trial_1/cp.ckpt
Epoch 79/100
90511/90511 - 25s - loss: 0.5460 - accuracy: 0.8069 - val_loss: 23.7209 - val_accuracy: 0.1808

Epoch 00079: saving model to ./results/NN_trial_1/cp.ckpt
Epoch 80/100
90511/90511 - 25s - loss: 0.5456 - accuracy: 0.8066 - val_loss: 23.8443 - val_accuracy: 0.2079

Epoch 00080: saving model to ./results/NN_trial_1/cp.ckpt
Epoch 81/100
90511/90511 - 25s - loss: 0.5445 - accuracy: 0.8070 - val_loss: 23.4053 - val_accuracy: 0.1919

Epoch 00081: saving model to ./results/NN_trial_1/cp.ckpt
Epoch 82/100
90511/90511 - 25s - loss: 0.5443 - accuracy: 0.8074 - val_loss: 24.3994 - val_accuracy: 0.2072

Epoch 00082: saving model to ./results/NN_trial_1/cp.ckpt
Epoch 83/100
90511/90511 - 25s - loss: 0.5428 - accuracy: 0.8081 - val_loss: 25.6468 - val_accuracy: 0.1744

Epoch 00083: saving model to ./results/NN_trial_1/cp.ckpt
Epoch 84/100
90511/90511 - 29s - loss: 0.5429 - accuracy: 0.8079 - val_loss: 25.1954 - val_accuracy: 0.1852

Epoch 00084: saving model to ./results/NN_trial_1/cp.ckpt
Epoch 85/100
90511/90511 - 30s - loss: 0.5425 - accuracy: 0.8073 - val_loss: 25.3144 - val_accuracy: 0.1996

Epoch 00085: saving model to ./results/NN_trial_1/cp.ckpt
Epoch 86/100
90511/90511 - 31s - loss: 0.5409 - accuracy: 0.8086 - val_loss: 24.4033 - val_accuracy: 0.1757

Epoch 00086: saving model to ./results/NN_trial_1/cp.ckpt
Epoch 87/100
90511/90511 - 30s - loss: 0.5408 - accuracy: 0.8083 - val_loss: 27.1237 - val_accuracy: 0.1701

Epoch 00087: saving model to ./results/NN_trial_1/cp.ckpt
Epoch 88/100
90511/90511 - 31s - loss: 0.5403 - accuracy: 0.8088 - val_loss: 27.4679 - val_accuracy: 0.2085

Epoch 00088: saving model to ./results/NN_trial_1/cp.ckpt
Epoch 89/100
90511/90511 - 30s - loss: 0.5397 - accuracy: 0.8090 - val_loss: 26.6532 - val_accuracy: 0.2109

Epoch 00089: saving model to ./results/NN_trial_1/cp.ckpt
Epoch 90/100
90511/90511 - 30s - loss: 0.5396 - accuracy: 0.8092 - val_loss: 27.7102 - val_accuracy: 0.1968

Epoch 00090: saving model to ./results/NN_trial_1/cp.ckpt
Epoch 91/100
90511/90511 - 30s - loss: 0.5379 - accuracy: 0.8097 - val_loss: 27.7904 - val_accuracy: 0.1942

Epoch 00091: saving model to ./results/NN_trial_1/cp.ckpt
Epoch 92/100
90511/90511 - 30s - loss: 0.5368 - accuracy: 0.8101 - val_loss: 27.6127 - val_accuracy: 0.2057

Epoch 00092: saving model to ./results/NN_trial_1/cp.ckpt
Epoch 93/100
90511/90511 - 30s - loss: 0.5357 - accuracy: 0.8105 - val_loss: 26.4946 - val_accuracy: 0.1898

Epoch 00093: saving model to ./results/NN_trial_1/cp.ckpt
Epoch 94/100
90511/90511 - 30s - loss: 0.5362 - accuracy: 0.8105 - val_loss: 27.1221 - val_accuracy: 0.1749

Epoch 00094: saving model to ./results/NN_trial_1/cp.ckpt
Epoch 95/100
90511/90511 - 31s - loss: 0.5351 - accuracy: 0.8115 - val_loss: 27.9759 - val_accuracy: 0.1751

Epoch 00095: saving model to ./results/NN_trial_1/cp.ckpt
Epoch 96/100
90511/90511 - 30s - loss: 0.5348 - accuracy: 0.8115 - val_loss: 28.9690 - val_accuracy: 0.1615

Epoch 00096: saving model to ./results/NN_trial_1/cp.ckpt
Epoch 97/100
90511/90511 - 30s - loss: 0.5343 - accuracy: 0.8113 - val_loss: 28.6804 - val_accuracy: 0.1723

Epoch 00097: saving model to ./results/NN_trial_1/cp.ckpt
Epoch 98/100
90511/90511 - 31s - loss: 0.5339 - accuracy: 0.8117 - val_loss: 28.3096 - val_accuracy: 0.1881

Epoch 00098: saving model to ./results/NN_trial_1/cp.ckpt
Epoch 99/100
90511/90511 - 30s - loss: 0.5335 - accuracy: 0.8117 - val_loss: 30.9624 - val_accuracy: 0.1860

Epoch 00099: saving model to ./results/NN_trial_1/cp.ckpt
Epoch 100/100
90511/90511 - 32s - loss: 0.5329 - accuracy: 0.8119 - val_loss: 29.5301 - val_accuracy: 0.1986

Epoch 00100: saving model to ./results/NN_trial_1/cp.ckpt
