Before oversampling: Counter({92.0: 7628, 100.0: 7624, 91.0: 7615, 0.0: 7615, 60.0: 7609, 10.0: 7595, 70.0: 7583, 1.0: 7580, 2.0: 7577, 20.0: 7519, 40.0: 7516, 50.0: 7476, 30.0: 7448, 90.0: 7439, 80.0: 7188})
After oversampling: Counter({100.0: 7628, 92.0: 7628, 91.0: 7628, 90.0: 7628, 20.0: 7628, 1.0: 7628, 80.0: 7628, 70.0: 7628, 0.0: 7628, 50.0: 7628, 30.0: 7628, 10.0: 7628, 40.0: 7628, 2.0: 7628, 60.0: 7628})
Model: "sequential"
_________________________________________________________________
Layer (type)                 Output Shape              Param #   
=================================================================
dense (Dense)                (None, 17)                204       
_________________________________________________________________
dense_1 (Dense)              (None, 15)                270       
=================================================================
Total params: 474
Trainable params: 474
Non-trainable params: 0
_________________________________________________________________
Epoch 1/100
11442/11442 - 5s - loss: 1.7584 - accuracy: 0.4193 - val_loss: 2.7618 - val_accuracy: 0.2706

Epoch 00001: val_loss improved from inf to 2.76182, saving model to ./results/NN_metadata_1/cp.ckpt
Epoch 2/100
11442/11442 - 4s - loss: 1.4601 - accuracy: 0.5070 - val_loss: 3.3378 - val_accuracy: 0.2812

Epoch 00002: val_loss did not improve from 2.76182
Epoch 3/100
11442/11442 - 4s - loss: 1.3494 - accuracy: 0.5438 - val_loss: 3.8664 - val_accuracy: 0.2842

Epoch 00003: val_loss did not improve from 2.76182
Epoch 4/100
11442/11442 - 4s - loss: 1.2794 - accuracy: 0.5698 - val_loss: 4.1793 - val_accuracy: 0.2618

Epoch 00004: val_loss did not improve from 2.76182
Epoch 5/100
11442/11442 - 4s - loss: 1.2332 - accuracy: 0.5880 - val_loss: 4.4718 - val_accuracy: 0.2547

Epoch 00005: val_loss did not improve from 2.76182
Epoch 6/100
11442/11442 - 4s - loss: 1.2009 - accuracy: 0.5972 - val_loss: 4.5537 - val_accuracy: 0.2603

Epoch 00006: val_loss did not improve from 2.76182
Epoch 7/100
11442/11442 - 4s - loss: 1.1791 - accuracy: 0.6046 - val_loss: 4.7045 - val_accuracy: 0.2577

Epoch 00007: val_loss did not improve from 2.76182
Epoch 8/100
11442/11442 - 4s - loss: 1.1607 - accuracy: 0.6091 - val_loss: 4.8803 - val_accuracy: 0.2476

Epoch 00008: val_loss did not improve from 2.76182
Epoch 9/100
11442/11442 - 4s - loss: 1.1460 - accuracy: 0.6112 - val_loss: 5.0503 - val_accuracy: 0.2665

Epoch 00009: val_loss did not improve from 2.76182
Epoch 10/100
11442/11442 - 4s - loss: 1.1339 - accuracy: 0.6154 - val_loss: 5.1490 - val_accuracy: 0.2679

Epoch 00010: val_loss did not improve from 2.76182
Epoch 11/100
11442/11442 - 4s - loss: 1.1210 - accuracy: 0.6186 - val_loss: 5.0763 - val_accuracy: 0.2874

Epoch 00011: val_loss did not improve from 2.76182
Epoch 12/100
11442/11442 - 4s - loss: 1.1100 - accuracy: 0.6223 - val_loss: 5.4784 - val_accuracy: 0.2684

Epoch 00012: val_loss did not improve from 2.76182
Epoch 13/100
11442/11442 - 4s - loss: 1.0983 - accuracy: 0.6248 - val_loss: 5.3915 - val_accuracy: 0.2805

Epoch 00013: val_loss did not improve from 2.76182
Epoch 14/100
11442/11442 - 4s - loss: 1.0889 - accuracy: 0.6277 - val_loss: 5.6108 - val_accuracy: 0.2819

Epoch 00014: val_loss did not improve from 2.76182
Epoch 15/100
11442/11442 - 4s - loss: 1.0794 - accuracy: 0.6298 - val_loss: 5.7139 - val_accuracy: 0.2756

Epoch 00015: val_loss did not improve from 2.76182
Epoch 16/100
11442/11442 - 4s - loss: 1.0711 - accuracy: 0.6323 - val_loss: 5.9842 - val_accuracy: 0.2708

Epoch 00016: val_loss did not improve from 2.76182
Epoch 17/100
11442/11442 - 4s - loss: 1.0636 - accuracy: 0.6373 - val_loss: 5.8888 - val_accuracy: 0.2927

Epoch 00017: val_loss did not improve from 2.76182
Epoch 18/100
11442/11442 - 4s - loss: 1.0575 - accuracy: 0.6396 - val_loss: 6.2651 - val_accuracy: 0.2662

Epoch 00018: val_loss did not improve from 2.76182
Epoch 19/100
11442/11442 - 4s - loss: 1.0506 - accuracy: 0.6404 - val_loss: 6.3045 - val_accuracy: 0.2466

Epoch 00019: val_loss did not improve from 2.76182
Epoch 20/100
11442/11442 - 4s - loss: 1.0461 - accuracy: 0.6426 - val_loss: 6.3670 - val_accuracy: 0.2731

Epoch 00020: val_loss did not improve from 2.76182
Epoch 21/100
11442/11442 - 4s - loss: 1.0411 - accuracy: 0.6456 - val_loss: 6.5775 - val_accuracy: 0.2711

Epoch 00021: val_loss did not improve from 2.76182
Epoch 22/100
11442/11442 - 4s - loss: 1.0370 - accuracy: 0.6456 - val_loss: 6.6242 - val_accuracy: 0.2560

Epoch 00022: val_loss did not improve from 2.76182
Epoch 23/100
11442/11442 - 4s - loss: 1.0333 - accuracy: 0.6484 - val_loss: 6.6935 - val_accuracy: 0.2481

Epoch 00023: val_loss did not improve from 2.76182
Epoch 24/100
11442/11442 - 4s - loss: 1.0300 - accuracy: 0.6482 - val_loss: 7.0542 - val_accuracy: 0.2365

Epoch 00024: val_loss did not improve from 2.76182
Epoch 25/100
11442/11442 - 4s - loss: 1.0269 - accuracy: 0.6496 - val_loss: 7.1338 - val_accuracy: 0.2443

Epoch 00025: val_loss did not improve from 2.76182
Epoch 26/100
11442/11442 - 4s - loss: 1.0239 - accuracy: 0.6487 - val_loss: 7.2566 - val_accuracy: 0.2673

Epoch 00026: val_loss did not improve from 2.76182
Epoch 27/100
11442/11442 - 4s - loss: 1.0212 - accuracy: 0.6525 - val_loss: 7.2321 - val_accuracy: 0.2595

Epoch 00027: val_loss did not improve from 2.76182
Epoch 28/100
11442/11442 - 4s - loss: 1.0183 - accuracy: 0.6522 - val_loss: 7.5359 - val_accuracy: 0.2380

Epoch 00028: val_loss did not improve from 2.76182
Epoch 29/100
11442/11442 - 4s - loss: 1.0152 - accuracy: 0.6538 - val_loss: 7.5511 - val_accuracy: 0.2513

Epoch 00029: val_loss did not improve from 2.76182
Epoch 30/100
11442/11442 - 4s - loss: 1.0136 - accuracy: 0.6536 - val_loss: 7.5459 - val_accuracy: 0.2470

Epoch 00030: val_loss did not improve from 2.76182
Epoch 31/100
11442/11442 - 4s - loss: 1.0115 - accuracy: 0.6547 - val_loss: 7.8208 - val_accuracy: 0.2367

Epoch 00031: val_loss did not improve from 2.76182
Epoch 32/100
11442/11442 - 4s - loss: 1.0090 - accuracy: 0.6535 - val_loss: 7.7324 - val_accuracy: 0.2530

Epoch 00032: val_loss did not improve from 2.76182
Epoch 33/100
11442/11442 - 4s - loss: 1.0069 - accuracy: 0.6547 - val_loss: 7.7935 - val_accuracy: 0.2426

Epoch 00033: val_loss did not improve from 2.76182
Epoch 34/100
11442/11442 - 4s - loss: 1.0061 - accuracy: 0.6552 - val_loss: 7.9529 - val_accuracy: 0.2383

Epoch 00034: val_loss did not improve from 2.76182
Epoch 35/100
11442/11442 - 4s - loss: 1.0037 - accuracy: 0.6551 - val_loss: 7.7926 - val_accuracy: 0.2543

Epoch 00035: val_loss did not improve from 2.76182
Epoch 36/100
11442/11442 - 4s - loss: 1.0026 - accuracy: 0.6566 - val_loss: 8.3043 - val_accuracy: 0.2393

Epoch 00036: val_loss did not improve from 2.76182
Epoch 37/100
11442/11442 - 4s - loss: 1.0000 - accuracy: 0.6577 - val_loss: 8.0875 - val_accuracy: 0.2340

Epoch 00037: val_loss did not improve from 2.76182
Epoch 38/100
11442/11442 - 4s - loss: 0.9983 - accuracy: 0.6571 - val_loss: 8.0984 - val_accuracy: 0.2519

Epoch 00038: val_loss did not improve from 2.76182
Epoch 39/100
11442/11442 - 4s - loss: 0.9965 - accuracy: 0.6579 - val_loss: 8.2922 - val_accuracy: 0.2450

Epoch 00039: val_loss did not improve from 2.76182
Epoch 40/100
11442/11442 - 4s - loss: 0.9952 - accuracy: 0.6583 - val_loss: 8.0299 - val_accuracy: 0.2456

Epoch 00040: val_loss did not improve from 2.76182
Epoch 41/100
11442/11442 - 4s - loss: 0.9934 - accuracy: 0.6594 - val_loss: 8.0853 - val_accuracy: 0.2492

Epoch 00041: val_loss did not improve from 2.76182
Epoch 42/100
11442/11442 - 4s - loss: 0.9912 - accuracy: 0.6586 - val_loss: 8.3715 - val_accuracy: 0.2476

Epoch 00042: val_loss did not improve from 2.76182
Epoch 43/100
11442/11442 - 4s - loss: 0.9895 - accuracy: 0.6605 - val_loss: 8.5645 - val_accuracy: 0.2454

Epoch 00043: val_loss did not improve from 2.76182
Epoch 44/100
11442/11442 - 4s - loss: 0.9886 - accuracy: 0.6608 - val_loss: 8.5302 - val_accuracy: 0.2451

Epoch 00044: val_loss did not improve from 2.76182
Epoch 45/100
11442/11442 - 4s - loss: 0.9869 - accuracy: 0.6611 - val_loss: 8.3991 - val_accuracy: 0.2503

Epoch 00045: val_loss did not improve from 2.76182
Epoch 46/100
11442/11442 - 4s - loss: 0.9857 - accuracy: 0.6613 - val_loss: 8.6578 - val_accuracy: 0.2436

Epoch 00046: val_loss did not improve from 2.76182
Epoch 47/100
11442/11442 - 4s - loss: 0.9847 - accuracy: 0.6631 - val_loss: 8.6115 - val_accuracy: 0.2328

Epoch 00047: val_loss did not improve from 2.76182
Epoch 48/100
11442/11442 - 4s - loss: 0.9828 - accuracy: 0.6619 - val_loss: 8.6064 - val_accuracy: 0.2436

Epoch 00048: val_loss did not improve from 2.76182
Epoch 49/100
11442/11442 - 4s - loss: 0.9819 - accuracy: 0.6633 - val_loss: 8.7661 - val_accuracy: 0.2529

Epoch 00049: val_loss did not improve from 2.76182
Epoch 50/100
11442/11442 - 4s - loss: 0.9812 - accuracy: 0.6634 - val_loss: 9.0182 - val_accuracy: 0.2441

Epoch 00050: val_loss did not improve from 2.76182
Epoch 51/100
11442/11442 - 4s - loss: 0.9807 - accuracy: 0.6632 - val_loss: 9.1577 - val_accuracy: 0.2402

Epoch 00051: val_loss did not improve from 2.76182
Epoch 52/100
11442/11442 - 4s - loss: 0.9799 - accuracy: 0.6644 - val_loss: 8.9806 - val_accuracy: 0.2478

Epoch 00052: val_loss did not improve from 2.76182
Epoch 53/100
11442/11442 - 4s - loss: 0.9778 - accuracy: 0.6648 - val_loss: 9.0873 - val_accuracy: 0.2467

Epoch 00053: val_loss did not improve from 2.76182
Epoch 54/100
11442/11442 - 4s - loss: 0.9765 - accuracy: 0.6651 - val_loss: 9.0806 - val_accuracy: 0.2417

Epoch 00054: val_loss did not improve from 2.76182
Epoch 55/100
11442/11442 - 4s - loss: 0.9758 - accuracy: 0.6649 - val_loss: 9.0415 - val_accuracy: 0.2410

Epoch 00055: val_loss did not improve from 2.76182
Epoch 56/100
11442/11442 - 4s - loss: 0.9759 - accuracy: 0.6658 - val_loss: 9.2385 - val_accuracy: 0.2371

Epoch 00056: val_loss did not improve from 2.76182
Epoch 57/100
11442/11442 - 4s - loss: 0.9743 - accuracy: 0.6656 - val_loss: 9.3382 - val_accuracy: 0.2446

Epoch 00057: val_loss did not improve from 2.76182
Epoch 58/100
11442/11442 - 4s - loss: 0.9729 - accuracy: 0.6666 - val_loss: 9.1179 - val_accuracy: 0.2430

Epoch 00058: val_loss did not improve from 2.76182
Epoch 59/100
11442/11442 - 4s - loss: 0.9718 - accuracy: 0.6666 - val_loss: 9.3550 - val_accuracy: 0.2427

Epoch 00059: val_loss did not improve from 2.76182
Epoch 60/100
11442/11442 - 4s - loss: 0.9721 - accuracy: 0.6676 - val_loss: 9.1886 - val_accuracy: 0.2475

Epoch 00060: val_loss did not improve from 2.76182
Epoch 61/100
11442/11442 - 4s - loss: 0.9708 - accuracy: 0.6680 - val_loss: 9.4271 - val_accuracy: 0.2412

Epoch 00061: val_loss did not improve from 2.76182
Epoch 62/100
11442/11442 - 4s - loss: 0.9709 - accuracy: 0.6665 - val_loss: 9.4011 - val_accuracy: 0.2403

Epoch 00062: val_loss did not improve from 2.76182
Epoch 63/100
11442/11442 - 4s - loss: 0.9692 - accuracy: 0.6677 - val_loss: 9.5888 - val_accuracy: 0.2379

Epoch 00063: val_loss did not improve from 2.76182
Epoch 64/100
11442/11442 - 4s - loss: 0.9681 - accuracy: 0.6693 - val_loss: 9.3986 - val_accuracy: 0.2421

Epoch 00064: val_loss did not improve from 2.76182
Epoch 65/100
11442/11442 - 4s - loss: 0.9679 - accuracy: 0.6687 - val_loss: 9.6761 - val_accuracy: 0.2396

Epoch 00065: val_loss did not improve from 2.76182
Epoch 66/100
11442/11442 - 4s - loss: 0.9676 - accuracy: 0.6674 - val_loss: 9.5840 - val_accuracy: 0.2404

Epoch 00066: val_loss did not improve from 2.76182
Epoch 67/100
11442/11442 - 4s - loss: 0.9669 - accuracy: 0.6671 - val_loss: 9.7146 - val_accuracy: 0.2397

Epoch 00067: val_loss did not improve from 2.76182
Epoch 68/100
11442/11442 - 4s - loss: 0.9657 - accuracy: 0.6691 - val_loss: 9.5416 - val_accuracy: 0.2332

Epoch 00068: val_loss did not improve from 2.76182
Epoch 69/100
11442/11442 - 4s - loss: 0.9663 - accuracy: 0.6673 - val_loss: 9.8781 - val_accuracy: 0.2342

Epoch 00069: val_loss did not improve from 2.76182
Epoch 70/100
11442/11442 - 4s - loss: 0.9654 - accuracy: 0.6679 - val_loss: 9.7166 - val_accuracy: 0.2322

Epoch 00070: val_loss did not improve from 2.76182
Epoch 71/100
11442/11442 - 4s - loss: 0.9635 - accuracy: 0.6687 - val_loss: 9.6313 - val_accuracy: 0.2469

Epoch 00071: val_loss did not improve from 2.76182
Epoch 72/100
11442/11442 - 4s - loss: 0.9644 - accuracy: 0.6709 - val_loss: 9.7118 - val_accuracy: 0.2390

Epoch 00072: val_loss did not improve from 2.76182
Epoch 73/100
11442/11442 - 4s - loss: 0.9641 - accuracy: 0.6693 - val_loss: 9.8245 - val_accuracy: 0.2403

Epoch 00073: val_loss did not improve from 2.76182
Epoch 74/100
11442/11442 - 4s - loss: 0.9621 - accuracy: 0.6691 - val_loss: 9.4922 - val_accuracy: 0.2399

Epoch 00074: val_loss did not improve from 2.76182
Epoch 75/100
11442/11442 - 4s - loss: 0.9618 - accuracy: 0.6693 - val_loss: 9.9231 - val_accuracy: 0.2293

Epoch 00075: val_loss did not improve from 2.76182
Epoch 76/100
11442/11442 - 4s - loss: 0.9621 - accuracy: 0.6686 - val_loss: 10.1060 - val_accuracy: 0.2301

Epoch 00076: val_loss did not improve from 2.76182
Epoch 77/100
11442/11442 - 4s - loss: 0.9616 - accuracy: 0.6711 - val_loss: 9.8651 - val_accuracy: 0.2424

Epoch 00077: val_loss did not improve from 2.76182
Epoch 78/100
11442/11442 - 4s - loss: 0.9603 - accuracy: 0.6711 - val_loss: 9.8269 - val_accuracy: 0.2406

Epoch 00078: val_loss did not improve from 2.76182
Epoch 79/100
11442/11442 - 4s - loss: 0.9601 - accuracy: 0.6702 - val_loss: 9.8428 - val_accuracy: 0.2388

Epoch 00079: val_loss did not improve from 2.76182
Epoch 80/100
11442/11442 - 4s - loss: 0.9594 - accuracy: 0.6712 - val_loss: 9.8004 - val_accuracy: 0.2457

Epoch 00080: val_loss did not improve from 2.76182
Epoch 81/100
11442/11442 - 4s - loss: 0.9595 - accuracy: 0.6704 - val_loss: 9.9904 - val_accuracy: 0.2368

Epoch 00081: val_loss did not improve from 2.76182
Epoch 82/100
11442/11442 - 4s - loss: 0.9580 - accuracy: 0.6699 - val_loss: 9.9134 - val_accuracy: 0.2363

Epoch 00082: val_loss did not improve from 2.76182
Epoch 83/100
11442/11442 - 4s - loss: 0.9586 - accuracy: 0.6701 - val_loss: 10.1865 - val_accuracy: 0.2348

Epoch 00083: val_loss did not improve from 2.76182
Epoch 84/100
11442/11442 - 4s - loss: 0.9579 - accuracy: 0.6694 - val_loss: 10.0998 - val_accuracy: 0.2318

Epoch 00084: val_loss did not improve from 2.76182
Epoch 85/100
11442/11442 - 4s - loss: 0.9575 - accuracy: 0.6711 - val_loss: 9.9239 - val_accuracy: 0.2381

Epoch 00085: val_loss did not improve from 2.76182
Epoch 86/100
11442/11442 - 4s - loss: 0.9566 - accuracy: 0.6717 - val_loss: 10.1331 - val_accuracy: 0.2347

Epoch 00086: val_loss did not improve from 2.76182
Epoch 87/100
11442/11442 - 4s - loss: 0.9567 - accuracy: 0.6707 - val_loss: 10.1274 - val_accuracy: 0.2346

Epoch 00087: val_loss did not improve from 2.76182
Epoch 88/100
11442/11442 - 4s - loss: 0.9560 - accuracy: 0.6701 - val_loss: 10.3063 - val_accuracy: 0.2310

Epoch 00088: val_loss did not improve from 2.76182
Epoch 89/100
11442/11442 - 4s - loss: 0.9553 - accuracy: 0.6723 - val_loss: 10.0436 - val_accuracy: 0.2356

Epoch 00089: val_loss did not improve from 2.76182
Epoch 90/100
11442/11442 - 4s - loss: 0.9549 - accuracy: 0.6718 - val_loss: 10.3264 - val_accuracy: 0.2312

Epoch 00090: val_loss did not improve from 2.76182
Epoch 91/100
11442/11442 - 4s - loss: 0.9551 - accuracy: 0.6697 - val_loss: 10.3010 - val_accuracy: 0.2295

Epoch 00091: val_loss did not improve from 2.76182
Epoch 92/100
11442/11442 - 4s - loss: 0.9543 - accuracy: 0.6715 - val_loss: 10.3006 - val_accuracy: 0.2389

Epoch 00092: val_loss did not improve from 2.76182
Epoch 93/100
11442/11442 - 4s - loss: 0.9542 - accuracy: 0.6709 - val_loss: 10.3821 - val_accuracy: 0.2273

Epoch 00093: val_loss did not improve from 2.76182
Epoch 94/100
11442/11442 - 4s - loss: 0.9543 - accuracy: 0.6726 - val_loss: 9.9534 - val_accuracy: 0.2461

Epoch 00094: val_loss did not improve from 2.76182
Epoch 95/100
11442/11442 - 4s - loss: 0.9528 - accuracy: 0.6716 - val_loss: 10.2257 - val_accuracy: 0.2351

Epoch 00095: val_loss did not improve from 2.76182
Epoch 96/100
11442/11442 - 4s - loss: 0.9524 - accuracy: 0.6714 - val_loss: 9.9804 - val_accuracy: 0.2399

Epoch 00096: val_loss did not improve from 2.76182
Epoch 97/100
11442/11442 - 4s - loss: 0.9532 - accuracy: 0.6716 - val_loss: 10.2319 - val_accuracy: 0.2376

Epoch 00097: val_loss did not improve from 2.76182
Epoch 98/100
11442/11442 - 4s - loss: 0.9527 - accuracy: 0.6711 - val_loss: 10.2869 - val_accuracy: 0.2300

Epoch 00098: val_loss did not improve from 2.76182
Epoch 99/100
11442/11442 - 4s - loss: 0.9519 - accuracy: 0.6725 - val_loss: 10.2123 - val_accuracy: 0.2452

Epoch 00099: val_loss did not improve from 2.76182
Epoch 100/100
11442/11442 - 4s - loss: 0.9508 - accuracy: 0.6720 - val_loss: 10.2030 - val_accuracy: 0.2289

Epoch 00100: val_loss did not improve from 2.76182
