Before oversampling: Counter({92.0: 7628, 100.0: 7624, 91.0: 7615, 0.0: 7615, 60.0: 7609, 10.0: 7595, 70.0: 7583, 1.0: 7580, 2.0: 7577, 20.0: 7519, 40.0: 7516, 50.0: 7476, 30.0: 7448, 90.0: 7439, 80.0: 7188})
After oversampling: Counter({100.0: 7628, 92.0: 7628, 91.0: 7628, 90.0: 7628, 20.0: 7628, 1.0: 7628, 80.0: 7628, 70.0: 7628, 0.0: 7628, 50.0: 7628, 30.0: 7628, 10.0: 7628, 40.0: 7628, 2.0: 7628, 60.0: 7628})
Model: "sequential"
_________________________________________________________________
Layer (type)                 Output Shape              Param #   
=================================================================
dense (Dense)                (None, 12)                48        
_________________________________________________________________
dense_1 (Dense)              (None, 15)                195       
=================================================================
Total params: 243
Trainable params: 243
Non-trainable params: 0
_________________________________________________________________
Epoch 1/100
11442/11442 - 5s - loss: 3.4639 - accuracy: 0.1643 - val_loss: 2.3468 - val_accuracy: 0.1971

Epoch 00001: val_loss improved from inf to 2.34682, saving model to ./results/NN_trial_5_raw/cp.ckpt
Epoch 2/100
11442/11442 - 5s - loss: 2.3308 - accuracy: 0.2087 - val_loss: 2.3646 - val_accuracy: 0.1746

Epoch 00002: val_loss did not improve from 2.34682
Epoch 3/100
11442/11442 - 5s - loss: 2.2765 - accuracy: 0.2183 - val_loss: 2.3630 - val_accuracy: 0.1636

Epoch 00003: val_loss did not improve from 2.34682
Epoch 4/100
11442/11442 - 5s - loss: 2.2363 - accuracy: 0.2247 - val_loss: 2.3640 - val_accuracy: 0.1952

Epoch 00004: val_loss did not improve from 2.34682
Epoch 5/100
11442/11442 - 5s - loss: 2.2085 - accuracy: 0.2286 - val_loss: 2.3382 - val_accuracy: 0.1887

Epoch 00005: val_loss improved from 2.34682 to 2.33816, saving model to ./results/NN_trial_5_raw/cp.ckpt
Epoch 6/100
11442/11442 - 5s - loss: 2.1792 - accuracy: 0.2346 - val_loss: 2.2972 - val_accuracy: 0.1701

Epoch 00006: val_loss improved from 2.33816 to 2.29722, saving model to ./results/NN_trial_5_raw/cp.ckpt
Epoch 7/100
11442/11442 - 5s - loss: 2.1671 - accuracy: 0.2392 - val_loss: 2.2428 - val_accuracy: 0.1900

Epoch 00007: val_loss improved from 2.29722 to 2.24281, saving model to ./results/NN_trial_5_raw/cp.ckpt
Epoch 8/100
11442/11442 - 5s - loss: 2.1527 - accuracy: 0.2447 - val_loss: 2.2769 - val_accuracy: 0.1775

Epoch 00008: val_loss did not improve from 2.24281
Epoch 9/100
11442/11442 - 5s - loss: 2.1444 - accuracy: 0.2495 - val_loss: 2.2020 - val_accuracy: 0.1994

Epoch 00009: val_loss improved from 2.24281 to 2.20202, saving model to ./results/NN_trial_5_raw/cp.ckpt
Epoch 10/100
11442/11442 - 5s - loss: 2.1288 - accuracy: 0.2561 - val_loss: 2.2702 - val_accuracy: 0.1736

Epoch 00010: val_loss did not improve from 2.20202
Epoch 11/100
11442/11442 - 5s - loss: 2.1163 - accuracy: 0.2604 - val_loss: 2.2111 - val_accuracy: 0.2196

Epoch 00011: val_loss did not improve from 2.20202
Epoch 12/100
11442/11442 - 5s - loss: 2.1080 - accuracy: 0.2649 - val_loss: 2.2137 - val_accuracy: 0.2016

Epoch 00012: val_loss did not improve from 2.20202
Epoch 13/100
11442/11442 - 5s - loss: 2.1011 - accuracy: 0.2671 - val_loss: 2.2093 - val_accuracy: 0.2132

Epoch 00013: val_loss did not improve from 2.20202
Epoch 14/100
11442/11442 - 5s - loss: 2.0972 - accuracy: 0.2668 - val_loss: 2.1670 - val_accuracy: 0.2213

Epoch 00014: val_loss improved from 2.20202 to 2.16703, saving model to ./results/NN_trial_5_raw/cp.ckpt
Epoch 15/100
11442/11442 - 5s - loss: 2.0916 - accuracy: 0.2692 - val_loss: 2.2521 - val_accuracy: 0.1934

Epoch 00015: val_loss did not improve from 2.16703
Epoch 16/100
11442/11442 - 5s - loss: 2.0894 - accuracy: 0.2699 - val_loss: 2.1790 - val_accuracy: 0.1874

Epoch 00016: val_loss did not improve from 2.16703
Epoch 17/100
11442/11442 - 5s - loss: 2.0876 - accuracy: 0.2746 - val_loss: 2.2077 - val_accuracy: 0.1933

Epoch 00017: val_loss did not improve from 2.16703
Epoch 18/100
11442/11442 - 5s - loss: 2.0853 - accuracy: 0.2724 - val_loss: 2.2045 - val_accuracy: 0.2014

Epoch 00018: val_loss did not improve from 2.16703
Epoch 19/100
11442/11442 - 5s - loss: 2.0841 - accuracy: 0.2729 - val_loss: 2.1920 - val_accuracy: 0.2023

Epoch 00019: val_loss did not improve from 2.16703
Epoch 20/100
11442/11442 - 5s - loss: 2.0822 - accuracy: 0.2724 - val_loss: 2.1680 - val_accuracy: 0.2034

Epoch 00020: val_loss did not improve from 2.16703
Epoch 21/100
11442/11442 - 5s - loss: 2.0807 - accuracy: 0.2751 - val_loss: 2.2022 - val_accuracy: 0.1913

Epoch 00021: val_loss did not improve from 2.16703
Epoch 22/100
11442/11442 - 5s - loss: 2.0800 - accuracy: 0.2757 - val_loss: 2.1613 - val_accuracy: 0.2045

Epoch 00022: val_loss improved from 2.16703 to 2.16127, saving model to ./results/NN_trial_5_raw/cp.ckpt
Epoch 23/100
11442/11442 - 5s - loss: 2.0785 - accuracy: 0.2786 - val_loss: 2.1953 - val_accuracy: 0.2150

Epoch 00023: val_loss did not improve from 2.16127
Epoch 24/100
11442/11442 - 5s - loss: 2.0783 - accuracy: 0.2758 - val_loss: 2.1893 - val_accuracy: 0.2064

Epoch 00024: val_loss did not improve from 2.16127
Epoch 25/100
11442/11442 - 5s - loss: 2.0776 - accuracy: 0.2747 - val_loss: 2.1686 - val_accuracy: 0.2135

Epoch 00025: val_loss did not improve from 2.16127
Epoch 26/100
11442/11442 - 5s - loss: 2.0774 - accuracy: 0.2780 - val_loss: 2.2105 - val_accuracy: 0.2178

Epoch 00026: val_loss did not improve from 2.16127
Epoch 27/100
11442/11442 - 5s - loss: 2.0769 - accuracy: 0.2783 - val_loss: 2.1598 - val_accuracy: 0.2056

Epoch 00027: val_loss improved from 2.16127 to 2.15983, saving model to ./results/NN_trial_5_raw/cp.ckpt
Epoch 28/100
11442/11442 - 5s - loss: 2.0755 - accuracy: 0.2780 - val_loss: 2.1636 - val_accuracy: 0.2108

Epoch 00028: val_loss did not improve from 2.15983
Epoch 29/100
11442/11442 - 5s - loss: 2.0759 - accuracy: 0.2775 - val_loss: 2.1625 - val_accuracy: 0.2084

Epoch 00029: val_loss did not improve from 2.15983
Epoch 30/100
11442/11442 - 5s - loss: 2.0750 - accuracy: 0.2782 - val_loss: 2.1660 - val_accuracy: 0.1989

Epoch 00030: val_loss did not improve from 2.15983
Epoch 31/100
11442/11442 - 5s - loss: 2.0739 - accuracy: 0.2804 - val_loss: 2.1511 - val_accuracy: 0.1977

Epoch 00031: val_loss improved from 2.15983 to 2.15105, saving model to ./results/NN_trial_5_raw/cp.ckpt
Epoch 32/100
11442/11442 - 5s - loss: 2.0743 - accuracy: 0.2798 - val_loss: 2.1652 - val_accuracy: 0.1917

Epoch 00032: val_loss did not improve from 2.15105
Epoch 33/100
11442/11442 - 5s - loss: 2.0737 - accuracy: 0.2780 - val_loss: 2.1711 - val_accuracy: 0.2099

Epoch 00033: val_loss did not improve from 2.15105
Epoch 34/100
11442/11442 - 5s - loss: 2.0731 - accuracy: 0.2781 - val_loss: 2.2062 - val_accuracy: 0.2200

Epoch 00034: val_loss did not improve from 2.15105
Epoch 35/100
11442/11442 - 5s - loss: 2.0728 - accuracy: 0.2804 - val_loss: 2.1693 - val_accuracy: 0.2283

Epoch 00035: val_loss did not improve from 2.15105
Epoch 36/100
11442/11442 - 5s - loss: 2.0718 - accuracy: 0.2806 - val_loss: 2.1585 - val_accuracy: 0.1967

Epoch 00036: val_loss did not improve from 2.15105
Epoch 37/100
11442/11442 - 5s - loss: 2.0727 - accuracy: 0.2785 - val_loss: 2.1773 - val_accuracy: 0.2034

Epoch 00037: val_loss did not improve from 2.15105
Epoch 38/100
11442/11442 - 5s - loss: 2.0732 - accuracy: 0.2802 - val_loss: 2.1470 - val_accuracy: 0.2007

Epoch 00038: val_loss improved from 2.15105 to 2.14703, saving model to ./results/NN_trial_5_raw/cp.ckpt
Epoch 39/100
11442/11442 - 5s - loss: 2.0717 - accuracy: 0.2801 - val_loss: 2.1379 - val_accuracy: 0.2312

Epoch 00039: val_loss improved from 2.14703 to 2.13791, saving model to ./results/NN_trial_5_raw/cp.ckpt
Epoch 40/100
11442/11442 - 5s - loss: 2.0713 - accuracy: 0.2804 - val_loss: 2.1588 - val_accuracy: 0.1991

Epoch 00040: val_loss did not improve from 2.13791
Epoch 41/100
11442/11442 - 5s - loss: 2.0713 - accuracy: 0.2827 - val_loss: 2.1509 - val_accuracy: 0.1998

Epoch 00041: val_loss did not improve from 2.13791
Epoch 42/100
11442/11442 - 5s - loss: 2.0711 - accuracy: 0.2790 - val_loss: 2.1736 - val_accuracy: 0.2118

Epoch 00042: val_loss did not improve from 2.13791
Epoch 43/100
11442/11442 - 5s - loss: 2.0713 - accuracy: 0.2810 - val_loss: 2.1863 - val_accuracy: 0.2111

Epoch 00043: val_loss did not improve from 2.13791
Epoch 44/100
11442/11442 - 5s - loss: 2.0705 - accuracy: 0.2802 - val_loss: 2.2044 - val_accuracy: 0.1938

Epoch 00044: val_loss did not improve from 2.13791
Epoch 45/100
11442/11442 - 5s - loss: 2.0699 - accuracy: 0.2806 - val_loss: 2.1793 - val_accuracy: 0.2130

Epoch 00045: val_loss did not improve from 2.13791
Epoch 46/100
11442/11442 - 5s - loss: 2.0699 - accuracy: 0.2796 - val_loss: 2.1548 - val_accuracy: 0.2213

Epoch 00046: val_loss did not improve from 2.13791
Epoch 47/100
11442/11442 - 5s - loss: 2.0695 - accuracy: 0.2811 - val_loss: 2.1555 - val_accuracy: 0.2089

Epoch 00047: val_loss did not improve from 2.13791
Epoch 48/100
11442/11442 - 5s - loss: 2.0699 - accuracy: 0.2794 - val_loss: 2.1950 - val_accuracy: 0.2038

Epoch 00048: val_loss did not improve from 2.13791
Epoch 49/100
11442/11442 - 5s - loss: 2.0692 - accuracy: 0.2799 - val_loss: 2.1740 - val_accuracy: 0.2129

Epoch 00049: val_loss did not improve from 2.13791
Epoch 50/100
11442/11442 - 5s - loss: 2.0704 - accuracy: 0.2796 - val_loss: 2.1883 - val_accuracy: 0.2356

Epoch 00050: val_loss did not improve from 2.13791
Epoch 51/100
11442/11442 - 5s - loss: 2.0695 - accuracy: 0.2784 - val_loss: 2.1713 - val_accuracy: 0.2134

Epoch 00051: val_loss did not improve from 2.13791
Epoch 52/100
11442/11442 - 5s - loss: 2.0691 - accuracy: 0.2794 - val_loss: 2.1668 - val_accuracy: 0.2047

Epoch 00052: val_loss did not improve from 2.13791
Epoch 53/100
11442/11442 - 5s - loss: 2.0695 - accuracy: 0.2805 - val_loss: 2.1896 - val_accuracy: 0.2241

Epoch 00053: val_loss did not improve from 2.13791
Epoch 54/100
11442/11442 - 5s - loss: 2.0695 - accuracy: 0.2803 - val_loss: 2.1638 - val_accuracy: 0.2263

Epoch 00054: val_loss did not improve from 2.13791
Epoch 55/100
11442/11442 - 5s - loss: 2.0699 - accuracy: 0.2803 - val_loss: 2.1530 - val_accuracy: 0.2326

Epoch 00055: val_loss did not improve from 2.13791
Epoch 56/100
11442/11442 - 5s - loss: 2.0685 - accuracy: 0.2794 - val_loss: 2.1435 - val_accuracy: 0.2142

Epoch 00056: val_loss did not improve from 2.13791
Epoch 57/100
11442/11442 - 5s - loss: 2.0696 - accuracy: 0.2812 - val_loss: 2.1783 - val_accuracy: 0.2024

Epoch 00057: val_loss did not improve from 2.13791
Epoch 58/100
11442/11442 - 5s - loss: 2.0686 - accuracy: 0.2807 - val_loss: 2.1591 - val_accuracy: 0.1982

Epoch 00058: val_loss did not improve from 2.13791
Epoch 59/100
11442/11442 - 5s - loss: 2.0688 - accuracy: 0.2779 - val_loss: 2.1995 - val_accuracy: 0.2126

Epoch 00059: val_loss did not improve from 2.13791
Epoch 60/100
11442/11442 - 5s - loss: 2.0686 - accuracy: 0.2810 - val_loss: 2.1387 - val_accuracy: 0.2180

Epoch 00060: val_loss did not improve from 2.13791
Epoch 61/100
11442/11442 - 5s - loss: 2.0692 - accuracy: 0.2813 - val_loss: 2.2021 - val_accuracy: 0.2003

Epoch 00061: val_loss did not improve from 2.13791
Epoch 62/100
11442/11442 - 5s - loss: 2.0699 - accuracy: 0.2806 - val_loss: 2.1684 - val_accuracy: 0.2086

Epoch 00062: val_loss did not improve from 2.13791
Epoch 63/100
11442/11442 - 5s - loss: 2.0695 - accuracy: 0.2804 - val_loss: 2.1464 - val_accuracy: 0.2196

Epoch 00063: val_loss did not improve from 2.13791
Epoch 64/100
11442/11442 - 5s - loss: 2.0683 - accuracy: 0.2800 - val_loss: 2.1845 - val_accuracy: 0.2161

Epoch 00064: val_loss did not improve from 2.13791
Epoch 65/100
11442/11442 - 5s - loss: 2.0688 - accuracy: 0.2824 - val_loss: 2.1831 - val_accuracy: 0.2115

Epoch 00065: val_loss did not improve from 2.13791
Epoch 66/100
11442/11442 - 5s - loss: 2.0679 - accuracy: 0.2806 - val_loss: 2.1661 - val_accuracy: 0.2088

Epoch 00066: val_loss did not improve from 2.13791
Epoch 67/100
11442/11442 - 5s - loss: 2.0689 - accuracy: 0.2815 - val_loss: 2.1940 - val_accuracy: 0.2051

Epoch 00067: val_loss did not improve from 2.13791
Epoch 68/100
11442/11442 - 5s - loss: 2.0692 - accuracy: 0.2807 - val_loss: 2.1489 - val_accuracy: 0.2165

Epoch 00068: val_loss did not improve from 2.13791
Epoch 69/100
11442/11442 - 5s - loss: 2.0683 - accuracy: 0.2810 - val_loss: 2.1601 - val_accuracy: 0.2017

Epoch 00069: val_loss did not improve from 2.13791
Epoch 70/100
11442/11442 - 5s - loss: 2.0684 - accuracy: 0.2805 - val_loss: 2.1635 - val_accuracy: 0.1978

Epoch 00070: val_loss did not improve from 2.13791
Epoch 71/100
11442/11442 - 5s - loss: 2.0689 - accuracy: 0.2783 - val_loss: 2.1972 - val_accuracy: 0.2244

Epoch 00071: val_loss did not improve from 2.13791
Epoch 72/100
11442/11442 - 5s - loss: 2.0678 - accuracy: 0.2777 - val_loss: 2.1824 - val_accuracy: 0.2158

Epoch 00072: val_loss did not improve from 2.13791
Epoch 73/100
11442/11442 - 5s - loss: 2.0694 - accuracy: 0.2804 - val_loss: 2.1724 - val_accuracy: 0.1921

Epoch 00073: val_loss did not improve from 2.13791
Epoch 74/100
11442/11442 - 5s - loss: 2.0685 - accuracy: 0.2793 - val_loss: 2.1670 - val_accuracy: 0.2095

Epoch 00074: val_loss did not improve from 2.13791
Epoch 75/100
11442/11442 - 5s - loss: 2.0689 - accuracy: 0.2800 - val_loss: 2.1732 - val_accuracy: 0.2048

Epoch 00075: val_loss did not improve from 2.13791
Epoch 76/100
11442/11442 - 5s - loss: 2.0683 - accuracy: 0.2791 - val_loss: 2.1560 - val_accuracy: 0.2134

Epoch 00076: val_loss did not improve from 2.13791
Epoch 77/100
11442/11442 - 5s - loss: 2.0693 - accuracy: 0.2797 - val_loss: 2.1369 - val_accuracy: 0.2396

Epoch 00077: val_loss improved from 2.13791 to 2.13688, saving model to ./results/NN_trial_5_raw/cp.ckpt
Epoch 78/100
11442/11442 - 5s - loss: 2.0679 - accuracy: 0.2802 - val_loss: 2.1378 - val_accuracy: 0.2143

Epoch 00078: val_loss did not improve from 2.13688
Epoch 79/100
11442/11442 - 5s - loss: 2.0683 - accuracy: 0.2810 - val_loss: 2.1747 - val_accuracy: 0.2112

Epoch 00079: val_loss did not improve from 2.13688
Epoch 80/100
11442/11442 - 5s - loss: 2.0680 - accuracy: 0.2796 - val_loss: 2.1669 - val_accuracy: 0.2219

Epoch 00080: val_loss did not improve from 2.13688
Epoch 81/100
11442/11442 - 5s - loss: 2.0675 - accuracy: 0.2812 - val_loss: 2.1852 - val_accuracy: 0.2191

Epoch 00081: val_loss did not improve from 2.13688
Epoch 82/100
11442/11442 - 5s - loss: 2.0682 - accuracy: 0.2785 - val_loss: 2.1765 - val_accuracy: 0.2082

Epoch 00082: val_loss did not improve from 2.13688
Epoch 83/100
11442/11442 - 5s - loss: 2.0679 - accuracy: 0.2805 - val_loss: 2.1566 - val_accuracy: 0.2019

Epoch 00083: val_loss did not improve from 2.13688
Epoch 84/100
11442/11442 - 5s - loss: 2.0687 - accuracy: 0.2801 - val_loss: 2.1665 - val_accuracy: 0.2024

Epoch 00084: val_loss did not improve from 2.13688
Epoch 85/100
11442/11442 - 5s - loss: 2.0676 - accuracy: 0.2804 - val_loss: 2.1639 - val_accuracy: 0.2178

Epoch 00085: val_loss did not improve from 2.13688
Epoch 86/100
11442/11442 - 5s - loss: 2.0687 - accuracy: 0.2790 - val_loss: 2.1632 - val_accuracy: 0.2318

Epoch 00086: val_loss did not improve from 2.13688
Epoch 87/100
11442/11442 - 5s - loss: 2.0678 - accuracy: 0.2827 - val_loss: 2.1584 - val_accuracy: 0.2082

Epoch 00087: val_loss did not improve from 2.13688
Epoch 88/100
11442/11442 - 5s - loss: 2.0672 - accuracy: 0.2807 - val_loss: 2.1508 - val_accuracy: 0.2162

Epoch 00088: val_loss did not improve from 2.13688
Epoch 89/100
11442/11442 - 5s - loss: 2.0678 - accuracy: 0.2815 - val_loss: 2.1647 - val_accuracy: 0.2168

Epoch 00089: val_loss did not improve from 2.13688
Epoch 90/100
11442/11442 - 5s - loss: 2.0673 - accuracy: 0.2799 - val_loss: 2.1537 - val_accuracy: 0.2104

Epoch 00090: val_loss did not improve from 2.13688
Epoch 91/100
11442/11442 - 5s - loss: 2.0679 - accuracy: 0.2810 - val_loss: 2.1428 - val_accuracy: 0.2165

Epoch 00091: val_loss did not improve from 2.13688
Epoch 92/100
11442/11442 - 5s - loss: 2.0672 - accuracy: 0.2803 - val_loss: 2.1842 - val_accuracy: 0.2152

Epoch 00092: val_loss did not improve from 2.13688
Epoch 93/100
11442/11442 - 5s - loss: 2.0683 - accuracy: 0.2810 - val_loss: 2.1522 - val_accuracy: 0.2217

Epoch 00093: val_loss did not improve from 2.13688
Epoch 94/100
11442/11442 - 5s - loss: 2.0683 - accuracy: 0.2798 - val_loss: 2.1612 - val_accuracy: 0.2102

Epoch 00094: val_loss did not improve from 2.13688
Epoch 95/100
11442/11442 - 5s - loss: 2.0680 - accuracy: 0.2796 - val_loss: 2.1620 - val_accuracy: 0.2232

Epoch 00095: val_loss did not improve from 2.13688
Epoch 96/100
11442/11442 - 5s - loss: 2.0671 - accuracy: 0.2808 - val_loss: 2.1811 - val_accuracy: 0.2235

Epoch 00096: val_loss did not improve from 2.13688
Epoch 97/100
11442/11442 - 5s - loss: 2.0682 - accuracy: 0.2802 - val_loss: 2.1604 - val_accuracy: 0.2173

Epoch 00097: val_loss did not improve from 2.13688
Epoch 98/100
11442/11442 - 5s - loss: 2.0682 - accuracy: 0.2819 - val_loss: 2.1517 - val_accuracy: 0.2003

Epoch 00098: val_loss did not improve from 2.13688
Epoch 99/100
11442/11442 - 5s - loss: 2.0677 - accuracy: 0.2809 - val_loss: 2.1760 - val_accuracy: 0.2153

Epoch 00099: val_loss did not improve from 2.13688
Epoch 100/100
11442/11442 - 5s - loss: 2.0674 - accuracy: 0.2799 - val_loss: 2.1494 - val_accuracy: 0.2015

Epoch 00100: val_loss did not improve from 2.13688
