Before oversampling: Counter({92.0: 7628, 100.0: 7624, 91.0: 7615, 0.0: 7615, 60.0: 7609, 10.0: 7595, 70.0: 7583, 1.0: 7580, 2.0: 7577, 20.0: 7519, 40.0: 7516, 50.0: 7476, 30.0: 7448, 90.0: 7439, 80.0: 7188})
After oversampling: Counter({100.0: 7628, 92.0: 7628, 91.0: 7628, 90.0: 7628, 20.0: 7628, 1.0: 7628, 80.0: 7628, 70.0: 7628, 0.0: 7628, 50.0: 7628, 30.0: 7628, 10.0: 7628, 40.0: 7628, 2.0: 7628, 60.0: 7628})
Model: "sequential"
_________________________________________________________________
Layer (type)                 Output Shape              Param #   
=================================================================
dense (Dense)                (None, 14)                112       
_________________________________________________________________
dense_1 (Dense)              (None, 15)                225       
=================================================================
Total params: 337
Trainable params: 337
Non-trainable params: 0
_________________________________________________________________
Epoch 1/100
11442/11442 - 5s - loss: 1.9977 - accuracy: 0.3132 - val_loss: 2.7416 - val_accuracy: 0.1928

Epoch 00001: val_loss improved from inf to 2.74162, saving model to ./results/NN_trial_4/cp.ckpt
Epoch 2/100
11442/11442 - 5s - loss: 1.8036 - accuracy: 0.3889 - val_loss: 2.8776 - val_accuracy: 0.1999

Epoch 00002: val_loss did not improve from 2.74162
Epoch 3/100
11442/11442 - 5s - loss: 1.7398 - accuracy: 0.4100 - val_loss: 2.9975 - val_accuracy: 0.2069

Epoch 00003: val_loss did not improve from 2.74162
Epoch 4/100
11442/11442 - 5s - loss: 1.6905 - accuracy: 0.4271 - val_loss: 3.0645 - val_accuracy: 0.1804

Epoch 00004: val_loss did not improve from 2.74162
Epoch 5/100
11442/11442 - 5s - loss: 1.6462 - accuracy: 0.4346 - val_loss: 3.1224 - val_accuracy: 0.1789

Epoch 00005: val_loss did not improve from 2.74162
Epoch 6/100
11442/11442 - 5s - loss: 1.6129 - accuracy: 0.4401 - val_loss: 3.2381 - val_accuracy: 0.1750

Epoch 00006: val_loss did not improve from 2.74162
Epoch 7/100
11442/11442 - 5s - loss: 1.5835 - accuracy: 0.4472 - val_loss: 3.3504 - val_accuracy: 0.1583

Epoch 00007: val_loss did not improve from 2.74162
Epoch 8/100
11442/11442 - 6s - loss: 1.5557 - accuracy: 0.4585 - val_loss: 3.4300 - val_accuracy: 0.1661

Epoch 00008: val_loss did not improve from 2.74162
Epoch 9/100
11442/11442 - 5s - loss: 1.5278 - accuracy: 0.4657 - val_loss: 3.3914 - val_accuracy: 0.1838

Epoch 00009: val_loss did not improve from 2.74162
Epoch 10/100
11442/11442 - 5s - loss: 1.5047 - accuracy: 0.4745 - val_loss: 3.5670 - val_accuracy: 0.1817

Epoch 00010: val_loss did not improve from 2.74162
Epoch 11/100
11442/11442 - 5s - loss: 1.4863 - accuracy: 0.4833 - val_loss: 3.5134 - val_accuracy: 0.1945

Epoch 00011: val_loss did not improve from 2.74162
Epoch 12/100
11442/11442 - 5s - loss: 1.4710 - accuracy: 0.4902 - val_loss: 3.5418 - val_accuracy: 0.1934

Epoch 00012: val_loss did not improve from 2.74162
Epoch 13/100
11442/11442 - 4s - loss: 1.4582 - accuracy: 0.4971 - val_loss: 3.4934 - val_accuracy: 0.2083

Epoch 00013: val_loss did not improve from 2.74162
Epoch 14/100
11442/11442 - 5s - loss: 1.4465 - accuracy: 0.5027 - val_loss: 3.5658 - val_accuracy: 0.2201

Epoch 00014: val_loss did not improve from 2.74162
Epoch 15/100
11442/11442 - 5s - loss: 1.4362 - accuracy: 0.5065 - val_loss: 3.7174 - val_accuracy: 0.2100

Epoch 00015: val_loss did not improve from 2.74162
Epoch 16/100
11442/11442 - 5s - loss: 1.4272 - accuracy: 0.5099 - val_loss: 3.7543 - val_accuracy: 0.2290

Epoch 00016: val_loss did not improve from 2.74162
Epoch 17/100
11442/11442 - 5s - loss: 1.4190 - accuracy: 0.5106 - val_loss: 3.7311 - val_accuracy: 0.2304

Epoch 00017: val_loss did not improve from 2.74162
Epoch 18/100
11442/11442 - 5s - loss: 1.4100 - accuracy: 0.5145 - val_loss: 3.8221 - val_accuracy: 0.2237

Epoch 00018: val_loss did not improve from 2.74162
Epoch 19/100
11442/11442 - 5s - loss: 1.4011 - accuracy: 0.5215 - val_loss: 3.8256 - val_accuracy: 0.2243

Epoch 00019: val_loss did not improve from 2.74162
Epoch 20/100
11442/11442 - 5s - loss: 1.3903 - accuracy: 0.5253 - val_loss: 3.7747 - val_accuracy: 0.2271

Epoch 00020: val_loss did not improve from 2.74162
Epoch 21/100
11442/11442 - 5s - loss: 1.3793 - accuracy: 0.5328 - val_loss: 3.7843 - val_accuracy: 0.2336

Epoch 00021: val_loss did not improve from 2.74162
Epoch 22/100
11442/11442 - 5s - loss: 1.3704 - accuracy: 0.5346 - val_loss: 3.8833 - val_accuracy: 0.2333

Epoch 00022: val_loss did not improve from 2.74162
Epoch 23/100
11442/11442 - 5s - loss: 1.3614 - accuracy: 0.5378 - val_loss: 3.8793 - val_accuracy: 0.2318

Epoch 00023: val_loss did not improve from 2.74162
Epoch 24/100
11442/11442 - 5s - loss: 1.3538 - accuracy: 0.5405 - val_loss: 4.0826 - val_accuracy: 0.2214

Epoch 00024: val_loss did not improve from 2.74162
Epoch 25/100
11442/11442 - 5s - loss: 1.3476 - accuracy: 0.5432 - val_loss: 4.0543 - val_accuracy: 0.2208

Epoch 00025: val_loss did not improve from 2.74162
Epoch 26/100
11442/11442 - 5s - loss: 1.3411 - accuracy: 0.5464 - val_loss: 4.0921 - val_accuracy: 0.2142

Epoch 00026: val_loss did not improve from 2.74162
Epoch 27/100
11442/11442 - 5s - loss: 1.3360 - accuracy: 0.5475 - val_loss: 4.0973 - val_accuracy: 0.2155

Epoch 00027: val_loss did not improve from 2.74162
Epoch 28/100
11442/11442 - 5s - loss: 1.3310 - accuracy: 0.5486 - val_loss: 4.1736 - val_accuracy: 0.2194

Epoch 00028: val_loss did not improve from 2.74162
Epoch 29/100
11442/11442 - 4s - loss: 1.3263 - accuracy: 0.5494 - val_loss: 4.2415 - val_accuracy: 0.1985

Epoch 00029: val_loss did not improve from 2.74162
Epoch 30/100
11442/11442 - 5s - loss: 1.3219 - accuracy: 0.5522 - val_loss: 4.3317 - val_accuracy: 0.2059

Epoch 00030: val_loss did not improve from 2.74162
Epoch 31/100
11442/11442 - 5s - loss: 1.3183 - accuracy: 0.5518 - val_loss: 4.2274 - val_accuracy: 0.2081

Epoch 00031: val_loss did not improve from 2.74162
Epoch 32/100
11442/11442 - 5s - loss: 1.3142 - accuracy: 0.5541 - val_loss: 4.4395 - val_accuracy: 0.1993

Epoch 00032: val_loss did not improve from 2.74162
Epoch 33/100
11442/11442 - 5s - loss: 1.3100 - accuracy: 0.5548 - val_loss: 4.4460 - val_accuracy: 0.2050

Epoch 00033: val_loss did not improve from 2.74162
Epoch 34/100
11442/11442 - 5s - loss: 1.3059 - accuracy: 0.5558 - val_loss: 4.5511 - val_accuracy: 0.1962

Epoch 00034: val_loss did not improve from 2.74162
Epoch 35/100
11442/11442 - 5s - loss: 1.3027 - accuracy: 0.5585 - val_loss: 4.5354 - val_accuracy: 0.2014

Epoch 00035: val_loss did not improve from 2.74162
Epoch 36/100
11442/11442 - 5s - loss: 1.2994 - accuracy: 0.5579 - val_loss: 4.5004 - val_accuracy: 0.2227

Epoch 00036: val_loss did not improve from 2.74162
Epoch 37/100
11442/11442 - 4s - loss: 1.2964 - accuracy: 0.5581 - val_loss: 4.5932 - val_accuracy: 0.2077

Epoch 00037: val_loss did not improve from 2.74162
Epoch 38/100
11442/11442 - 5s - loss: 1.2937 - accuracy: 0.5591 - val_loss: 4.5391 - val_accuracy: 0.2145

Epoch 00038: val_loss did not improve from 2.74162
Epoch 39/100
11442/11442 - 5s - loss: 1.2903 - accuracy: 0.5605 - val_loss: 4.6725 - val_accuracy: 0.2043

Epoch 00039: val_loss did not improve from 2.74162
Epoch 40/100
11442/11442 - 5s - loss: 1.2886 - accuracy: 0.5626 - val_loss: 4.5589 - val_accuracy: 0.2234

Epoch 00040: val_loss did not improve from 2.74162
Epoch 41/100
11442/11442 - 5s - loss: 1.2847 - accuracy: 0.5639 - val_loss: 4.7397 - val_accuracy: 0.2250

Epoch 00041: val_loss did not improve from 2.74162
Epoch 42/100
11442/11442 - 4s - loss: 1.2833 - accuracy: 0.5652 - val_loss: 4.7941 - val_accuracy: 0.2116

Epoch 00042: val_loss did not improve from 2.74162
Epoch 43/100
11442/11442 - 5s - loss: 1.2798 - accuracy: 0.5646 - val_loss: 4.7823 - val_accuracy: 0.2184

Epoch 00043: val_loss did not improve from 2.74162
Epoch 44/100
11442/11442 - 5s - loss: 1.2779 - accuracy: 0.5644 - val_loss: 4.9509 - val_accuracy: 0.2044

Epoch 00044: val_loss did not improve from 2.74162
Epoch 45/100
11442/11442 - 5s - loss: 1.2750 - accuracy: 0.5662 - val_loss: 4.7811 - val_accuracy: 0.2141

Epoch 00045: val_loss did not improve from 2.74162
Epoch 46/100
11442/11442 - 5s - loss: 1.2726 - accuracy: 0.5654 - val_loss: 4.7638 - val_accuracy: 0.2384

Epoch 00046: val_loss did not improve from 2.74162
Epoch 47/100
11442/11442 - 5s - loss: 1.2698 - accuracy: 0.5674 - val_loss: 4.9268 - val_accuracy: 0.2259

Epoch 00047: val_loss did not improve from 2.74162
Epoch 48/100
11442/11442 - 5s - loss: 1.2674 - accuracy: 0.5692 - val_loss: 4.9266 - val_accuracy: 0.2306

Epoch 00048: val_loss did not improve from 2.74162
Epoch 49/100
11442/11442 - 5s - loss: 1.2653 - accuracy: 0.5694 - val_loss: 4.9364 - val_accuracy: 0.2218

Epoch 00049: val_loss did not improve from 2.74162
Epoch 50/100
11442/11442 - 5s - loss: 1.2625 - accuracy: 0.5709 - val_loss: 5.0365 - val_accuracy: 0.2272

Epoch 00050: val_loss did not improve from 2.74162
Epoch 51/100
11442/11442 - 5s - loss: 1.2612 - accuracy: 0.5711 - val_loss: 4.8731 - val_accuracy: 0.2281

Epoch 00051: val_loss did not improve from 2.74162
Epoch 52/100
11442/11442 - 5s - loss: 1.2596 - accuracy: 0.5712 - val_loss: 5.0082 - val_accuracy: 0.2308

Epoch 00052: val_loss did not improve from 2.74162
Epoch 53/100
11442/11442 - 5s - loss: 1.2576 - accuracy: 0.5715 - val_loss: 5.1456 - val_accuracy: 0.2300

Epoch 00053: val_loss did not improve from 2.74162
Epoch 54/100
11442/11442 - 5s - loss: 1.2557 - accuracy: 0.5740 - val_loss: 5.1038 - val_accuracy: 0.2228

Epoch 00054: val_loss did not improve from 2.74162
Epoch 55/100
11442/11442 - 5s - loss: 1.2544 - accuracy: 0.5724 - val_loss: 5.0837 - val_accuracy: 0.2215

Epoch 00055: val_loss did not improve from 2.74162
Epoch 56/100
11442/11442 - 5s - loss: 1.2517 - accuracy: 0.5737 - val_loss: 4.9711 - val_accuracy: 0.2329

Epoch 00056: val_loss did not improve from 2.74162
Epoch 57/100
11442/11442 - 5s - loss: 1.2503 - accuracy: 0.5733 - val_loss: 5.1593 - val_accuracy: 0.2344

Epoch 00057: val_loss did not improve from 2.74162
Epoch 58/100
11442/11442 - 5s - loss: 1.2494 - accuracy: 0.5735 - val_loss: 5.1678 - val_accuracy: 0.2186

Epoch 00058: val_loss did not improve from 2.74162
Epoch 59/100
11442/11442 - 5s - loss: 1.2475 - accuracy: 0.5761 - val_loss: 5.2025 - val_accuracy: 0.2247

Epoch 00059: val_loss did not improve from 2.74162
Epoch 60/100
11442/11442 - 5s - loss: 1.2461 - accuracy: 0.5760 - val_loss: 5.1445 - val_accuracy: 0.2342

Epoch 00060: val_loss did not improve from 2.74162
Epoch 61/100
11442/11442 - 4s - loss: 1.2459 - accuracy: 0.5745 - val_loss: 5.2936 - val_accuracy: 0.2282

Epoch 00061: val_loss did not improve from 2.74162
Epoch 62/100
11442/11442 - 5s - loss: 1.2437 - accuracy: 0.5763 - val_loss: 5.1368 - val_accuracy: 0.2415

Epoch 00062: val_loss did not improve from 2.74162
Epoch 63/100
11442/11442 - 5s - loss: 1.2421 - accuracy: 0.5766 - val_loss: 5.2276 - val_accuracy: 0.2336

Epoch 00063: val_loss did not improve from 2.74162
Epoch 64/100
11442/11442 - 5s - loss: 1.2404 - accuracy: 0.5764 - val_loss: 5.2955 - val_accuracy: 0.2372

Epoch 00064: val_loss did not improve from 2.74162
Epoch 65/100
11442/11442 - 5s - loss: 1.2395 - accuracy: 0.5772 - val_loss: 5.3522 - val_accuracy: 0.2333

Epoch 00065: val_loss did not improve from 2.74162
Epoch 66/100
11442/11442 - 5s - loss: 1.2382 - accuracy: 0.5770 - val_loss: 5.1591 - val_accuracy: 0.2413

Epoch 00066: val_loss did not improve from 2.74162
Epoch 67/100
11442/11442 - 4s - loss: 1.2376 - accuracy: 0.5778 - val_loss: 5.3384 - val_accuracy: 0.2372

Epoch 00067: val_loss did not improve from 2.74162
Epoch 68/100
11442/11442 - 5s - loss: 1.2358 - accuracy: 0.5791 - val_loss: 5.3372 - val_accuracy: 0.2358

Epoch 00068: val_loss did not improve from 2.74162
Epoch 69/100
11442/11442 - 5s - loss: 1.2340 - accuracy: 0.5789 - val_loss: 5.2897 - val_accuracy: 0.2289

Epoch 00069: val_loss did not improve from 2.74162
Epoch 70/100
11442/11442 - 5s - loss: 1.2332 - accuracy: 0.5798 - val_loss: 5.3386 - val_accuracy: 0.2428

Epoch 00070: val_loss did not improve from 2.74162
Epoch 71/100
11442/11442 - 5s - loss: 1.2314 - accuracy: 0.5803 - val_loss: 5.4082 - val_accuracy: 0.2417

Epoch 00071: val_loss did not improve from 2.74162
Epoch 72/100
11442/11442 - 5s - loss: 1.2304 - accuracy: 0.5789 - val_loss: 5.4188 - val_accuracy: 0.2413

Epoch 00072: val_loss did not improve from 2.74162
Epoch 73/100
11442/11442 - 5s - loss: 1.2292 - accuracy: 0.5798 - val_loss: 5.3766 - val_accuracy: 0.2375

Epoch 00073: val_loss did not improve from 2.74162
Epoch 74/100
11442/11442 - 5s - loss: 1.2271 - accuracy: 0.5806 - val_loss: 5.5647 - val_accuracy: 0.2400

Epoch 00074: val_loss did not improve from 2.74162
Epoch 75/100
11442/11442 - 5s - loss: 1.2273 - accuracy: 0.5811 - val_loss: 5.4736 - val_accuracy: 0.2374

Epoch 00075: val_loss did not improve from 2.74162
Epoch 76/100
11442/11442 - 5s - loss: 1.2253 - accuracy: 0.5819 - val_loss: 5.4657 - val_accuracy: 0.2395

Epoch 00076: val_loss did not improve from 2.74162
Epoch 77/100
11442/11442 - 5s - loss: 1.2240 - accuracy: 0.5822 - val_loss: 5.4221 - val_accuracy: 0.2518

Epoch 00077: val_loss did not improve from 2.74162
Epoch 78/100
11442/11442 - 5s - loss: 1.2234 - accuracy: 0.5821 - val_loss: 5.4045 - val_accuracy: 0.2424

Epoch 00078: val_loss did not improve from 2.74162
Epoch 79/100
11442/11442 - 5s - loss: 1.2219 - accuracy: 0.5820 - val_loss: 5.5407 - val_accuracy: 0.2449

Epoch 00079: val_loss did not improve from 2.74162
Epoch 80/100
11442/11442 - 4s - loss: 1.2209 - accuracy: 0.5830 - val_loss: 5.5054 - val_accuracy: 0.2430

Epoch 00080: val_loss did not improve from 2.74162
Epoch 81/100
11442/11442 - 5s - loss: 1.2203 - accuracy: 0.5837 - val_loss: 5.6207 - val_accuracy: 0.2463

Epoch 00081: val_loss did not improve from 2.74162
Epoch 82/100
11442/11442 - 5s - loss: 1.2198 - accuracy: 0.5840 - val_loss: 5.5957 - val_accuracy: 0.2432

Epoch 00082: val_loss did not improve from 2.74162
Epoch 83/100
11442/11442 - 5s - loss: 1.2190 - accuracy: 0.5830 - val_loss: 5.5607 - val_accuracy: 0.2427

Epoch 00083: val_loss did not improve from 2.74162
Epoch 84/100
11442/11442 - 4s - loss: 1.2186 - accuracy: 0.5838 - val_loss: 5.5496 - val_accuracy: 0.2433

Epoch 00084: val_loss did not improve from 2.74162
Epoch 85/100
11442/11442 - 5s - loss: 1.2172 - accuracy: 0.5834 - val_loss: 5.6008 - val_accuracy: 0.2389

Epoch 00085: val_loss did not improve from 2.74162
Epoch 86/100
11442/11442 - 5s - loss: 1.2158 - accuracy: 0.5851 - val_loss: 5.5381 - val_accuracy: 0.2496

Epoch 00086: val_loss did not improve from 2.74162
Epoch 87/100
11442/11442 - 4s - loss: 1.2158 - accuracy: 0.5833 - val_loss: 5.5383 - val_accuracy: 0.2476

Epoch 00087: val_loss did not improve from 2.74162
Epoch 88/100
11442/11442 - 5s - loss: 1.2151 - accuracy: 0.5850 - val_loss: 5.5648 - val_accuracy: 0.2460

Epoch 00088: val_loss did not improve from 2.74162
Epoch 89/100
11442/11442 - 5s - loss: 1.2142 - accuracy: 0.5838 - val_loss: 5.4645 - val_accuracy: 0.2465

Epoch 00089: val_loss did not improve from 2.74162
Epoch 90/100
11442/11442 - 5s - loss: 1.2135 - accuracy: 0.5863 - val_loss: 5.6249 - val_accuracy: 0.2475

Epoch 00090: val_loss did not improve from 2.74162
Epoch 91/100
11442/11442 - 5s - loss: 1.2124 - accuracy: 0.5873 - val_loss: 5.7012 - val_accuracy: 0.2455

Epoch 00091: val_loss did not improve from 2.74162
Epoch 92/100
11442/11442 - 5s - loss: 1.2118 - accuracy: 0.5866 - val_loss: 5.7529 - val_accuracy: 0.2447

Epoch 00092: val_loss did not improve from 2.74162
Epoch 93/100
11442/11442 - 5s - loss: 1.2108 - accuracy: 0.5852 - val_loss: 5.5717 - val_accuracy: 0.2463

Epoch 00093: val_loss did not improve from 2.74162
Epoch 94/100
11442/11442 - 5s - loss: 1.2102 - accuracy: 0.5875 - val_loss: 5.6501 - val_accuracy: 0.2485

Epoch 00094: val_loss did not improve from 2.74162
Epoch 95/100
11442/11442 - 4s - loss: 1.2096 - accuracy: 0.5868 - val_loss: 5.6504 - val_accuracy: 0.2413

Epoch 00095: val_loss did not improve from 2.74162
Epoch 96/100
11442/11442 - 5s - loss: 1.2089 - accuracy: 0.5868 - val_loss: 5.6987 - val_accuracy: 0.2485

Epoch 00096: val_loss did not improve from 2.74162
Epoch 97/100
11442/11442 - 5s - loss: 1.2093 - accuracy: 0.5872 - val_loss: 5.6950 - val_accuracy: 0.2505

Epoch 00097: val_loss did not improve from 2.74162
Epoch 98/100
11442/11442 - 5s - loss: 1.2087 - accuracy: 0.5877 - val_loss: 5.6587 - val_accuracy: 0.2463

Epoch 00098: val_loss did not improve from 2.74162
Epoch 99/100
11442/11442 - 4s - loss: 1.2078 - accuracy: 0.5872 - val_loss: 5.7012 - val_accuracy: 0.2492

Epoch 00099: val_loss did not improve from 2.74162
Epoch 100/100
11442/11442 - 4s - loss: 1.2069 - accuracy: 0.5877 - val_loss: 5.7758 - val_accuracy: 0.2439

Epoch 00100: val_loss did not improve from 2.74162
