Before oversampling: Counter({0.0: 22772, 40.0: 22601, 10.0: 22562, 70.0: 22210, 91.0: 15243, 100.0: 7624})
After oversampling: Counter({100.0: 22772, 91.0: 22772, 70.0: 22772, 10.0: 22772, 0.0: 22772, 40.0: 22772})
Model: "sequential"
_________________________________________________________________
Layer (type)                 Output Shape              Param #   
=================================================================
dense (Dense)                (None, 16)                304       
_________________________________________________________________
dense_1 (Dense)              (None, 6)                 102       
=================================================================
Total params: 406
Trainable params: 406
Non-trainable params: 0
_________________________________________________________________
Epoch 1/100
13664/13664 - 6s - loss: 1.2393 - accuracy: 0.4881 - val_loss: 1.2156 - val_accuracy: 0.5267

Epoch 00001: val_loss improved from inf to 1.21558, saving model to ./results/NN_GLCM_C6/cp.ckpt
Epoch 2/100
13664/13664 - 6s - loss: 1.1381 - accuracy: 0.5393 - val_loss: 1.1817 - val_accuracy: 0.5347

Epoch 00002: val_loss improved from 1.21558 to 1.18171, saving model to ./results/NN_GLCM_C6/cp.ckpt
Epoch 3/100
13664/13664 - 6s - loss: 1.0930 - accuracy: 0.5560 - val_loss: 1.1417 - val_accuracy: 0.5536

Epoch 00003: val_loss improved from 1.18171 to 1.14170, saving model to ./results/NN_GLCM_C6/cp.ckpt
Epoch 4/100
13664/13664 - 6s - loss: 1.0738 - accuracy: 0.5631 - val_loss: 1.1330 - val_accuracy: 0.5576

Epoch 00004: val_loss improved from 1.14170 to 1.13300, saving model to ./results/NN_GLCM_C6/cp.ckpt
Epoch 5/100
13664/13664 - 6s - loss: 1.0623 - accuracy: 0.5687 - val_loss: 1.1099 - val_accuracy: 0.5602

Epoch 00005: val_loss improved from 1.13300 to 1.10994, saving model to ./results/NN_GLCM_C6/cp.ckpt
Epoch 6/100
13664/13664 - 6s - loss: 1.0541 - accuracy: 0.5721 - val_loss: 1.1142 - val_accuracy: 0.5616

Epoch 00006: val_loss did not improve from 1.10994
Epoch 7/100
13664/13664 - 6s - loss: 1.0484 - accuracy: 0.5740 - val_loss: 1.1096 - val_accuracy: 0.5644

Epoch 00007: val_loss improved from 1.10994 to 1.10961, saving model to ./results/NN_GLCM_C6/cp.ckpt
Epoch 8/100
13664/13664 - 6s - loss: 1.0431 - accuracy: 0.5766 - val_loss: 1.0979 - val_accuracy: 0.5656

Epoch 00008: val_loss improved from 1.10961 to 1.09787, saving model to ./results/NN_GLCM_C6/cp.ckpt
Epoch 9/100
13664/13664 - 6s - loss: 1.0390 - accuracy: 0.5780 - val_loss: 1.0960 - val_accuracy: 0.5739

Epoch 00009: val_loss improved from 1.09787 to 1.09604, saving model to ./results/NN_GLCM_C6/cp.ckpt
Epoch 10/100
13664/13664 - 6s - loss: 1.0358 - accuracy: 0.5802 - val_loss: 1.0902 - val_accuracy: 0.5625

Epoch 00010: val_loss improved from 1.09604 to 1.09020, saving model to ./results/NN_GLCM_C6/cp.ckpt
Epoch 11/100
13664/13664 - 6s - loss: 1.0326 - accuracy: 0.5835 - val_loss: 1.0868 - val_accuracy: 0.5697

Epoch 00011: val_loss improved from 1.09020 to 1.08678, saving model to ./results/NN_GLCM_C6/cp.ckpt
Epoch 12/100
13664/13664 - 6s - loss: 1.0293 - accuracy: 0.5845 - val_loss: 1.0932 - val_accuracy: 0.5608

Epoch 00012: val_loss did not improve from 1.08678
Epoch 13/100
13664/13664 - 6s - loss: 1.0270 - accuracy: 0.5853 - val_loss: 1.0833 - val_accuracy: 0.5739

Epoch 00013: val_loss improved from 1.08678 to 1.08329, saving model to ./results/NN_GLCM_C6/cp.ckpt
Epoch 14/100
13664/13664 - 6s - loss: 1.0259 - accuracy: 0.5861 - val_loss: 1.0754 - val_accuracy: 0.5734

Epoch 00014: val_loss improved from 1.08329 to 1.07540, saving model to ./results/NN_GLCM_C6/cp.ckpt
Epoch 15/100
13664/13664 - 6s - loss: 1.0225 - accuracy: 0.5885 - val_loss: 1.0768 - val_accuracy: 0.5819

Epoch 00015: val_loss did not improve from 1.07540
Epoch 16/100
13664/13664 - 6s - loss: 1.0212 - accuracy: 0.5893 - val_loss: 1.0933 - val_accuracy: 0.5798

Epoch 00016: val_loss did not improve from 1.07540
Epoch 17/100
13664/13664 - 6s - loss: 1.0194 - accuracy: 0.5910 - val_loss: 1.0672 - val_accuracy: 0.5824

Epoch 00017: val_loss improved from 1.07540 to 1.06721, saving model to ./results/NN_GLCM_C6/cp.ckpt
Epoch 18/100
13664/13664 - 6s - loss: 1.0176 - accuracy: 0.5921 - val_loss: 1.0792 - val_accuracy: 0.5791

Epoch 00018: val_loss did not improve from 1.06721
Epoch 19/100
13664/13664 - 6s - loss: 1.0166 - accuracy: 0.5915 - val_loss: 1.0821 - val_accuracy: 0.5828

Epoch 00019: val_loss did not improve from 1.06721
Epoch 20/100
13664/13664 - 6s - loss: 1.0154 - accuracy: 0.5923 - val_loss: 1.0666 - val_accuracy: 0.5830

Epoch 00020: val_loss improved from 1.06721 to 1.06655, saving model to ./results/NN_GLCM_C6/cp.ckpt
Epoch 21/100
13664/13664 - 6s - loss: 1.0141 - accuracy: 0.5944 - val_loss: 1.0818 - val_accuracy: 0.5773

Epoch 00021: val_loss did not improve from 1.06655
Epoch 22/100
13664/13664 - 6s - loss: 1.0133 - accuracy: 0.5927 - val_loss: 1.0832 - val_accuracy: 0.5784

Epoch 00022: val_loss did not improve from 1.06655
Epoch 23/100
13664/13664 - 6s - loss: 1.0119 - accuracy: 0.5941 - val_loss: 1.0720 - val_accuracy: 0.5858

Epoch 00023: val_loss did not improve from 1.06655
Epoch 24/100
13664/13664 - 6s - loss: 1.0118 - accuracy: 0.5955 - val_loss: 1.0748 - val_accuracy: 0.5854

Epoch 00024: val_loss did not improve from 1.06655
Epoch 25/100
13664/13664 - 6s - loss: 1.0102 - accuracy: 0.5959 - val_loss: 1.0750 - val_accuracy: 0.5741

Epoch 00025: val_loss did not improve from 1.06655
Epoch 26/100
13664/13664 - 6s - loss: 1.0097 - accuracy: 0.5970 - val_loss: 1.0849 - val_accuracy: 0.5702

Epoch 00026: val_loss did not improve from 1.06655
Epoch 27/100
13664/13664 - 6s - loss: 1.0084 - accuracy: 0.5954 - val_loss: 1.0698 - val_accuracy: 0.5742

Epoch 00027: val_loss did not improve from 1.06655
Epoch 28/100
13664/13664 - 6s - loss: 1.0074 - accuracy: 0.5973 - val_loss: 1.0761 - val_accuracy: 0.5752

Epoch 00028: val_loss did not improve from 1.06655
Epoch 29/100
13664/13664 - 6s - loss: 1.0075 - accuracy: 0.5985 - val_loss: 1.0690 - val_accuracy: 0.5794

Epoch 00029: val_loss did not improve from 1.06655
Epoch 30/100
13664/13664 - 6s - loss: 1.0067 - accuracy: 0.5979 - val_loss: 1.0792 - val_accuracy: 0.5817

Epoch 00030: val_loss did not improve from 1.06655
Epoch 31/100
13664/13664 - 6s - loss: 1.0059 - accuracy: 0.5986 - val_loss: 1.0799 - val_accuracy: 0.5742

Epoch 00031: val_loss did not improve from 1.06655
Epoch 32/100
13664/13664 - 6s - loss: 1.0058 - accuracy: 0.5979 - val_loss: 1.0696 - val_accuracy: 0.5824

Epoch 00032: val_loss did not improve from 1.06655
Epoch 33/100
13664/13664 - 6s - loss: 1.0047 - accuracy: 0.5988 - val_loss: 1.0772 - val_accuracy: 0.5655

Epoch 00033: val_loss did not improve from 1.06655
Epoch 34/100
13664/13664 - 6s - loss: 1.0048 - accuracy: 0.5981 - val_loss: 1.0780 - val_accuracy: 0.5830

Epoch 00034: val_loss did not improve from 1.06655
Epoch 35/100
13664/13664 - 6s - loss: 1.0042 - accuracy: 0.6000 - val_loss: 1.0741 - val_accuracy: 0.5771

Epoch 00035: val_loss did not improve from 1.06655
Epoch 36/100
13664/13664 - 6s - loss: 1.0032 - accuracy: 0.5982 - val_loss: 1.0869 - val_accuracy: 0.5549

Epoch 00036: val_loss did not improve from 1.06655
Epoch 37/100
13664/13664 - 6s - loss: 1.0021 - accuracy: 0.5996 - val_loss: 1.0788 - val_accuracy: 0.5821

Epoch 00037: val_loss did not improve from 1.06655
Epoch 38/100
13664/13664 - 6s - loss: 1.0027 - accuracy: 0.5998 - val_loss: 1.0720 - val_accuracy: 0.5785

Epoch 00038: val_loss did not improve from 1.06655
Epoch 39/100
13664/13664 - 6s - loss: 1.0023 - accuracy: 0.5999 - val_loss: 1.0695 - val_accuracy: 0.5841

Epoch 00039: val_loss did not improve from 1.06655
Epoch 40/100
13664/13664 - 6s - loss: 1.0010 - accuracy: 0.6006 - val_loss: 1.0926 - val_accuracy: 0.5793

Epoch 00040: val_loss did not improve from 1.06655
Epoch 41/100
13664/13664 - 9s - loss: 1.0010 - accuracy: 0.6018 - val_loss: 1.0780 - val_accuracy: 0.5809

Epoch 00041: val_loss did not improve from 1.06655
Epoch 42/100
13664/13664 - 9s - loss: 1.0003 - accuracy: 0.6003 - val_loss: 1.0670 - val_accuracy: 0.5848

Epoch 00042: val_loss did not improve from 1.06655
Epoch 43/100
13664/13664 - 6s - loss: 0.9992 - accuracy: 0.5996 - val_loss: 1.0718 - val_accuracy: 0.5740

Epoch 00043: val_loss did not improve from 1.06655
Epoch 44/100
13664/13664 - 6s - loss: 0.9988 - accuracy: 0.6011 - val_loss: 1.0617 - val_accuracy: 0.5828

Epoch 00044: val_loss improved from 1.06655 to 1.06173, saving model to ./results/NN_GLCM_C6/cp.ckpt
Epoch 45/100
13664/13664 - 6s - loss: 0.9985 - accuracy: 0.6009 - val_loss: 1.0597 - val_accuracy: 0.5798

Epoch 00045: val_loss improved from 1.06173 to 1.05971, saving model to ./results/NN_GLCM_C6/cp.ckpt
Epoch 46/100
13664/13664 - 6s - loss: 0.9983 - accuracy: 0.6013 - val_loss: 1.0807 - val_accuracy: 0.5728

Epoch 00046: val_loss did not improve from 1.05971
Epoch 47/100
13664/13664 - 6s - loss: 0.9971 - accuracy: 0.6012 - val_loss: 1.0598 - val_accuracy: 0.5847

Epoch 00047: val_loss did not improve from 1.05971
Epoch 48/100
13664/13664 - 6s - loss: 0.9973 - accuracy: 0.6017 - val_loss: 1.0632 - val_accuracy: 0.5842

Epoch 00048: val_loss did not improve from 1.05971
Epoch 49/100
13664/13664 - 6s - loss: 0.9972 - accuracy: 0.6002 - val_loss: 1.0765 - val_accuracy: 0.5827

Epoch 00049: val_loss did not improve from 1.05971
Epoch 50/100
13664/13664 - 6s - loss: 0.9961 - accuracy: 0.6017 - val_loss: 1.0600 - val_accuracy: 0.5843

Epoch 00050: val_loss did not improve from 1.05971
Epoch 51/100
13664/13664 - 6s - loss: 0.9962 - accuracy: 0.6025 - val_loss: 1.0570 - val_accuracy: 0.5813

Epoch 00051: val_loss improved from 1.05971 to 1.05696, saving model to ./results/NN_GLCM_C6/cp.ckpt
Epoch 52/100
13664/13664 - 6s - loss: 0.9950 - accuracy: 0.6022 - val_loss: 1.0679 - val_accuracy: 0.5801

Epoch 00052: val_loss did not improve from 1.05696
Epoch 53/100
13664/13664 - 6s - loss: 0.9949 - accuracy: 0.6018 - val_loss: 1.0690 - val_accuracy: 0.5805

Epoch 00053: val_loss did not improve from 1.05696
Epoch 54/100
13664/13664 - 6s - loss: 0.9943 - accuracy: 0.6015 - val_loss: 1.0648 - val_accuracy: 0.5838

Epoch 00054: val_loss did not improve from 1.05696
Epoch 55/100
13664/13664 - 6s - loss: 0.9939 - accuracy: 0.6034 - val_loss: 1.0573 - val_accuracy: 0.5819

Epoch 00055: val_loss did not improve from 1.05696
Epoch 56/100
13664/13664 - 6s - loss: 0.9932 - accuracy: 0.6033 - val_loss: 1.0807 - val_accuracy: 0.5727

Epoch 00056: val_loss did not improve from 1.05696
Epoch 57/100
13664/13664 - 6s - loss: 0.9934 - accuracy: 0.6035 - val_loss: 1.0669 - val_accuracy: 0.5771

Epoch 00057: val_loss did not improve from 1.05696
Epoch 58/100
13664/13664 - 6s - loss: 0.9934 - accuracy: 0.6046 - val_loss: 1.0643 - val_accuracy: 0.5777

Epoch 00058: val_loss did not improve from 1.05696
Epoch 59/100
13664/13664 - 6s - loss: 0.9923 - accuracy: 0.6043 - val_loss: 1.0676 - val_accuracy: 0.5819

Epoch 00059: val_loss did not improve from 1.05696
Epoch 60/100
13664/13664 - 6s - loss: 0.9925 - accuracy: 0.6045 - val_loss: 1.0581 - val_accuracy: 0.5836

Epoch 00060: val_loss did not improve from 1.05696
Epoch 61/100
13664/13664 - 6s - loss: 0.9925 - accuracy: 0.6041 - val_loss: 1.0674 - val_accuracy: 0.5724

Epoch 00061: val_loss did not improve from 1.05696
Epoch 62/100
13664/13664 - 6s - loss: 0.9915 - accuracy: 0.6051 - val_loss: 1.0872 - val_accuracy: 0.5760

Epoch 00062: val_loss did not improve from 1.05696
Epoch 63/100
13664/13664 - 6s - loss: 0.9915 - accuracy: 0.6047 - val_loss: 1.0636 - val_accuracy: 0.5841

Epoch 00063: val_loss did not improve from 1.05696
Epoch 64/100
13664/13664 - 6s - loss: 0.9911 - accuracy: 0.6046 - val_loss: 1.0686 - val_accuracy: 0.5838

Epoch 00064: val_loss did not improve from 1.05696
Epoch 65/100
13664/13664 - 6s - loss: 0.9906 - accuracy: 0.6032 - val_loss: 1.0680 - val_accuracy: 0.5856

Epoch 00065: val_loss did not improve from 1.05696
Epoch 66/100
13664/13664 - 6s - loss: 0.9902 - accuracy: 0.6055 - val_loss: 1.0956 - val_accuracy: 0.5779

Epoch 00066: val_loss did not improve from 1.05696
Epoch 67/100
13664/13664 - 6s - loss: 0.9892 - accuracy: 0.6057 - val_loss: 1.0681 - val_accuracy: 0.5839

Epoch 00067: val_loss did not improve from 1.05696
Epoch 68/100
13664/13664 - 6s - loss: 0.9898 - accuracy: 0.6048 - val_loss: 1.0726 - val_accuracy: 0.5775

Epoch 00068: val_loss did not improve from 1.05696
Epoch 69/100
13664/13664 - 6s - loss: 0.9895 - accuracy: 0.6047 - val_loss: 1.0709 - val_accuracy: 0.5843

Epoch 00069: val_loss did not improve from 1.05696
Epoch 70/100
13664/13664 - 6s - loss: 0.9892 - accuracy: 0.6045 - val_loss: 1.0601 - val_accuracy: 0.5853

Epoch 00070: val_loss did not improve from 1.05696
Epoch 71/100
13664/13664 - 6s - loss: 0.9884 - accuracy: 0.6049 - val_loss: 1.0758 - val_accuracy: 0.5816

Epoch 00071: val_loss did not improve from 1.05696
Epoch 72/100
13664/13664 - 6s - loss: 0.9887 - accuracy: 0.6051 - val_loss: 1.0658 - val_accuracy: 0.5850

Epoch 00072: val_loss did not improve from 1.05696
Epoch 73/100
13664/13664 - 6s - loss: 0.9884 - accuracy: 0.6045 - val_loss: 1.0617 - val_accuracy: 0.5867

Epoch 00073: val_loss did not improve from 1.05696
Epoch 74/100
13664/13664 - 6s - loss: 0.9881 - accuracy: 0.6057 - val_loss: 1.0833 - val_accuracy: 0.5831

Epoch 00074: val_loss did not improve from 1.05696
Epoch 75/100
13664/13664 - 6s - loss: 0.9875 - accuracy: 0.6062 - val_loss: 1.0517 - val_accuracy: 0.5922

Epoch 00075: val_loss improved from 1.05696 to 1.05172, saving model to ./results/NN_GLCM_C6/cp.ckpt
Epoch 76/100
13664/13664 - 6s - loss: 0.9871 - accuracy: 0.6047 - val_loss: 1.0730 - val_accuracy: 0.5729

Epoch 00076: val_loss did not improve from 1.05172
Epoch 77/100
13664/13664 - 6s - loss: 0.9872 - accuracy: 0.6063 - val_loss: 1.0603 - val_accuracy: 0.5854

Epoch 00077: val_loss did not improve from 1.05172
Epoch 78/100
13664/13664 - 6s - loss: 0.9873 - accuracy: 0.6052 - val_loss: 1.0554 - val_accuracy: 0.5862

Epoch 00078: val_loss did not improve from 1.05172
Epoch 79/100
13664/13664 - 6s - loss: 0.9869 - accuracy: 0.6057 - val_loss: 1.0605 - val_accuracy: 0.5819

Epoch 00079: val_loss did not improve from 1.05172
Epoch 80/100
13664/13664 - 6s - loss: 0.9865 - accuracy: 0.6050 - val_loss: 1.0701 - val_accuracy: 0.5802

Epoch 00080: val_loss did not improve from 1.05172
Epoch 81/100
13664/13664 - 6s - loss: 0.9856 - accuracy: 0.6058 - val_loss: 1.0549 - val_accuracy: 0.5820

Epoch 00081: val_loss did not improve from 1.05172
Epoch 82/100
13664/13664 - 6s - loss: 0.9861 - accuracy: 0.6047 - val_loss: 1.0675 - val_accuracy: 0.5682

Epoch 00082: val_loss did not improve from 1.05172
Epoch 83/100
13664/13664 - 6s - loss: 0.9856 - accuracy: 0.6061 - val_loss: 1.0555 - val_accuracy: 0.5758

Epoch 00083: val_loss did not improve from 1.05172
Epoch 84/100
13664/13664 - 6s - loss: 0.9860 - accuracy: 0.6044 - val_loss: 1.0596 - val_accuracy: 0.5849

Epoch 00084: val_loss did not improve from 1.05172
Epoch 85/100
13664/13664 - 6s - loss: 0.9849 - accuracy: 0.6055 - val_loss: 1.0700 - val_accuracy: 0.5883

Epoch 00085: val_loss did not improve from 1.05172
Epoch 86/100
13664/13664 - 6s - loss: 0.9850 - accuracy: 0.6062 - val_loss: 1.0635 - val_accuracy: 0.5733

Epoch 00086: val_loss did not improve from 1.05172
Epoch 87/100
13664/13664 - 6s - loss: 0.9842 - accuracy: 0.6076 - val_loss: 1.0530 - val_accuracy: 0.5852

Epoch 00087: val_loss did not improve from 1.05172
Epoch 88/100
13664/13664 - 6s - loss: 0.9846 - accuracy: 0.6065 - val_loss: 1.0637 - val_accuracy: 0.5806

Epoch 00088: val_loss did not improve from 1.05172
Epoch 89/100
13664/13664 - 6s - loss: 0.9847 - accuracy: 0.6049 - val_loss: 1.0559 - val_accuracy: 0.5888

Epoch 00089: val_loss did not improve from 1.05172
Epoch 90/100
13664/13664 - 6s - loss: 0.9837 - accuracy: 0.6065 - val_loss: 1.0632 - val_accuracy: 0.5900

Epoch 00090: val_loss did not improve from 1.05172
Epoch 91/100
13664/13664 - 6s - loss: 0.9835 - accuracy: 0.6068 - val_loss: 1.0546 - val_accuracy: 0.5878

Epoch 00091: val_loss did not improve from 1.05172
Epoch 92/100
13664/13664 - 6s - loss: 0.9838 - accuracy: 0.6060 - val_loss: 1.0660 - val_accuracy: 0.5834

Epoch 00092: val_loss did not improve from 1.05172
Epoch 93/100
13664/13664 - 6s - loss: 0.9835 - accuracy: 0.6062 - val_loss: 1.0572 - val_accuracy: 0.5847

Epoch 00093: val_loss did not improve from 1.05172
Epoch 94/100
13664/13664 - 6s - loss: 0.9825 - accuracy: 0.6064 - val_loss: 1.0780 - val_accuracy: 0.5857

Epoch 00094: val_loss did not improve from 1.05172
Epoch 95/100
13664/13664 - 6s - loss: 0.9827 - accuracy: 0.6069 - val_loss: 1.0749 - val_accuracy: 0.5810

Epoch 00095: val_loss did not improve from 1.05172
Epoch 96/100
13664/13664 - 6s - loss: 0.9826 - accuracy: 0.6070 - val_loss: 1.0568 - val_accuracy: 0.5796

Epoch 00096: val_loss did not improve from 1.05172
Epoch 97/100
13664/13664 - 6s - loss: 0.9823 - accuracy: 0.6070 - val_loss: 1.0687 - val_accuracy: 0.5764

Epoch 00097: val_loss did not improve from 1.05172
Epoch 98/100
13664/13664 - 6s - loss: 0.9820 - accuracy: 0.6079 - val_loss: 1.0660 - val_accuracy: 0.5849

Epoch 00098: val_loss did not improve from 1.05172
Epoch 99/100
13664/13664 - 6s - loss: 0.9821 - accuracy: 0.6073 - val_loss: 1.0819 - val_accuracy: 0.5817

Epoch 00099: val_loss did not improve from 1.05172
Epoch 100/100
13664/13664 - 6s - loss: 0.9817 - accuracy: 0.6066 - val_loss: 1.0627 - val_accuracy: 0.5827

Epoch 00100: val_loss did not improve from 1.05172
