Before oversampling: Counter({92.0: 7628, 100.0: 7624, 91.0: 7615, 0.0: 7615, 60.0: 7609, 10.0: 7595, 70.0: 7583, 1.0: 7580, 2.0: 7577, 20.0: 7519, 40.0: 7516, 50.0: 7476, 30.0: 7448, 90.0: 7439, 80.0: 7188})
After oversampling: Counter({100.0: 7628, 92.0: 7628, 91.0: 7628, 90.0: 7628, 20.0: 7628, 1.0: 7628, 80.0: 7628, 70.0: 7628, 0.0: 7628, 50.0: 7628, 30.0: 7628, 10.0: 7628, 40.0: 7628, 2.0: 7628, 60.0: 7628})
Model: "sequential"
_________________________________________________________________
Layer (type)                 Output Shape              Param #   
=================================================================
dense (Dense)                (None, 14)                112       
_________________________________________________________________
dense_1 (Dense)              (None, 15)                225       
=================================================================
Total params: 337
Trainable params: 337
Non-trainable params: 0
_________________________________________________________________
Epoch 1/100
11442/11442 - 4s - loss: 2.0331 - accuracy: 0.2881 - val_loss: 2.7234 - val_accuracy: 0.1964

Epoch 00001: val_loss improved from inf to 2.72337, saving model to ./results/NN_metadata_4/cp.ckpt
Epoch 2/100
11442/11442 - 4s - loss: 1.7846 - accuracy: 0.4005 - val_loss: 2.9717 - val_accuracy: 0.1971

Epoch 00002: val_loss did not improve from 2.72337
Epoch 3/100
11442/11442 - 4s - loss: 1.7179 - accuracy: 0.4194 - val_loss: 3.1477 - val_accuracy: 0.2024

Epoch 00003: val_loss did not improve from 2.72337
Epoch 4/100
11442/11442 - 4s - loss: 1.6696 - accuracy: 0.4337 - val_loss: 3.1466 - val_accuracy: 0.2104

Epoch 00004: val_loss did not improve from 2.72337
Epoch 5/100
11442/11442 - 4s - loss: 1.6277 - accuracy: 0.4457 - val_loss: 3.1655 - val_accuracy: 0.1859

Epoch 00005: val_loss did not improve from 2.72337
Epoch 6/100
11442/11442 - 4s - loss: 1.5952 - accuracy: 0.4557 - val_loss: 3.3007 - val_accuracy: 0.1756

Epoch 00006: val_loss did not improve from 2.72337
Epoch 7/100
11442/11442 - 4s - loss: 1.5707 - accuracy: 0.4615 - val_loss: 3.2040 - val_accuracy: 0.1866

Epoch 00007: val_loss did not improve from 2.72337
Epoch 8/100
11442/11442 - 4s - loss: 1.5498 - accuracy: 0.4703 - val_loss: 3.3003 - val_accuracy: 0.1783

Epoch 00008: val_loss did not improve from 2.72337
Epoch 9/100
11442/11442 - 4s - loss: 1.5309 - accuracy: 0.4784 - val_loss: 3.2725 - val_accuracy: 0.1800

Epoch 00009: val_loss did not improve from 2.72337
Epoch 10/100
11442/11442 - 4s - loss: 1.5142 - accuracy: 0.4848 - val_loss: 3.2919 - val_accuracy: 0.1788

Epoch 00010: val_loss did not improve from 2.72337
Epoch 11/100
11442/11442 - 4s - loss: 1.4997 - accuracy: 0.4897 - val_loss: 3.3035 - val_accuracy: 0.1784

Epoch 00011: val_loss did not improve from 2.72337
Epoch 12/100
11442/11442 - 4s - loss: 1.4869 - accuracy: 0.4946 - val_loss: 3.4700 - val_accuracy: 0.1754

Epoch 00012: val_loss did not improve from 2.72337
Epoch 13/100
11442/11442 - 4s - loss: 1.4748 - accuracy: 0.4972 - val_loss: 3.4345 - val_accuracy: 0.1920

Epoch 00013: val_loss did not improve from 2.72337
Epoch 14/100
11442/11442 - 4s - loss: 1.4648 - accuracy: 0.5012 - val_loss: 3.5440 - val_accuracy: 0.1761

Epoch 00014: val_loss did not improve from 2.72337
Epoch 15/100
11442/11442 - 4s - loss: 1.4550 - accuracy: 0.5075 - val_loss: 3.5835 - val_accuracy: 0.1805

Epoch 00015: val_loss did not improve from 2.72337
Epoch 16/100
11442/11442 - 4s - loss: 1.4453 - accuracy: 0.5134 - val_loss: 3.6579 - val_accuracy: 0.1823

Epoch 00016: val_loss did not improve from 2.72337
Epoch 17/100
11442/11442 - 4s - loss: 1.4356 - accuracy: 0.5155 - val_loss: 3.5738 - val_accuracy: 0.1834

Epoch 00017: val_loss did not improve from 2.72337
Epoch 18/100
11442/11442 - 4s - loss: 1.4256 - accuracy: 0.5199 - val_loss: 3.6067 - val_accuracy: 0.1878

Epoch 00018: val_loss did not improve from 2.72337
Epoch 19/100
11442/11442 - 4s - loss: 1.4157 - accuracy: 0.5220 - val_loss: 3.6952 - val_accuracy: 0.1795

Epoch 00019: val_loss did not improve from 2.72337
Epoch 20/100
11442/11442 - 4s - loss: 1.4068 - accuracy: 0.5278 - val_loss: 3.6633 - val_accuracy: 0.1945

Epoch 00020: val_loss did not improve from 2.72337
Epoch 21/100
11442/11442 - 4s - loss: 1.3988 - accuracy: 0.5314 - val_loss: 3.6873 - val_accuracy: 0.1976

Epoch 00021: val_loss did not improve from 2.72337
Epoch 22/100
11442/11442 - 4s - loss: 1.3908 - accuracy: 0.5329 - val_loss: 3.8597 - val_accuracy: 0.1932

Epoch 00022: val_loss did not improve from 2.72337
Epoch 23/100
11442/11442 - 4s - loss: 1.3825 - accuracy: 0.5371 - val_loss: 3.8161 - val_accuracy: 0.1951

Epoch 00023: val_loss did not improve from 2.72337
Epoch 24/100
11442/11442 - 4s - loss: 1.3761 - accuracy: 0.5378 - val_loss: 3.8144 - val_accuracy: 0.1948

Epoch 00024: val_loss did not improve from 2.72337
Epoch 25/100
11442/11442 - 4s - loss: 1.3697 - accuracy: 0.5416 - val_loss: 3.8651 - val_accuracy: 0.2004

Epoch 00025: val_loss did not improve from 2.72337
Epoch 26/100
11442/11442 - 4s - loss: 1.3635 - accuracy: 0.5428 - val_loss: 4.0631 - val_accuracy: 0.1944

Epoch 00026: val_loss did not improve from 2.72337
Epoch 27/100
11442/11442 - 4s - loss: 1.3575 - accuracy: 0.5432 - val_loss: 3.8618 - val_accuracy: 0.1992

Epoch 00027: val_loss did not improve from 2.72337
Epoch 28/100
11442/11442 - 4s - loss: 1.3525 - accuracy: 0.5468 - val_loss: 3.9977 - val_accuracy: 0.1997

Epoch 00028: val_loss did not improve from 2.72337
Epoch 29/100
11442/11442 - 4s - loss: 1.3478 - accuracy: 0.5472 - val_loss: 4.0802 - val_accuracy: 0.2084

Epoch 00029: val_loss did not improve from 2.72337
Epoch 30/100
11442/11442 - 4s - loss: 1.3431 - accuracy: 0.5476 - val_loss: 4.1551 - val_accuracy: 0.1922

Epoch 00030: val_loss did not improve from 2.72337
Epoch 31/100
11442/11442 - 4s - loss: 1.3389 - accuracy: 0.5509 - val_loss: 4.0879 - val_accuracy: 0.2025

Epoch 00031: val_loss did not improve from 2.72337
Epoch 32/100
11442/11442 - 4s - loss: 1.3346 - accuracy: 0.5495 - val_loss: 4.2131 - val_accuracy: 0.2105

Epoch 00032: val_loss did not improve from 2.72337
Epoch 33/100
11442/11442 - 4s - loss: 1.3315 - accuracy: 0.5527 - val_loss: 4.2344 - val_accuracy: 0.2090

Epoch 00033: val_loss did not improve from 2.72337
Epoch 34/100
11442/11442 - 4s - loss: 1.3275 - accuracy: 0.5535 - val_loss: 4.2265 - val_accuracy: 0.2125

Epoch 00034: val_loss did not improve from 2.72337
Epoch 35/100
11442/11442 - 4s - loss: 1.3238 - accuracy: 0.5532 - val_loss: 4.3801 - val_accuracy: 0.2093

Epoch 00035: val_loss did not improve from 2.72337
Epoch 36/100
11442/11442 - 4s - loss: 1.3206 - accuracy: 0.5556 - val_loss: 4.3099 - val_accuracy: 0.2150

Epoch 00036: val_loss did not improve from 2.72337
Epoch 37/100
11442/11442 - 4s - loss: 1.3168 - accuracy: 0.5554 - val_loss: 4.3644 - val_accuracy: 0.2084

Epoch 00037: val_loss did not improve from 2.72337
Epoch 38/100
11442/11442 - 4s - loss: 1.3137 - accuracy: 0.5569 - val_loss: 4.4309 - val_accuracy: 0.2084

Epoch 00038: val_loss did not improve from 2.72337
Epoch 39/100
11442/11442 - 4s - loss: 1.3109 - accuracy: 0.5571 - val_loss: 4.4254 - val_accuracy: 0.2077

Epoch 00039: val_loss did not improve from 2.72337
Epoch 40/100
11442/11442 - 4s - loss: 1.3078 - accuracy: 0.5573 - val_loss: 4.4687 - val_accuracy: 0.2224

Epoch 00040: val_loss did not improve from 2.72337
Epoch 41/100
11442/11442 - 4s - loss: 1.3057 - accuracy: 0.5567 - val_loss: 4.5020 - val_accuracy: 0.2142

Epoch 00041: val_loss did not improve from 2.72337
Epoch 42/100
11442/11442 - 4s - loss: 1.3026 - accuracy: 0.5582 - val_loss: 4.4519 - val_accuracy: 0.2161

Epoch 00042: val_loss did not improve from 2.72337
Epoch 43/100
11442/11442 - 4s - loss: 1.3001 - accuracy: 0.5579 - val_loss: 4.5325 - val_accuracy: 0.2154

Epoch 00043: val_loss did not improve from 2.72337
Epoch 44/100
11442/11442 - 4s - loss: 1.2981 - accuracy: 0.5598 - val_loss: 4.6847 - val_accuracy: 0.2098

Epoch 00044: val_loss did not improve from 2.72337
Epoch 45/100
11442/11442 - 4s - loss: 1.2950 - accuracy: 0.5586 - val_loss: 4.4817 - val_accuracy: 0.2233

Epoch 00045: val_loss did not improve from 2.72337
Epoch 46/100
11442/11442 - 4s - loss: 1.2939 - accuracy: 0.5613 - val_loss: 4.6254 - val_accuracy: 0.2167

Epoch 00046: val_loss did not improve from 2.72337
Epoch 47/100
11442/11442 - 4s - loss: 1.2914 - accuracy: 0.5601 - val_loss: 4.6786 - val_accuracy: 0.2129

Epoch 00047: val_loss did not improve from 2.72337
Epoch 48/100
11442/11442 - 4s - loss: 1.2901 - accuracy: 0.5603 - val_loss: 4.7125 - val_accuracy: 0.2107

Epoch 00048: val_loss did not improve from 2.72337
Epoch 49/100
11442/11442 - 4s - loss: 1.2879 - accuracy: 0.5612 - val_loss: 4.7372 - val_accuracy: 0.2108

Epoch 00049: val_loss did not improve from 2.72337
Epoch 50/100
11442/11442 - 4s - loss: 1.2859 - accuracy: 0.5619 - val_loss: 4.7485 - val_accuracy: 0.2133

Epoch 00050: val_loss did not improve from 2.72337
Epoch 51/100
11442/11442 - 4s - loss: 1.2842 - accuracy: 0.5616 - val_loss: 4.7678 - val_accuracy: 0.2200

Epoch 00051: val_loss did not improve from 2.72337
Epoch 52/100
11442/11442 - 4s - loss: 1.2825 - accuracy: 0.5618 - val_loss: 4.8804 - val_accuracy: 0.2125

Epoch 00052: val_loss did not improve from 2.72337
Epoch 53/100
11442/11442 - 4s - loss: 1.2806 - accuracy: 0.5626 - val_loss: 4.8578 - val_accuracy: 0.2144

Epoch 00053: val_loss did not improve from 2.72337
Epoch 54/100
11442/11442 - 4s - loss: 1.2788 - accuracy: 0.5638 - val_loss: 4.8509 - val_accuracy: 0.2122

Epoch 00054: val_loss did not improve from 2.72337
Epoch 55/100
11442/11442 - 4s - loss: 1.2775 - accuracy: 0.5643 - val_loss: 4.9355 - val_accuracy: 0.2140

Epoch 00055: val_loss did not improve from 2.72337
Epoch 56/100
11442/11442 - 4s - loss: 1.2761 - accuracy: 0.5638 - val_loss: 4.9355 - val_accuracy: 0.2136

Epoch 00056: val_loss did not improve from 2.72337
Epoch 57/100
11442/11442 - 4s - loss: 1.2749 - accuracy: 0.5634 - val_loss: 5.0046 - val_accuracy: 0.2191

Epoch 00057: val_loss did not improve from 2.72337
Epoch 58/100
11442/11442 - 4s - loss: 1.2728 - accuracy: 0.5632 - val_loss: 4.9871 - val_accuracy: 0.2254

Epoch 00058: val_loss did not improve from 2.72337
Epoch 59/100
11442/11442 - 4s - loss: 1.2720 - accuracy: 0.5653 - val_loss: 4.9869 - val_accuracy: 0.2183

Epoch 00059: val_loss did not improve from 2.72337
Epoch 60/100
11442/11442 - 4s - loss: 1.2704 - accuracy: 0.5650 - val_loss: 5.0630 - val_accuracy: 0.2130

Epoch 00060: val_loss did not improve from 2.72337
Epoch 61/100
11442/11442 - 4s - loss: 1.2700 - accuracy: 0.5638 - val_loss: 5.1208 - val_accuracy: 0.2186

Epoch 00061: val_loss did not improve from 2.72337
Epoch 62/100
11442/11442 - 4s - loss: 1.2683 - accuracy: 0.5658 - val_loss: 5.0368 - val_accuracy: 0.2256

Epoch 00062: val_loss did not improve from 2.72337
Epoch 63/100
11442/11442 - 4s - loss: 1.2660 - accuracy: 0.5651 - val_loss: 5.1007 - val_accuracy: 0.2162

Epoch 00063: val_loss did not improve from 2.72337
Epoch 64/100
11442/11442 - 4s - loss: 1.2654 - accuracy: 0.5678 - val_loss: 5.1378 - val_accuracy: 0.2193

Epoch 00064: val_loss did not improve from 2.72337
Epoch 65/100
11442/11442 - 4s - loss: 1.2644 - accuracy: 0.5669 - val_loss: 5.1736 - val_accuracy: 0.2149

Epoch 00065: val_loss did not improve from 2.72337
Epoch 66/100
11442/11442 - 4s - loss: 1.2631 - accuracy: 0.5657 - val_loss: 5.1892 - val_accuracy: 0.2039

Epoch 00066: val_loss did not improve from 2.72337
Epoch 67/100
11442/11442 - 4s - loss: 1.2626 - accuracy: 0.5670 - val_loss: 5.0934 - val_accuracy: 0.2193

Epoch 00067: val_loss did not improve from 2.72337
Epoch 68/100
11442/11442 - 4s - loss: 1.2622 - accuracy: 0.5677 - val_loss: 5.1783 - val_accuracy: 0.2224

Epoch 00068: val_loss did not improve from 2.72337
Epoch 69/100
11442/11442 - 4s - loss: 1.2605 - accuracy: 0.5678 - val_loss: 5.2402 - val_accuracy: 0.2158

Epoch 00069: val_loss did not improve from 2.72337
Epoch 70/100
11442/11442 - 4s - loss: 1.2587 - accuracy: 0.5693 - val_loss: 5.2447 - val_accuracy: 0.2141

Epoch 00070: val_loss did not improve from 2.72337
Epoch 71/100
11442/11442 - 4s - loss: 1.2571 - accuracy: 0.5686 - val_loss: 5.2786 - val_accuracy: 0.2175

Epoch 00071: val_loss did not improve from 2.72337
Epoch 72/100
11442/11442 - 4s - loss: 1.2561 - accuracy: 0.5697 - val_loss: 5.3377 - val_accuracy: 0.2185

Epoch 00072: val_loss did not improve from 2.72337
Epoch 73/100
11442/11442 - 4s - loss: 1.2547 - accuracy: 0.5721 - val_loss: 5.2337 - val_accuracy: 0.2170

Epoch 00073: val_loss did not improve from 2.72337
Epoch 74/100
11442/11442 - 4s - loss: 1.2526 - accuracy: 0.5722 - val_loss: 5.3845 - val_accuracy: 0.2143

Epoch 00074: val_loss did not improve from 2.72337
Epoch 75/100
11442/11442 - 4s - loss: 1.2513 - accuracy: 0.5723 - val_loss: 5.2651 - val_accuracy: 0.2268

Epoch 00075: val_loss did not improve from 2.72337
Epoch 76/100
11442/11442 - 4s - loss: 1.2505 - accuracy: 0.5734 - val_loss: 5.3723 - val_accuracy: 0.2217

Epoch 00076: val_loss did not improve from 2.72337
Epoch 77/100
11442/11442 - 4s - loss: 1.2488 - accuracy: 0.5731 - val_loss: 5.4079 - val_accuracy: 0.2139

Epoch 00077: val_loss did not improve from 2.72337
Epoch 78/100
11442/11442 - 4s - loss: 1.2481 - accuracy: 0.5740 - val_loss: 5.3579 - val_accuracy: 0.2214

Epoch 00078: val_loss did not improve from 2.72337
Epoch 79/100
11442/11442 - 4s - loss: 1.2466 - accuracy: 0.5745 - val_loss: 5.3230 - val_accuracy: 0.2205

Epoch 00079: val_loss did not improve from 2.72337
Epoch 80/100
11442/11442 - 4s - loss: 1.2459 - accuracy: 0.5735 - val_loss: 5.3214 - val_accuracy: 0.2251

Epoch 00080: val_loss did not improve from 2.72337
Epoch 81/100
11442/11442 - 5s - loss: 1.2446 - accuracy: 0.5748 - val_loss: 5.4157 - val_accuracy: 0.2239

Epoch 00081: val_loss did not improve from 2.72337
Epoch 82/100
11442/11442 - 5s - loss: 1.2438 - accuracy: 0.5749 - val_loss: 5.4359 - val_accuracy: 0.2227

Epoch 00082: val_loss did not improve from 2.72337
Epoch 83/100
11442/11442 - 5s - loss: 1.2418 - accuracy: 0.5752 - val_loss: 5.4518 - val_accuracy: 0.2253

Epoch 00083: val_loss did not improve from 2.72337
Epoch 84/100
11442/11442 - 4s - loss: 1.2419 - accuracy: 0.5745 - val_loss: 5.3892 - val_accuracy: 0.2192

Epoch 00084: val_loss did not improve from 2.72337
Epoch 85/100
11442/11442 - 5s - loss: 1.2402 - accuracy: 0.5742 - val_loss: 5.4209 - val_accuracy: 0.2182

Epoch 00085: val_loss did not improve from 2.72337
Epoch 86/100
11442/11442 - 5s - loss: 1.2393 - accuracy: 0.5758 - val_loss: 5.4321 - val_accuracy: 0.2256

Epoch 00086: val_loss did not improve from 2.72337
Epoch 87/100
11442/11442 - 5s - loss: 1.2384 - accuracy: 0.5765 - val_loss: 5.4849 - val_accuracy: 0.2193

Epoch 00087: val_loss did not improve from 2.72337
Epoch 88/100
11442/11442 - 5s - loss: 1.2369 - accuracy: 0.5769 - val_loss: 5.6422 - val_accuracy: 0.2166

Epoch 00088: val_loss did not improve from 2.72337
Epoch 89/100
11442/11442 - 5s - loss: 1.2369 - accuracy: 0.5762 - val_loss: 5.5166 - val_accuracy: 0.2209

Epoch 00089: val_loss did not improve from 2.72337
Epoch 90/100
11442/11442 - 5s - loss: 1.2362 - accuracy: 0.5770 - val_loss: 5.5986 - val_accuracy: 0.2167

Epoch 00090: val_loss did not improve from 2.72337
Epoch 91/100
11442/11442 - 4s - loss: 1.2349 - accuracy: 0.5767 - val_loss: 5.6217 - val_accuracy: 0.2233

Epoch 00091: val_loss did not improve from 2.72337
Epoch 92/100
11442/11442 - 4s - loss: 1.2345 - accuracy: 0.5780 - val_loss: 5.6410 - val_accuracy: 0.2194

Epoch 00092: val_loss did not improve from 2.72337
Epoch 93/100
11442/11442 - 5s - loss: 1.2338 - accuracy: 0.5776 - val_loss: 5.5972 - val_accuracy: 0.2207

Epoch 00093: val_loss did not improve from 2.72337
Epoch 94/100
11442/11442 - 4s - loss: 1.2330 - accuracy: 0.5795 - val_loss: 5.5890 - val_accuracy: 0.2243

Epoch 00094: val_loss did not improve from 2.72337
Epoch 95/100
11442/11442 - 4s - loss: 1.2322 - accuracy: 0.5780 - val_loss: 5.6544 - val_accuracy: 0.2185

Epoch 00095: val_loss did not improve from 2.72337
Epoch 96/100
11442/11442 - 4s - loss: 1.2319 - accuracy: 0.5779 - val_loss: 5.6045 - val_accuracy: 0.2235

Epoch 00096: val_loss did not improve from 2.72337
Epoch 97/100
11442/11442 - 4s - loss: 1.2310 - accuracy: 0.5794 - val_loss: 5.5825 - val_accuracy: 0.2242

Epoch 00097: val_loss did not improve from 2.72337
Epoch 98/100
11442/11442 - 4s - loss: 1.2302 - accuracy: 0.5797 - val_loss: 5.5796 - val_accuracy: 0.2271

Epoch 00098: val_loss did not improve from 2.72337
Epoch 99/100
11442/11442 - 5s - loss: 1.2292 - accuracy: 0.5788 - val_loss: 5.7662 - val_accuracy: 0.2168

Epoch 00099: val_loss did not improve from 2.72337
Epoch 100/100
11442/11442 - 4s - loss: 1.2288 - accuracy: 0.5794 - val_loss: 5.7158 - val_accuracy: 0.2237

Epoch 00100: val_loss did not improve from 2.72337
