Before oversampling: Counter({50.0: 52538, 10.0: 30078, 0.0: 22772, 100.0: 7624})
After oversampling: Counter({100.0: 52538, 50.0: 52538, 10.0: 52538, 0.0: 52538})
Model: "sequential"
_________________________________________________________________
Layer (type)                 Output Shape              Param #   
=================================================================
conv1d (Conv1D)              (None, 14, 64)            384       
_________________________________________________________________
conv1d_1 (Conv1D)            (None, 10, 64)            20544     
_________________________________________________________________
max_pooling1d (MaxPooling1D) (None, 5, 64)             0         
_________________________________________________________________
flatten (Flatten)            (None, 320)               0         
_________________________________________________________________
dense (Dense)                (None, 14)                4494      
_________________________________________________________________
dense_1 (Dense)              (None, 4)                 60        
=================================================================
Total params: 25,482
Trainable params: 25,482
Non-trainable params: 0
_________________________________________________________________
Epoch 1/100
21016/21016 - 18s - loss: 0.7842 - accuracy: 0.6707 - val_loss: 0.7702 - val_accuracy: 0.6770

Epoch 00001: val_loss improved from inf to 0.77017, saving model to ./results/CNN_trial_9/cp.ckpt
Epoch 2/100
21016/21016 - 18s - loss: 0.7293 - accuracy: 0.6977 - val_loss: 0.7320 - val_accuracy: 0.6876

Epoch 00002: val_loss improved from 0.77017 to 0.73202, saving model to ./results/CNN_trial_9/cp.ckpt
Epoch 3/100
21016/21016 - 18s - loss: 0.7151 - accuracy: 0.7004 - val_loss: 0.7552 - val_accuracy: 0.6813

Epoch 00003: val_loss did not improve from 0.73202
Epoch 4/100
21016/21016 - 18s - loss: 0.6992 - accuracy: 0.7058 - val_loss: 0.7010 - val_accuracy: 0.6924

Epoch 00004: val_loss improved from 0.73202 to 0.70099, saving model to ./results/CNN_trial_9/cp.ckpt
Epoch 5/100
21016/21016 - 18s - loss: 0.6861 - accuracy: 0.7102 - val_loss: 0.7014 - val_accuracy: 0.6984

Epoch 00005: val_loss did not improve from 0.70099
Epoch 6/100
21016/21016 - 18s - loss: 0.6782 - accuracy: 0.7147 - val_loss: 0.7205 - val_accuracy: 0.7042

Epoch 00006: val_loss did not improve from 0.70099
Epoch 7/100
21016/21016 - 18s - loss: 0.6734 - accuracy: 0.7153 - val_loss: 0.6920 - val_accuracy: 0.7003

Epoch 00007: val_loss improved from 0.70099 to 0.69198, saving model to ./results/CNN_trial_9/cp.ckpt
Epoch 8/100
21016/21016 - 18s - loss: 0.6708 - accuracy: 0.7163 - val_loss: 0.7181 - val_accuracy: 0.7010

Epoch 00008: val_loss did not improve from 0.69198
Epoch 9/100
21016/21016 - 18s - loss: 0.6669 - accuracy: 0.7194 - val_loss: 0.6887 - val_accuracy: 0.7055

Epoch 00009: val_loss improved from 0.69198 to 0.68874, saving model to ./results/CNN_trial_9/cp.ckpt
Epoch 10/100
21016/21016 - 18s - loss: 0.6642 - accuracy: 0.7197 - val_loss: 0.6828 - val_accuracy: 0.7131

Epoch 00010: val_loss improved from 0.68874 to 0.68280, saving model to ./results/CNN_trial_9/cp.ckpt
Epoch 11/100
21016/21016 - 18s - loss: 0.6629 - accuracy: 0.7207 - val_loss: 0.7208 - val_accuracy: 0.7019

Epoch 00011: val_loss did not improve from 0.68280
Epoch 12/100
21016/21016 - 18s - loss: 0.6596 - accuracy: 0.7214 - val_loss: 0.6992 - val_accuracy: 0.6955

Epoch 00012: val_loss did not improve from 0.68280
Epoch 13/100
21016/21016 - 18s - loss: 0.6589 - accuracy: 0.7212 - val_loss: 0.6869 - val_accuracy: 0.7054

Epoch 00013: val_loss did not improve from 0.68280
Epoch 14/100
21016/21016 - 18s - loss: 0.6569 - accuracy: 0.7227 - val_loss: 0.6826 - val_accuracy: 0.7107

Epoch 00014: val_loss improved from 0.68280 to 0.68256, saving model to ./results/CNN_trial_9/cp.ckpt
Epoch 15/100
21016/21016 - 18s - loss: 0.6548 - accuracy: 0.7243 - val_loss: 0.7144 - val_accuracy: 0.6987

Epoch 00015: val_loss did not improve from 0.68256
Epoch 16/100
21016/21016 - 18s - loss: 0.6537 - accuracy: 0.7246 - val_loss: 0.6947 - val_accuracy: 0.7006

Epoch 00016: val_loss did not improve from 0.68256
Epoch 17/100
21016/21016 - 18s - loss: 0.6530 - accuracy: 0.7246 - val_loss: 0.6914 - val_accuracy: 0.7067

Epoch 00017: val_loss did not improve from 0.68256
Epoch 18/100
21016/21016 - 18s - loss: 0.6507 - accuracy: 0.7253 - val_loss: 0.6976 - val_accuracy: 0.7024

Epoch 00018: val_loss did not improve from 0.68256
Epoch 19/100
21016/21016 - 18s - loss: 0.6496 - accuracy: 0.7260 - val_loss: 0.6936 - val_accuracy: 0.7037

Epoch 00019: val_loss did not improve from 0.68256
Epoch 20/100
21016/21016 - 18s - loss: 0.6482 - accuracy: 0.7267 - val_loss: 0.6986 - val_accuracy: 0.7060

Epoch 00020: val_loss did not improve from 0.68256
Epoch 21/100
21016/21016 - 18s - loss: 0.6472 - accuracy: 0.7261 - val_loss: 0.6928 - val_accuracy: 0.7114

Epoch 00021: val_loss did not improve from 0.68256
Epoch 22/100
21016/21016 - 18s - loss: 0.6457 - accuracy: 0.7262 - val_loss: 0.6797 - val_accuracy: 0.7089

Epoch 00022: val_loss improved from 0.68256 to 0.67973, saving model to ./results/CNN_trial_9/cp.ckpt
Epoch 23/100
21016/21016 - 18s - loss: 0.6448 - accuracy: 0.7280 - val_loss: 0.6872 - val_accuracy: 0.7070

Epoch 00023: val_loss did not improve from 0.67973
Epoch 24/100
21016/21016 - 18s - loss: 0.6441 - accuracy: 0.7283 - val_loss: 0.6793 - val_accuracy: 0.7071

Epoch 00024: val_loss improved from 0.67973 to 0.67927, saving model to ./results/CNN_trial_9/cp.ckpt
Epoch 25/100
21016/21016 - 18s - loss: 0.6428 - accuracy: 0.7280 - val_loss: 0.6802 - val_accuracy: 0.7111

Epoch 00025: val_loss did not improve from 0.67927
Epoch 26/100
21016/21016 - 18s - loss: 0.6421 - accuracy: 0.7289 - val_loss: 0.6883 - val_accuracy: 0.7105

Epoch 00026: val_loss did not improve from 0.67927
Epoch 27/100
21016/21016 - 18s - loss: 0.6417 - accuracy: 0.7282 - val_loss: 0.6906 - val_accuracy: 0.7030

Epoch 00027: val_loss did not improve from 0.67927
Epoch 28/100
21016/21016 - 18s - loss: 0.6399 - accuracy: 0.7298 - val_loss: 0.6716 - val_accuracy: 0.7154

Epoch 00028: val_loss improved from 0.67927 to 0.67158, saving model to ./results/CNN_trial_9/cp.ckpt
Epoch 29/100
21016/21016 - 18s - loss: 0.6391 - accuracy: 0.7301 - val_loss: 0.6763 - val_accuracy: 0.7100

Epoch 00029: val_loss did not improve from 0.67158
Epoch 30/100
21016/21016 - 18s - loss: 0.6390 - accuracy: 0.7301 - val_loss: 0.7033 - val_accuracy: 0.6942

Epoch 00030: val_loss did not improve from 0.67158
Epoch 31/100
21016/21016 - 19s - loss: 0.6378 - accuracy: 0.7311 - val_loss: 0.6730 - val_accuracy: 0.7148

Epoch 00031: val_loss did not improve from 0.67158
Epoch 32/100
21016/21016 - 18s - loss: 0.6372 - accuracy: 0.7315 - val_loss: 0.6839 - val_accuracy: 0.7146

Epoch 00032: val_loss did not improve from 0.67158
Epoch 33/100
21016/21016 - 18s - loss: 0.6356 - accuracy: 0.7312 - val_loss: 0.6906 - val_accuracy: 0.7063

Epoch 00033: val_loss did not improve from 0.67158
Epoch 34/100
21016/21016 - 18s - loss: 0.6360 - accuracy: 0.7317 - val_loss: 0.6912 - val_accuracy: 0.7075

Epoch 00034: val_loss did not improve from 0.67158
Epoch 35/100
21016/21016 - 18s - loss: 0.6350 - accuracy: 0.7317 - val_loss: 0.6614 - val_accuracy: 0.7150

Epoch 00035: val_loss improved from 0.67158 to 0.66140, saving model to ./results/CNN_trial_9/cp.ckpt
Epoch 36/100
21016/21016 - 18s - loss: 0.6332 - accuracy: 0.7317 - val_loss: 0.6664 - val_accuracy: 0.7184

Epoch 00036: val_loss did not improve from 0.66140
Epoch 37/100
21016/21016 - 18s - loss: 0.6318 - accuracy: 0.7335 - val_loss: 0.6733 - val_accuracy: 0.7217

Epoch 00037: val_loss did not improve from 0.66140
Epoch 38/100
21016/21016 - 18s - loss: 0.6327 - accuracy: 0.7338 - val_loss: 0.6997 - val_accuracy: 0.7121

Epoch 00038: val_loss did not improve from 0.66140
Epoch 39/100
21016/21016 - 18s - loss: 0.6322 - accuracy: 0.7334 - val_loss: 0.6860 - val_accuracy: 0.7094

Epoch 00039: val_loss did not improve from 0.66140
Epoch 40/100
21016/21016 - 18s - loss: 0.6316 - accuracy: 0.7319 - val_loss: 0.6723 - val_accuracy: 0.7126

Epoch 00040: val_loss did not improve from 0.66140
Epoch 41/100
21016/21016 - 18s - loss: 0.6310 - accuracy: 0.7342 - val_loss: 0.6740 - val_accuracy: 0.7146

Epoch 00041: val_loss did not improve from 0.66140
Epoch 42/100
21016/21016 - 18s - loss: 0.6306 - accuracy: 0.7339 - val_loss: 0.6851 - val_accuracy: 0.7109

Epoch 00042: val_loss did not improve from 0.66140
Epoch 43/100
21016/21016 - 18s - loss: 0.6294 - accuracy: 0.7341 - val_loss: 0.6962 - val_accuracy: 0.7081

Epoch 00043: val_loss did not improve from 0.66140
Epoch 44/100
21016/21016 - 18s - loss: 0.6301 - accuracy: 0.7337 - val_loss: 0.6547 - val_accuracy: 0.7254

Epoch 00044: val_loss improved from 0.66140 to 0.65471, saving model to ./results/CNN_trial_9/cp.ckpt
Epoch 45/100
21016/21016 - 18s - loss: 0.6288 - accuracy: 0.7346 - val_loss: 0.6934 - val_accuracy: 0.7077

Epoch 00045: val_loss did not improve from 0.65471
Epoch 46/100
21016/21016 - 18s - loss: 0.6289 - accuracy: 0.7351 - val_loss: 0.6679 - val_accuracy: 0.7146

Epoch 00046: val_loss did not improve from 0.65471
Epoch 47/100
21016/21016 - 18s - loss: 0.6282 - accuracy: 0.7338 - val_loss: 0.6623 - val_accuracy: 0.7196

Epoch 00047: val_loss did not improve from 0.65471
Epoch 48/100
21016/21016 - 18s - loss: 0.6272 - accuracy: 0.7358 - val_loss: 0.6772 - val_accuracy: 0.7159

Epoch 00048: val_loss did not improve from 0.65471
Epoch 49/100
21016/21016 - 18s - loss: 0.6281 - accuracy: 0.7359 - val_loss: 0.6684 - val_accuracy: 0.7167

Epoch 00049: val_loss did not improve from 0.65471
Epoch 50/100
21016/21016 - 18s - loss: 0.6274 - accuracy: 0.7347 - val_loss: 0.6816 - val_accuracy: 0.7106

Epoch 00050: val_loss did not improve from 0.65471
Epoch 51/100
21016/21016 - 18s - loss: 0.6265 - accuracy: 0.7349 - val_loss: 0.6805 - val_accuracy: 0.7153

Epoch 00051: val_loss did not improve from 0.65471
Epoch 52/100
21016/21016 - 18s - loss: 0.6258 - accuracy: 0.7365 - val_loss: 0.6725 - val_accuracy: 0.7062

Epoch 00052: val_loss did not improve from 0.65471
Epoch 53/100
21016/21016 - 18s - loss: 0.6259 - accuracy: 0.7354 - val_loss: 0.6872 - val_accuracy: 0.7112

Epoch 00053: val_loss did not improve from 0.65471
Epoch 54/100
21016/21016 - 18s - loss: 0.6245 - accuracy: 0.7372 - val_loss: 0.6899 - val_accuracy: 0.7147

Epoch 00054: val_loss did not improve from 0.65471
Epoch 55/100
21016/21016 - 18s - loss: 0.6247 - accuracy: 0.7369 - val_loss: 0.6871 - val_accuracy: 0.7060

Epoch 00055: val_loss did not improve from 0.65471
Epoch 56/100
21016/21016 - 17s - loss: 0.6248 - accuracy: 0.7372 - val_loss: 0.6726 - val_accuracy: 0.7130

Epoch 00056: val_loss did not improve from 0.65471
Epoch 57/100
21016/21016 - 15s - loss: 0.6248 - accuracy: 0.7364 - val_loss: 0.6873 - val_accuracy: 0.7076

Epoch 00057: val_loss did not improve from 0.65471
Epoch 58/100
21016/21016 - 15s - loss: 0.6241 - accuracy: 0.7367 - val_loss: 0.6768 - val_accuracy: 0.7127

Epoch 00058: val_loss did not improve from 0.65471
Epoch 59/100
21016/21016 - 15s - loss: 0.6234 - accuracy: 0.7371 - val_loss: 0.6903 - val_accuracy: 0.7175

Epoch 00059: val_loss did not improve from 0.65471
Epoch 60/100
21016/21016 - 15s - loss: 0.6236 - accuracy: 0.7378 - val_loss: 0.6886 - val_accuracy: 0.7066

Epoch 00060: val_loss did not improve from 0.65471
Epoch 61/100
21016/21016 - 15s - loss: 0.6231 - accuracy: 0.7370 - val_loss: 0.6696 - val_accuracy: 0.7160

Epoch 00061: val_loss did not improve from 0.65471
Epoch 62/100
21016/21016 - 15s - loss: 0.6223 - accuracy: 0.7385 - val_loss: 0.6980 - val_accuracy: 0.7016

Epoch 00062: val_loss did not improve from 0.65471
Epoch 63/100
21016/21016 - 15s - loss: 0.6223 - accuracy: 0.7376 - val_loss: 0.6996 - val_accuracy: 0.6951

Epoch 00063: val_loss did not improve from 0.65471
Epoch 64/100
21016/21016 - 15s - loss: 0.6217 - accuracy: 0.7370 - val_loss: 0.6805 - val_accuracy: 0.7170

Epoch 00064: val_loss did not improve from 0.65471
Epoch 65/100
21016/21016 - 15s - loss: 0.6214 - accuracy: 0.7382 - val_loss: 0.6869 - val_accuracy: 0.7192

Epoch 00065: val_loss did not improve from 0.65471
Epoch 66/100
21016/21016 - 15s - loss: 0.6217 - accuracy: 0.7377 - val_loss: 0.6927 - val_accuracy: 0.7084

Epoch 00066: val_loss did not improve from 0.65471
Epoch 67/100
21016/21016 - 15s - loss: 0.6215 - accuracy: 0.7378 - val_loss: 0.7182 - val_accuracy: 0.7093

Epoch 00067: val_loss did not improve from 0.65471
Epoch 68/100
21016/21016 - 15s - loss: 0.6206 - accuracy: 0.7386 - val_loss: 0.6984 - val_accuracy: 0.7125

Epoch 00068: val_loss did not improve from 0.65471
Epoch 69/100
21016/21016 - 15s - loss: 0.6199 - accuracy: 0.7377 - val_loss: 0.6864 - val_accuracy: 0.7162

Epoch 00069: val_loss did not improve from 0.65471
Epoch 70/100
21016/21016 - 15s - loss: 0.6208 - accuracy: 0.7396 - val_loss: 0.6691 - val_accuracy: 0.7182

Epoch 00070: val_loss did not improve from 0.65471
Epoch 71/100
21016/21016 - 15s - loss: 0.6188 - accuracy: 0.7395 - val_loss: 0.6595 - val_accuracy: 0.7215

Epoch 00071: val_loss did not improve from 0.65471
Epoch 72/100
21016/21016 - 15s - loss: 0.6205 - accuracy: 0.7388 - val_loss: 0.6629 - val_accuracy: 0.7161

Epoch 00072: val_loss did not improve from 0.65471
Epoch 73/100
21016/21016 - 16s - loss: 0.6186 - accuracy: 0.7394 - val_loss: 0.6876 - val_accuracy: 0.7127

Epoch 00073: val_loss did not improve from 0.65471
Epoch 74/100
21016/21016 - 15s - loss: 0.6183 - accuracy: 0.7392 - val_loss: 0.6715 - val_accuracy: 0.7188

Epoch 00074: val_loss did not improve from 0.65471
Epoch 75/100
21016/21016 - 15s - loss: 0.6188 - accuracy: 0.7393 - val_loss: 0.6655 - val_accuracy: 0.7216

Epoch 00075: val_loss did not improve from 0.65471
Epoch 76/100
21016/21016 - 18s - loss: 0.6182 - accuracy: 0.7400 - val_loss: 0.6759 - val_accuracy: 0.7205

Epoch 00076: val_loss did not improve from 0.65471
Epoch 77/100
21016/21016 - 18s - loss: 0.6180 - accuracy: 0.7395 - val_loss: 0.6874 - val_accuracy: 0.7168

Epoch 00077: val_loss did not improve from 0.65471
Epoch 78/100
21016/21016 - 18s - loss: 0.6180 - accuracy: 0.7403 - val_loss: 0.6738 - val_accuracy: 0.7150

Epoch 00078: val_loss did not improve from 0.65471
Epoch 79/100
21016/21016 - 18s - loss: 0.6178 - accuracy: 0.7402 - val_loss: 0.6756 - val_accuracy: 0.7176

Epoch 00079: val_loss did not improve from 0.65471
Epoch 80/100
21016/21016 - 18s - loss: 0.6177 - accuracy: 0.7385 - val_loss: 0.6695 - val_accuracy: 0.7202

Epoch 00080: val_loss did not improve from 0.65471
Epoch 81/100
21016/21016 - 18s - loss: 0.6177 - accuracy: 0.7406 - val_loss: 0.6702 - val_accuracy: 0.7164

Epoch 00081: val_loss did not improve from 0.65471
Epoch 82/100
21016/21016 - 18s - loss: 0.6175 - accuracy: 0.7398 - val_loss: 0.6698 - val_accuracy: 0.7164

Epoch 00082: val_loss did not improve from 0.65471
Epoch 83/100
21016/21016 - 18s - loss: 0.6173 - accuracy: 0.7399 - val_loss: 0.7015 - val_accuracy: 0.7096

Epoch 00083: val_loss did not improve from 0.65471
Epoch 84/100
21016/21016 - 18s - loss: 0.6164 - accuracy: 0.7399 - val_loss: 0.6976 - val_accuracy: 0.7081

Epoch 00084: val_loss did not improve from 0.65471
Epoch 85/100
21016/21016 - 18s - loss: 0.6169 - accuracy: 0.7399 - val_loss: 0.6606 - val_accuracy: 0.7211

Epoch 00085: val_loss did not improve from 0.65471
Epoch 86/100
21016/21016 - 18s - loss: 0.6167 - accuracy: 0.7415 - val_loss: 0.7036 - val_accuracy: 0.7153

Epoch 00086: val_loss did not improve from 0.65471
Epoch 87/100
21016/21016 - 18s - loss: 0.6170 - accuracy: 0.7413 - val_loss: 0.6865 - val_accuracy: 0.7122

Epoch 00087: val_loss did not improve from 0.65471
Epoch 88/100
21016/21016 - 18s - loss: 0.6152 - accuracy: 0.7415 - val_loss: 0.6707 - val_accuracy: 0.7209

Epoch 00088: val_loss did not improve from 0.65471
Epoch 89/100
21016/21016 - 19s - loss: 0.6150 - accuracy: 0.7415 - val_loss: 0.6940 - val_accuracy: 0.7148

Epoch 00089: val_loss did not improve from 0.65471
Epoch 90/100
21016/21016 - 17s - loss: 0.6150 - accuracy: 0.7411 - val_loss: 0.6597 - val_accuracy: 0.7236

Epoch 00090: val_loss did not improve from 0.65471
Epoch 91/100
21016/21016 - 18s - loss: 0.6155 - accuracy: 0.7410 - val_loss: 0.6932 - val_accuracy: 0.7110

Epoch 00091: val_loss did not improve from 0.65471
Epoch 92/100
21016/21016 - 18s - loss: 0.6142 - accuracy: 0.7418 - val_loss: 0.6599 - val_accuracy: 0.7245

Epoch 00092: val_loss did not improve from 0.65471
Epoch 93/100
21016/21016 - 18s - loss: 0.6142 - accuracy: 0.7419 - val_loss: 0.7172 - val_accuracy: 0.7124

Epoch 00093: val_loss did not improve from 0.65471
Epoch 94/100
21016/21016 - 18s - loss: 0.6142 - accuracy: 0.7412 - val_loss: 0.6647 - val_accuracy: 0.7191

Epoch 00094: val_loss did not improve from 0.65471
Epoch 95/100
21016/21016 - 18s - loss: 0.6138 - accuracy: 0.7425 - val_loss: 0.6643 - val_accuracy: 0.7241

Epoch 00095: val_loss did not improve from 0.65471
Epoch 96/100
21016/21016 - 18s - loss: 0.6134 - accuracy: 0.7429 - val_loss: 0.6890 - val_accuracy: 0.7144

Epoch 00096: val_loss did not improve from 0.65471
Epoch 97/100
21016/21016 - 18s - loss: 0.6144 - accuracy: 0.7424 - val_loss: 0.6855 - val_accuracy: 0.7162

Epoch 00097: val_loss did not improve from 0.65471
Epoch 98/100
21016/21016 - 18s - loss: 0.6130 - accuracy: 0.7433 - val_loss: 0.6933 - val_accuracy: 0.7104

Epoch 00098: val_loss did not improve from 0.65471
Epoch 99/100
21016/21016 - 18s - loss: 0.6132 - accuracy: 0.7429 - val_loss: 0.6728 - val_accuracy: 0.7207

Epoch 00099: val_loss did not improve from 0.65471
Epoch 100/100
21016/21016 - 18s - loss: 0.6130 - accuracy: 0.7432 - val_loss: 0.6652 - val_accuracy: 0.7211

Epoch 00100: val_loss did not improve from 0.65471
