Before oversampling: Counter({50.0: 38006, 0.0: 37856, 1.0: 37836, 70.0: 37779, 20.0: 37752, 80.0: 37699, 10.0: 37678, 60.0: 37677, 92.0: 37673, 2.0: 37641, 91.0: 37630, 30.0: 37505, 90.0: 37480, 100.0: 37475, 40.0: 37235})
After oversampling: Counter({50.0: 38006, 40.0: 38006, 0.0: 37856, 1.0: 37836, 70.0: 37779, 20.0: 37752, 80.0: 37699, 10.0: 37678, 60.0: 37677, 92.0: 37673, 2.0: 37641, 91.0: 37630, 30.0: 37505, 90.0: 37480, 100.0: 37475})
Model: "sequential"
_________________________________________________________________
Layer (type)                 Output Shape              Param #   
=================================================================
conv1d (Conv1D)              (None, 18, 64)            384       
_________________________________________________________________
dense (Dense)                (None, 18, 128)           8320      
_________________________________________________________________
max_pooling1d (MaxPooling1D) (None, 9, 128)            0         
_________________________________________________________________
flatten (Flatten)            (None, 1152)              0         
_________________________________________________________________
dense_1 (Dense)              (None, 15)                17295     
=================================================================
Total params: 25,999
Trainable params: 25,999
Non-trainable params: 0
_________________________________________________________________
Epoch 1/100
56570/56570 - 46s - loss: 1.2072 - accuracy: 0.5786 - val_loss: 4.4236 - val_accuracy: 0.2379

Epoch 00001: val_loss improved from inf to 4.42361, saving model to ./results/CNN_trial_4/cp.ckpt
Epoch 2/100
56570/56570 - 45s - loss: 0.9617 - accuracy: 0.6631 - val_loss: 5.6339 - val_accuracy: 0.2298

Epoch 00002: val_loss did not improve from 4.42361
Epoch 3/100
56570/56570 - 45s - loss: 0.8928 - accuracy: 0.6861 - val_loss: 6.5588 - val_accuracy: 0.2318

Epoch 00003: val_loss did not improve from 4.42361
Epoch 4/100
56570/56570 - 45s - loss: 0.8519 - accuracy: 0.6998 - val_loss: 8.1488 - val_accuracy: 0.2345

Epoch 00004: val_loss did not improve from 4.42361
Epoch 5/100
56570/56570 - 45s - loss: 0.8268 - accuracy: 0.7081 - val_loss: 8.0205 - val_accuracy: 0.2278

Epoch 00005: val_loss did not improve from 4.42361
Epoch 6/100
56570/56570 - 45s - loss: 0.8091 - accuracy: 0.7143 - val_loss: 8.4562 - val_accuracy: 0.2311

Epoch 00006: val_loss did not improve from 4.42361
Epoch 7/100
56570/56570 - 45s - loss: 0.7934 - accuracy: 0.7200 - val_loss: 9.2657 - val_accuracy: 0.2380

Epoch 00007: val_loss did not improve from 4.42361
Epoch 8/100
56570/56570 - 46s - loss: 0.7801 - accuracy: 0.7246 - val_loss: 9.7183 - val_accuracy: 0.2305

Epoch 00008: val_loss did not improve from 4.42361
Epoch 9/100
56570/56570 - 46s - loss: 0.7707 - accuracy: 0.7280 - val_loss: 10.2446 - val_accuracy: 0.2356

Epoch 00009: val_loss did not improve from 4.42361
Epoch 10/100
56570/56570 - 47s - loss: 0.7625 - accuracy: 0.7314 - val_loss: 11.0262 - val_accuracy: 0.2345

Epoch 00010: val_loss did not improve from 4.42361
Epoch 11/100
56570/56570 - 47s - loss: 0.7543 - accuracy: 0.7343 - val_loss: 10.7364 - val_accuracy: 0.2161

Epoch 00011: val_loss did not improve from 4.42361
Epoch 12/100
56570/56570 - 46s - loss: 0.7489 - accuracy: 0.7361 - val_loss: 12.2507 - val_accuracy: 0.2346

Epoch 00012: val_loss did not improve from 4.42361
Epoch 13/100
56570/56570 - 46s - loss: 0.7435 - accuracy: 0.7382 - val_loss: 12.5314 - val_accuracy: 0.2353

Epoch 00013: val_loss did not improve from 4.42361
Epoch 14/100
56570/56570 - 46s - loss: 0.7388 - accuracy: 0.7397 - val_loss: 12.1498 - val_accuracy: 0.2382

Epoch 00014: val_loss did not improve from 4.42361
Epoch 15/100
56570/56570 - 46s - loss: 0.7344 - accuracy: 0.7416 - val_loss: 13.4470 - val_accuracy: 0.2330

Epoch 00015: val_loss did not improve from 4.42361
Epoch 16/100
56570/56570 - 47s - loss: 0.7321 - accuracy: 0.7415 - val_loss: 14.3647 - val_accuracy: 0.2324

Epoch 00016: val_loss did not improve from 4.42361
Epoch 17/100
56570/56570 - 46s - loss: 0.7295 - accuracy: 0.7432 - val_loss: 14.6313 - val_accuracy: 0.2223

Epoch 00017: val_loss did not improve from 4.42361
Epoch 18/100
56570/56570 - 46s - loss: 0.7261 - accuracy: 0.7440 - val_loss: 14.0089 - val_accuracy: 0.2294

Epoch 00018: val_loss did not improve from 4.42361
Epoch 19/100
56570/56570 - 46s - loss: 0.7244 - accuracy: 0.7450 - val_loss: 13.9159 - val_accuracy: 0.2192

Epoch 00019: val_loss did not improve from 4.42361
Epoch 20/100
56570/56570 - 46s - loss: 0.7223 - accuracy: 0.7459 - val_loss: 15.8606 - val_accuracy: 0.2248

Epoch 00020: val_loss did not improve from 4.42361
Epoch 21/100
56570/56570 - 45s - loss: 0.7194 - accuracy: 0.7465 - val_loss: 15.8818 - val_accuracy: 0.2257

Epoch 00021: val_loss did not improve from 4.42361
Epoch 22/100
56570/56570 - 47s - loss: 0.7171 - accuracy: 0.7480 - val_loss: 15.9844 - val_accuracy: 0.2313

Epoch 00022: val_loss did not improve from 4.42361
Epoch 23/100
56570/56570 - 45s - loss: 0.7138 - accuracy: 0.7492 - val_loss: 15.4869 - val_accuracy: 0.2181

Epoch 00023: val_loss did not improve from 4.42361
Epoch 24/100
56570/56570 - 45s - loss: 0.7108 - accuracy: 0.7512 - val_loss: 16.8899 - val_accuracy: 0.2172

Epoch 00024: val_loss did not improve from 4.42361
Epoch 25/100
56570/56570 - 45s - loss: 0.7085 - accuracy: 0.7515 - val_loss: 17.5402 - val_accuracy: 0.2275

Epoch 00025: val_loss did not improve from 4.42361
Epoch 26/100
56570/56570 - 46s - loss: 0.7055 - accuracy: 0.7531 - val_loss: 17.3556 - val_accuracy: 0.2299

Epoch 00026: val_loss did not improve from 4.42361
Epoch 27/100
56570/56570 - 46s - loss: 0.7037 - accuracy: 0.7535 - val_loss: 16.9245 - val_accuracy: 0.2308

Epoch 00027: val_loss did not improve from 4.42361
Epoch 28/100
56570/56570 - 48s - loss: 0.7022 - accuracy: 0.7544 - val_loss: 18.1329 - val_accuracy: 0.2230

Epoch 00028: val_loss did not improve from 4.42361
Epoch 29/100
56570/56570 - 48s - loss: 0.6997 - accuracy: 0.7552 - val_loss: 17.9112 - val_accuracy: 0.2191

Epoch 00029: val_loss did not improve from 4.42361
Epoch 30/100
56570/56570 - 48s - loss: 0.7003 - accuracy: 0.7553 - val_loss: 17.6942 - val_accuracy: 0.2354

Epoch 00030: val_loss did not improve from 4.42361
Epoch 31/100
56570/56570 - 52s - loss: 0.6962 - accuracy: 0.7573 - val_loss: 18.1991 - val_accuracy: 0.2298

Epoch 00031: val_loss did not improve from 4.42361
Epoch 32/100
56570/56570 - 46s - loss: 0.6971 - accuracy: 0.7560 - val_loss: 17.9456 - val_accuracy: 0.2337

Epoch 00032: val_loss did not improve from 4.42361
Epoch 33/100
56570/56570 - 53s - loss: 0.6949 - accuracy: 0.7576 - val_loss: 18.1876 - val_accuracy: 0.2215

Epoch 00033: val_loss did not improve from 4.42361
Epoch 34/100
56570/56570 - 46s - loss: 0.6948 - accuracy: 0.7580 - val_loss: 17.7970 - val_accuracy: 0.2371

Epoch 00034: val_loss did not improve from 4.42361
Epoch 35/100
56570/56570 - 52s - loss: 0.6943 - accuracy: 0.7568 - val_loss: 18.0765 - val_accuracy: 0.2270

Epoch 00035: val_loss did not improve from 4.42361
Epoch 36/100
56570/56570 - 46s - loss: 0.6920 - accuracy: 0.7584 - val_loss: 18.2648 - val_accuracy: 0.2212

Epoch 00036: val_loss did not improve from 4.42361
Epoch 37/100
56570/56570 - 49s - loss: 0.6918 - accuracy: 0.7590 - val_loss: 19.2785 - val_accuracy: 0.2314

Epoch 00037: val_loss did not improve from 4.42361
Epoch 38/100
56570/56570 - 46s - loss: 0.6905 - accuracy: 0.7589 - val_loss: 18.5659 - val_accuracy: 0.2168

Epoch 00038: val_loss did not improve from 4.42361
Epoch 39/100
56570/56570 - 47s - loss: 0.6906 - accuracy: 0.7586 - val_loss: 19.5610 - val_accuracy: 0.2252

Epoch 00039: val_loss did not improve from 4.42361
Epoch 40/100
56570/56570 - 45s - loss: 0.6905 - accuracy: 0.7591 - val_loss: 17.7571 - val_accuracy: 0.2338

Epoch 00040: val_loss did not improve from 4.42361
Epoch 41/100
56570/56570 - 46s - loss: 0.6887 - accuracy: 0.7599 - val_loss: 17.7432 - val_accuracy: 0.2242

Epoch 00041: val_loss did not improve from 4.42361
Epoch 42/100
56570/56570 - 45s - loss: 0.6887 - accuracy: 0.7607 - val_loss: 19.3277 - val_accuracy: 0.2275

Epoch 00042: val_loss did not improve from 4.42361
Epoch 43/100
56570/56570 - 46s - loss: 0.6889 - accuracy: 0.7599 - val_loss: 18.6878 - val_accuracy: 0.2333

Epoch 00043: val_loss did not improve from 4.42361
Epoch 44/100
56570/56570 - 45s - loss: 0.6885 - accuracy: 0.7600 - val_loss: 18.8787 - val_accuracy: 0.2265

Epoch 00044: val_loss did not improve from 4.42361
Epoch 45/100
56570/56570 - 45s - loss: 0.6880 - accuracy: 0.7605 - val_loss: 19.5129 - val_accuracy: 0.2242

Epoch 00045: val_loss did not improve from 4.42361
Epoch 46/100
56570/56570 - 45s - loss: 0.6871 - accuracy: 0.7606 - val_loss: 19.9942 - val_accuracy: 0.2299

Epoch 00046: val_loss did not improve from 4.42361
Epoch 47/100
56570/56570 - 45s - loss: 0.6861 - accuracy: 0.7613 - val_loss: 18.6377 - val_accuracy: 0.2346

Epoch 00047: val_loss did not improve from 4.42361
Epoch 48/100
56570/56570 - 45s - loss: 0.6862 - accuracy: 0.7615 - val_loss: 20.2842 - val_accuracy: 0.2266

Epoch 00048: val_loss did not improve from 4.42361
Epoch 49/100
56570/56570 - 44s - loss: 0.6861 - accuracy: 0.7608 - val_loss: 19.8217 - val_accuracy: 0.2284

Epoch 00049: val_loss did not improve from 4.42361
Epoch 50/100
56570/56570 - 45s - loss: 0.6855 - accuracy: 0.7615 - val_loss: 19.7484 - val_accuracy: 0.2319

Epoch 00050: val_loss did not improve from 4.42361
Epoch 51/100
56570/56570 - 45s - loss: 0.6848 - accuracy: 0.7623 - val_loss: 19.6590 - val_accuracy: 0.2214

Epoch 00051: val_loss did not improve from 4.42361
Epoch 52/100
56570/56570 - 44s - loss: 0.6837 - accuracy: 0.7625 - val_loss: 18.8545 - val_accuracy: 0.2274

Epoch 00052: val_loss did not improve from 4.42361
Epoch 53/100
56570/56570 - 44s - loss: 0.6836 - accuracy: 0.7625 - val_loss: 19.0696 - val_accuracy: 0.2276

Epoch 00053: val_loss did not improve from 4.42361
Epoch 54/100
56570/56570 - 44s - loss: 0.6841 - accuracy: 0.7625 - val_loss: 18.8813 - val_accuracy: 0.2255

Epoch 00054: val_loss did not improve from 4.42361
Epoch 55/100
56570/56570 - 44s - loss: 0.6833 - accuracy: 0.7626 - val_loss: 19.8287 - val_accuracy: 0.2340

Epoch 00055: val_loss did not improve from 4.42361
Epoch 56/100
56570/56570 - 44s - loss: 0.6814 - accuracy: 0.7628 - val_loss: 20.4631 - val_accuracy: 0.2273

Epoch 00056: val_loss did not improve from 4.42361
Epoch 57/100
56570/56570 - 44s - loss: 0.6827 - accuracy: 0.7632 - val_loss: 20.3936 - val_accuracy: 0.2306

Epoch 00057: val_loss did not improve from 4.42361
Epoch 58/100
56570/56570 - 44s - loss: 0.6808 - accuracy: 0.7631 - val_loss: 19.6169 - val_accuracy: 0.2242

Epoch 00058: val_loss did not improve from 4.42361
Epoch 59/100
56570/56570 - 44s - loss: 0.6821 - accuracy: 0.7634 - val_loss: 19.7125 - val_accuracy: 0.2306

Epoch 00059: val_loss did not improve from 4.42361
Epoch 60/100
56570/56570 - 44s - loss: 0.6822 - accuracy: 0.7629 - val_loss: 20.3776 - val_accuracy: 0.2231

Epoch 00060: val_loss did not improve from 4.42361
Epoch 61/100
56570/56570 - 44s - loss: 0.6812 - accuracy: 0.7625 - val_loss: 18.9579 - val_accuracy: 0.2353

Epoch 00061: val_loss did not improve from 4.42361
Epoch 62/100
56570/56570 - 44s - loss: 0.6803 - accuracy: 0.7638 - val_loss: 19.2953 - val_accuracy: 0.2340

Epoch 00062: val_loss did not improve from 4.42361
Epoch 63/100
56570/56570 - 44s - loss: 0.6810 - accuracy: 0.7629 - val_loss: 20.8746 - val_accuracy: 0.2297

Epoch 00063: val_loss did not improve from 4.42361
Epoch 64/100
56570/56570 - 44s - loss: 0.6811 - accuracy: 0.7628 - val_loss: 19.1929 - val_accuracy: 0.2185

Epoch 00064: val_loss did not improve from 4.42361
Epoch 65/100
56570/56570 - 44s - loss: 0.6810 - accuracy: 0.7643 - val_loss: 20.0334 - val_accuracy: 0.2397

Epoch 00065: val_loss did not improve from 4.42361
Epoch 66/100
56570/56570 - 44s - loss: 0.6799 - accuracy: 0.7642 - val_loss: 20.7778 - val_accuracy: 0.2339

Epoch 00066: val_loss did not improve from 4.42361
Epoch 67/100
56570/56570 - 44s - loss: 0.6803 - accuracy: 0.7640 - val_loss: 20.9046 - val_accuracy: 0.2314

Epoch 00067: val_loss did not improve from 4.42361
Epoch 68/100
56570/56570 - 44s - loss: 0.6812 - accuracy: 0.7635 - val_loss: 23.2069 - val_accuracy: 0.2255

Epoch 00068: val_loss did not improve from 4.42361
Epoch 69/100
56570/56570 - 44s - loss: 0.6805 - accuracy: 0.7639 - val_loss: 20.9935 - val_accuracy: 0.2305

Epoch 00069: val_loss did not improve from 4.42361
Epoch 70/100
56570/56570 - 44s - loss: 0.6814 - accuracy: 0.7639 - val_loss: 20.9150 - val_accuracy: 0.2260

Epoch 00070: val_loss did not improve from 4.42361
Epoch 71/100
56570/56570 - 44s - loss: 0.6827 - accuracy: 0.7637 - val_loss: 21.0878 - val_accuracy: 0.2190

Epoch 00071: val_loss did not improve from 4.42361
Epoch 72/100
56570/56570 - 44s - loss: 0.6815 - accuracy: 0.7635 - val_loss: 21.8594 - val_accuracy: 0.2309

Epoch 00072: val_loss did not improve from 4.42361
Epoch 73/100
56570/56570 - 44s - loss: 0.6806 - accuracy: 0.7642 - val_loss: 21.3592 - val_accuracy: 0.2385

Epoch 00073: val_loss did not improve from 4.42361
Epoch 74/100
56570/56570 - 44s - loss: 0.6798 - accuracy: 0.7640 - val_loss: 20.4916 - val_accuracy: 0.2290

Epoch 00074: val_loss did not improve from 4.42361
Epoch 75/100
56570/56570 - 44s - loss: 0.6814 - accuracy: 0.7634 - val_loss: 22.5712 - val_accuracy: 0.2226

Epoch 00075: val_loss did not improve from 4.42361
Epoch 76/100
56570/56570 - 46s - loss: 0.6805 - accuracy: 0.7643 - val_loss: 22.2849 - val_accuracy: 0.2203

Epoch 00076: val_loss did not improve from 4.42361
Epoch 77/100
56570/56570 - 44s - loss: 0.6822 - accuracy: 0.7633 - val_loss: 22.6120 - val_accuracy: 0.2295

Epoch 00077: val_loss did not improve from 4.42361
Epoch 78/100
56570/56570 - 44s - loss: 0.6816 - accuracy: 0.7636 - val_loss: 21.7352 - val_accuracy: 0.2159

Epoch 00078: val_loss did not improve from 4.42361
Epoch 79/100
56570/56570 - 45s - loss: 0.6824 - accuracy: 0.7635 - val_loss: 19.9701 - val_accuracy: 0.2352

Epoch 00079: val_loss did not improve from 4.42361
Epoch 80/100
56570/56570 - 46s - loss: 0.6833 - accuracy: 0.7628 - val_loss: 22.2839 - val_accuracy: 0.2221

Epoch 00080: val_loss did not improve from 4.42361
Epoch 81/100
56570/56570 - 47s - loss: 0.6826 - accuracy: 0.7622 - val_loss: 20.6176 - val_accuracy: 0.2188

Epoch 00081: val_loss did not improve from 4.42361
Epoch 82/100
56570/56570 - 47s - loss: 0.6832 - accuracy: 0.7628 - val_loss: 22.3800 - val_accuracy: 0.2236

Epoch 00082: val_loss did not improve from 4.42361
Epoch 83/100
56570/56570 - 44s - loss: 0.6831 - accuracy: 0.7633 - val_loss: 21.7830 - val_accuracy: 0.2279

Epoch 00083: val_loss did not improve from 4.42361
Epoch 84/100
56570/56570 - 44s - loss: 0.6834 - accuracy: 0.7635 - val_loss: 22.4389 - val_accuracy: 0.2065

Epoch 00084: val_loss did not improve from 4.42361
Epoch 85/100
56570/56570 - 45s - loss: 0.6827 - accuracy: 0.7628 - val_loss: 21.8349 - val_accuracy: 0.2177

Epoch 00085: val_loss did not improve from 4.42361
Epoch 86/100
56570/56570 - 45s - loss: 0.6823 - accuracy: 0.7647 - val_loss: 21.6225 - val_accuracy: 0.2280

Epoch 00086: val_loss did not improve from 4.42361
Epoch 87/100
56570/56570 - 45s - loss: 0.6848 - accuracy: 0.7632 - val_loss: 21.6681 - val_accuracy: 0.2232

Epoch 00087: val_loss did not improve from 4.42361
Epoch 88/100
56570/56570 - 46s - loss: 0.6840 - accuracy: 0.7628 - val_loss: 21.8984 - val_accuracy: 0.2216

Epoch 00088: val_loss did not improve from 4.42361
Epoch 89/100
56570/56570 - 45s - loss: 0.6842 - accuracy: 0.7634 - val_loss: 22.3090 - val_accuracy: 0.2181

Epoch 00089: val_loss did not improve from 4.42361
Epoch 90/100
56570/56570 - 47s - loss: 0.6826 - accuracy: 0.7639 - val_loss: 22.7991 - val_accuracy: 0.2262

Epoch 00090: val_loss did not improve from 4.42361
Epoch 91/100
56570/56570 - 52s - loss: 0.6814 - accuracy: 0.7640 - val_loss: 20.4345 - val_accuracy: 0.2248

Epoch 00091: val_loss did not improve from 4.42361
Epoch 92/100
56570/56570 - 48s - loss: 0.6840 - accuracy: 0.7635 - val_loss: 23.0667 - val_accuracy: 0.2151

Epoch 00092: val_loss did not improve from 4.42361
Epoch 93/100
56570/56570 - 52s - loss: 0.6842 - accuracy: 0.7637 - val_loss: 23.0730 - val_accuracy: 0.2272

Epoch 00093: val_loss did not improve from 4.42361
Epoch 94/100
56570/56570 - 48s - loss: 0.6861 - accuracy: 0.7629 - val_loss: 21.7608 - val_accuracy: 0.2228

Epoch 00094: val_loss did not improve from 4.42361
Epoch 95/100
56570/56570 - 49s - loss: 0.6838 - accuracy: 0.7637 - val_loss: 22.8428 - val_accuracy: 0.2416

Epoch 00095: val_loss did not improve from 4.42361
Epoch 96/100
56570/56570 - 47s - loss: 0.6846 - accuracy: 0.7634 - val_loss: 22.7992 - val_accuracy: 0.2148

Epoch 00096: val_loss did not improve from 4.42361
Epoch 97/100
56570/56570 - 49s - loss: 0.6856 - accuracy: 0.7628 - val_loss: 22.7996 - val_accuracy: 0.2259

Epoch 00097: val_loss did not improve from 4.42361
Epoch 98/100
56570/56570 - 46s - loss: 0.6841 - accuracy: 0.7633 - val_loss: 22.5133 - val_accuracy: 0.2182

Epoch 00098: val_loss did not improve from 4.42361
Epoch 99/100
56570/56570 - 49s - loss: 0.6836 - accuracy: 0.7641 - val_loss: 22.9490 - val_accuracy: 0.2230

Epoch 00099: val_loss did not improve from 4.42361
Epoch 100/100
56570/56570 - 46s - loss: 0.6846 - accuracy: 0.7632 - val_loss: 22.7673 - val_accuracy: 0.2181

Epoch 00100: val_loss did not improve from 4.42361
