Before oversampling: Counter({0.0: 22772, 40.0: 22601, 10.0: 22562, 70.0: 22210, 91.0: 15243, 100.0: 7624})
After oversampling: Counter({100.0: 22772, 91.0: 22772, 70.0: 22772, 10.0: 22772, 0.0: 22772, 40.0: 22772})
Model: "sequential"
_________________________________________________________________
Layer (type)                 Output Shape              Param #   
=================================================================
dense (Dense)                (None, 16)                304       
_________________________________________________________________
dense_1 (Dense)              (None, 6)                 102       
=================================================================
Total params: 406
Trainable params: 406
Non-trainable params: 0
_________________________________________________________________
Epoch 1/400
13664/13664 - 6s - loss: 1.2162 - accuracy: 0.4977 - val_loss: 1.1905 - val_accuracy: 0.5342

Epoch 00001: val_loss improved from inf to 1.19047, saving model to ./results/NN_trial_8/cp.ckpt
Epoch 2/400
13664/13664 - 6s - loss: 1.1051 - accuracy: 0.5513 - val_loss: 1.1324 - val_accuracy: 0.5568

Epoch 00002: val_loss improved from 1.19047 to 1.13243, saving model to ./results/NN_trial_8/cp.ckpt
Epoch 3/400
13664/13664 - 6s - loss: 1.0682 - accuracy: 0.5646 - val_loss: 1.1135 - val_accuracy: 0.5465

Epoch 00003: val_loss improved from 1.13243 to 1.11354, saving model to ./results/NN_trial_8/cp.ckpt
Epoch 4/400
13664/13664 - 6s - loss: 1.0538 - accuracy: 0.5686 - val_loss: 1.1061 - val_accuracy: 0.5649

Epoch 00004: val_loss improved from 1.11354 to 1.10614, saving model to ./results/NN_trial_8/cp.ckpt
Epoch 5/400
13664/13664 - 6s - loss: 1.0481 - accuracy: 0.5706 - val_loss: 1.1014 - val_accuracy: 0.5682

Epoch 00005: val_loss improved from 1.10614 to 1.10135, saving model to ./results/NN_trial_8/cp.ckpt
Epoch 6/400
13664/13664 - 6s - loss: 1.0435 - accuracy: 0.5726 - val_loss: 1.0986 - val_accuracy: 0.5618

Epoch 00006: val_loss improved from 1.10135 to 1.09864, saving model to ./results/NN_trial_8/cp.ckpt
Epoch 7/400
13664/13664 - 6s - loss: 1.0395 - accuracy: 0.5755 - val_loss: 1.1030 - val_accuracy: 0.5527

Epoch 00007: val_loss did not improve from 1.09864
Epoch 8/400
13664/13664 - 6s - loss: 1.0354 - accuracy: 0.5790 - val_loss: 1.0938 - val_accuracy: 0.5687

Epoch 00008: val_loss improved from 1.09864 to 1.09378, saving model to ./results/NN_trial_8/cp.ckpt
Epoch 9/400
13664/13664 - 6s - loss: 1.0318 - accuracy: 0.5804 - val_loss: 1.1069 - val_accuracy: 0.5639

Epoch 00009: val_loss did not improve from 1.09378
Epoch 10/400
13664/13664 - 6s - loss: 1.0288 - accuracy: 0.5831 - val_loss: 1.0850 - val_accuracy: 0.5723

Epoch 00010: val_loss improved from 1.09378 to 1.08498, saving model to ./results/NN_trial_8/cp.ckpt
Epoch 11/400
13664/13664 - 6s - loss: 1.0262 - accuracy: 0.5825 - val_loss: 1.0950 - val_accuracy: 0.5774

Epoch 00011: val_loss did not improve from 1.08498
Epoch 12/400
13664/13664 - 6s - loss: 1.0228 - accuracy: 0.5865 - val_loss: 1.0889 - val_accuracy: 0.5696

Epoch 00012: val_loss did not improve from 1.08498
Epoch 13/400
13664/13664 - 6s - loss: 1.0193 - accuracy: 0.5874 - val_loss: 1.0795 - val_accuracy: 0.5672

Epoch 00013: val_loss improved from 1.08498 to 1.07954, saving model to ./results/NN_trial_8/cp.ckpt
Epoch 14/400
13664/13664 - 6s - loss: 1.0158 - accuracy: 0.5890 - val_loss: 1.0643 - val_accuracy: 0.5759

Epoch 00014: val_loss improved from 1.07954 to 1.06430, saving model to ./results/NN_trial_8/cp.ckpt
Epoch 15/400
13664/13664 - 6s - loss: 1.0128 - accuracy: 0.5905 - val_loss: 1.0835 - val_accuracy: 0.5774

Epoch 00015: val_loss did not improve from 1.06430
Epoch 16/400
13664/13664 - 6s - loss: 1.0108 - accuracy: 0.5930 - val_loss: 1.0625 - val_accuracy: 0.5844
