Before oversampling: Counter({0.0: 22772, 40.0: 22601, 10.0: 22562, 70.0: 22210, 91.0: 15243, 100.0: 7624})
After oversampling: Counter({100.0: 22772, 91.0: 22772, 70.0: 22772, 10.0: 22772, 0.0: 22772, 40.0: 22772})
Model: "sequential"
_________________________________________________________________
Layer (type)                 Output Shape              Param #   
=================================================================
conv1d (Conv1D)              (None, 14, 64)            384       
_________________________________________________________________
conv1d_1 (Conv1D)            (None, 10, 64)            20544     
_________________________________________________________________
max_pooling1d (MaxPooling1D) (None, 5, 64)             0         
_________________________________________________________________
flatten (Flatten)            (None, 320)               0         
_________________________________________________________________
dense (Dense)                (None, 16)                5136      
_________________________________________________________________
dense_1 (Dense)              (None, 6)                 102       
=================================================================
Total params: 26,166
Trainable params: 26,166
Non-trainable params: 0
_________________________________________________________________
Epoch 1/100
13664/13664 - 10s - loss: 1.1265 - accuracy: 0.5360 - val_loss: 1.0977 - val_accuracy: 0.5445

Epoch 00001: val_loss improved from inf to 1.09768, saving model to ./results/CNN_trial_8/cp.ckpt
Epoch 2/100
13664/13664 - 10s - loss: 1.0269 - accuracy: 0.5841 - val_loss: 1.0965 - val_accuracy: 0.5425

Epoch 00002: val_loss improved from 1.09768 to 1.09655, saving model to ./results/CNN_trial_8/cp.ckpt
Epoch 3/100
13664/13664 - 11s - loss: 1.0015 - accuracy: 0.5940 - val_loss: 1.0667 - val_accuracy: 0.5784

Epoch 00003: val_loss improved from 1.09655 to 1.06673, saving model to ./results/CNN_trial_8/cp.ckpt
Epoch 4/100
13664/13664 - 12s - loss: 0.9866 - accuracy: 0.6019 - val_loss: 1.0881 - val_accuracy: 0.5690

Epoch 00004: val_loss did not improve from 1.06673
Epoch 5/100
13664/13664 - 12s - loss: 0.9734 - accuracy: 0.6081 - val_loss: 1.0936 - val_accuracy: 0.5693

Epoch 00005: val_loss did not improve from 1.06673
Epoch 6/100
13664/13664 - 12s - loss: 0.9597 - accuracy: 0.6145 - val_loss: 1.0441 - val_accuracy: 0.5787

Epoch 00006: val_loss improved from 1.06673 to 1.04415, saving model to ./results/CNN_trial_8/cp.ckpt
Epoch 7/100
13664/13664 - 12s - loss: 0.9463 - accuracy: 0.6201 - val_loss: 1.0554 - val_accuracy: 0.5828

Epoch 00007: val_loss did not improve from 1.04415
Epoch 8/100
13664/13664 - 12s - loss: 0.9357 - accuracy: 0.6233 - val_loss: 1.0213 - val_accuracy: 0.5896

Epoch 00008: val_loss improved from 1.04415 to 1.02126, saving model to ./results/CNN_trial_8/cp.ckpt
Epoch 9/100
13664/13664 - 12s - loss: 0.9295 - accuracy: 0.6265 - val_loss: 1.0500 - val_accuracy: 0.5886

Epoch 00009: val_loss did not improve from 1.02126
Epoch 10/100
13664/13664 - 12s - loss: 0.9251 - accuracy: 0.6266 - val_loss: 1.0552 - val_accuracy: 0.5833

Epoch 00010: val_loss did not improve from 1.02126
Epoch 11/100
13664/13664 - 12s - loss: 0.9199 - accuracy: 0.6305 - val_loss: 0.9970 - val_accuracy: 0.6086

Epoch 00011: val_loss improved from 1.02126 to 0.99699, saving model to ./results/CNN_trial_8/cp.ckpt
Epoch 12/100
13664/13664 - 12s - loss: 0.9154 - accuracy: 0.6331 - val_loss: 1.0254 - val_accuracy: 0.5982

Epoch 00012: val_loss did not improve from 0.99699
Epoch 13/100
13664/13664 - 12s - loss: 0.9121 - accuracy: 0.6359 - val_loss: 1.0643 - val_accuracy: 0.5859

Epoch 00013: val_loss did not improve from 0.99699
Epoch 14/100
13664/13664 - 12s - loss: 0.9078 - accuracy: 0.6368 - val_loss: 1.0052 - val_accuracy: 0.5926

Epoch 00014: val_loss did not improve from 0.99699
Epoch 15/100
13664/13664 - 12s - loss: 0.9053 - accuracy: 0.6381 - val_loss: 1.0411 - val_accuracy: 0.5931

Epoch 00015: val_loss did not improve from 0.99699
Epoch 16/100
13664/13664 - 12s - loss: 0.9019 - accuracy: 0.6388 - val_loss: 1.0448 - val_accuracy: 0.5979

Epoch 00016: val_loss did not improve from 0.99699
Epoch 17/100
13664/13664 - 12s - loss: 0.8997 - accuracy: 0.6399 - val_loss: 1.0213 - val_accuracy: 0.5997

Epoch 00017: val_loss did not improve from 0.99699
Epoch 18/100
13664/13664 - 12s - loss: 0.8972 - accuracy: 0.6407 - val_loss: 1.0221 - val_accuracy: 0.5957

Epoch 00018: val_loss did not improve from 0.99699
Epoch 19/100
13664/13664 - 12s - loss: 0.8944 - accuracy: 0.6408 - val_loss: 1.0257 - val_accuracy: 0.5891

Epoch 00019: val_loss did not improve from 0.99699
Epoch 20/100
13664/13664 - 12s - loss: 0.8928 - accuracy: 0.6424 - val_loss: 1.0605 - val_accuracy: 0.5884

Epoch 00020: val_loss did not improve from 0.99699
Epoch 21/100
13664/13664 - 12s - loss: 0.8901 - accuracy: 0.6435 - val_loss: 1.0159 - val_accuracy: 0.6038

Epoch 00021: val_loss did not improve from 0.99699
Epoch 22/100
13664/13664 - 12s - loss: 0.8876 - accuracy: 0.6465 - val_loss: 1.0482 - val_accuracy: 0.6041

Epoch 00022: val_loss did not improve from 0.99699
Epoch 23/100
13664/13664 - 12s - loss: 0.8861 - accuracy: 0.6439 - val_loss: 1.0028 - val_accuracy: 0.6045

Epoch 00023: val_loss did not improve from 0.99699
Epoch 24/100
13664/13664 - 12s - loss: 0.8848 - accuracy: 0.6452 - val_loss: 1.0446 - val_accuracy: 0.5964

Epoch 00024: val_loss did not improve from 0.99699
Epoch 25/100
13664/13664 - 12s - loss: 0.8825 - accuracy: 0.6470 - val_loss: 1.0207 - val_accuracy: 0.6012

Epoch 00025: val_loss did not improve from 0.99699
Epoch 26/100
13664/13664 - 12s - loss: 0.8812 - accuracy: 0.6492 - val_loss: 1.0106 - val_accuracy: 0.6128

Epoch 00026: val_loss did not improve from 0.99699
Epoch 27/100
13664/13664 - 12s - loss: 0.8790 - accuracy: 0.6513 - val_loss: 1.0559 - val_accuracy: 0.5965

Epoch 00027: val_loss did not improve from 0.99699
Epoch 28/100
13664/13664 - 12s - loss: 0.8772 - accuracy: 0.6495 - val_loss: 1.0344 - val_accuracy: 0.5986

Epoch 00028: val_loss did not improve from 0.99699
Epoch 29/100
13664/13664 - 12s - loss: 0.8756 - accuracy: 0.6513 - val_loss: 1.0493 - val_accuracy: 0.5980

Epoch 00029: val_loss did not improve from 0.99699
Epoch 30/100
13664/13664 - 12s - loss: 0.8748 - accuracy: 0.6512 - val_loss: 1.0175 - val_accuracy: 0.6009

Epoch 00030: val_loss did not improve from 0.99699
Epoch 31/100
13664/13664 - 12s - loss: 0.8735 - accuracy: 0.6520 - val_loss: 1.0499 - val_accuracy: 0.5852

Epoch 00031: val_loss did not improve from 0.99699
Epoch 32/100
13664/13664 - 12s - loss: 0.8733 - accuracy: 0.6523 - val_loss: 1.0265 - val_accuracy: 0.6039

Epoch 00032: val_loss did not improve from 0.99699
Epoch 33/100
13664/13664 - 12s - loss: 0.8724 - accuracy: 0.6515 - val_loss: 1.0330 - val_accuracy: 0.5897

Epoch 00033: val_loss did not improve from 0.99699
Epoch 34/100
13664/13664 - 12s - loss: 0.8711 - accuracy: 0.6515 - val_loss: 1.0704 - val_accuracy: 0.5803

Epoch 00034: val_loss did not improve from 0.99699
Epoch 35/100
13664/13664 - 12s - loss: 0.8701 - accuracy: 0.6532 - val_loss: 1.0372 - val_accuracy: 0.5896

Epoch 00035: val_loss did not improve from 0.99699
Epoch 36/100
13664/13664 - 12s - loss: 0.8686 - accuracy: 0.6548 - val_loss: 1.0537 - val_accuracy: 0.5953

Epoch 00036: val_loss did not improve from 0.99699
Epoch 37/100
13664/13664 - 12s - loss: 0.8684 - accuracy: 0.6550 - val_loss: 1.0507 - val_accuracy: 0.5930

Epoch 00037: val_loss did not improve from 0.99699
Epoch 38/100
13664/13664 - 12s - loss: 0.8668 - accuracy: 0.6543 - val_loss: 1.0850 - val_accuracy: 0.5937

Epoch 00038: val_loss did not improve from 0.99699
Epoch 39/100
13664/13664 - 12s - loss: 0.8668 - accuracy: 0.6563 - val_loss: 1.0412 - val_accuracy: 0.6077

Epoch 00039: val_loss did not improve from 0.99699
Epoch 40/100
13664/13664 - 12s - loss: 0.8653 - accuracy: 0.6549 - val_loss: 1.0230 - val_accuracy: 0.6068

Epoch 00040: val_loss did not improve from 0.99699
Epoch 41/100
13664/13664 - 12s - loss: 0.8643 - accuracy: 0.6579 - val_loss: 1.0555 - val_accuracy: 0.5868

Epoch 00041: val_loss did not improve from 0.99699
Epoch 42/100
13664/13664 - 12s - loss: 0.8636 - accuracy: 0.6570 - val_loss: 1.0695 - val_accuracy: 0.6034

Epoch 00042: val_loss did not improve from 0.99699
Epoch 43/100
13664/13664 - 12s - loss: 0.8629 - accuracy: 0.6575 - val_loss: 1.0503 - val_accuracy: 0.6038

Epoch 00043: val_loss did not improve from 0.99699
Epoch 44/100
13664/13664 - 12s - loss: 0.8623 - accuracy: 0.6578 - val_loss: 1.0502 - val_accuracy: 0.5949

Epoch 00044: val_loss did not improve from 0.99699
Epoch 45/100
13664/13664 - 12s - loss: 0.8616 - accuracy: 0.6578 - val_loss: 1.0399 - val_accuracy: 0.5998

Epoch 00045: val_loss did not improve from 0.99699
Epoch 46/100
13664/13664 - 12s - loss: 0.8616 - accuracy: 0.6581 - val_loss: 1.0798 - val_accuracy: 0.5846

Epoch 00046: val_loss did not improve from 0.99699
Epoch 47/100
13664/13664 - 12s - loss: 0.8612 - accuracy: 0.6569 - val_loss: 1.0324 - val_accuracy: 0.6013

Epoch 00047: val_loss did not improve from 0.99699
Epoch 48/100
13664/13664 - 11s - loss: 0.8594 - accuracy: 0.6587 - val_loss: 1.0329 - val_accuracy: 0.6052

Epoch 00048: val_loss did not improve from 0.99699
Epoch 49/100
13664/13664 - 12s - loss: 0.8602 - accuracy: 0.6592 - val_loss: 1.0459 - val_accuracy: 0.5953

Epoch 00049: val_loss did not improve from 0.99699
Epoch 50/100
13664/13664 - 12s - loss: 0.8583 - accuracy: 0.6595 - val_loss: 1.0412 - val_accuracy: 0.6101

Epoch 00050: val_loss did not improve from 0.99699
Epoch 51/100
13664/13664 - 12s - loss: 0.8595 - accuracy: 0.6587 - val_loss: 1.0357 - val_accuracy: 0.6026

Epoch 00051: val_loss did not improve from 0.99699
Epoch 52/100
13664/13664 - 12s - loss: 0.8581 - accuracy: 0.6604 - val_loss: 1.0744 - val_accuracy: 0.5912

Epoch 00052: val_loss did not improve from 0.99699
Epoch 53/100
13664/13664 - 12s - loss: 0.8577 - accuracy: 0.6601 - val_loss: 1.0406 - val_accuracy: 0.6039

Epoch 00053: val_loss did not improve from 0.99699
Epoch 54/100
13664/13664 - 12s - loss: 0.8565 - accuracy: 0.6609 - val_loss: 1.0466 - val_accuracy: 0.5959

Epoch 00054: val_loss did not improve from 0.99699
Epoch 55/100
13664/13664 - 12s - loss: 0.8553 - accuracy: 0.6622 - val_loss: 1.0211 - val_accuracy: 0.6039

Epoch 00055: val_loss did not improve from 0.99699
Epoch 56/100
13664/13664 - 12s - loss: 0.8548 - accuracy: 0.6616 - val_loss: 1.0571 - val_accuracy: 0.5963

Epoch 00056: val_loss did not improve from 0.99699
Epoch 57/100
13664/13664 - 12s - loss: 0.8536 - accuracy: 0.6619 - val_loss: 1.0593 - val_accuracy: 0.6028

Epoch 00057: val_loss did not improve from 0.99699
Epoch 58/100
13664/13664 - 12s - loss: 0.8547 - accuracy: 0.6621 - val_loss: 1.0497 - val_accuracy: 0.6084

Epoch 00058: val_loss did not improve from 0.99699
Epoch 59/100
13664/13664 - 11s - loss: 0.8530 - accuracy: 0.6614 - val_loss: 1.0648 - val_accuracy: 0.6032

Epoch 00059: val_loss did not improve from 0.99699
Epoch 60/100
13664/13664 - 10s - loss: 0.8525 - accuracy: 0.6619 - val_loss: 1.0547 - val_accuracy: 0.6038

Epoch 00060: val_loss did not improve from 0.99699
Epoch 61/100
13664/13664 - 10s - loss: 0.8521 - accuracy: 0.6616 - val_loss: 1.0672 - val_accuracy: 0.5994

Epoch 00061: val_loss did not improve from 0.99699
Epoch 62/100
13664/13664 - 10s - loss: 0.8522 - accuracy: 0.6628 - val_loss: 1.0563 - val_accuracy: 0.6025

Epoch 00062: val_loss did not improve from 0.99699
Epoch 63/100
13664/13664 - 10s - loss: 0.8526 - accuracy: 0.6616 - val_loss: 1.0828 - val_accuracy: 0.5953

Epoch 00063: val_loss did not improve from 0.99699
Epoch 64/100
13664/13664 - 10s - loss: 0.8517 - accuracy: 0.6628 - val_loss: 1.0546 - val_accuracy: 0.5937

Epoch 00064: val_loss did not improve from 0.99699
Epoch 65/100
13664/13664 - 10s - loss: 0.8510 - accuracy: 0.6620 - val_loss: 1.0746 - val_accuracy: 0.5905

Epoch 00065: val_loss did not improve from 0.99699
Epoch 66/100
13664/13664 - 10s - loss: 0.8501 - accuracy: 0.6622 - val_loss: 1.0569 - val_accuracy: 0.6056

Epoch 00066: val_loss did not improve from 0.99699
Epoch 67/100
13664/13664 - 10s - loss: 0.8496 - accuracy: 0.6644 - val_loss: 1.0536 - val_accuracy: 0.6052

Epoch 00067: val_loss did not improve from 0.99699
Epoch 68/100
13664/13664 - 10s - loss: 0.8502 - accuracy: 0.6644 - val_loss: 1.0442 - val_accuracy: 0.6007

Epoch 00068: val_loss did not improve from 0.99699
Epoch 69/100
13664/13664 - 10s - loss: 0.8488 - accuracy: 0.6625 - val_loss: 1.0464 - val_accuracy: 0.5944

Epoch 00069: val_loss did not improve from 0.99699
Epoch 70/100
13664/13664 - 10s - loss: 0.8485 - accuracy: 0.6638 - val_loss: 1.0566 - val_accuracy: 0.5976

Epoch 00070: val_loss did not improve from 0.99699
Epoch 71/100
13664/13664 - 10s - loss: 0.8487 - accuracy: 0.6645 - val_loss: 1.0645 - val_accuracy: 0.5927

Epoch 00071: val_loss did not improve from 0.99699
Epoch 72/100
13664/13664 - 10s - loss: 0.8484 - accuracy: 0.6640 - val_loss: 1.0306 - val_accuracy: 0.6002

Epoch 00072: val_loss did not improve from 0.99699
Epoch 73/100
13664/13664 - 10s - loss: 0.8496 - accuracy: 0.6642 - val_loss: 1.0366 - val_accuracy: 0.6010

Epoch 00073: val_loss did not improve from 0.99699
Epoch 74/100
13664/13664 - 10s - loss: 0.8472 - accuracy: 0.6640 - val_loss: 1.0616 - val_accuracy: 0.6034

Epoch 00074: val_loss did not improve from 0.99699
Epoch 75/100
13664/13664 - 10s - loss: 0.8474 - accuracy: 0.6645 - val_loss: 1.0621 - val_accuracy: 0.5945

Epoch 00075: val_loss did not improve from 0.99699
Epoch 76/100
13664/13664 - 10s - loss: 0.8463 - accuracy: 0.6647 - val_loss: 1.0596 - val_accuracy: 0.6011

Epoch 00076: val_loss did not improve from 0.99699
Epoch 77/100
13664/13664 - 10s - loss: 0.8457 - accuracy: 0.6644 - val_loss: 1.0684 - val_accuracy: 0.5968

Epoch 00077: val_loss did not improve from 0.99699
Epoch 78/100
13664/13664 - 11s - loss: 0.8461 - accuracy: 0.6651 - val_loss: 1.0659 - val_accuracy: 0.5916

Epoch 00078: val_loss did not improve from 0.99699
Epoch 79/100
13664/13664 - 10s - loss: 0.8458 - accuracy: 0.6652 - val_loss: 1.0731 - val_accuracy: 0.5924

Epoch 00079: val_loss did not improve from 0.99699
Epoch 80/100
13664/13664 - 10s - loss: 0.8449 - accuracy: 0.6663 - val_loss: 1.0773 - val_accuracy: 0.5903

Epoch 00080: val_loss did not improve from 0.99699
Epoch 81/100
13664/13664 - 10s - loss: 0.8443 - accuracy: 0.6668 - val_loss: 1.0452 - val_accuracy: 0.5941

Epoch 00081: val_loss did not improve from 0.99699
Epoch 82/100
13664/13664 - 10s - loss: 0.8445 - accuracy: 0.6675 - val_loss: 1.0584 - val_accuracy: 0.6093

Epoch 00082: val_loss did not improve from 0.99699
Epoch 83/100
13664/13664 - 10s - loss: 0.8440 - accuracy: 0.6659 - val_loss: 1.0789 - val_accuracy: 0.6003

Epoch 00083: val_loss did not improve from 0.99699
Epoch 84/100
13664/13664 - 10s - loss: 0.8427 - accuracy: 0.6655 - val_loss: 1.0589 - val_accuracy: 0.6029

Epoch 00084: val_loss did not improve from 0.99699
Epoch 85/100
13664/13664 - 10s - loss: 0.8426 - accuracy: 0.6678 - val_loss: 1.0534 - val_accuracy: 0.6064

Epoch 00085: val_loss did not improve from 0.99699
Epoch 86/100
13664/13664 - 10s - loss: 0.8426 - accuracy: 0.6654 - val_loss: 1.0576 - val_accuracy: 0.5975

Epoch 00086: val_loss did not improve from 0.99699
Epoch 87/100
13664/13664 - 10s - loss: 0.8431 - accuracy: 0.6674 - val_loss: 1.0839 - val_accuracy: 0.5994

Epoch 00087: val_loss did not improve from 0.99699
Epoch 88/100
13664/13664 - 10s - loss: 0.8417 - accuracy: 0.6658 - val_loss: 1.0745 - val_accuracy: 0.5934

Epoch 00088: val_loss did not improve from 0.99699
Epoch 89/100
13664/13664 - 10s - loss: 0.8419 - accuracy: 0.6660 - val_loss: 1.0582 - val_accuracy: 0.6058

Epoch 00089: val_loss did not improve from 0.99699
Epoch 90/100
13664/13664 - 10s - loss: 0.8421 - accuracy: 0.6662 - val_loss: 1.0378 - val_accuracy: 0.5981

Epoch 00090: val_loss did not improve from 0.99699
Epoch 91/100
13664/13664 - 10s - loss: 0.8421 - accuracy: 0.6669 - val_loss: 1.0704 - val_accuracy: 0.5993

Epoch 00091: val_loss did not improve from 0.99699
Epoch 92/100
13664/13664 - 10s - loss: 0.8416 - accuracy: 0.6678 - val_loss: 1.0451 - val_accuracy: 0.6116

Epoch 00092: val_loss did not improve from 0.99699
Epoch 93/100
13664/13664 - 10s - loss: 0.8413 - accuracy: 0.6682 - val_loss: 1.1054 - val_accuracy: 0.5965

Epoch 00093: val_loss did not improve from 0.99699
Epoch 94/100
13664/13664 - 10s - loss: 0.8409 - accuracy: 0.6672 - val_loss: 1.0591 - val_accuracy: 0.5954

Epoch 00094: val_loss did not improve from 0.99699
Epoch 95/100
13664/13664 - 10s - loss: 0.8409 - accuracy: 0.6671 - val_loss: 1.0635 - val_accuracy: 0.6001

Epoch 00095: val_loss did not improve from 0.99699
Epoch 96/100
13664/13664 - 10s - loss: 0.8402 - accuracy: 0.6684 - val_loss: 1.0576 - val_accuracy: 0.6016

Epoch 00096: val_loss did not improve from 0.99699
Epoch 97/100
13664/13664 - 10s - loss: 0.8385 - accuracy: 0.6683 - val_loss: 1.0916 - val_accuracy: 0.5963

Epoch 00097: val_loss did not improve from 0.99699
Epoch 98/100
13664/13664 - 10s - loss: 0.8382 - accuracy: 0.6693 - val_loss: 1.0685 - val_accuracy: 0.5975

Epoch 00098: val_loss did not improve from 0.99699
Epoch 99/100
13664/13664 - 10s - loss: 0.8391 - accuracy: 0.6671 - val_loss: 1.0980 - val_accuracy: 0.5852

Epoch 00099: val_loss did not improve from 0.99699
Epoch 100/100
13664/13664 - 10s - loss: 0.8387 - accuracy: 0.6676 - val_loss: 1.0704 - val_accuracy: 0.6049

Epoch 00100: val_loss did not improve from 0.99699
