Before oversampling: Counter({0.0: 22772, 40.0: 22601, 10.0: 22562, 70.0: 22210, 91.0: 15243, 100.0: 7624})
After oversampling: Counter({100.0: 22772, 91.0: 22772, 70.0: 22772, 10.0: 22772, 0.0: 22772, 40.0: 22772})
Model: "sequential"
_________________________________________________________________
Layer (type)                 Output Shape              Param #   
=================================================================
dense (Dense)                (None, 17)                357       
_________________________________________________________________
dense_1 (Dense)              (None, 6)                 108       
=================================================================
Total params: 465
Trainable params: 465
Non-trainable params: 0
_________________________________________________________________
Epoch 1/100
13664/13664 - 5s - loss: 1.1610 - accuracy: 0.5237 - val_loss: 1.1898 - val_accuracy: 0.5159

Epoch 00001: val_loss improved from inf to 1.18977, saving model to ./results/NN_GLCM_C6_cat/cp.ckpt
Epoch 2/100
13664/13664 - 5s - loss: 1.0067 - accuracy: 0.6108 - val_loss: 1.1355 - val_accuracy: 0.5740

Epoch 00002: val_loss improved from 1.18977 to 1.13554, saving model to ./results/NN_GLCM_C6_cat/cp.ckpt
Epoch 3/100
13664/13664 - 5s - loss: 0.9542 - accuracy: 0.6294 - val_loss: 1.1007 - val_accuracy: 0.5795

Epoch 00003: val_loss improved from 1.13554 to 1.10073, saving model to ./results/NN_GLCM_C6_cat/cp.ckpt
Epoch 4/100
13664/13664 - 5s - loss: 0.9359 - accuracy: 0.6316 - val_loss: 1.1218 - val_accuracy: 0.5895

Epoch 00004: val_loss did not improve from 1.10073
Epoch 5/100
13664/13664 - 5s - loss: 0.9253 - accuracy: 0.6358 - val_loss: 1.0914 - val_accuracy: 0.5945

Epoch 00005: val_loss improved from 1.10073 to 1.09137, saving model to ./results/NN_GLCM_C6_cat/cp.ckpt
Epoch 6/100
13664/13664 - 5s - loss: 0.9140 - accuracy: 0.6420 - val_loss: 1.0795 - val_accuracy: 0.5894

Epoch 00006: val_loss improved from 1.09137 to 1.07954, saving model to ./results/NN_GLCM_C6_cat/cp.ckpt
Epoch 7/100
13664/13664 - 5s - loss: 0.8919 - accuracy: 0.6551 - val_loss: 1.1408 - val_accuracy: 0.5773

Epoch 00007: val_loss did not improve from 1.07954
Epoch 8/100
13664/13664 - 5s - loss: 0.8681 - accuracy: 0.6694 - val_loss: 1.1682 - val_accuracy: 0.5473

Epoch 00008: val_loss did not improve from 1.07954
Epoch 9/100
13664/13664 - 5s - loss: 0.8491 - accuracy: 0.6810 - val_loss: 1.2378 - val_accuracy: 0.5326

Epoch 00009: val_loss did not improve from 1.07954
Epoch 10/100
13664/13664 - 5s - loss: 0.8339 - accuracy: 0.6885 - val_loss: 1.2133 - val_accuracy: 0.5166

Epoch 00010: val_loss did not improve from 1.07954
Epoch 11/100
13664/13664 - 5s - loss: 0.8236 - accuracy: 0.6941 - val_loss: 1.2693 - val_accuracy: 0.5168

Epoch 00011: val_loss did not improve from 1.07954
Epoch 12/100
13664/13664 - 5s - loss: 0.8167 - accuracy: 0.6967 - val_loss: 1.3294 - val_accuracy: 0.5061

Epoch 00012: val_loss did not improve from 1.07954
Epoch 13/100
13664/13664 - 5s - loss: 0.8116 - accuracy: 0.6984 - val_loss: 1.3012 - val_accuracy: 0.5310

Epoch 00013: val_loss did not improve from 1.07954
Epoch 14/100
13664/13664 - 5s - loss: 0.8076 - accuracy: 0.7007 - val_loss: 1.3116 - val_accuracy: 0.5138

Epoch 00014: val_loss did not improve from 1.07954
Epoch 15/100
13664/13664 - 5s - loss: 0.8037 - accuracy: 0.7027 - val_loss: 1.3694 - val_accuracy: 0.5055

Epoch 00015: val_loss did not improve from 1.07954
Epoch 16/100
13664/13664 - 5s - loss: 0.8005 - accuracy: 0.7029 - val_loss: 1.3477 - val_accuracy: 0.4974

Epoch 00016: val_loss did not improve from 1.07954
Epoch 17/100
13664/13664 - 5s - loss: 0.7977 - accuracy: 0.7053 - val_loss: 1.3275 - val_accuracy: 0.5172

Epoch 00017: val_loss did not improve from 1.07954
Epoch 18/100
13664/13664 - 5s - loss: 0.7953 - accuracy: 0.7066 - val_loss: 1.3839 - val_accuracy: 0.5229

Epoch 00018: val_loss did not improve from 1.07954
Epoch 19/100
13664/13664 - 5s - loss: 0.7925 - accuracy: 0.7073 - val_loss: 1.3677 - val_accuracy: 0.5105

Epoch 00019: val_loss did not improve from 1.07954
Epoch 20/100
13664/13664 - 5s - loss: 0.7899 - accuracy: 0.7101 - val_loss: 1.4884 - val_accuracy: 0.5107

Epoch 00020: val_loss did not improve from 1.07954
Epoch 21/100
13664/13664 - 5s - loss: 0.7874 - accuracy: 0.7117 - val_loss: 1.4494 - val_accuracy: 0.5220

Epoch 00021: val_loss did not improve from 1.07954
Epoch 22/100
13664/13664 - 5s - loss: 0.7850 - accuracy: 0.7123 - val_loss: 1.4166 - val_accuracy: 0.5255

Epoch 00022: val_loss did not improve from 1.07954
Epoch 23/100
13664/13664 - 5s - loss: 0.7836 - accuracy: 0.7128 - val_loss: 1.4290 - val_accuracy: 0.5204

Epoch 00023: val_loss did not improve from 1.07954
Epoch 24/100
13664/13664 - 5s - loss: 0.7819 - accuracy: 0.7132 - val_loss: 1.4638 - val_accuracy: 0.5181

Epoch 00024: val_loss did not improve from 1.07954
Epoch 25/100
13664/13664 - 5s - loss: 0.7801 - accuracy: 0.7151 - val_loss: 1.5143 - val_accuracy: 0.5004

Epoch 00025: val_loss did not improve from 1.07954
Epoch 26/100
13664/13664 - 5s - loss: 0.7792 - accuracy: 0.7154 - val_loss: 1.4576 - val_accuracy: 0.5256

Epoch 00026: val_loss did not improve from 1.07954
Epoch 27/100
13664/13664 - 5s - loss: 0.7777 - accuracy: 0.7150 - val_loss: 1.5170 - val_accuracy: 0.5159

Epoch 00027: val_loss did not improve from 1.07954
Epoch 28/100
13664/13664 - 5s - loss: 0.7766 - accuracy: 0.7152 - val_loss: 1.4563 - val_accuracy: 0.5148

Epoch 00028: val_loss did not improve from 1.07954
Epoch 29/100
13664/13664 - 5s - loss: 0.7750 - accuracy: 0.7160 - val_loss: 1.5136 - val_accuracy: 0.5122

Epoch 00029: val_loss did not improve from 1.07954
Epoch 30/100
13664/13664 - 5s - loss: 0.7740 - accuracy: 0.7176 - val_loss: 1.5315 - val_accuracy: 0.5218

Epoch 00030: val_loss did not improve from 1.07954
Epoch 31/100
13664/13664 - 5s - loss: 0.7735 - accuracy: 0.7167 - val_loss: 1.5120 - val_accuracy: 0.5185

Epoch 00031: val_loss did not improve from 1.07954
Epoch 32/100
13664/13664 - 5s - loss: 0.7727 - accuracy: 0.7162 - val_loss: 1.5596 - val_accuracy: 0.5155

Epoch 00032: val_loss did not improve from 1.07954
Epoch 33/100
13664/13664 - 5s - loss: 0.7716 - accuracy: 0.7172 - val_loss: 1.5585 - val_accuracy: 0.5216

Epoch 00033: val_loss did not improve from 1.07954
Epoch 34/100
13664/13664 - 5s - loss: 0.7715 - accuracy: 0.7170 - val_loss: 1.5182 - val_accuracy: 0.5192

Epoch 00034: val_loss did not improve from 1.07954
Epoch 35/100
13664/13664 - 5s - loss: 0.7702 - accuracy: 0.7185 - val_loss: 1.4717 - val_accuracy: 0.5169

Epoch 00035: val_loss did not improve from 1.07954
Epoch 36/100
13664/13664 - 5s - loss: 0.7693 - accuracy: 0.7181 - val_loss: 1.5015 - val_accuracy: 0.5288

Epoch 00036: val_loss did not improve from 1.07954
Epoch 37/100
13664/13664 - 5s - loss: 0.7682 - accuracy: 0.7174 - val_loss: 1.4818 - val_accuracy: 0.5253

Epoch 00037: val_loss did not improve from 1.07954
Epoch 38/100
13664/13664 - 5s - loss: 0.7679 - accuracy: 0.7181 - val_loss: 1.5589 - val_accuracy: 0.5244

Epoch 00038: val_loss did not improve from 1.07954
Epoch 39/100
13664/13664 - 5s - loss: 0.7668 - accuracy: 0.7183 - val_loss: 1.6086 - val_accuracy: 0.5312

Epoch 00039: val_loss did not improve from 1.07954
Epoch 40/100
13664/13664 - 5s - loss: 0.7667 - accuracy: 0.7173 - val_loss: 1.4983 - val_accuracy: 0.5180

Epoch 00040: val_loss did not improve from 1.07954
Epoch 41/100
13664/13664 - 5s - loss: 0.7658 - accuracy: 0.7196 - val_loss: 1.4944 - val_accuracy: 0.5193

Epoch 00041: val_loss did not improve from 1.07954
Epoch 42/100
13664/13664 - 5s - loss: 0.7653 - accuracy: 0.7191 - val_loss: 1.5532 - val_accuracy: 0.5224

Epoch 00042: val_loss did not improve from 1.07954
Epoch 43/100
13664/13664 - 6s - loss: 0.7653 - accuracy: 0.7184 - val_loss: 1.5523 - val_accuracy: 0.5230

Epoch 00043: val_loss did not improve from 1.07954
Epoch 44/100
13664/13664 - 5s - loss: 0.7637 - accuracy: 0.7190 - val_loss: 1.6213 - val_accuracy: 0.5160

Epoch 00044: val_loss did not improve from 1.07954
Epoch 45/100
13664/13664 - 5s - loss: 0.7630 - accuracy: 0.7197 - val_loss: 1.5366 - val_accuracy: 0.5243

Epoch 00045: val_loss did not improve from 1.07954
Epoch 46/100
13664/13664 - 5s - loss: 0.7624 - accuracy: 0.7200 - val_loss: 1.5886 - val_accuracy: 0.5234

Epoch 00046: val_loss did not improve from 1.07954
Epoch 47/100
13664/13664 - 5s - loss: 0.7618 - accuracy: 0.7209 - val_loss: 1.5600 - val_accuracy: 0.5168

Epoch 00047: val_loss did not improve from 1.07954
Epoch 48/100
13664/13664 - 5s - loss: 0.7606 - accuracy: 0.7202 - val_loss: 1.5692 - val_accuracy: 0.5155

Epoch 00048: val_loss did not improve from 1.07954
Epoch 49/100
13664/13664 - 5s - loss: 0.7602 - accuracy: 0.7205 - val_loss: 1.4985 - val_accuracy: 0.5296

Epoch 00049: val_loss did not improve from 1.07954
Epoch 50/100
13664/13664 - 5s - loss: 0.7597 - accuracy: 0.7209 - val_loss: 1.6460 - val_accuracy: 0.5161

Epoch 00050: val_loss did not improve from 1.07954
Epoch 51/100
13664/13664 - 5s - loss: 0.7588 - accuracy: 0.7218 - val_loss: 1.6177 - val_accuracy: 0.5163

Epoch 00051: val_loss did not improve from 1.07954
Epoch 52/100
13664/13664 - 5s - loss: 0.7581 - accuracy: 0.7217 - val_loss: 1.5316 - val_accuracy: 0.5230

Epoch 00052: val_loss did not improve from 1.07954
Epoch 53/100
13664/13664 - 5s - loss: 0.7574 - accuracy: 0.7219 - val_loss: 1.5922 - val_accuracy: 0.5206

Epoch 00053: val_loss did not improve from 1.07954
Epoch 54/100
13664/13664 - 5s - loss: 0.7570 - accuracy: 0.7227 - val_loss: 1.5431 - val_accuracy: 0.5182

Epoch 00054: val_loss did not improve from 1.07954
Epoch 55/100
13664/13664 - 5s - loss: 0.7568 - accuracy: 0.7212 - val_loss: 1.5468 - val_accuracy: 0.5176

Epoch 00055: val_loss did not improve from 1.07954
Epoch 56/100
13664/13664 - 5s - loss: 0.7559 - accuracy: 0.7223 - val_loss: 1.5992 - val_accuracy: 0.5133

Epoch 00056: val_loss did not improve from 1.07954
Epoch 57/100
13664/13664 - 5s - loss: 0.7553 - accuracy: 0.7234 - val_loss: 1.6487 - val_accuracy: 0.5296

Epoch 00057: val_loss did not improve from 1.07954
Epoch 58/100
13664/13664 - 5s - loss: 0.7544 - accuracy: 0.7232 - val_loss: 1.6890 - val_accuracy: 0.5217

Epoch 00058: val_loss did not improve from 1.07954
Epoch 59/100
13664/13664 - 5s - loss: 0.7540 - accuracy: 0.7224 - val_loss: 1.6848 - val_accuracy: 0.5216

Epoch 00059: val_loss did not improve from 1.07954
Epoch 60/100
13664/13664 - 5s - loss: 0.7537 - accuracy: 0.7235 - val_loss: 1.5902 - val_accuracy: 0.5179

Epoch 00060: val_loss did not improve from 1.07954
Epoch 61/100
13664/13664 - 5s - loss: 0.7529 - accuracy: 0.7228 - val_loss: 1.6505 - val_accuracy: 0.5227

Epoch 00061: val_loss did not improve from 1.07954
Epoch 62/100
13664/13664 - 5s - loss: 0.7520 - accuracy: 0.7237 - val_loss: 1.6442 - val_accuracy: 0.5183

Epoch 00062: val_loss did not improve from 1.07954
Epoch 63/100
13664/13664 - 5s - loss: 0.7516 - accuracy: 0.7235 - val_loss: 1.6835 - val_accuracy: 0.5137

Epoch 00063: val_loss did not improve from 1.07954
Epoch 64/100
13664/13664 - 5s - loss: 0.7516 - accuracy: 0.7237 - val_loss: 1.6445 - val_accuracy: 0.5215

Epoch 00064: val_loss did not improve from 1.07954
Epoch 65/100
13664/13664 - 5s - loss: 0.7506 - accuracy: 0.7234 - val_loss: 1.5966 - val_accuracy: 0.5280

Epoch 00065: val_loss did not improve from 1.07954
Epoch 66/100
13664/13664 - 5s - loss: 0.7503 - accuracy: 0.7240 - val_loss: 1.6010 - val_accuracy: 0.5151

Epoch 00066: val_loss did not improve from 1.07954
Epoch 67/100
13664/13664 - 5s - loss: 0.7501 - accuracy: 0.7235 - val_loss: 1.6418 - val_accuracy: 0.5164

Epoch 00067: val_loss did not improve from 1.07954
Epoch 68/100
13664/13664 - 5s - loss: 0.7495 - accuracy: 0.7246 - val_loss: 1.6428 - val_accuracy: 0.5263

Epoch 00068: val_loss did not improve from 1.07954
Epoch 69/100
13664/13664 - 5s - loss: 0.7488 - accuracy: 0.7239 - val_loss: 1.6490 - val_accuracy: 0.5225

Epoch 00069: val_loss did not improve from 1.07954
Epoch 70/100
13664/13664 - 5s - loss: 0.7485 - accuracy: 0.7252 - val_loss: 1.7929 - val_accuracy: 0.5286

Epoch 00070: val_loss did not improve from 1.07954
Epoch 71/100
13664/13664 - 5s - loss: 0.7479 - accuracy: 0.7233 - val_loss: 1.7786 - val_accuracy: 0.5263

Epoch 00071: val_loss did not improve from 1.07954
Epoch 72/100
13664/13664 - 5s - loss: 0.7474 - accuracy: 0.7246 - val_loss: 1.6804 - val_accuracy: 0.5327

Epoch 00072: val_loss did not improve from 1.07954
Epoch 73/100
13664/13664 - 5s - loss: 0.7478 - accuracy: 0.7246 - val_loss: 1.7358 - val_accuracy: 0.5185

Epoch 00073: val_loss did not improve from 1.07954
Epoch 74/100
13664/13664 - 5s - loss: 0.7475 - accuracy: 0.7242 - val_loss: 1.6865 - val_accuracy: 0.5204

Epoch 00074: val_loss did not improve from 1.07954
Epoch 75/100
13664/13664 - 5s - loss: 0.7468 - accuracy: 0.7246 - val_loss: 1.6889 - val_accuracy: 0.5250

Epoch 00075: val_loss did not improve from 1.07954
Epoch 76/100
13664/13664 - 5s - loss: 0.7461 - accuracy: 0.7247 - val_loss: 1.6659 - val_accuracy: 0.5171

Epoch 00076: val_loss did not improve from 1.07954
Epoch 77/100
13664/13664 - 5s - loss: 0.7459 - accuracy: 0.7249 - val_loss: 1.7511 - val_accuracy: 0.5351

Epoch 00077: val_loss did not improve from 1.07954
Epoch 78/100
13664/13664 - 5s - loss: 0.7458 - accuracy: 0.7260 - val_loss: 1.7609 - val_accuracy: 0.5214

Epoch 00078: val_loss did not improve from 1.07954
Epoch 79/100
13664/13664 - 5s - loss: 0.7451 - accuracy: 0.7250 - val_loss: 1.7154 - val_accuracy: 0.5224

Epoch 00079: val_loss did not improve from 1.07954
Epoch 80/100
13664/13664 - 5s - loss: 0.7454 - accuracy: 0.7260 - val_loss: 1.8082 - val_accuracy: 0.5269

Epoch 00080: val_loss did not improve from 1.07954
Epoch 81/100
13664/13664 - 5s - loss: 0.7451 - accuracy: 0.7255 - val_loss: 1.7026 - val_accuracy: 0.5169

Epoch 00081: val_loss did not improve from 1.07954
Epoch 82/100
13664/13664 - 5s - loss: 0.7445 - accuracy: 0.7265 - val_loss: 1.7840 - val_accuracy: 0.5273

Epoch 00082: val_loss did not improve from 1.07954
Epoch 83/100
13664/13664 - 5s - loss: 0.7442 - accuracy: 0.7264 - val_loss: 1.7526 - val_accuracy: 0.5211

Epoch 00083: val_loss did not improve from 1.07954
Epoch 84/100
13664/13664 - 5s - loss: 0.7436 - accuracy: 0.7264 - val_loss: 1.6711 - val_accuracy: 0.5264

Epoch 00084: val_loss did not improve from 1.07954
Epoch 85/100
13664/13664 - 5s - loss: 0.7435 - accuracy: 0.7260 - val_loss: 1.7116 - val_accuracy: 0.5304

Epoch 00085: val_loss did not improve from 1.07954
Epoch 86/100
13664/13664 - 5s - loss: 0.7431 - accuracy: 0.7251 - val_loss: 1.7191 - val_accuracy: 0.5149

Epoch 00086: val_loss did not improve from 1.07954
Epoch 87/100
13664/13664 - 5s - loss: 0.7426 - accuracy: 0.7256 - val_loss: 1.7093 - val_accuracy: 0.5192

Epoch 00087: val_loss did not improve from 1.07954
Epoch 88/100
13664/13664 - 5s - loss: 0.7425 - accuracy: 0.7273 - val_loss: 1.7512 - val_accuracy: 0.5346

Epoch 00088: val_loss did not improve from 1.07954
Epoch 89/100
13664/13664 - 5s - loss: 0.7424 - accuracy: 0.7251 - val_loss: 1.6847 - val_accuracy: 0.5170

Epoch 00089: val_loss did not improve from 1.07954
Epoch 90/100
13664/13664 - 5s - loss: 0.7422 - accuracy: 0.7257 - val_loss: 1.7603 - val_accuracy: 0.5364

Epoch 00090: val_loss did not improve from 1.07954
Epoch 91/100
13664/13664 - 5s - loss: 0.7419 - accuracy: 0.7278 - val_loss: 1.7585 - val_accuracy: 0.5227

Epoch 00091: val_loss did not improve from 1.07954
Epoch 92/100
13664/13664 - 5s - loss: 0.7423 - accuracy: 0.7257 - val_loss: 1.7552 - val_accuracy: 0.5275

Epoch 00092: val_loss did not improve from 1.07954
Epoch 93/100
13664/13664 - 5s - loss: 0.7411 - accuracy: 0.7288 - val_loss: 1.6625 - val_accuracy: 0.5196

Epoch 00093: val_loss did not improve from 1.07954
Epoch 94/100
13664/13664 - 5s - loss: 0.7426 - accuracy: 0.7268 - val_loss: 1.6362 - val_accuracy: 0.5179

Epoch 00094: val_loss did not improve from 1.07954
Epoch 95/100
13664/13664 - 5s - loss: 0.7417 - accuracy: 0.7269 - val_loss: 1.7363 - val_accuracy: 0.5237

Epoch 00095: val_loss did not improve from 1.07954
Epoch 96/100
13664/13664 - 5s - loss: 0.7413 - accuracy: 0.7269 - val_loss: 1.7010 - val_accuracy: 0.5165

Epoch 00096: val_loss did not improve from 1.07954
Epoch 97/100
13664/13664 - 5s - loss: 0.7408 - accuracy: 0.7276 - val_loss: 1.7740 - val_accuracy: 0.5260

Epoch 00097: val_loss did not improve from 1.07954
Epoch 98/100
13664/13664 - 5s - loss: 0.7402 - accuracy: 0.7269 - val_loss: 1.7979 - val_accuracy: 0.5361

Epoch 00098: val_loss did not improve from 1.07954
Epoch 99/100
13664/13664 - 5s - loss: 0.7402 - accuracy: 0.7278 - val_loss: 1.7246 - val_accuracy: 0.5199

Epoch 00099: val_loss did not improve from 1.07954
Epoch 100/100
13664/13664 - 5s - loss: 0.7403 - accuracy: 0.7263 - val_loss: 1.7227 - val_accuracy: 0.5310

Epoch 00100: val_loss did not improve from 1.07954
