Before oversampling: Counter({50.0: 52538, 10.0: 30078, 0.0: 22772, 100.0: 7624})
After oversampling: Counter({100.0: 52538, 50.0: 52538, 10.0: 52538, 0.0: 52538})
Model: "sequential"
_________________________________________________________________
Layer (type)                 Output Shape              Param #   
=================================================================
dense (Dense)                (None, 4)                 16        
_________________________________________________________________
dense_1 (Dense)              (None, 4)                 20        
=================================================================
Total params: 36
Trainable params: 36
Non-trainable params: 0
_________________________________________________________________
Epoch 1/100
21016/21016 - 10s - loss: 1.1298 - accuracy: 0.4517 - val_loss: 1.0625 - val_accuracy: 0.4981

Epoch 00001: val_loss improved from inf to 1.06253, saving model to ./results/NN_spectral_C4/cp.ckpt
Epoch 2/100
21016/21016 - 9s - loss: 1.0334 - accuracy: 0.5361 - val_loss: 1.0158 - val_accuracy: 0.5487

Epoch 00002: val_loss improved from 1.06253 to 1.01578, saving model to ./results/NN_spectral_C4/cp.ckpt
Epoch 3/100
21016/21016 - 9s - loss: 1.0010 - accuracy: 0.5486 - val_loss: 1.0494 - val_accuracy: 0.5544

Epoch 00003: val_loss did not improve from 1.01578
Epoch 4/100
21016/21016 - 9s - loss: 0.9896 - accuracy: 0.5483 - val_loss: 0.9987 - val_accuracy: 0.5523

Epoch 00004: val_loss improved from 1.01578 to 0.99866, saving model to ./results/NN_spectral_C4/cp.ckpt
Epoch 5/100
21016/21016 - 9s - loss: 0.9549 - accuracy: 0.5430 - val_loss: 1.0041 - val_accuracy: 0.5415

Epoch 00005: val_loss did not improve from 0.99866
Epoch 6/100
21016/21016 - 9s - loss: 0.9451 - accuracy: 0.5444 - val_loss: 0.9951 - val_accuracy: 0.5430

Epoch 00006: val_loss improved from 0.99866 to 0.99506, saving model to ./results/NN_spectral_C4/cp.ckpt
Epoch 7/100
21016/21016 - 9s - loss: 0.9422 - accuracy: 0.5480 - val_loss: 0.9776 - val_accuracy: 0.5487

Epoch 00007: val_loss improved from 0.99506 to 0.97757, saving model to ./results/NN_spectral_C4/cp.ckpt
Epoch 8/100
21016/21016 - 9s - loss: 0.9410 - accuracy: 0.5495 - val_loss: 0.9643 - val_accuracy: 0.5412

Epoch 00008: val_loss improved from 0.97757 to 0.96430, saving model to ./results/NN_spectral_C4/cp.ckpt
Epoch 9/100
21016/21016 - 9s - loss: 0.9401 - accuracy: 0.5525 - val_loss: 0.9731 - val_accuracy: 0.5493

Epoch 00009: val_loss did not improve from 0.96430
Epoch 10/100
21016/21016 - 9s - loss: 0.9396 - accuracy: 0.5547 - val_loss: 1.0060 - val_accuracy: 0.5589

Epoch 00010: val_loss did not improve from 0.96430
Epoch 11/100
21016/21016 - 9s - loss: 0.9392 - accuracy: 0.5555 - val_loss: 0.9993 - val_accuracy: 0.5581

Epoch 00011: val_loss did not improve from 0.96430
Epoch 12/100
21016/21016 - 9s - loss: 0.9388 - accuracy: 0.5565 - val_loss: 0.9963 - val_accuracy: 0.5630

Epoch 00012: val_loss did not improve from 0.96430
Epoch 13/100
21016/21016 - 9s - loss: 0.9382 - accuracy: 0.5585 - val_loss: 0.9830 - val_accuracy: 0.5441

Epoch 00013: val_loss did not improve from 0.96430
Epoch 14/100
21016/21016 - 9s - loss: 0.9382 - accuracy: 0.5593 - val_loss: 0.9827 - val_accuracy: 0.5582

Epoch 00014: val_loss did not improve from 0.96430
Epoch 15/100
21016/21016 - 9s - loss: 0.9379 - accuracy: 0.5586 - val_loss: 0.9986 - val_accuracy: 0.5672

Epoch 00015: val_loss did not improve from 0.96430
Epoch 16/100
21016/21016 - 9s - loss: 0.9374 - accuracy: 0.5593 - val_loss: 0.9887 - val_accuracy: 0.5746

Epoch 00016: val_loss did not improve from 0.96430
Epoch 17/100
21016/21016 - 9s - loss: 0.9368 - accuracy: 0.5595 - val_loss: 0.9855 - val_accuracy: 0.5571

Epoch 00017: val_loss did not improve from 0.96430
Epoch 18/100
21016/21016 - 9s - loss: 0.9364 - accuracy: 0.5604 - val_loss: 0.9869 - val_accuracy: 0.5683

Epoch 00018: val_loss did not improve from 0.96430
Epoch 19/100
21016/21016 - 9s - loss: 0.9360 - accuracy: 0.5606 - val_loss: 0.9879 - val_accuracy: 0.5510

Epoch 00019: val_loss did not improve from 0.96430
Epoch 20/100
21016/21016 - 9s - loss: 0.9355 - accuracy: 0.5619 - val_loss: 0.9767 - val_accuracy: 0.5675

Epoch 00020: val_loss did not improve from 0.96430
Epoch 21/100
21016/21016 - 9s - loss: 0.9346 - accuracy: 0.5614 - val_loss: 0.9790 - val_accuracy: 0.5605

Epoch 00021: val_loss did not improve from 0.96430
Epoch 22/100
21016/21016 - 9s - loss: 0.9335 - accuracy: 0.5616 - val_loss: 0.9891 - val_accuracy: 0.5710

Epoch 00022: val_loss did not improve from 0.96430
Epoch 23/100
21016/21016 - 9s - loss: 0.9320 - accuracy: 0.5641 - val_loss: 0.9738 - val_accuracy: 0.5699

Epoch 00023: val_loss did not improve from 0.96430
Epoch 24/100
21016/21016 - 9s - loss: 0.9295 - accuracy: 0.5656 - val_loss: 0.9731 - val_accuracy: 0.5759

Epoch 00024: val_loss did not improve from 0.96430
Epoch 25/100
21016/21016 - 9s - loss: 0.9280 - accuracy: 0.5687 - val_loss: 0.9631 - val_accuracy: 0.5629

Epoch 00025: val_loss improved from 0.96430 to 0.96312, saving model to ./results/NN_spectral_C4/cp.ckpt
Epoch 26/100
21016/21016 - 9s - loss: 0.9273 - accuracy: 0.5692 - val_loss: 0.9519 - val_accuracy: 0.5766

Epoch 00026: val_loss improved from 0.96312 to 0.95193, saving model to ./results/NN_spectral_C4/cp.ckpt
Epoch 27/100
21016/21016 - 9s - loss: 0.9268 - accuracy: 0.5699 - val_loss: 0.9716 - val_accuracy: 0.5800

Epoch 00027: val_loss did not improve from 0.95193
Epoch 28/100
21016/21016 - 9s - loss: 0.9262 - accuracy: 0.5716 - val_loss: 0.9523 - val_accuracy: 0.5729

Epoch 00028: val_loss did not improve from 0.95193
Epoch 29/100
21016/21016 - 9s - loss: 0.9260 - accuracy: 0.5721 - val_loss: 0.9581 - val_accuracy: 0.5763

Epoch 00029: val_loss did not improve from 0.95193
Epoch 30/100
21016/21016 - 9s - loss: 0.9257 - accuracy: 0.5729 - val_loss: 0.9503 - val_accuracy: 0.5737

Epoch 00030: val_loss improved from 0.95193 to 0.95034, saving model to ./results/NN_spectral_C4/cp.ckpt
Epoch 31/100
21016/21016 - 9s - loss: 0.9256 - accuracy: 0.5725 - val_loss: 0.9531 - val_accuracy: 0.5683

Epoch 00031: val_loss did not improve from 0.95034
Epoch 32/100
21016/21016 - 9s - loss: 0.9253 - accuracy: 0.5722 - val_loss: 0.9774 - val_accuracy: 0.5750

Epoch 00032: val_loss did not improve from 0.95034
Epoch 33/100
21016/21016 - 9s - loss: 0.9252 - accuracy: 0.5722 - val_loss: 0.9707 - val_accuracy: 0.5618

Epoch 00033: val_loss did not improve from 0.95034
Epoch 34/100
21016/21016 - 9s - loss: 0.9250 - accuracy: 0.5731 - val_loss: 0.9686 - val_accuracy: 0.5709

Epoch 00034: val_loss did not improve from 0.95034
Epoch 35/100
21016/21016 - 9s - loss: 0.9250 - accuracy: 0.5729 - val_loss: 0.9640 - val_accuracy: 0.5762

Epoch 00035: val_loss did not improve from 0.95034
Epoch 36/100
21016/21016 - 9s - loss: 0.9248 - accuracy: 0.5724 - val_loss: 0.9681 - val_accuracy: 0.5693

Epoch 00036: val_loss did not improve from 0.95034
Epoch 37/100
21016/21016 - 9s - loss: 0.9247 - accuracy: 0.5723 - val_loss: 0.9699 - val_accuracy: 0.5745

Epoch 00037: val_loss did not improve from 0.95034
Epoch 38/100
21016/21016 - 9s - loss: 0.9247 - accuracy: 0.5732 - val_loss: 0.9621 - val_accuracy: 0.5702

Epoch 00038: val_loss did not improve from 0.95034
Epoch 39/100
21016/21016 - 9s - loss: 0.9245 - accuracy: 0.5736 - val_loss: 0.9601 - val_accuracy: 0.5794

Epoch 00039: val_loss did not improve from 0.95034
Epoch 40/100
21016/21016 - 9s - loss: 0.9246 - accuracy: 0.5730 - val_loss: 0.9582 - val_accuracy: 0.5660

Epoch 00040: val_loss did not improve from 0.95034
Epoch 41/100
21016/21016 - 9s - loss: 0.9245 - accuracy: 0.5738 - val_loss: 0.9533 - val_accuracy: 0.5696

Epoch 00041: val_loss did not improve from 0.95034
Epoch 42/100
21016/21016 - 9s - loss: 0.9242 - accuracy: 0.5736 - val_loss: 0.9766 - val_accuracy: 0.5623

Epoch 00042: val_loss did not improve from 0.95034
Epoch 43/100
21016/21016 - 9s - loss: 0.9242 - accuracy: 0.5739 - val_loss: 0.9469 - val_accuracy: 0.5717

Epoch 00043: val_loss improved from 0.95034 to 0.94685, saving model to ./results/NN_spectral_C4/cp.ckpt
Epoch 44/100
21016/21016 - 9s - loss: 0.9240 - accuracy: 0.5737 - val_loss: 0.9707 - val_accuracy: 0.5730

Epoch 00044: val_loss did not improve from 0.94685
Epoch 45/100
21016/21016 - 9s - loss: 0.9237 - accuracy: 0.5726 - val_loss: 0.9587 - val_accuracy: 0.5730

Epoch 00045: val_loss did not improve from 0.94685
Epoch 46/100
21016/21016 - 9s - loss: 0.9237 - accuracy: 0.5738 - val_loss: 0.9764 - val_accuracy: 0.5894

Epoch 00046: val_loss did not improve from 0.94685
Epoch 47/100
21016/21016 - 9s - loss: 0.9234 - accuracy: 0.5732 - val_loss: 0.9541 - val_accuracy: 0.5690

Epoch 00047: val_loss did not improve from 0.94685
Epoch 48/100
21016/21016 - 9s - loss: 0.9235 - accuracy: 0.5732 - val_loss: 0.9417 - val_accuracy: 0.5731

Epoch 00048: val_loss improved from 0.94685 to 0.94172, saving model to ./results/NN_spectral_C4/cp.ckpt
Epoch 49/100
21016/21016 - 9s - loss: 0.9232 - accuracy: 0.5736 - val_loss: 0.9893 - val_accuracy: 0.5604

Epoch 00049: val_loss did not improve from 0.94172
Epoch 50/100
21016/21016 - 9s - loss: 0.9230 - accuracy: 0.5744 - val_loss: 0.9707 - val_accuracy: 0.5692

Epoch 00050: val_loss did not improve from 0.94172
Epoch 51/100
21016/21016 - 9s - loss: 0.9227 - accuracy: 0.5725 - val_loss: 0.9637 - val_accuracy: 0.5719

Epoch 00051: val_loss did not improve from 0.94172
Epoch 52/100
21016/21016 - 9s - loss: 0.9227 - accuracy: 0.5738 - val_loss: 0.9680 - val_accuracy: 0.5743

Epoch 00052: val_loss did not improve from 0.94172
Epoch 53/100
21016/21016 - 9s - loss: 0.9227 - accuracy: 0.5734 - val_loss: 0.9563 - val_accuracy: 0.5660

Epoch 00053: val_loss did not improve from 0.94172
Epoch 54/100
21016/21016 - 9s - loss: 0.9227 - accuracy: 0.5736 - val_loss: 0.9602 - val_accuracy: 0.5661

Epoch 00054: val_loss did not improve from 0.94172
Epoch 55/100
21016/21016 - 9s - loss: 0.9224 - accuracy: 0.5726 - val_loss: 0.9608 - val_accuracy: 0.5730

Epoch 00055: val_loss did not improve from 0.94172
Epoch 56/100
21016/21016 - 9s - loss: 0.9222 - accuracy: 0.5728 - val_loss: 0.9846 - val_accuracy: 0.5712

Epoch 00056: val_loss did not improve from 0.94172
Epoch 57/100
21016/21016 - 9s - loss: 0.9221 - accuracy: 0.5732 - val_loss: 0.9910 - val_accuracy: 0.5650

Epoch 00057: val_loss did not improve from 0.94172
Epoch 58/100
21016/21016 - 9s - loss: 0.9220 - accuracy: 0.5729 - val_loss: 0.9723 - val_accuracy: 0.5702

Epoch 00058: val_loss did not improve from 0.94172
Epoch 59/100
21016/21016 - 9s - loss: 0.9219 - accuracy: 0.5717 - val_loss: 0.9781 - val_accuracy: 0.5537

Epoch 00059: val_loss did not improve from 0.94172
Epoch 60/100
21016/21016 - 9s - loss: 0.9220 - accuracy: 0.5717 - val_loss: 0.9689 - val_accuracy: 0.5655

Epoch 00060: val_loss did not improve from 0.94172
Epoch 61/100
21016/21016 - 9s - loss: 0.9219 - accuracy: 0.5724 - val_loss: 0.9561 - val_accuracy: 0.5636

Epoch 00061: val_loss did not improve from 0.94172
Epoch 62/100
21016/21016 - 9s - loss: 0.9216 - accuracy: 0.5718 - val_loss: 0.9505 - val_accuracy: 0.5686

Epoch 00062: val_loss did not improve from 0.94172
Epoch 63/100
21016/21016 - 9s - loss: 0.9218 - accuracy: 0.5710 - val_loss: 0.9718 - val_accuracy: 0.5765

Epoch 00063: val_loss did not improve from 0.94172
Epoch 64/100
21016/21016 - 9s - loss: 0.9215 - accuracy: 0.5718 - val_loss: 0.9631 - val_accuracy: 0.5652

Epoch 00064: val_loss did not improve from 0.94172
Epoch 65/100
21016/21016 - 9s - loss: 0.9213 - accuracy: 0.5718 - val_loss: 0.9631 - val_accuracy: 0.5656

Epoch 00065: val_loss did not improve from 0.94172
Epoch 66/100
21016/21016 - 9s - loss: 0.9214 - accuracy: 0.5723 - val_loss: 1.0064 - val_accuracy: 0.5500

Epoch 00066: val_loss did not improve from 0.94172
Epoch 67/100
21016/21016 - 9s - loss: 0.9214 - accuracy: 0.5718 - val_loss: 0.9721 - val_accuracy: 0.5622

Epoch 00067: val_loss did not improve from 0.94172
Epoch 68/100
21016/21016 - 9s - loss: 0.9214 - accuracy: 0.5717 - val_loss: 0.9721 - val_accuracy: 0.5530

Epoch 00068: val_loss did not improve from 0.94172
Epoch 69/100
21016/21016 - 9s - loss: 0.9213 - accuracy: 0.5719 - val_loss: 0.9628 - val_accuracy: 0.5659

Epoch 00069: val_loss did not improve from 0.94172
Epoch 70/100
21016/21016 - 9s - loss: 0.9212 - accuracy: 0.5714 - val_loss: 0.9745 - val_accuracy: 0.5787

Epoch 00070: val_loss did not improve from 0.94172
Epoch 71/100
21016/21016 - 9s - loss: 0.9212 - accuracy: 0.5725 - val_loss: 0.9659 - val_accuracy: 0.5740

Epoch 00071: val_loss did not improve from 0.94172
Epoch 72/100
21016/21016 - 9s - loss: 0.9212 - accuracy: 0.5713 - val_loss: 0.9547 - val_accuracy: 0.5733

Epoch 00072: val_loss did not improve from 0.94172
Epoch 73/100
21016/21016 - 9s - loss: 0.9211 - accuracy: 0.5708 - val_loss: 0.9684 - val_accuracy: 0.5772

Epoch 00073: val_loss did not improve from 0.94172
Epoch 74/100
21016/21016 - 9s - loss: 0.9210 - accuracy: 0.5721 - val_loss: 0.9715 - val_accuracy: 0.5767

Epoch 00074: val_loss did not improve from 0.94172
Epoch 75/100
21016/21016 - 9s - loss: 0.9210 - accuracy: 0.5721 - val_loss: 0.9654 - val_accuracy: 0.5714

Epoch 00075: val_loss did not improve from 0.94172
Epoch 76/100
21016/21016 - 9s - loss: 0.9209 - accuracy: 0.5715 - val_loss: 0.9698 - val_accuracy: 0.5653

Epoch 00076: val_loss did not improve from 0.94172
Epoch 77/100
21016/21016 - 9s - loss: 0.9210 - accuracy: 0.5717 - val_loss: 0.9653 - val_accuracy: 0.5533

Epoch 00077: val_loss did not improve from 0.94172
Epoch 78/100
21016/21016 - 9s - loss: 0.9208 - accuracy: 0.5708 - val_loss: 0.9533 - val_accuracy: 0.5741

Epoch 00078: val_loss did not improve from 0.94172
Epoch 79/100
21016/21016 - 9s - loss: 0.9208 - accuracy: 0.5707 - val_loss: 0.9831 - val_accuracy: 0.5720

Epoch 00079: val_loss did not improve from 0.94172
Epoch 80/100
21016/21016 - 9s - loss: 0.9207 - accuracy: 0.5715 - val_loss: 0.9503 - val_accuracy: 0.5748

Epoch 00080: val_loss did not improve from 0.94172
Epoch 81/100
21016/21016 - 9s - loss: 0.9206 - accuracy: 0.5722 - val_loss: 0.9465 - val_accuracy: 0.5653

Epoch 00081: val_loss did not improve from 0.94172
Epoch 82/100
21016/21016 - 9s - loss: 0.9209 - accuracy: 0.5716 - val_loss: 0.9783 - val_accuracy: 0.5578

Epoch 00082: val_loss did not improve from 0.94172
Epoch 83/100
21016/21016 - 9s - loss: 0.9206 - accuracy: 0.5717 - val_loss: 0.9526 - val_accuracy: 0.5745

Epoch 00083: val_loss did not improve from 0.94172
Epoch 84/100
21016/21016 - 9s - loss: 0.9208 - accuracy: 0.5713 - val_loss: 0.9716 - val_accuracy: 0.5722

Epoch 00084: val_loss did not improve from 0.94172
Epoch 85/100
21016/21016 - 9s - loss: 0.9207 - accuracy: 0.5710 - val_loss: 0.9737 - val_accuracy: 0.5553

Epoch 00085: val_loss did not improve from 0.94172
Epoch 86/100
21016/21016 - 9s - loss: 0.9206 - accuracy: 0.5722 - val_loss: 0.9462 - val_accuracy: 0.5670

Epoch 00086: val_loss did not improve from 0.94172
Epoch 87/100
21016/21016 - 9s - loss: 0.9205 - accuracy: 0.5713 - val_loss: 0.9663 - val_accuracy: 0.5820

Epoch 00087: val_loss did not improve from 0.94172
Epoch 88/100
21016/21016 - 9s - loss: 0.9206 - accuracy: 0.5710 - val_loss: 0.9821 - val_accuracy: 0.5660

Epoch 00088: val_loss did not improve from 0.94172
Epoch 89/100
21016/21016 - 9s - loss: 0.9208 - accuracy: 0.5714 - val_loss: 0.9573 - val_accuracy: 0.5673

Epoch 00089: val_loss did not improve from 0.94172
Epoch 90/100
21016/21016 - 9s - loss: 0.9205 - accuracy: 0.5707 - val_loss: 0.9745 - val_accuracy: 0.5549

Epoch 00090: val_loss did not improve from 0.94172
Epoch 91/100
21016/21016 - 9s - loss: 0.9206 - accuracy: 0.5714 - val_loss: 0.9668 - val_accuracy: 0.5695

Epoch 00091: val_loss did not improve from 0.94172
Epoch 92/100
21016/21016 - 9s - loss: 0.9204 - accuracy: 0.5719 - val_loss: 0.9628 - val_accuracy: 0.5748

Epoch 00092: val_loss did not improve from 0.94172
Epoch 93/100
21016/21016 - 9s - loss: 0.9206 - accuracy: 0.5719 - val_loss: 0.9642 - val_accuracy: 0.5635

Epoch 00093: val_loss did not improve from 0.94172
Epoch 94/100
21016/21016 - 9s - loss: 0.9205 - accuracy: 0.5716 - val_loss: 0.9650 - val_accuracy: 0.5505

Epoch 00094: val_loss did not improve from 0.94172
Epoch 95/100
21016/21016 - 9s - loss: 0.9204 - accuracy: 0.5712 - val_loss: 0.9928 - val_accuracy: 0.5723

Epoch 00095: val_loss did not improve from 0.94172
Epoch 96/100
21016/21016 - 9s - loss: 0.9205 - accuracy: 0.5717 - val_loss: 0.9538 - val_accuracy: 0.5506

Epoch 00096: val_loss did not improve from 0.94172
Epoch 97/100
21016/21016 - 9s - loss: 0.9207 - accuracy: 0.5716 - val_loss: 0.9669 - val_accuracy: 0.5575

Epoch 00097: val_loss did not improve from 0.94172
Epoch 98/100
21016/21016 - 9s - loss: 0.9204 - accuracy: 0.5715 - val_loss: 0.9599 - val_accuracy: 0.5685

Epoch 00098: val_loss did not improve from 0.94172
Epoch 99/100
21016/21016 - 9s - loss: 0.9204 - accuracy: 0.5717 - val_loss: 0.9742 - val_accuracy: 0.5682

Epoch 00099: val_loss did not improve from 0.94172
Epoch 100/100
21016/21016 - 9s - loss: 0.9205 - accuracy: 0.5704 - val_loss: 0.9648 - val_accuracy: 0.5694

Epoch 00100: val_loss did not improve from 0.94172
