Before oversampling: Counter({0.0: 22772, 40.0: 22601, 10.0: 22562, 70.0: 22210, 91.0: 15243, 100.0: 7624})
After oversampling: Counter({100.0: 22772, 91.0: 22772, 70.0: 22772, 10.0: 22772, 0.0: 22772, 40.0: 22772})
Model: "sequential"
_________________________________________________________________
Layer (type)                 Output Shape              Param #   
=================================================================
dense (Dense)                (None, 6)                 24        
_________________________________________________________________
dense_1 (Dense)              (None, 6)                 42        
=================================================================
Total params: 66
Trainable params: 66
Non-trainable params: 0
_________________________________________________________________
Epoch 1/100
13664/13664 - 6s - loss: 1.4535 - accuracy: 0.3627 - val_loss: 1.4042 - val_accuracy: 0.3821

Epoch 00001: val_loss improved from inf to 1.40422, saving model to ./results/NN_trial_8_3/cp.ckpt
Epoch 2/100
13664/13664 - 6s - loss: 1.3750 - accuracy: 0.4027 - val_loss: 1.3627 - val_accuracy: 0.4020

Epoch 00002: val_loss improved from 1.40422 to 1.36269, saving model to ./results/NN_trial_8_3/cp.ckpt
Epoch 3/100
13664/13664 - 6s - loss: 1.3349 - accuracy: 0.4254 - val_loss: 1.3446 - val_accuracy: 0.4129

Epoch 00003: val_loss improved from 1.36269 to 1.34465, saving model to ./results/NN_trial_8_3/cp.ckpt
Epoch 4/100
13664/13664 - 6s - loss: 1.3186 - accuracy: 0.4245 - val_loss: 1.3434 - val_accuracy: 0.4068

Epoch 00004: val_loss improved from 1.34465 to 1.34337, saving model to ./results/NN_trial_8_3/cp.ckpt
Epoch 5/100
13664/13664 - 6s - loss: 1.3143 - accuracy: 0.4214 - val_loss: 1.3434 - val_accuracy: 0.4096

Epoch 00005: val_loss did not improve from 1.34337
Epoch 6/100
13664/13664 - 6s - loss: 1.3126 - accuracy: 0.4212 - val_loss: 1.3443 - val_accuracy: 0.4066

Epoch 00006: val_loss did not improve from 1.34337
Epoch 7/100
13664/13664 - 6s - loss: 1.3113 - accuracy: 0.4210 - val_loss: 1.3415 - val_accuracy: 0.4030

Epoch 00007: val_loss improved from 1.34337 to 1.34150, saving model to ./results/NN_trial_8_3/cp.ckpt
Epoch 8/100
13664/13664 - 6s - loss: 1.3040 - accuracy: 0.4219 - val_loss: 1.3235 - val_accuracy: 0.4106

Epoch 00008: val_loss improved from 1.34150 to 1.32347, saving model to ./results/NN_trial_8_3/cp.ckpt
Epoch 9/100
13664/13664 - 6s - loss: 1.2881 - accuracy: 0.4252 - val_loss: 1.3073 - val_accuracy: 0.4145

Epoch 00009: val_loss improved from 1.32347 to 1.30732, saving model to ./results/NN_trial_8_3/cp.ckpt
Epoch 10/100
13664/13664 - 6s - loss: 1.2711 - accuracy: 0.4350 - val_loss: 1.2987 - val_accuracy: 0.4156

Epoch 00010: val_loss improved from 1.30732 to 1.29872, saving model to ./results/NN_trial_8_3/cp.ckpt
Epoch 11/100
13664/13664 - 6s - loss: 1.2604 - accuracy: 0.4425 - val_loss: 1.2955 - val_accuracy: 0.4210

Epoch 00011: val_loss improved from 1.29872 to 1.29550, saving model to ./results/NN_trial_8_3/cp.ckpt
Epoch 12/100
13664/13664 - 6s - loss: 1.2549 - accuracy: 0.4466 - val_loss: 1.3031 - val_accuracy: 0.4262

Epoch 00012: val_loss did not improve from 1.29550
Epoch 13/100
13664/13664 - 6s - loss: 1.2517 - accuracy: 0.4491 - val_loss: 1.3058 - val_accuracy: 0.4273

Epoch 00013: val_loss did not improve from 1.29550
Epoch 14/100
13664/13664 - 6s - loss: 1.2497 - accuracy: 0.4511 - val_loss: 1.2997 - val_accuracy: 0.4233

Epoch 00014: val_loss did not improve from 1.29550
Epoch 15/100
13664/13664 - 6s - loss: 1.2482 - accuracy: 0.4532 - val_loss: 1.2970 - val_accuracy: 0.4332

Epoch 00015: val_loss did not improve from 1.29550
Epoch 16/100
13664/13664 - 6s - loss: 1.2468 - accuracy: 0.4551 - val_loss: 1.3053 - val_accuracy: 0.4280

Epoch 00016: val_loss did not improve from 1.29550
Epoch 17/100
13664/13664 - 6s - loss: 1.2460 - accuracy: 0.4554 - val_loss: 1.3019 - val_accuracy: 0.4328

Epoch 00017: val_loss did not improve from 1.29550
Epoch 18/100
13664/13664 - 6s - loss: 1.2452 - accuracy: 0.4569 - val_loss: 1.3119 - val_accuracy: 0.4311

Epoch 00018: val_loss did not improve from 1.29550
Epoch 19/100
13664/13664 - 6s - loss: 1.2441 - accuracy: 0.4602 - val_loss: 1.3010 - val_accuracy: 0.4385

Epoch 00019: val_loss did not improve from 1.29550
Epoch 20/100
13664/13664 - 6s - loss: 1.2431 - accuracy: 0.4628 - val_loss: 1.2983 - val_accuracy: 0.4400

Epoch 00020: val_loss did not improve from 1.29550
Epoch 21/100
13664/13664 - 6s - loss: 1.2424 - accuracy: 0.4644 - val_loss: 1.3121 - val_accuracy: 0.4346

Epoch 00021: val_loss did not improve from 1.29550
Epoch 22/100
13664/13664 - 6s - loss: 1.2417 - accuracy: 0.4671 - val_loss: 1.3040 - val_accuracy: 0.4395

Epoch 00022: val_loss did not improve from 1.29550
Epoch 23/100
13664/13664 - 6s - loss: 1.2409 - accuracy: 0.4686 - val_loss: 1.3102 - val_accuracy: 0.4489

Epoch 00023: val_loss did not improve from 1.29550
Epoch 24/100
13664/13664 - 6s - loss: 1.2404 - accuracy: 0.4709 - val_loss: 1.3068 - val_accuracy: 0.4529

Epoch 00024: val_loss did not improve from 1.29550
Epoch 25/100
13664/13664 - 6s - loss: 1.2397 - accuracy: 0.4726 - val_loss: 1.3072 - val_accuracy: 0.4486

Epoch 00025: val_loss did not improve from 1.29550
Epoch 26/100
13664/13664 - 6s - loss: 1.2392 - accuracy: 0.4727 - val_loss: 1.3100 - val_accuracy: 0.4426

Epoch 00026: val_loss did not improve from 1.29550
Epoch 27/100
13664/13664 - 6s - loss: 1.2391 - accuracy: 0.4743 - val_loss: 1.3137 - val_accuracy: 0.4359

Epoch 00027: val_loss did not improve from 1.29550
Epoch 28/100
13664/13664 - 6s - loss: 1.2384 - accuracy: 0.4736 - val_loss: 1.2970 - val_accuracy: 0.4508

Epoch 00028: val_loss did not improve from 1.29550
Epoch 29/100
13664/13664 - 6s - loss: 1.2381 - accuracy: 0.4753 - val_loss: 1.2986 - val_accuracy: 0.4607

Epoch 00029: val_loss did not improve from 1.29550
Epoch 30/100
13664/13664 - 6s - loss: 1.2377 - accuracy: 0.4740 - val_loss: 1.3022 - val_accuracy: 0.4609

Epoch 00030: val_loss did not improve from 1.29550
Epoch 31/100
13664/13664 - 6s - loss: 1.2375 - accuracy: 0.4755 - val_loss: 1.3044 - val_accuracy: 0.4351

Epoch 00031: val_loss did not improve from 1.29550
Epoch 32/100
13664/13664 - 6s - loss: 1.2370 - accuracy: 0.4768 - val_loss: 1.3048 - val_accuracy: 0.4501

Epoch 00032: val_loss did not improve from 1.29550
Epoch 33/100
13664/13664 - 6s - loss: 1.2367 - accuracy: 0.4764 - val_loss: 1.3049 - val_accuracy: 0.4446

Epoch 00033: val_loss did not improve from 1.29550
Epoch 34/100
13664/13664 - 6s - loss: 1.2361 - accuracy: 0.4772 - val_loss: 1.3070 - val_accuracy: 0.4502

Epoch 00034: val_loss did not improve from 1.29550
Epoch 35/100
13664/13664 - 6s - loss: 1.2357 - accuracy: 0.4778 - val_loss: 1.3085 - val_accuracy: 0.4463

Epoch 00035: val_loss did not improve from 1.29550
Epoch 36/100
13664/13664 - 6s - loss: 1.2351 - accuracy: 0.4783 - val_loss: 1.2977 - val_accuracy: 0.4569

Epoch 00036: val_loss did not improve from 1.29550
Epoch 37/100
13664/13664 - 6s - loss: 1.2347 - accuracy: 0.4768 - val_loss: 1.2975 - val_accuracy: 0.4527

Epoch 00037: val_loss did not improve from 1.29550
Epoch 38/100
13664/13664 - 6s - loss: 1.2340 - accuracy: 0.4780 - val_loss: 1.2984 - val_accuracy: 0.4576

Epoch 00038: val_loss did not improve from 1.29550
Epoch 39/100
13664/13664 - 6s - loss: 1.2334 - accuracy: 0.4783 - val_loss: 1.3056 - val_accuracy: 0.4545

Epoch 00039: val_loss did not improve from 1.29550
Epoch 40/100
13664/13664 - 6s - loss: 1.2330 - accuracy: 0.4782 - val_loss: 1.2942 - val_accuracy: 0.4556

Epoch 00040: val_loss improved from 1.29550 to 1.29417, saving model to ./results/NN_trial_8_3/cp.ckpt
Epoch 41/100
13664/13664 - 6s - loss: 1.2321 - accuracy: 0.4776 - val_loss: 1.3008 - val_accuracy: 0.4529

Epoch 00041: val_loss did not improve from 1.29417
Epoch 42/100
13664/13664 - 6s - loss: 1.2313 - accuracy: 0.4781 - val_loss: 1.2979 - val_accuracy: 0.4406

Epoch 00042: val_loss did not improve from 1.29417
Epoch 43/100
13664/13664 - 6s - loss: 1.2304 - accuracy: 0.4793 - val_loss: 1.2932 - val_accuracy: 0.4548

Epoch 00043: val_loss improved from 1.29417 to 1.29316, saving model to ./results/NN_trial_8_3/cp.ckpt
Epoch 44/100
13664/13664 - 6s - loss: 1.2294 - accuracy: 0.4778 - val_loss: 1.2920 - val_accuracy: 0.4569

Epoch 00044: val_loss improved from 1.29316 to 1.29202, saving model to ./results/NN_trial_8_3/cp.ckpt
Epoch 45/100
13664/13664 - 6s - loss: 1.2285 - accuracy: 0.4799 - val_loss: 1.2859 - val_accuracy: 0.4582

Epoch 00045: val_loss improved from 1.29202 to 1.28588, saving model to ./results/NN_trial_8_3/cp.ckpt
Epoch 46/100
13664/13664 - 5s - loss: 1.2277 - accuracy: 0.4798 - val_loss: 1.3001 - val_accuracy: 0.4565

Epoch 00046: val_loss did not improve from 1.28588
Epoch 47/100
13664/13664 - 6s - loss: 1.2269 - accuracy: 0.4800 - val_loss: 1.2986 - val_accuracy: 0.4582

Epoch 00047: val_loss did not improve from 1.28588
Epoch 48/100
13664/13664 - 6s - loss: 1.2261 - accuracy: 0.4803 - val_loss: 1.2916 - val_accuracy: 0.4680

Epoch 00048: val_loss did not improve from 1.28588
Epoch 49/100
13664/13664 - 6s - loss: 1.2252 - accuracy: 0.4804 - val_loss: 1.2985 - val_accuracy: 0.4588

Epoch 00049: val_loss did not improve from 1.28588
Epoch 50/100
13664/13664 - 6s - loss: 1.2244 - accuracy: 0.4814 - val_loss: 1.2898 - val_accuracy: 0.4579

Epoch 00050: val_loss did not improve from 1.28588
Epoch 51/100
13664/13664 - 6s - loss: 1.2235 - accuracy: 0.4809 - val_loss: 1.2951 - val_accuracy: 0.4615

Epoch 00051: val_loss did not improve from 1.28588
Epoch 52/100
13664/13664 - 6s - loss: 1.2230 - accuracy: 0.4814 - val_loss: 1.2855 - val_accuracy: 0.4581

Epoch 00052: val_loss improved from 1.28588 to 1.28546, saving model to ./results/NN_trial_8_3/cp.ckpt
Epoch 53/100
13664/13664 - 6s - loss: 1.2220 - accuracy: 0.4817 - val_loss: 1.2815 - val_accuracy: 0.4598

Epoch 00053: val_loss improved from 1.28546 to 1.28153, saving model to ./results/NN_trial_8_3/cp.ckpt
Epoch 54/100
13664/13664 - 6s - loss: 1.2212 - accuracy: 0.4822 - val_loss: 1.2829 - val_accuracy: 0.4586

Epoch 00054: val_loss did not improve from 1.28153
Epoch 55/100
13664/13664 - 6s - loss: 1.2205 - accuracy: 0.4833 - val_loss: 1.2900 - val_accuracy: 0.4823

Epoch 00055: val_loss did not improve from 1.28153
Epoch 56/100
13664/13664 - 6s - loss: 1.2196 - accuracy: 0.4826 - val_loss: 1.2828 - val_accuracy: 0.4583

Epoch 00056: val_loss did not improve from 1.28153
Epoch 57/100
13664/13664 - 6s - loss: 1.2188 - accuracy: 0.4834 - val_loss: 1.2948 - val_accuracy: 0.4704

Epoch 00057: val_loss did not improve from 1.28153
Epoch 58/100
13664/13664 - 6s - loss: 1.2179 - accuracy: 0.4828 - val_loss: 1.2831 - val_accuracy: 0.4762

Epoch 00058: val_loss did not improve from 1.28153
Epoch 59/100
13664/13664 - 6s - loss: 1.2168 - accuracy: 0.4836 - val_loss: 1.2879 - val_accuracy: 0.4671

Epoch 00059: val_loss did not improve from 1.28153
Epoch 60/100
13664/13664 - 6s - loss: 1.2158 - accuracy: 0.4841 - val_loss: 1.2976 - val_accuracy: 0.4630

Epoch 00060: val_loss did not improve from 1.28153
Epoch 61/100
13664/13664 - 6s - loss: 1.2147 - accuracy: 0.4855 - val_loss: 1.2943 - val_accuracy: 0.4687

Epoch 00061: val_loss did not improve from 1.28153
Epoch 62/100
13664/13664 - 6s - loss: 1.2134 - accuracy: 0.4851 - val_loss: 1.2792 - val_accuracy: 0.4654

Epoch 00062: val_loss improved from 1.28153 to 1.27919, saving model to ./results/NN_trial_8_3/cp.ckpt
Epoch 63/100
13664/13664 - 6s - loss: 1.2121 - accuracy: 0.4855 - val_loss: 1.2792 - val_accuracy: 0.4651

Epoch 00063: val_loss improved from 1.27919 to 1.27917, saving model to ./results/NN_trial_8_3/cp.ckpt
Epoch 64/100
13664/13664 - 6s - loss: 1.2104 - accuracy: 0.4850 - val_loss: 1.2702 - val_accuracy: 0.4648

Epoch 00064: val_loss improved from 1.27917 to 1.27024, saving model to ./results/NN_trial_8_3/cp.ckpt
Epoch 65/100
13664/13664 - 6s - loss: 1.2086 - accuracy: 0.4867 - val_loss: 1.2663 - val_accuracy: 0.4604

Epoch 00065: val_loss improved from 1.27024 to 1.26630, saving model to ./results/NN_trial_8_3/cp.ckpt
Epoch 66/100
13664/13664 - 6s - loss: 1.2053 - accuracy: 0.4870 - val_loss: 1.2664 - val_accuracy: 0.4658

Epoch 00066: val_loss did not improve from 1.26630
Epoch 67/100
13664/13664 - 6s - loss: 1.2035 - accuracy: 0.4881 - val_loss: 1.2730 - val_accuracy: 0.4635

Epoch 00067: val_loss did not improve from 1.26630
Epoch 68/100
13664/13664 - 6s - loss: 1.2022 - accuracy: 0.4900 - val_loss: 1.2628 - val_accuracy: 0.4830

Epoch 00068: val_loss improved from 1.26630 to 1.26284, saving model to ./results/NN_trial_8_3/cp.ckpt
Epoch 69/100
13664/13664 - 6s - loss: 1.2010 - accuracy: 0.4898 - val_loss: 1.2638 - val_accuracy: 0.4680

Epoch 00069: val_loss did not improve from 1.26284
Epoch 70/100
13664/13664 - 6s - loss: 1.2004 - accuracy: 0.4904 - val_loss: 1.2705 - val_accuracy: 0.4707

Epoch 00070: val_loss did not improve from 1.26284
Epoch 71/100
13664/13664 - 6s - loss: 1.1996 - accuracy: 0.4911 - val_loss: 1.2579 - val_accuracy: 0.4735

Epoch 00071: val_loss improved from 1.26284 to 1.25792, saving model to ./results/NN_trial_8_3/cp.ckpt
Epoch 72/100
13664/13664 - 6s - loss: 1.1990 - accuracy: 0.4915 - val_loss: 1.2681 - val_accuracy: 0.4742

Epoch 00072: val_loss did not improve from 1.25792
Epoch 73/100
13664/13664 - 6s - loss: 1.1982 - accuracy: 0.4914 - val_loss: 1.2490 - val_accuracy: 0.4749

Epoch 00073: val_loss improved from 1.25792 to 1.24902, saving model to ./results/NN_trial_8_3/cp.ckpt
Epoch 74/100
13664/13664 - 6s - loss: 1.1974 - accuracy: 0.4911 - val_loss: 1.2485 - val_accuracy: 0.4779

Epoch 00074: val_loss improved from 1.24902 to 1.24850, saving model to ./results/NN_trial_8_3/cp.ckpt
Epoch 75/100
13664/13664 - 6s - loss: 1.1968 - accuracy: 0.4918 - val_loss: 1.2458 - val_accuracy: 0.4744

Epoch 00075: val_loss improved from 1.24850 to 1.24584, saving model to ./results/NN_trial_8_3/cp.ckpt
Epoch 76/100
13664/13664 - 6s - loss: 1.1954 - accuracy: 0.4937 - val_loss: 1.2420 - val_accuracy: 0.4814

Epoch 00076: val_loss improved from 1.24584 to 1.24196, saving model to ./results/NN_trial_8_3/cp.ckpt
Epoch 77/100
13664/13664 - 6s - loss: 1.1942 - accuracy: 0.4950 - val_loss: 1.2397 - val_accuracy: 0.4726

Epoch 00077: val_loss improved from 1.24196 to 1.23971, saving model to ./results/NN_trial_8_3/cp.ckpt
Epoch 78/100
13664/13664 - 6s - loss: 1.1936 - accuracy: 0.4956 - val_loss: 1.2234 - val_accuracy: 0.4856

Epoch 00078: val_loss improved from 1.23971 to 1.22336, saving model to ./results/NN_trial_8_3/cp.ckpt
Epoch 79/100
13664/13664 - 6s - loss: 1.1928 - accuracy: 0.4961 - val_loss: 1.2287 - val_accuracy: 0.4897

Epoch 00079: val_loss did not improve from 1.22336
Epoch 80/100
13664/13664 - 6s - loss: 1.1922 - accuracy: 0.4959 - val_loss: 1.2365 - val_accuracy: 0.4811

Epoch 00080: val_loss did not improve from 1.22336
Epoch 81/100
13664/13664 - 6s - loss: 1.1921 - accuracy: 0.4956 - val_loss: 1.2291 - val_accuracy: 0.4873

Epoch 00081: val_loss did not improve from 1.22336
Epoch 82/100
13664/13664 - 6s - loss: 1.1916 - accuracy: 0.4966 - val_loss: 1.2326 - val_accuracy: 0.4915

Epoch 00082: val_loss did not improve from 1.22336
Epoch 83/100
13664/13664 - 6s - loss: 1.1917 - accuracy: 0.4973 - val_loss: 1.2317 - val_accuracy: 0.4809

Epoch 00083: val_loss did not improve from 1.22336
Epoch 84/100
13664/13664 - 6s - loss: 1.1915 - accuracy: 0.4969 - val_loss: 1.2458 - val_accuracy: 0.4885

Epoch 00084: val_loss did not improve from 1.22336
Epoch 85/100
13664/13664 - 6s - loss: 1.1915 - accuracy: 0.4969 - val_loss: 1.2267 - val_accuracy: 0.4941

Epoch 00085: val_loss did not improve from 1.22336
Epoch 86/100
13664/13664 - 6s - loss: 1.1913 - accuracy: 0.4962 - val_loss: 1.2363 - val_accuracy: 0.4740

Epoch 00086: val_loss did not improve from 1.22336
Epoch 87/100
13664/13664 - 6s - loss: 1.1913 - accuracy: 0.4959 - val_loss: 1.2309 - val_accuracy: 0.4817

Epoch 00087: val_loss did not improve from 1.22336
Epoch 88/100
13664/13664 - 6s - loss: 1.1910 - accuracy: 0.4970 - val_loss: 1.2245 - val_accuracy: 0.4943

Epoch 00088: val_loss did not improve from 1.22336
Epoch 89/100
13664/13664 - 6s - loss: 1.1911 - accuracy: 0.4974 - val_loss: 1.2335 - val_accuracy: 0.4897

Epoch 00089: val_loss did not improve from 1.22336
Epoch 90/100
13664/13664 - 6s - loss: 1.1911 - accuracy: 0.4964 - val_loss: 1.2449 - val_accuracy: 0.4865

Epoch 00090: val_loss did not improve from 1.22336
Epoch 91/100
13664/13664 - 6s - loss: 1.1909 - accuracy: 0.4966 - val_loss: 1.2255 - val_accuracy: 0.4913

Epoch 00091: val_loss did not improve from 1.22336
Epoch 92/100
13664/13664 - 6s - loss: 1.1909 - accuracy: 0.4974 - val_loss: 1.2281 - val_accuracy: 0.4986

Epoch 00092: val_loss did not improve from 1.22336
Epoch 93/100
13664/13664 - 6s - loss: 1.1907 - accuracy: 0.4977 - val_loss: 1.2357 - val_accuracy: 0.4859

Epoch 00093: val_loss did not improve from 1.22336
Epoch 94/100
13664/13664 - 6s - loss: 1.1907 - accuracy: 0.4962 - val_loss: 1.2311 - val_accuracy: 0.4943

Epoch 00094: val_loss did not improve from 1.22336
Epoch 95/100
13664/13664 - 6s - loss: 1.1908 - accuracy: 0.4969 - val_loss: 1.2398 - val_accuracy: 0.4811

Epoch 00095: val_loss did not improve from 1.22336
Epoch 96/100
13664/13664 - 6s - loss: 1.1906 - accuracy: 0.4971 - val_loss: 1.2382 - val_accuracy: 0.4821

Epoch 00096: val_loss did not improve from 1.22336
Epoch 97/100
13664/13664 - 6s - loss: 1.1906 - accuracy: 0.4972 - val_loss: 1.2293 - val_accuracy: 0.4770

Epoch 00097: val_loss did not improve from 1.22336
Epoch 98/100
13664/13664 - 6s - loss: 1.1905 - accuracy: 0.4973 - val_loss: 1.2263 - val_accuracy: 0.4823

Epoch 00098: val_loss did not improve from 1.22336
Epoch 99/100
13664/13664 - 6s - loss: 1.1904 - accuracy: 0.4970 - val_loss: 1.2310 - val_accuracy: 0.4938

Epoch 00099: val_loss did not improve from 1.22336
Epoch 100/100
13664/13664 - 6s - loss: 1.1904 - accuracy: 0.4979 - val_loss: 1.2355 - val_accuracy: 0.4868

Epoch 00100: val_loss did not improve from 1.22336
