Before oversampling: Counter({50.0: 52538, 10.0: 30078, 0.0: 22772, 100.0: 7624})
After oversampling: Counter({100.0: 52538, 50.0: 52538, 10.0: 52538, 0.0: 52538})
Model: "sequential"
_________________________________________________________________
Layer (type)                 Output Shape              Param #   
=================================================================
dense (Dense)                (None, 4)                 16        
_________________________________________________________________
dense_1 (Dense)              (None, 4)                 20        
=================================================================
Total params: 36
Trainable params: 36
Non-trainable params: 0
_________________________________________________________________
Epoch 1/100
21016/21016 - 9s - loss: 1.0842 - accuracy: 0.4740 - val_loss: 0.9735 - val_accuracy: 0.5556

Epoch 00001: val_loss improved from inf to 0.97346, saving model to ./results/NN_trial_9_3/cp.ckpt
Epoch 2/100
21016/21016 - 9s - loss: 0.9628 - accuracy: 0.5506 - val_loss: 0.9499 - val_accuracy: 0.5495

Epoch 00002: val_loss improved from 0.97346 to 0.94992, saving model to ./results/NN_trial_9_3/cp.ckpt
Epoch 3/100
21016/21016 - 9s - loss: 0.9467 - accuracy: 0.5522 - val_loss: 0.9355 - val_accuracy: 0.5503

Epoch 00003: val_loss improved from 0.94992 to 0.93552, saving model to ./results/NN_trial_9_3/cp.ckpt
Epoch 4/100
21016/21016 - 9s - loss: 0.9410 - accuracy: 0.5512 - val_loss: 0.9447 - val_accuracy: 0.5578

Epoch 00004: val_loss did not improve from 0.93552
Epoch 5/100
21016/21016 - 9s - loss: 0.9378 - accuracy: 0.5525 - val_loss: 0.9559 - val_accuracy: 0.5537

Epoch 00005: val_loss did not improve from 0.93552
Epoch 6/100
21016/21016 - 9s - loss: 0.9357 - accuracy: 0.5526 - val_loss: 0.9417 - val_accuracy: 0.5589

Epoch 00006: val_loss did not improve from 0.93552
Epoch 7/100
21016/21016 - 9s - loss: 0.9343 - accuracy: 0.5523 - val_loss: 0.9487 - val_accuracy: 0.5559

Epoch 00007: val_loss did not improve from 0.93552
Epoch 8/100
21016/21016 - 9s - loss: 0.9331 - accuracy: 0.5533 - val_loss: 0.9409 - val_accuracy: 0.5547

Epoch 00008: val_loss did not improve from 0.93552
Epoch 9/100
21016/21016 - 9s - loss: 0.9323 - accuracy: 0.5532 - val_loss: 0.9476 - val_accuracy: 0.5542

Epoch 00009: val_loss did not improve from 0.93552
Epoch 10/100
21016/21016 - 9s - loss: 0.9318 - accuracy: 0.5540 - val_loss: 0.9383 - val_accuracy: 0.5558

Epoch 00010: val_loss did not improve from 0.93552
Epoch 11/100
21016/21016 - 9s - loss: 0.9309 - accuracy: 0.5548 - val_loss: 0.9731 - val_accuracy: 0.5539

Epoch 00011: val_loss did not improve from 0.93552
Epoch 12/100
21016/21016 - 9s - loss: 0.9306 - accuracy: 0.5555 - val_loss: 0.9447 - val_accuracy: 0.5603

Epoch 00012: val_loss did not improve from 0.93552
Epoch 13/100
21016/21016 - 9s - loss: 0.9301 - accuracy: 0.5554 - val_loss: 0.9518 - val_accuracy: 0.5571

Epoch 00013: val_loss did not improve from 0.93552
Epoch 14/100
21016/21016 - 9s - loss: 0.9297 - accuracy: 0.5571 - val_loss: 0.9564 - val_accuracy: 0.5559

Epoch 00014: val_loss did not improve from 0.93552
Epoch 15/100
21016/21016 - 9s - loss: 0.9295 - accuracy: 0.5573 - val_loss: 0.9435 - val_accuracy: 0.5670

Epoch 00015: val_loss did not improve from 0.93552
Epoch 16/100
21016/21016 - 9s - loss: 0.9292 - accuracy: 0.5575 - val_loss: 0.9449 - val_accuracy: 0.5548

Epoch 00016: val_loss did not improve from 0.93552
Epoch 17/100
21016/21016 - 9s - loss: 0.9289 - accuracy: 0.5569 - val_loss: 0.9501 - val_accuracy: 0.5550

Epoch 00017: val_loss did not improve from 0.93552
Epoch 18/100
21016/21016 - 9s - loss: 0.9287 - accuracy: 0.5571 - val_loss: 0.9370 - val_accuracy: 0.5559

Epoch 00018: val_loss did not improve from 0.93552
Epoch 19/100
21016/21016 - 9s - loss: 0.9282 - accuracy: 0.5575 - val_loss: 0.9334 - val_accuracy: 0.5579

Epoch 00019: val_loss improved from 0.93552 to 0.93336, saving model to ./results/NN_trial_9_3/cp.ckpt
Epoch 20/100
21016/21016 - 9s - loss: 0.9276 - accuracy: 0.5593 - val_loss: 0.9322 - val_accuracy: 0.5612

Epoch 00020: val_loss improved from 0.93336 to 0.93224, saving model to ./results/NN_trial_9_3/cp.ckpt
Epoch 21/100
21016/21016 - 9s - loss: 0.9268 - accuracy: 0.5597 - val_loss: 0.9303 - val_accuracy: 0.5603

Epoch 00021: val_loss improved from 0.93224 to 0.93025, saving model to ./results/NN_trial_9_3/cp.ckpt
Epoch 22/100
21016/21016 - 9s - loss: 0.9262 - accuracy: 0.5611 - val_loss: 0.9461 - val_accuracy: 0.5596

Epoch 00022: val_loss did not improve from 0.93025
Epoch 23/100
21016/21016 - 9s - loss: 0.9256 - accuracy: 0.5613 - val_loss: 0.9422 - val_accuracy: 0.5618

Epoch 00023: val_loss did not improve from 0.93025
Epoch 24/100
21016/21016 - 9s - loss: 0.9248 - accuracy: 0.5623 - val_loss: 0.9283 - val_accuracy: 0.5603

Epoch 00024: val_loss improved from 0.93025 to 0.92826, saving model to ./results/NN_trial_9_3/cp.ckpt
Epoch 25/100
21016/21016 - 9s - loss: 0.9245 - accuracy: 0.5619 - val_loss: 0.9312 - val_accuracy: 0.5625

Epoch 00025: val_loss did not improve from 0.92826
Epoch 26/100
21016/21016 - 9s - loss: 0.9239 - accuracy: 0.5618 - val_loss: 0.9415 - val_accuracy: 0.5632

Epoch 00026: val_loss did not improve from 0.92826
Epoch 27/100
21016/21016 - 9s - loss: 0.9224 - accuracy: 0.5613 - val_loss: 0.9353 - val_accuracy: 0.5619

Epoch 00027: val_loss did not improve from 0.92826
Epoch 28/100
21016/21016 - 9s - loss: 0.9217 - accuracy: 0.5609 - val_loss: 0.9369 - val_accuracy: 0.5607

Epoch 00028: val_loss did not improve from 0.92826
Epoch 29/100
21016/21016 - 9s - loss: 0.9214 - accuracy: 0.5611 - val_loss: 0.9321 - val_accuracy: 0.5723

Epoch 00029: val_loss did not improve from 0.92826
Epoch 30/100
21016/21016 - 9s - loss: 0.9210 - accuracy: 0.5610 - val_loss: 0.9371 - val_accuracy: 0.5611

Epoch 00030: val_loss did not improve from 0.92826
Epoch 31/100
21016/21016 - 9s - loss: 0.9210 - accuracy: 0.5609 - val_loss: 0.9429 - val_accuracy: 0.5587

Epoch 00031: val_loss did not improve from 0.92826
Epoch 32/100
21016/21016 - 9s - loss: 0.9209 - accuracy: 0.5602 - val_loss: 0.9305 - val_accuracy: 0.5599

Epoch 00032: val_loss did not improve from 0.92826
Epoch 33/100
21016/21016 - 9s - loss: 0.9207 - accuracy: 0.5602 - val_loss: 0.9452 - val_accuracy: 0.5615

Epoch 00033: val_loss did not improve from 0.92826
Epoch 34/100
21016/21016 - 9s - loss: 0.9207 - accuracy: 0.5611 - val_loss: 0.9473 - val_accuracy: 0.5634

Epoch 00034: val_loss did not improve from 0.92826
Epoch 35/100
21016/21016 - 9s - loss: 0.9205 - accuracy: 0.5599 - val_loss: 0.9330 - val_accuracy: 0.5667

Epoch 00035: val_loss did not improve from 0.92826
Epoch 36/100
21016/21016 - 9s - loss: 0.9204 - accuracy: 0.5601 - val_loss: 0.9359 - val_accuracy: 0.5620

Epoch 00036: val_loss did not improve from 0.92826
Epoch 37/100
21016/21016 - 9s - loss: 0.9201 - accuracy: 0.5614 - val_loss: 0.9429 - val_accuracy: 0.5594

Epoch 00037: val_loss did not improve from 0.92826
Epoch 38/100
21016/21016 - 9s - loss: 0.9200 - accuracy: 0.5612 - val_loss: 0.9421 - val_accuracy: 0.5678

Epoch 00038: val_loss did not improve from 0.92826
Epoch 39/100
21016/21016 - 9s - loss: 0.9200 - accuracy: 0.5614 - val_loss: 0.9600 - val_accuracy: 0.5656

Epoch 00039: val_loss did not improve from 0.92826
Epoch 40/100
21016/21016 - 9s - loss: 0.9200 - accuracy: 0.5623 - val_loss: 0.9464 - val_accuracy: 0.5606

Epoch 00040: val_loss did not improve from 0.92826
Epoch 41/100
21016/21016 - 9s - loss: 0.9199 - accuracy: 0.5615 - val_loss: 0.9559 - val_accuracy: 0.5830

Epoch 00041: val_loss did not improve from 0.92826
Epoch 42/100
21016/21016 - 9s - loss: 0.9196 - accuracy: 0.5616 - val_loss: 0.9457 - val_accuracy: 0.5620

Epoch 00042: val_loss did not improve from 0.92826
Epoch 43/100
21016/21016 - 9s - loss: 0.9196 - accuracy: 0.5622 - val_loss: 0.9522 - val_accuracy: 0.5648

Epoch 00043: val_loss did not improve from 0.92826
Epoch 44/100
21016/21016 - 9s - loss: 0.9197 - accuracy: 0.5618 - val_loss: 0.9404 - val_accuracy: 0.5696

Epoch 00044: val_loss did not improve from 0.92826
Epoch 45/100
21016/21016 - 9s - loss: 0.9195 - accuracy: 0.5614 - val_loss: 0.9405 - val_accuracy: 0.5602

Epoch 00045: val_loss did not improve from 0.92826
Epoch 46/100
21016/21016 - 9s - loss: 0.9193 - accuracy: 0.5618 - val_loss: 0.9443 - val_accuracy: 0.5624

Epoch 00046: val_loss did not improve from 0.92826
Epoch 47/100
21016/21016 - 9s - loss: 0.9195 - accuracy: 0.5623 - val_loss: 0.9350 - val_accuracy: 0.5595

Epoch 00047: val_loss did not improve from 0.92826
Epoch 48/100
21016/21016 - 9s - loss: 0.9193 - accuracy: 0.5622 - val_loss: 0.9317 - val_accuracy: 0.5586

Epoch 00048: val_loss did not improve from 0.92826
Epoch 49/100
21016/21016 - 9s - loss: 0.9193 - accuracy: 0.5623 - val_loss: 0.9399 - val_accuracy: 0.5610

Epoch 00049: val_loss did not improve from 0.92826
Epoch 50/100
21016/21016 - 9s - loss: 0.9189 - accuracy: 0.5623 - val_loss: 0.9428 - val_accuracy: 0.5650

Epoch 00050: val_loss did not improve from 0.92826
Epoch 51/100
21016/21016 - 9s - loss: 0.9190 - accuracy: 0.5624 - val_loss: 0.9684 - val_accuracy: 0.5558

Epoch 00051: val_loss did not improve from 0.92826
Epoch 52/100
21016/21016 - 9s - loss: 0.9190 - accuracy: 0.5618 - val_loss: 0.9466 - val_accuracy: 0.5618

Epoch 00052: val_loss did not improve from 0.92826
Epoch 53/100
21016/21016 - 9s - loss: 0.9190 - accuracy: 0.5637 - val_loss: 0.9413 - val_accuracy: 0.5601

Epoch 00053: val_loss did not improve from 0.92826
Epoch 54/100
21016/21016 - 9s - loss: 0.9189 - accuracy: 0.5620 - val_loss: 0.9342 - val_accuracy: 0.5599

Epoch 00054: val_loss did not improve from 0.92826
Epoch 55/100
21016/21016 - 9s - loss: 0.9188 - accuracy: 0.5631 - val_loss: 0.9359 - val_accuracy: 0.5594

Epoch 00055: val_loss did not improve from 0.92826
Epoch 56/100
21016/21016 - 9s - loss: 0.9186 - accuracy: 0.5622 - val_loss: 0.9433 - val_accuracy: 0.5648

Epoch 00056: val_loss did not improve from 0.92826
Epoch 57/100
21016/21016 - 9s - loss: 0.9186 - accuracy: 0.5624 - val_loss: 0.9350 - val_accuracy: 0.5645

Epoch 00057: val_loss did not improve from 0.92826
Epoch 58/100
21016/21016 - 9s - loss: 0.9185 - accuracy: 0.5625 - val_loss: 0.9397 - val_accuracy: 0.5606

Epoch 00058: val_loss did not improve from 0.92826
Epoch 59/100
21016/21016 - 9s - loss: 0.9184 - accuracy: 0.5631 - val_loss: 0.9414 - val_accuracy: 0.5604

Epoch 00059: val_loss did not improve from 0.92826
Epoch 60/100
21016/21016 - 9s - loss: 0.9184 - accuracy: 0.5620 - val_loss: 0.9381 - val_accuracy: 0.5664

Epoch 00060: val_loss did not improve from 0.92826
Epoch 61/100
21016/21016 - 9s - loss: 0.9184 - accuracy: 0.5624 - val_loss: 0.9440 - val_accuracy: 0.5657

Epoch 00061: val_loss did not improve from 0.92826
Epoch 62/100
21016/21016 - 9s - loss: 0.9182 - accuracy: 0.5636 - val_loss: 0.9386 - val_accuracy: 0.5638

Epoch 00062: val_loss did not improve from 0.92826
Epoch 63/100
21016/21016 - 9s - loss: 0.9182 - accuracy: 0.5635 - val_loss: 0.9431 - val_accuracy: 0.5629

Epoch 00063: val_loss did not improve from 0.92826
Epoch 64/100
21016/21016 - 8s - loss: 0.9182 - accuracy: 0.5623 - val_loss: 0.9412 - val_accuracy: 0.5638

Epoch 00064: val_loss did not improve from 0.92826
Epoch 65/100
21016/21016 - 8s - loss: 0.9181 - accuracy: 0.5625 - val_loss: 0.9466 - val_accuracy: 0.5631

Epoch 00065: val_loss did not improve from 0.92826
Epoch 66/100
21016/21016 - 8s - loss: 0.9180 - accuracy: 0.5623 - val_loss: 0.9466 - val_accuracy: 0.5626

Epoch 00066: val_loss did not improve from 0.92826
Epoch 67/100
21016/21016 - 8s - loss: 0.9181 - accuracy: 0.5629 - val_loss: 0.9431 - val_accuracy: 0.5666

Epoch 00067: val_loss did not improve from 0.92826
Epoch 68/100
21016/21016 - 8s - loss: 0.9180 - accuracy: 0.5634 - val_loss: 0.9325 - val_accuracy: 0.5638

Epoch 00068: val_loss did not improve from 0.92826
Epoch 69/100
21016/21016 - 8s - loss: 0.9178 - accuracy: 0.5635 - val_loss: 0.9463 - val_accuracy: 0.5595

Epoch 00069: val_loss did not improve from 0.92826
Epoch 70/100
21016/21016 - 8s - loss: 0.9179 - accuracy: 0.5631 - val_loss: 0.9504 - val_accuracy: 0.5620

Epoch 00070: val_loss did not improve from 0.92826
Epoch 71/100
21016/21016 - 8s - loss: 0.9178 - accuracy: 0.5631 - val_loss: 0.9520 - val_accuracy: 0.5636

Epoch 00071: val_loss did not improve from 0.92826
Epoch 72/100
21016/21016 - 8s - loss: 0.9178 - accuracy: 0.5628 - val_loss: 0.9365 - val_accuracy: 0.5622

Epoch 00072: val_loss did not improve from 0.92826
Epoch 73/100
21016/21016 - 8s - loss: 0.9175 - accuracy: 0.5634 - val_loss: 0.9587 - val_accuracy: 0.5572

Epoch 00073: val_loss did not improve from 0.92826
Epoch 74/100
21016/21016 - 8s - loss: 0.9177 - accuracy: 0.5636 - val_loss: 0.9345 - val_accuracy: 0.5601

Epoch 00074: val_loss did not improve from 0.92826
Epoch 75/100
21016/21016 - 8s - loss: 0.9175 - accuracy: 0.5631 - val_loss: 0.9418 - val_accuracy: 0.5637

Epoch 00075: val_loss did not improve from 0.92826
Epoch 76/100
21016/21016 - 8s - loss: 0.9176 - accuracy: 0.5631 - val_loss: 0.9388 - val_accuracy: 0.5618

Epoch 00076: val_loss did not improve from 0.92826
Epoch 77/100
21016/21016 - 8s - loss: 0.9175 - accuracy: 0.5636 - val_loss: 0.9343 - val_accuracy: 0.5686

Epoch 00077: val_loss did not improve from 0.92826
Epoch 78/100
21016/21016 - 8s - loss: 0.9174 - accuracy: 0.5639 - val_loss: 0.9509 - val_accuracy: 0.5602

Epoch 00078: val_loss did not improve from 0.92826
Epoch 79/100
21016/21016 - 8s - loss: 0.9174 - accuracy: 0.5629 - val_loss: 0.9695 - val_accuracy: 0.5605

Epoch 00079: val_loss did not improve from 0.92826
Epoch 80/100
21016/21016 - 8s - loss: 0.9175 - accuracy: 0.5637 - val_loss: 0.9339 - val_accuracy: 0.5645

Epoch 00080: val_loss did not improve from 0.92826
Epoch 81/100
21016/21016 - 8s - loss: 0.9173 - accuracy: 0.5636 - val_loss: 0.9369 - val_accuracy: 0.5645

Epoch 00081: val_loss did not improve from 0.92826
Epoch 82/100
21016/21016 - 8s - loss: 0.9172 - accuracy: 0.5636 - val_loss: 0.9429 - val_accuracy: 0.5618

Epoch 00082: val_loss did not improve from 0.92826
Epoch 83/100
21016/21016 - 8s - loss: 0.9171 - accuracy: 0.5638 - val_loss: 0.9474 - val_accuracy: 0.5596

Epoch 00083: val_loss did not improve from 0.92826
Epoch 84/100
21016/21016 - 8s - loss: 0.9171 - accuracy: 0.5634 - val_loss: 0.9332 - val_accuracy: 0.5589

Epoch 00084: val_loss did not improve from 0.92826
Epoch 85/100
21016/21016 - 8s - loss: 0.9172 - accuracy: 0.5634 - val_loss: 0.9616 - val_accuracy: 0.5679

Epoch 00085: val_loss did not improve from 0.92826
Epoch 86/100
21016/21016 - 8s - loss: 0.9172 - accuracy: 0.5640 - val_loss: 0.9395 - val_accuracy: 0.5639

Epoch 00086: val_loss did not improve from 0.92826
Epoch 87/100
21016/21016 - 8s - loss: 0.9172 - accuracy: 0.5641 - val_loss: 0.9433 - val_accuracy: 0.5673

Epoch 00087: val_loss did not improve from 0.92826
Epoch 88/100
21016/21016 - 8s - loss: 0.9170 - accuracy: 0.5639 - val_loss: 0.9325 - val_accuracy: 0.5635

Epoch 00088: val_loss did not improve from 0.92826
Epoch 89/100
21016/21016 - 8s - loss: 0.9169 - accuracy: 0.5641 - val_loss: 0.9650 - val_accuracy: 0.5625

Epoch 00089: val_loss did not improve from 0.92826
Epoch 90/100
21016/21016 - 8s - loss: 0.9172 - accuracy: 0.5641 - val_loss: 0.9270 - val_accuracy: 0.5571

Epoch 00090: val_loss improved from 0.92826 to 0.92702, saving model to ./results/NN_trial_9_3/cp.ckpt
Epoch 91/100
21016/21016 - 8s - loss: 0.9172 - accuracy: 0.5641 - val_loss: 0.9375 - val_accuracy: 0.5690

Epoch 00091: val_loss did not improve from 0.92702
Epoch 92/100
21016/21016 - 8s - loss: 0.9170 - accuracy: 0.5646 - val_loss: 0.9363 - val_accuracy: 0.5653

Epoch 00092: val_loss did not improve from 0.92702
Epoch 93/100
21016/21016 - 8s - loss: 0.9170 - accuracy: 0.5639 - val_loss: 0.9346 - val_accuracy: 0.5617

Epoch 00093: val_loss did not improve from 0.92702
Epoch 94/100
21016/21016 - 8s - loss: 0.9170 - accuracy: 0.5629 - val_loss: 0.9588 - val_accuracy: 0.5669

Epoch 00094: val_loss did not improve from 0.92702
Epoch 95/100
21016/21016 - 8s - loss: 0.9170 - accuracy: 0.5644 - val_loss: 0.9419 - val_accuracy: 0.5727

Epoch 00095: val_loss did not improve from 0.92702
Epoch 96/100
21016/21016 - 8s - loss: 0.9169 - accuracy: 0.5644 - val_loss: 0.9324 - val_accuracy: 0.5640

Epoch 00096: val_loss did not improve from 0.92702
Epoch 97/100
21016/21016 - 8s - loss: 0.9171 - accuracy: 0.5639 - val_loss: 0.9418 - val_accuracy: 0.5666

Epoch 00097: val_loss did not improve from 0.92702
Epoch 98/100
21016/21016 - 8s - loss: 0.9169 - accuracy: 0.5653 - val_loss: 0.9406 - val_accuracy: 0.5637

Epoch 00098: val_loss did not improve from 0.92702
Epoch 99/100
21016/21016 - 8s - loss: 0.9168 - accuracy: 0.5650 - val_loss: 0.9375 - val_accuracy: 0.5650

Epoch 00099: val_loss did not improve from 0.92702
Epoch 100/100
21016/21016 - 8s - loss: 0.9169 - accuracy: 0.5643 - val_loss: 0.9475 - val_accuracy: 0.5668

Epoch 00100: val_loss did not improve from 0.92702
