Before oversampling: Counter({0.0: 22772, 40.0: 22601, 10.0: 22562, 70.0: 22210, 91.0: 15243, 100.0: 7624})
After oversampling: Counter({100.0: 22772, 91.0: 22772, 70.0: 22772, 10.0: 22772, 0.0: 22772, 40.0: 22772})
Model: "sequential"
_________________________________________________________________
Layer (type)                 Output Shape              Param #   
=================================================================
conv1d (Conv1D)              (None, 12, 64)            512       
_________________________________________________________________
conv1d_1 (Conv1D)            (None, 6, 64)             28736     
_________________________________________________________________
max_pooling1d (MaxPooling1D) (None, 3, 64)             0         
_________________________________________________________________
flatten (Flatten)            (None, 192)               0         
_________________________________________________________________
dense (Dense)                (None, 16)                3088      
_________________________________________________________________
dense_1 (Dense)              (None, 6)                 102       
=================================================================
Total params: 32,438
Trainable params: 32,438
Non-trainable params: 0
_________________________________________________________________
Epoch 1/100
13664/13664 - 11s - loss: 1.1277 - accuracy: 0.5356 - val_loss: 1.1117 - val_accuracy: 0.5507

Epoch 00001: val_loss improved from inf to 1.11173, saving model to ./results/CNN_trial_8_4/cp.ckpt
Epoch 2/100
13664/13664 - 11s - loss: 1.0279 - accuracy: 0.5797 - val_loss: 1.0858 - val_accuracy: 0.5749

Epoch 00002: val_loss improved from 1.11173 to 1.08583, saving model to ./results/CNN_trial_8_4/cp.ckpt
Epoch 3/100
13664/13664 - 11s - loss: 1.0021 - accuracy: 0.5946 - val_loss: 1.0689 - val_accuracy: 0.5663

Epoch 00003: val_loss improved from 1.08583 to 1.06890, saving model to ./results/CNN_trial_8_4/cp.ckpt
Epoch 4/100
13664/13664 - 11s - loss: 0.9873 - accuracy: 0.6013 - val_loss: 1.1030 - val_accuracy: 0.5697

Epoch 00004: val_loss did not improve from 1.06890
Epoch 5/100
13664/13664 - 11s - loss: 0.9777 - accuracy: 0.6073 - val_loss: 1.0893 - val_accuracy: 0.5663

Epoch 00005: val_loss did not improve from 1.06890
Epoch 6/100
13664/13664 - 11s - loss: 0.9702 - accuracy: 0.6093 - val_loss: 1.0620 - val_accuracy: 0.5809

Epoch 00006: val_loss improved from 1.06890 to 1.06201, saving model to ./results/CNN_trial_8_4/cp.ckpt
Epoch 7/100
13664/13664 - 11s - loss: 0.9643 - accuracy: 0.6117 - val_loss: 1.0911 - val_accuracy: 0.5683

Epoch 00007: val_loss did not improve from 1.06201
Epoch 8/100
13664/13664 - 11s - loss: 0.9580 - accuracy: 0.6149 - val_loss: 1.0588 - val_accuracy: 0.5889

Epoch 00008: val_loss improved from 1.06201 to 1.05882, saving model to ./results/CNN_trial_8_4/cp.ckpt
Epoch 9/100
13664/13664 - 11s - loss: 0.9484 - accuracy: 0.6180 - val_loss: 1.0858 - val_accuracy: 0.5751

Epoch 00009: val_loss did not improve from 1.05882
Epoch 10/100
13664/13664 - 12s - loss: 0.9376 - accuracy: 0.6230 - val_loss: 1.0327 - val_accuracy: 0.5900

Epoch 00010: val_loss improved from 1.05882 to 1.03266, saving model to ./results/CNN_trial_8_4/cp.ckpt
Epoch 11/100
13664/13664 - 12s - loss: 0.9318 - accuracy: 0.6255 - val_loss: 1.0347 - val_accuracy: 0.5979

Epoch 00011: val_loss did not improve from 1.03266
Epoch 12/100
13664/13664 - 11s - loss: 0.9280 - accuracy: 0.6263 - val_loss: 1.0139 - val_accuracy: 0.6028

Epoch 00012: val_loss improved from 1.03266 to 1.01393, saving model to ./results/CNN_trial_8_4/cp.ckpt
Epoch 13/100
13664/13664 - 11s - loss: 0.9230 - accuracy: 0.6314 - val_loss: 1.0314 - val_accuracy: 0.5982

Epoch 00013: val_loss did not improve from 1.01393
Epoch 14/100
13664/13664 - 11s - loss: 0.9187 - accuracy: 0.6309 - val_loss: 1.0317 - val_accuracy: 0.5927

Epoch 00014: val_loss did not improve from 1.01393
Epoch 15/100
13664/13664 - 11s - loss: 0.9155 - accuracy: 0.6318 - val_loss: 1.0345 - val_accuracy: 0.5974

Epoch 00015: val_loss did not improve from 1.01393
Epoch 16/100
13664/13664 - 11s - loss: 0.9131 - accuracy: 0.6350 - val_loss: 1.0280 - val_accuracy: 0.5892

Epoch 00016: val_loss did not improve from 1.01393
Epoch 17/100
13664/13664 - 11s - loss: 0.9118 - accuracy: 0.6348 - val_loss: 1.0523 - val_accuracy: 0.5856

Epoch 00017: val_loss did not improve from 1.01393
Epoch 18/100
13664/13664 - 11s - loss: 0.9095 - accuracy: 0.6353 - val_loss: 1.0716 - val_accuracy: 0.5865

Epoch 00018: val_loss did not improve from 1.01393
Epoch 19/100
13664/13664 - 11s - loss: 0.9065 - accuracy: 0.6353 - val_loss: 1.0590 - val_accuracy: 0.6041

Epoch 00019: val_loss did not improve from 1.01393
Epoch 20/100
13664/13664 - 11s - loss: 0.9040 - accuracy: 0.6378 - val_loss: 1.0533 - val_accuracy: 0.5904

Epoch 00020: val_loss did not improve from 1.01393
Epoch 21/100
13664/13664 - 11s - loss: 0.9035 - accuracy: 0.6377 - val_loss: 1.0387 - val_accuracy: 0.5928

Epoch 00021: val_loss did not improve from 1.01393
Epoch 22/100
13664/13664 - 11s - loss: 0.9012 - accuracy: 0.6399 - val_loss: 1.0732 - val_accuracy: 0.5835

Epoch 00022: val_loss did not improve from 1.01393
Epoch 23/100
13664/13664 - 11s - loss: 0.8998 - accuracy: 0.6397 - val_loss: 1.0406 - val_accuracy: 0.6054

Epoch 00023: val_loss did not improve from 1.01393
Epoch 24/100
13664/13664 - 11s - loss: 0.8987 - accuracy: 0.6385 - val_loss: 1.0461 - val_accuracy: 0.5982

Epoch 00024: val_loss did not improve from 1.01393
Epoch 25/100
13664/13664 - 11s - loss: 0.8948 - accuracy: 0.6413 - val_loss: 1.0644 - val_accuracy: 0.5836

Epoch 00025: val_loss did not improve from 1.01393
Epoch 26/100
13664/13664 - 11s - loss: 0.8941 - accuracy: 0.6409 - val_loss: 1.0543 - val_accuracy: 0.5973

Epoch 00026: val_loss did not improve from 1.01393
Epoch 27/100
13664/13664 - 11s - loss: 0.8933 - accuracy: 0.6416 - val_loss: 1.0495 - val_accuracy: 0.5986

Epoch 00027: val_loss did not improve from 1.01393
Epoch 28/100
13664/13664 - 11s - loss: 0.8923 - accuracy: 0.6420 - val_loss: 1.0702 - val_accuracy: 0.5875

Epoch 00028: val_loss did not improve from 1.01393
Epoch 29/100
13664/13664 - 11s - loss: 0.8892 - accuracy: 0.6441 - val_loss: 1.0875 - val_accuracy: 0.5882

Epoch 00029: val_loss did not improve from 1.01393
Epoch 30/100
13664/13664 - 11s - loss: 0.8877 - accuracy: 0.6450 - val_loss: 1.0504 - val_accuracy: 0.6013

Epoch 00030: val_loss did not improve from 1.01393
Epoch 31/100
13664/13664 - 11s - loss: 0.8873 - accuracy: 0.6448 - val_loss: 1.0751 - val_accuracy: 0.5814

Epoch 00031: val_loss did not improve from 1.01393
Epoch 32/100
13664/13664 - 11s - loss: 0.8858 - accuracy: 0.6456 - val_loss: 1.0411 - val_accuracy: 0.6040

Epoch 00032: val_loss did not improve from 1.01393
Epoch 33/100
13664/13664 - 11s - loss: 0.8850 - accuracy: 0.6453 - val_loss: 1.0745 - val_accuracy: 0.5964

Epoch 00033: val_loss did not improve from 1.01393
Epoch 34/100
13664/13664 - 11s - loss: 0.8832 - accuracy: 0.6472 - val_loss: 1.0505 - val_accuracy: 0.6039

Epoch 00034: val_loss did not improve from 1.01393
Epoch 35/100
13664/13664 - 11s - loss: 0.8823 - accuracy: 0.6490 - val_loss: 1.0575 - val_accuracy: 0.5961

Epoch 00035: val_loss did not improve from 1.01393
Epoch 36/100
13664/13664 - 11s - loss: 0.8812 - accuracy: 0.6468 - val_loss: 1.0495 - val_accuracy: 0.5953

Epoch 00036: val_loss did not improve from 1.01393
Epoch 37/100
13664/13664 - 11s - loss: 0.8804 - accuracy: 0.6474 - val_loss: 1.0953 - val_accuracy: 0.5882

Epoch 00037: val_loss did not improve from 1.01393
Epoch 38/100
13664/13664 - 11s - loss: 0.8800 - accuracy: 0.6486 - val_loss: 1.0605 - val_accuracy: 0.5933

Epoch 00038: val_loss did not improve from 1.01393
Epoch 39/100
13664/13664 - 11s - loss: 0.8787 - accuracy: 0.6503 - val_loss: 1.0742 - val_accuracy: 0.5938

Epoch 00039: val_loss did not improve from 1.01393
Epoch 40/100
13664/13664 - 11s - loss: 0.8778 - accuracy: 0.6484 - val_loss: 1.0525 - val_accuracy: 0.5936

Epoch 00040: val_loss did not improve from 1.01393
Epoch 41/100
13664/13664 - 11s - loss: 0.8762 - accuracy: 0.6508 - val_loss: 1.0966 - val_accuracy: 0.6013

Epoch 00041: val_loss did not improve from 1.01393
Epoch 42/100
13664/13664 - 12s - loss: 0.8755 - accuracy: 0.6502 - val_loss: 1.0515 - val_accuracy: 0.5994

Epoch 00042: val_loss did not improve from 1.01393
Epoch 43/100
13664/13664 - 11s - loss: 0.8743 - accuracy: 0.6512 - val_loss: 1.0485 - val_accuracy: 0.5944

Epoch 00043: val_loss did not improve from 1.01393
Epoch 44/100
13664/13664 - 11s - loss: 0.8744 - accuracy: 0.6516 - val_loss: 1.0789 - val_accuracy: 0.5887

Epoch 00044: val_loss did not improve from 1.01393
Epoch 45/100
13664/13664 - 11s - loss: 0.8725 - accuracy: 0.6532 - val_loss: 1.0779 - val_accuracy: 0.5878

Epoch 00045: val_loss did not improve from 1.01393
Epoch 46/100
13664/13664 - 11s - loss: 0.8719 - accuracy: 0.6520 - val_loss: 1.0740 - val_accuracy: 0.5874

Epoch 00046: val_loss did not improve from 1.01393
Epoch 47/100
13664/13664 - 11s - loss: 0.8707 - accuracy: 0.6532 - val_loss: 1.0829 - val_accuracy: 0.5923

Epoch 00047: val_loss did not improve from 1.01393
Epoch 48/100
13664/13664 - 11s - loss: 0.8700 - accuracy: 0.6532 - val_loss: 1.0665 - val_accuracy: 0.5983

Epoch 00048: val_loss did not improve from 1.01393
Epoch 49/100
13664/13664 - 11s - loss: 0.8686 - accuracy: 0.6543 - val_loss: 1.0584 - val_accuracy: 0.6095

Epoch 00049: val_loss did not improve from 1.01393
Epoch 50/100
13664/13664 - 11s - loss: 0.8678 - accuracy: 0.6536 - val_loss: 1.0923 - val_accuracy: 0.5866

Epoch 00050: val_loss did not improve from 1.01393
Epoch 51/100
13664/13664 - 11s - loss: 0.8677 - accuracy: 0.6521 - val_loss: 1.0667 - val_accuracy: 0.6013

Epoch 00051: val_loss did not improve from 1.01393
Epoch 52/100
13664/13664 - 11s - loss: 0.8663 - accuracy: 0.6551 - val_loss: 1.1108 - val_accuracy: 0.5875

Epoch 00052: val_loss did not improve from 1.01393
Epoch 53/100
13664/13664 - 11s - loss: 0.8668 - accuracy: 0.6549 - val_loss: 1.0959 - val_accuracy: 0.5920

Epoch 00053: val_loss did not improve from 1.01393
Epoch 54/100
13664/13664 - 11s - loss: 0.8667 - accuracy: 0.6551 - val_loss: 1.0742 - val_accuracy: 0.5935

Epoch 00054: val_loss did not improve from 1.01393
Epoch 55/100
13664/13664 - 11s - loss: 0.8641 - accuracy: 0.6571 - val_loss: 1.0743 - val_accuracy: 0.5918

Epoch 00055: val_loss did not improve from 1.01393
Epoch 56/100
13664/13664 - 11s - loss: 0.8658 - accuracy: 0.6549 - val_loss: 1.0753 - val_accuracy: 0.5861

Epoch 00056: val_loss did not improve from 1.01393
Epoch 57/100
13664/13664 - 11s - loss: 0.8638 - accuracy: 0.6557 - val_loss: 1.0734 - val_accuracy: 0.5966

Epoch 00057: val_loss did not improve from 1.01393
Epoch 58/100
13664/13664 - 11s - loss: 0.8628 - accuracy: 0.6553 - val_loss: 1.0746 - val_accuracy: 0.5769

Epoch 00058: val_loss did not improve from 1.01393
Epoch 59/100
13664/13664 - 11s - loss: 0.8620 - accuracy: 0.6572 - val_loss: 1.0657 - val_accuracy: 0.6016

Epoch 00059: val_loss did not improve from 1.01393
Epoch 60/100
13664/13664 - 11s - loss: 0.8624 - accuracy: 0.6566 - val_loss: 1.0648 - val_accuracy: 0.6013

Epoch 00060: val_loss did not improve from 1.01393
Epoch 61/100
13664/13664 - 11s - loss: 0.8616 - accuracy: 0.6558 - val_loss: 1.0748 - val_accuracy: 0.6034

Epoch 00061: val_loss did not improve from 1.01393
Epoch 62/100
13664/13664 - 11s - loss: 0.8612 - accuracy: 0.6577 - val_loss: 1.1169 - val_accuracy: 0.5823

Epoch 00062: val_loss did not improve from 1.01393
Epoch 63/100
13664/13664 - 11s - loss: 0.8601 - accuracy: 0.6577 - val_loss: 1.0961 - val_accuracy: 0.5917

Epoch 00063: val_loss did not improve from 1.01393
Epoch 64/100
13664/13664 - 11s - loss: 0.8597 - accuracy: 0.6573 - val_loss: 1.0637 - val_accuracy: 0.6025

Epoch 00064: val_loss did not improve from 1.01393
Epoch 65/100
13664/13664 - 11s - loss: 0.8595 - accuracy: 0.6579 - val_loss: 1.0687 - val_accuracy: 0.6003

Epoch 00065: val_loss did not improve from 1.01393
Epoch 66/100
13664/13664 - 11s - loss: 0.8590 - accuracy: 0.6570 - val_loss: 1.0520 - val_accuracy: 0.6077

Epoch 00066: val_loss did not improve from 1.01393
Epoch 67/100
13664/13664 - 11s - loss: 0.8586 - accuracy: 0.6573 - val_loss: 1.0797 - val_accuracy: 0.5973

Epoch 00067: val_loss did not improve from 1.01393
Epoch 68/100
13664/13664 - 11s - loss: 0.8578 - accuracy: 0.6570 - val_loss: 1.0840 - val_accuracy: 0.5917

Epoch 00068: val_loss did not improve from 1.01393
Epoch 69/100
13664/13664 - 11s - loss: 0.8575 - accuracy: 0.6594 - val_loss: 1.0647 - val_accuracy: 0.5949

Epoch 00069: val_loss did not improve from 1.01393
Epoch 70/100
13664/13664 - 11s - loss: 0.8572 - accuracy: 0.6582 - val_loss: 1.0635 - val_accuracy: 0.6084

Epoch 00070: val_loss did not improve from 1.01393
Epoch 71/100
13664/13664 - 11s - loss: 0.8552 - accuracy: 0.6589 - val_loss: 1.0655 - val_accuracy: 0.5928

Epoch 00071: val_loss did not improve from 1.01393
Epoch 72/100
13664/13664 - 11s - loss: 0.8557 - accuracy: 0.6594 - val_loss: 1.1064 - val_accuracy: 0.5918

Epoch 00072: val_loss did not improve from 1.01393
Epoch 73/100
13664/13664 - 11s - loss: 0.8551 - accuracy: 0.6595 - val_loss: 1.1072 - val_accuracy: 0.5907

Epoch 00073: val_loss did not improve from 1.01393
Epoch 74/100
13664/13664 - 11s - loss: 0.8548 - accuracy: 0.6604 - val_loss: 1.0837 - val_accuracy: 0.5884

Epoch 00074: val_loss did not improve from 1.01393
Epoch 75/100
13664/13664 - 11s - loss: 0.8546 - accuracy: 0.6607 - val_loss: 1.0943 - val_accuracy: 0.5926

Epoch 00075: val_loss did not improve from 1.01393
Epoch 76/100
13664/13664 - 11s - loss: 0.8538 - accuracy: 0.6587 - val_loss: 1.0774 - val_accuracy: 0.6066

Epoch 00076: val_loss did not improve from 1.01393
Epoch 77/100
13664/13664 - 11s - loss: 0.8537 - accuracy: 0.6584 - val_loss: 1.0627 - val_accuracy: 0.6040

Epoch 00077: val_loss did not improve from 1.01393
Epoch 78/100
13664/13664 - 11s - loss: 0.8524 - accuracy: 0.6607 - val_loss: 1.0639 - val_accuracy: 0.5988

Epoch 00078: val_loss did not improve from 1.01393
Epoch 79/100
13664/13664 - 11s - loss: 0.8522 - accuracy: 0.6590 - val_loss: 1.0755 - val_accuracy: 0.5825

Epoch 00079: val_loss did not improve from 1.01393
Epoch 80/100
13664/13664 - 11s - loss: 0.8522 - accuracy: 0.6614 - val_loss: 1.0553 - val_accuracy: 0.6039

Epoch 00080: val_loss did not improve from 1.01393
Epoch 81/100
13664/13664 - 11s - loss: 0.8518 - accuracy: 0.6613 - val_loss: 1.0903 - val_accuracy: 0.6051

Epoch 00081: val_loss did not improve from 1.01393
Epoch 82/100
13664/13664 - 11s - loss: 0.8509 - accuracy: 0.6612 - val_loss: 1.0982 - val_accuracy: 0.5994

Epoch 00082: val_loss did not improve from 1.01393
Epoch 83/100
13664/13664 - 11s - loss: 0.8503 - accuracy: 0.6621 - val_loss: 1.0925 - val_accuracy: 0.5957

Epoch 00083: val_loss did not improve from 1.01393
Epoch 84/100
13664/13664 - 11s - loss: 0.8505 - accuracy: 0.6621 - val_loss: 1.0578 - val_accuracy: 0.5968

Epoch 00084: val_loss did not improve from 1.01393
Epoch 85/100
13664/13664 - 11s - loss: 0.8502 - accuracy: 0.6613 - val_loss: 1.0929 - val_accuracy: 0.5820

Epoch 00085: val_loss did not improve from 1.01393
Epoch 86/100
13664/13664 - 11s - loss: 0.8502 - accuracy: 0.6621 - val_loss: 1.0938 - val_accuracy: 0.5936

Epoch 00086: val_loss did not improve from 1.01393
Epoch 87/100
13664/13664 - 11s - loss: 0.8486 - accuracy: 0.6632 - val_loss: 1.0890 - val_accuracy: 0.6024

Epoch 00087: val_loss did not improve from 1.01393
Epoch 88/100
13664/13664 - 11s - loss: 0.8496 - accuracy: 0.6628 - val_loss: 1.0740 - val_accuracy: 0.6035

Epoch 00088: val_loss did not improve from 1.01393
Epoch 89/100
13664/13664 - 11s - loss: 0.8484 - accuracy: 0.6625 - val_loss: 1.0816 - val_accuracy: 0.6015

Epoch 00089: val_loss did not improve from 1.01393
Epoch 90/100
13664/13664 - 11s - loss: 0.8496 - accuracy: 0.6635 - val_loss: 1.0678 - val_accuracy: 0.5982

Epoch 00090: val_loss did not improve from 1.01393
Epoch 91/100
13664/13664 - 11s - loss: 0.8493 - accuracy: 0.6622 - val_loss: 1.0850 - val_accuracy: 0.5957

Epoch 00091: val_loss did not improve from 1.01393
Epoch 92/100
13664/13664 - 11s - loss: 0.8482 - accuracy: 0.6642 - val_loss: 1.0971 - val_accuracy: 0.5986

Epoch 00092: val_loss did not improve from 1.01393
Epoch 93/100
13664/13664 - 11s - loss: 0.8474 - accuracy: 0.6634 - val_loss: 1.0893 - val_accuracy: 0.5974

Epoch 00093: val_loss did not improve from 1.01393
Epoch 94/100
13664/13664 - 11s - loss: 0.8456 - accuracy: 0.6644 - val_loss: 1.0910 - val_accuracy: 0.5920

Epoch 00094: val_loss did not improve from 1.01393
Epoch 95/100
13664/13664 - 12s - loss: 0.8459 - accuracy: 0.6640 - val_loss: 1.0873 - val_accuracy: 0.5977

Epoch 00095: val_loss did not improve from 1.01393
Epoch 96/100
13664/13664 - 11s - loss: 0.8471 - accuracy: 0.6647 - val_loss: 1.0723 - val_accuracy: 0.6028

Epoch 00096: val_loss did not improve from 1.01393
Epoch 97/100
13664/13664 - 11s - loss: 0.8464 - accuracy: 0.6645 - val_loss: 1.0726 - val_accuracy: 0.5944

Epoch 00097: val_loss did not improve from 1.01393
Epoch 98/100
13664/13664 - 11s - loss: 0.8457 - accuracy: 0.6630 - val_loss: 1.0912 - val_accuracy: 0.5945

Epoch 00098: val_loss did not improve from 1.01393
Epoch 99/100
13664/13664 - 11s - loss: 0.8456 - accuracy: 0.6634 - val_loss: 1.1155 - val_accuracy: 0.5973

Epoch 00099: val_loss did not improve from 1.01393
Epoch 100/100
13664/13664 - 11s - loss: 0.8446 - accuracy: 0.6639 - val_loss: 1.1147 - val_accuracy: 0.5873

Epoch 00100: val_loss did not improve from 1.01393
