Before oversampling: Counter({92.0: 7628, 100.0: 7624, 91.0: 7615, 0.0: 7615, 60.0: 7609, 10.0: 7595, 70.0: 7583, 1.0: 7580, 2.0: 7577, 20.0: 7519, 40.0: 7516, 50.0: 7476, 30.0: 7448, 90.0: 7439, 80.0: 7188})
After oversampling: Counter({100.0: 7628, 92.0: 7628, 91.0: 7628, 90.0: 7628, 20.0: 7628, 1.0: 7628, 80.0: 7628, 70.0: 7628, 0.0: 7628, 50.0: 7628, 30.0: 7628, 10.0: 7628, 40.0: 7628, 2.0: 7628, 60.0: 7628})
Model: "sequential"
_________________________________________________________________
Layer (type)                 Output Shape              Param #   
=================================================================
dense (Dense)                (None, 22)                418       
_________________________________________________________________
dense_1 (Dense)              (None, 15)                345       
=================================================================
Total params: 763
Trainable params: 763
Non-trainable params: 0
_________________________________________________________________
Epoch 1/100
11442/11442 - 4s - loss: 18.9297 - accuracy: 0.1597 - val_loss: 9.3810 - val_accuracy: 0.1520

Epoch 00001: val_loss improved from inf to 9.38096, saving model to ./results/NN_raw_GLCM_C15/cp.ckpt
Epoch 2/100
11442/11442 - 4s - loss: 4.0660 - accuracy: 0.1790 - val_loss: 2.4007 - val_accuracy: 0.1793

Epoch 00002: val_loss improved from 9.38096 to 2.40072, saving model to ./results/NN_raw_GLCM_C15/cp.ckpt
Epoch 3/100
11442/11442 - 4s - loss: 2.2226 - accuracy: 0.1991 - val_loss: 2.4108 - val_accuracy: 0.1670

Epoch 00003: val_loss did not improve from 2.40072
Epoch 4/100
11442/11442 - 4s - loss: 2.1804 - accuracy: 0.2087 - val_loss: 2.2950 - val_accuracy: 0.1772

Epoch 00004: val_loss improved from 2.40072 to 2.29498, saving model to ./results/NN_raw_GLCM_C15/cp.ckpt
Epoch 5/100
11442/11442 - 4s - loss: 2.1568 - accuracy: 0.2184 - val_loss: 2.3000 - val_accuracy: 0.1926

Epoch 00005: val_loss did not improve from 2.29498
Epoch 6/100
11442/11442 - 4s - loss: 2.1446 - accuracy: 0.2234 - val_loss: 2.2795 - val_accuracy: 0.1954

Epoch 00006: val_loss improved from 2.29498 to 2.27950, saving model to ./results/NN_raw_GLCM_C15/cp.ckpt
Epoch 7/100
11442/11442 - 4s - loss: 2.2250 - accuracy: 0.2075 - val_loss: 2.2919 - val_accuracy: 0.1762

Epoch 00007: val_loss did not improve from 2.27950
Epoch 8/100
11442/11442 - 4s - loss: 2.1599 - accuracy: 0.2169 - val_loss: 2.1831 - val_accuracy: 0.2163

Epoch 00008: val_loss improved from 2.27950 to 2.18310, saving model to ./results/NN_raw_GLCM_C15/cp.ckpt
Epoch 9/100
11442/11442 - 4s - loss: 2.1347 - accuracy: 0.2275 - val_loss: 2.2420 - val_accuracy: 0.2393

Epoch 00009: val_loss did not improve from 2.18310
Epoch 10/100
11442/11442 - 4s - loss: 2.1225 - accuracy: 0.2310 - val_loss: 2.2729 - val_accuracy: 0.2170

Epoch 00010: val_loss did not improve from 2.18310
Epoch 11/100
11442/11442 - 4s - loss: 2.1148 - accuracy: 0.2342 - val_loss: 2.1985 - val_accuracy: 0.2187

Epoch 00011: val_loss did not improve from 2.18310
Epoch 12/100
11442/11442 - 4s - loss: 2.1092 - accuracy: 0.2379 - val_loss: 2.2075 - val_accuracy: 0.2224

Epoch 00012: val_loss did not improve from 2.18310
Epoch 13/100
11442/11442 - 4s - loss: 2.1110 - accuracy: 0.2352 - val_loss: 2.3024 - val_accuracy: 0.1811

Epoch 00013: val_loss did not improve from 2.18310
Epoch 14/100
11442/11442 - 4s - loss: 2.1084 - accuracy: 0.2324 - val_loss: 2.1777 - val_accuracy: 0.2196

Epoch 00014: val_loss improved from 2.18310 to 2.17774, saving model to ./results/NN_raw_GLCM_C15/cp.ckpt
Epoch 15/100
11442/11442 - 4s - loss: 2.1091 - accuracy: 0.2346 - val_loss: 2.3308 - val_accuracy: 0.2262

Epoch 00015: val_loss did not improve from 2.17774
Epoch 16/100
11442/11442 - 4s - loss: 2.1094 - accuracy: 0.2341 - val_loss: 2.2544 - val_accuracy: 0.1987

Epoch 00016: val_loss did not improve from 2.17774
Epoch 17/100
11442/11442 - 4s - loss: 2.1095 - accuracy: 0.2343 - val_loss: 2.2716 - val_accuracy: 0.2252

Epoch 00017: val_loss did not improve from 2.17774
Epoch 18/100
11442/11442 - 4s - loss: 2.1041 - accuracy: 0.2356 - val_loss: 2.2173 - val_accuracy: 0.2176

Epoch 00018: val_loss did not improve from 2.17774
Epoch 19/100
11442/11442 - 4s - loss: 2.1068 - accuracy: 0.2347 - val_loss: 2.1699 - val_accuracy: 0.2099

Epoch 00019: val_loss improved from 2.17774 to 2.16987, saving model to ./results/NN_raw_GLCM_C15/cp.ckpt
Epoch 20/100
11442/11442 - 4s - loss: 2.1041 - accuracy: 0.2348 - val_loss: 2.2024 - val_accuracy: 0.2006

Epoch 00020: val_loss did not improve from 2.16987
Epoch 21/100
11442/11442 - 4s - loss: 2.1065 - accuracy: 0.2340 - val_loss: 2.2121 - val_accuracy: 0.2047

Epoch 00021: val_loss did not improve from 2.16987
Epoch 22/100
11442/11442 - 4s - loss: 2.1083 - accuracy: 0.2341 - val_loss: 2.1985 - val_accuracy: 0.1943

Epoch 00022: val_loss did not improve from 2.16987
Epoch 23/100
11442/11442 - 4s - loss: 2.1070 - accuracy: 0.2307 - val_loss: 2.2676 - val_accuracy: 0.2005

Epoch 00023: val_loss did not improve from 2.16987
Epoch 24/100
11442/11442 - 4s - loss: 2.1072 - accuracy: 0.2333 - val_loss: 2.2007 - val_accuracy: 0.2043

Epoch 00024: val_loss did not improve from 2.16987
Epoch 25/100
11442/11442 - 4s - loss: 2.1085 - accuracy: 0.2321 - val_loss: 2.1905 - val_accuracy: 0.2350

Epoch 00025: val_loss did not improve from 2.16987
Epoch 26/100
11442/11442 - 4s - loss: 2.1051 - accuracy: 0.2333 - val_loss: 2.2134 - val_accuracy: 0.2169

Epoch 00026: val_loss did not improve from 2.16987
Epoch 27/100
11442/11442 - 6s - loss: 2.1068 - accuracy: 0.2334 - val_loss: 2.2469 - val_accuracy: 0.2327

Epoch 00027: val_loss did not improve from 2.16987
Epoch 28/100
11442/11442 - 5s - loss: 2.1044 - accuracy: 0.2314 - val_loss: 2.3274 - val_accuracy: 0.2304

Epoch 00028: val_loss did not improve from 2.16987
Epoch 29/100
11442/11442 - 4s - loss: 2.1063 - accuracy: 0.2353 - val_loss: 2.2272 - val_accuracy: 0.2299

Epoch 00029: val_loss did not improve from 2.16987
Epoch 30/100
11442/11442 - 4s - loss: 2.1041 - accuracy: 0.2320 - val_loss: 2.3164 - val_accuracy: 0.1950

Epoch 00030: val_loss did not improve from 2.16987
Epoch 31/100
11442/11442 - 4s - loss: 2.1063 - accuracy: 0.2333 - val_loss: 2.2242 - val_accuracy: 0.2251

Epoch 00031: val_loss did not improve from 2.16987
Epoch 32/100
11442/11442 - 4s - loss: 2.1038 - accuracy: 0.2344 - val_loss: 2.2554 - val_accuracy: 0.2226

Epoch 00032: val_loss did not improve from 2.16987
Epoch 33/100
11442/11442 - 4s - loss: 2.1064 - accuracy: 0.2335 - val_loss: 2.2598 - val_accuracy: 0.2032

Epoch 00033: val_loss did not improve from 2.16987
Epoch 34/100
11442/11442 - 4s - loss: 2.1322 - accuracy: 0.2210 - val_loss: 2.3288 - val_accuracy: 0.2079

Epoch 00034: val_loss did not improve from 2.16987
Epoch 35/100
11442/11442 - 4s - loss: 2.1422 - accuracy: 0.2226 - val_loss: 2.2665 - val_accuracy: 0.1935

Epoch 00035: val_loss did not improve from 2.16987
Epoch 36/100
11442/11442 - 4s - loss: 2.1376 - accuracy: 0.2198 - val_loss: 2.2620 - val_accuracy: 0.2152

Epoch 00036: val_loss did not improve from 2.16987
Epoch 37/100
11442/11442 - 4s - loss: 2.1350 - accuracy: 0.2189 - val_loss: 2.2812 - val_accuracy: 0.2021

Epoch 00037: val_loss did not improve from 2.16987
Epoch 38/100
11442/11442 - 4s - loss: 2.1296 - accuracy: 0.2237 - val_loss: 2.1911 - val_accuracy: 0.2202

Epoch 00038: val_loss did not improve from 2.16987
Epoch 39/100
11442/11442 - 4s - loss: 2.1265 - accuracy: 0.2219 - val_loss: 2.1738 - val_accuracy: 0.2075

Epoch 00039: val_loss did not improve from 2.16987
Epoch 40/100
11442/11442 - 4s - loss: 2.1225 - accuracy: 0.2237 - val_loss: 2.2240 - val_accuracy: 0.1961

Epoch 00040: val_loss did not improve from 2.16987
Epoch 41/100
11442/11442 - 4s - loss: 2.1207 - accuracy: 0.2258 - val_loss: 2.2235 - val_accuracy: 0.1932

Epoch 00041: val_loss did not improve from 2.16987
Epoch 42/100
11442/11442 - 4s - loss: 2.1192 - accuracy: 0.2271 - val_loss: 2.2131 - val_accuracy: 0.2043

Epoch 00042: val_loss did not improve from 2.16987
Epoch 43/100
11442/11442 - 4s - loss: 2.1195 - accuracy: 0.2251 - val_loss: 2.2585 - val_accuracy: 0.1970

Epoch 00043: val_loss did not improve from 2.16987
Epoch 44/100
11442/11442 - 4s - loss: 2.1194 - accuracy: 0.2225 - val_loss: 2.2558 - val_accuracy: 0.2063

Epoch 00044: val_loss did not improve from 2.16987
Epoch 45/100
11442/11442 - 4s - loss: 2.1171 - accuracy: 0.2252 - val_loss: 2.2256 - val_accuracy: 0.2014

Epoch 00045: val_loss did not improve from 2.16987
Epoch 46/100
11442/11442 - 4s - loss: 2.1163 - accuracy: 0.2259 - val_loss: 2.1592 - val_accuracy: 0.2509

Epoch 00046: val_loss improved from 2.16987 to 2.15918, saving model to ./results/NN_raw_GLCM_C15/cp.ckpt
Epoch 47/100
11442/11442 - 5s - loss: 2.1167 - accuracy: 0.2235 - val_loss: 2.2466 - val_accuracy: 0.1940

Epoch 00047: val_loss did not improve from 2.15918
Epoch 48/100
11442/11442 - 5s - loss: 2.1173 - accuracy: 0.2255 - val_loss: 2.2662 - val_accuracy: 0.2000

Epoch 00048: val_loss did not improve from 2.15918
Epoch 49/100
11442/11442 - 4s - loss: 2.1157 - accuracy: 0.2238 - val_loss: 2.1984 - val_accuracy: 0.2097

Epoch 00049: val_loss did not improve from 2.15918
Epoch 50/100
11442/11442 - 5s - loss: 2.1133 - accuracy: 0.2252 - val_loss: 2.2540 - val_accuracy: 0.2280

Epoch 00050: val_loss did not improve from 2.15918
Epoch 51/100
11442/11442 - 4s - loss: 2.1171 - accuracy: 0.2274 - val_loss: 2.3059 - val_accuracy: 0.1900

Epoch 00051: val_loss did not improve from 2.15918
Epoch 52/100
11442/11442 - 4s - loss: 2.1158 - accuracy: 0.2244 - val_loss: 2.2066 - val_accuracy: 0.2131

Epoch 00052: val_loss did not improve from 2.15918
Epoch 53/100
11442/11442 - 4s - loss: 2.1158 - accuracy: 0.2265 - val_loss: 2.2339 - val_accuracy: 0.2219

Epoch 00053: val_loss did not improve from 2.15918
Epoch 54/100
11442/11442 - 4s - loss: 2.1177 - accuracy: 0.2264 - val_loss: 2.3232 - val_accuracy: 0.2192

Epoch 00054: val_loss did not improve from 2.15918
Epoch 55/100
11442/11442 - 4s - loss: 2.1168 - accuracy: 0.2261 - val_loss: 2.2076 - val_accuracy: 0.2294

Epoch 00055: val_loss did not improve from 2.15918
Epoch 56/100
11442/11442 - 4s - loss: 2.1144 - accuracy: 0.2281 - val_loss: 2.2993 - val_accuracy: 0.2144

Epoch 00056: val_loss did not improve from 2.15918
Epoch 57/100
11442/11442 - 4s - loss: 2.1135 - accuracy: 0.2298 - val_loss: 2.3188 - val_accuracy: 0.1828

Epoch 00057: val_loss did not improve from 2.15918
Epoch 58/100
11442/11442 - 4s - loss: 2.1149 - accuracy: 0.2259 - val_loss: 2.2716 - val_accuracy: 0.2008

Epoch 00058: val_loss did not improve from 2.15918
Epoch 59/100
11442/11442 - 4s - loss: 2.1168 - accuracy: 0.2255 - val_loss: 2.2575 - val_accuracy: 0.1939

Epoch 00059: val_loss did not improve from 2.15918
Epoch 60/100
11442/11442 - 4s - loss: 2.1114 - accuracy: 0.2296 - val_loss: 2.2222 - val_accuracy: 0.1884

Epoch 00060: val_loss did not improve from 2.15918
Epoch 61/100
11442/11442 - 4s - loss: 2.1164 - accuracy: 0.2270 - val_loss: 2.3022 - val_accuracy: 0.1955

Epoch 00061: val_loss did not improve from 2.15918
Epoch 62/100
11442/11442 - 4s - loss: 2.1136 - accuracy: 0.2261 - val_loss: 2.2486 - val_accuracy: 0.2105

Epoch 00062: val_loss did not improve from 2.15918
Epoch 63/100
11442/11442 - 4s - loss: 2.1115 - accuracy: 0.2260 - val_loss: 2.2129 - val_accuracy: 0.2111

Epoch 00063: val_loss did not improve from 2.15918
Epoch 64/100
11442/11442 - 4s - loss: 2.1162 - accuracy: 0.2286 - val_loss: 2.1863 - val_accuracy: 0.2271

Epoch 00064: val_loss did not improve from 2.15918
Epoch 65/100
11442/11442 - 4s - loss: 2.1131 - accuracy: 0.2293 - val_loss: 2.2022 - val_accuracy: 0.2295

Epoch 00065: val_loss did not improve from 2.15918
Epoch 66/100
11442/11442 - 4s - loss: 2.1132 - accuracy: 0.2261 - val_loss: 2.3141 - val_accuracy: 0.2196

Epoch 00066: val_loss did not improve from 2.15918
Epoch 67/100
11442/11442 - 4s - loss: 2.1139 - accuracy: 0.2246 - val_loss: 2.2269 - val_accuracy: 0.1983

Epoch 00067: val_loss did not improve from 2.15918
Epoch 68/100
11442/11442 - 4s - loss: 2.1124 - accuracy: 0.2281 - val_loss: 2.2055 - val_accuracy: 0.2296

Epoch 00068: val_loss did not improve from 2.15918
Epoch 69/100
11442/11442 - 4s - loss: 2.1115 - accuracy: 0.2283 - val_loss: 2.1884 - val_accuracy: 0.2282

Epoch 00069: val_loss did not improve from 2.15918
Epoch 70/100
11442/11442 - 4s - loss: 2.1116 - accuracy: 0.2270 - val_loss: 2.2734 - val_accuracy: 0.1990

Epoch 00070: val_loss did not improve from 2.15918
Epoch 71/100
11442/11442 - 4s - loss: 2.1131 - accuracy: 0.2259 - val_loss: 2.2804 - val_accuracy: 0.2106

Epoch 00071: val_loss did not improve from 2.15918
Epoch 72/100
11442/11442 - 4s - loss: 2.1116 - accuracy: 0.2268 - val_loss: 2.2269 - val_accuracy: 0.2116

Epoch 00072: val_loss did not improve from 2.15918
Epoch 73/100
11442/11442 - 4s - loss: 2.1100 - accuracy: 0.2294 - val_loss: 2.2036 - val_accuracy: 0.2059

Epoch 00073: val_loss did not improve from 2.15918
Epoch 74/100
11442/11442 - 4s - loss: 2.1133 - accuracy: 0.2257 - val_loss: 2.2406 - val_accuracy: 0.2260

Epoch 00074: val_loss did not improve from 2.15918
Epoch 75/100
11442/11442 - 4s - loss: 2.1115 - accuracy: 0.2266 - val_loss: 2.2641 - val_accuracy: 0.2034

Epoch 00075: val_loss did not improve from 2.15918
Epoch 76/100
11442/11442 - 4s - loss: 2.1120 - accuracy: 0.2266 - val_loss: 2.1960 - val_accuracy: 0.2349

Epoch 00076: val_loss did not improve from 2.15918
Epoch 77/100
11442/11442 - 4s - loss: 2.1130 - accuracy: 0.2258 - val_loss: 2.2480 - val_accuracy: 0.2064

Epoch 00077: val_loss did not improve from 2.15918
Epoch 78/100
11442/11442 - 4s - loss: 2.1078 - accuracy: 0.2264 - val_loss: 2.2844 - val_accuracy: 0.2035

Epoch 00078: val_loss did not improve from 2.15918
Epoch 79/100
11442/11442 - 4s - loss: 2.1124 - accuracy: 0.2265 - val_loss: 2.2238 - val_accuracy: 0.2231

Epoch 00079: val_loss did not improve from 2.15918
Epoch 80/100
11442/11442 - 4s - loss: 2.1136 - accuracy: 0.2245 - val_loss: 2.2213 - val_accuracy: 0.2195

Epoch 00080: val_loss did not improve from 2.15918
Epoch 81/100
11442/11442 - 4s - loss: 2.1132 - accuracy: 0.2235 - val_loss: 2.2091 - val_accuracy: 0.2051

Epoch 00081: val_loss did not improve from 2.15918
Epoch 82/100
11442/11442 - 4s - loss: 2.1111 - accuracy: 0.2275 - val_loss: 2.2124 - val_accuracy: 0.2042

Epoch 00082: val_loss did not improve from 2.15918
Epoch 83/100
11442/11442 - 4s - loss: 2.1116 - accuracy: 0.2257 - val_loss: 2.2747 - val_accuracy: 0.1791

Epoch 00083: val_loss did not improve from 2.15918
Epoch 84/100
11442/11442 - 4s - loss: 2.1139 - accuracy: 0.2288 - val_loss: 2.2873 - val_accuracy: 0.2150

Epoch 00084: val_loss did not improve from 2.15918
Epoch 85/100
11442/11442 - 4s - loss: 2.1117 - accuracy: 0.2283 - val_loss: 2.2095 - val_accuracy: 0.2116

Epoch 00085: val_loss did not improve from 2.15918
Epoch 86/100
11442/11442 - 4s - loss: 2.1109 - accuracy: 0.2269 - val_loss: 2.2192 - val_accuracy: 0.2045

Epoch 00086: val_loss did not improve from 2.15918
Epoch 87/100
11442/11442 - 4s - loss: 2.1116 - accuracy: 0.2275 - val_loss: 2.2472 - val_accuracy: 0.1853

Epoch 00087: val_loss did not improve from 2.15918
Epoch 88/100
11442/11442 - 4s - loss: 2.1115 - accuracy: 0.2273 - val_loss: 2.1812 - val_accuracy: 0.2113

Epoch 00088: val_loss did not improve from 2.15918
Epoch 89/100
11442/11442 - 4s - loss: 2.1102 - accuracy: 0.2266 - val_loss: 2.2586 - val_accuracy: 0.2141

Epoch 00089: val_loss did not improve from 2.15918
Epoch 90/100
11442/11442 - 4s - loss: 2.1099 - accuracy: 0.2277 - val_loss: 2.2270 - val_accuracy: 0.2093

Epoch 00090: val_loss did not improve from 2.15918
Epoch 91/100
11442/11442 - 4s - loss: 2.1119 - accuracy: 0.2266 - val_loss: 2.2773 - val_accuracy: 0.1943

Epoch 00091: val_loss did not improve from 2.15918
Epoch 92/100
11442/11442 - 4s - loss: 2.1131 - accuracy: 0.2270 - val_loss: 2.2285 - val_accuracy: 0.2007

Epoch 00092: val_loss did not improve from 2.15918
Epoch 93/100
11442/11442 - 4s - loss: 2.1116 - accuracy: 0.2282 - val_loss: 2.1995 - val_accuracy: 0.2238

Epoch 00093: val_loss did not improve from 2.15918
Epoch 94/100
11442/11442 - 4s - loss: 2.1128 - accuracy: 0.2263 - val_loss: 2.3229 - val_accuracy: 0.2040

Epoch 00094: val_loss did not improve from 2.15918
Epoch 95/100
11442/11442 - 4s - loss: 2.1100 - accuracy: 0.2286 - val_loss: 2.3194 - val_accuracy: 0.2022

Epoch 00095: val_loss did not improve from 2.15918
Epoch 96/100
11442/11442 - 4s - loss: 2.1093 - accuracy: 0.2277 - val_loss: 2.2804 - val_accuracy: 0.2314

Epoch 00096: val_loss did not improve from 2.15918
Epoch 97/100
11442/11442 - 4s - loss: 2.1116 - accuracy: 0.2280 - val_loss: 2.3060 - val_accuracy: 0.1791

Epoch 00097: val_loss did not improve from 2.15918
Epoch 98/100
11442/11442 - 4s - loss: 2.1117 - accuracy: 0.2259 - val_loss: 2.2383 - val_accuracy: 0.2305

Epoch 00098: val_loss did not improve from 2.15918
Epoch 99/100
11442/11442 - 4s - loss: 2.1131 - accuracy: 0.2263 - val_loss: 2.3796 - val_accuracy: 0.1857

Epoch 00099: val_loss did not improve from 2.15918
Epoch 100/100
11442/11442 - 4s - loss: 2.1124 - accuracy: 0.2270 - val_loss: 2.2679 - val_accuracy: 0.2223

Epoch 00100: val_loss did not improve from 2.15918
