Before oversampling: Counter({0.0: 22772, 10.0: 15114, 50.0: 15085, 90.0: 15054, 30.0: 14964, 70.0: 14771, 92.0: 7628, 100.0: 7624})
After oversampling: Counter({100.0: 22772, 92.0: 22772, 90.0: 22772, 10.0: 22772, 0.0: 22772, 70.0: 22772, 50.0: 22772, 30.0: 22772})
Model: "sequential"
_________________________________________________________________
Layer (type)                 Output Shape              Param #   
=================================================================
dense (Dense)                (None, 7)                 28        
_________________________________________________________________
dense_1 (Dense)              (None, 8)                 64        
=================================================================
Total params: 92
Trainable params: 92
Non-trainable params: 0
_________________________________________________________________
Epoch 1/100
18218/18218 - 8s - loss: 1.7415 - accuracy: 0.2833 - val_loss: 1.6913 - val_accuracy: 0.2920

Epoch 00001: val_loss improved from inf to 1.69131, saving model to ./results/NN_trial_7_3/cp.ckpt
Epoch 2/100
18218/18218 - 8s - loss: 1.6516 - accuracy: 0.3173 - val_loss: 1.6486 - val_accuracy: 0.3134

Epoch 00002: val_loss improved from 1.69131 to 1.64863, saving model to ./results/NN_trial_7_3/cp.ckpt
Epoch 3/100
18218/18218 - 8s - loss: 1.6219 - accuracy: 0.3313 - val_loss: 1.6338 - val_accuracy: 0.3099

Epoch 00003: val_loss improved from 1.64863 to 1.63378, saving model to ./results/NN_trial_7_3/cp.ckpt
Epoch 4/100
18218/18218 - 8s - loss: 1.6094 - accuracy: 0.3331 - val_loss: 1.6194 - val_accuracy: 0.3231

Epoch 00004: val_loss improved from 1.63378 to 1.61943, saving model to ./results/NN_trial_7_3/cp.ckpt
Epoch 5/100
18218/18218 - 8s - loss: 1.6026 - accuracy: 0.3349 - val_loss: 1.6139 - val_accuracy: 0.3278

Epoch 00005: val_loss improved from 1.61943 to 1.61392, saving model to ./results/NN_trial_7_3/cp.ckpt
Epoch 6/100
18218/18218 - 8s - loss: 1.5983 - accuracy: 0.3396 - val_loss: 1.6126 - val_accuracy: 0.3270

Epoch 00006: val_loss improved from 1.61392 to 1.61262, saving model to ./results/NN_trial_7_3/cp.ckpt
Epoch 7/100
18218/18218 - 8s - loss: 1.5948 - accuracy: 0.3397 - val_loss: 1.6087 - val_accuracy: 0.3286

Epoch 00007: val_loss improved from 1.61262 to 1.60875, saving model to ./results/NN_trial_7_3/cp.ckpt
Epoch 8/100
18218/18218 - 8s - loss: 1.5919 - accuracy: 0.3421 - val_loss: 1.6047 - val_accuracy: 0.3338

Epoch 00008: val_loss improved from 1.60875 to 1.60466, saving model to ./results/NN_trial_7_3/cp.ckpt
Epoch 9/100
18218/18218 - 8s - loss: 1.5893 - accuracy: 0.3436 - val_loss: 1.6033 - val_accuracy: 0.3351

Epoch 00009: val_loss improved from 1.60466 to 1.60327, saving model to ./results/NN_trial_7_3/cp.ckpt
Epoch 10/100
18218/18218 - 8s - loss: 1.5867 - accuracy: 0.3453 - val_loss: 1.6017 - val_accuracy: 0.3346

Epoch 00010: val_loss improved from 1.60327 to 1.60175, saving model to ./results/NN_trial_7_3/cp.ckpt
Epoch 11/100
18218/18218 - 8s - loss: 1.5845 - accuracy: 0.3463 - val_loss: 1.5976 - val_accuracy: 0.3356

Epoch 00011: val_loss improved from 1.60175 to 1.59760, saving model to ./results/NN_trial_7_3/cp.ckpt
Epoch 12/100
18218/18218 - 8s - loss: 1.5822 - accuracy: 0.3485 - val_loss: 1.5955 - val_accuracy: 0.3440

Epoch 00012: val_loss improved from 1.59760 to 1.59550, saving model to ./results/NN_trial_7_3/cp.ckpt
Epoch 13/100
18218/18218 - 8s - loss: 1.5803 - accuracy: 0.3498 - val_loss: 1.5972 - val_accuracy: 0.3264

Epoch 00013: val_loss did not improve from 1.59550
Epoch 14/100
18218/18218 - 8s - loss: 1.5784 - accuracy: 0.3505 - val_loss: 1.5931 - val_accuracy: 0.3340

Epoch 00014: val_loss improved from 1.59550 to 1.59315, saving model to ./results/NN_trial_7_3/cp.ckpt
Epoch 15/100
18218/18218 - 8s - loss: 1.5765 - accuracy: 0.3503 - val_loss: 1.5946 - val_accuracy: 0.3454

Epoch 00015: val_loss did not improve from 1.59315
Epoch 16/100
18218/18218 - 7s - loss: 1.5751 - accuracy: 0.3511 - val_loss: 1.5917 - val_accuracy: 0.3348

Epoch 00016: val_loss improved from 1.59315 to 1.59173, saving model to ./results/NN_trial_7_3/cp.ckpt
Epoch 17/100
18218/18218 - 8s - loss: 1.5737 - accuracy: 0.3514 - val_loss: 1.5894 - val_accuracy: 0.3359

Epoch 00017: val_loss improved from 1.59173 to 1.58944, saving model to ./results/NN_trial_7_3/cp.ckpt
Epoch 18/100
18218/18218 - 8s - loss: 1.5721 - accuracy: 0.3545 - val_loss: 1.5903 - val_accuracy: 0.3475

Epoch 00018: val_loss did not improve from 1.58944
Epoch 19/100
18218/18218 - 8s - loss: 1.5710 - accuracy: 0.3533 - val_loss: 1.5887 - val_accuracy: 0.3414

Epoch 00019: val_loss improved from 1.58944 to 1.58870, saving model to ./results/NN_trial_7_3/cp.ckpt
Epoch 20/100
18218/18218 - 8s - loss: 1.5699 - accuracy: 0.3524 - val_loss: 1.5875 - val_accuracy: 0.3420

Epoch 00020: val_loss improved from 1.58870 to 1.58754, saving model to ./results/NN_trial_7_3/cp.ckpt
Epoch 21/100
18218/18218 - 7s - loss: 1.5685 - accuracy: 0.3550 - val_loss: 1.5875 - val_accuracy: 0.3358

Epoch 00021: val_loss improved from 1.58754 to 1.58753, saving model to ./results/NN_trial_7_3/cp.ckpt
Epoch 22/100
18218/18218 - 7s - loss: 1.5674 - accuracy: 0.3537 - val_loss: 1.5829 - val_accuracy: 0.3433

Epoch 00022: val_loss improved from 1.58753 to 1.58287, saving model to ./results/NN_trial_7_3/cp.ckpt
Epoch 23/100
18218/18218 - 7s - loss: 1.5667 - accuracy: 0.3546 - val_loss: 1.5823 - val_accuracy: 0.3381

Epoch 00023: val_loss improved from 1.58287 to 1.58235, saving model to ./results/NN_trial_7_3/cp.ckpt
Epoch 24/100
18218/18218 - 7s - loss: 1.5651 - accuracy: 0.3553 - val_loss: 1.5829 - val_accuracy: 0.3310

Epoch 00024: val_loss did not improve from 1.58235
Epoch 25/100
18218/18218 - 7s - loss: 1.5638 - accuracy: 0.3572 - val_loss: 1.5808 - val_accuracy: 0.3327

Epoch 00025: val_loss improved from 1.58235 to 1.58080, saving model to ./results/NN_trial_7_3/cp.ckpt
Epoch 26/100
18218/18218 - 7s - loss: 1.5625 - accuracy: 0.3581 - val_loss: 1.5796 - val_accuracy: 0.3341

Epoch 00026: val_loss improved from 1.58080 to 1.57962, saving model to ./results/NN_trial_7_3/cp.ckpt
Epoch 27/100
18218/18218 - 7s - loss: 1.5608 - accuracy: 0.3587 - val_loss: 1.5773 - val_accuracy: 0.3489

Epoch 00027: val_loss improved from 1.57962 to 1.57734, saving model to ./results/NN_trial_7_3/cp.ckpt
Epoch 28/100
18218/18218 - 7s - loss: 1.5591 - accuracy: 0.3596 - val_loss: 1.5737 - val_accuracy: 0.3446

Epoch 00028: val_loss improved from 1.57734 to 1.57368, saving model to ./results/NN_trial_7_3/cp.ckpt
Epoch 29/100
18218/18218 - 7s - loss: 1.5564 - accuracy: 0.3609 - val_loss: 1.5730 - val_accuracy: 0.3465

Epoch 00029: val_loss improved from 1.57368 to 1.57299, saving model to ./results/NN_trial_7_3/cp.ckpt
Epoch 30/100
18218/18218 - 7s - loss: 1.5537 - accuracy: 0.3632 - val_loss: 1.5764 - val_accuracy: 0.3556

Epoch 00030: val_loss did not improve from 1.57299
Epoch 31/100
18218/18218 - 7s - loss: 1.5497 - accuracy: 0.3665 - val_loss: 1.5669 - val_accuracy: 0.3435

Epoch 00031: val_loss improved from 1.57299 to 1.56687, saving model to ./results/NN_trial_7_3/cp.ckpt
Epoch 32/100
18218/18218 - 7s - loss: 1.5458 - accuracy: 0.3665 - val_loss: 1.5523 - val_accuracy: 0.3484

Epoch 00032: val_loss improved from 1.56687 to 1.55227, saving model to ./results/NN_trial_7_3/cp.ckpt
Epoch 33/100
18218/18218 - 8s - loss: 1.5371 - accuracy: 0.3682 - val_loss: 1.5517 - val_accuracy: 0.3486

Epoch 00033: val_loss improved from 1.55227 to 1.55165, saving model to ./results/NN_trial_7_3/cp.ckpt
Epoch 34/100
18218/18218 - 8s - loss: 1.5329 - accuracy: 0.3697 - val_loss: 1.5439 - val_accuracy: 0.3520

Epoch 00034: val_loss improved from 1.55165 to 1.54385, saving model to ./results/NN_trial_7_3/cp.ckpt
Epoch 35/100
18218/18218 - 8s - loss: 1.5311 - accuracy: 0.3711 - val_loss: 1.5450 - val_accuracy: 0.3530

Epoch 00035: val_loss did not improve from 1.54385
Epoch 36/100
18218/18218 - 8s - loss: 1.5298 - accuracy: 0.3717 - val_loss: 1.5454 - val_accuracy: 0.3498

Epoch 00036: val_loss did not improve from 1.54385
Epoch 37/100
18218/18218 - 7s - loss: 1.5286 - accuracy: 0.3727 - val_loss: 1.5381 - val_accuracy: 0.3529

Epoch 00037: val_loss improved from 1.54385 to 1.53806, saving model to ./results/NN_trial_7_3/cp.ckpt
Epoch 38/100
18218/18218 - 7s - loss: 1.5277 - accuracy: 0.3721 - val_loss: 1.5382 - val_accuracy: 0.3505

Epoch 00038: val_loss did not improve from 1.53806
Epoch 39/100
18218/18218 - 8s - loss: 1.5268 - accuracy: 0.3736 - val_loss: 1.5404 - val_accuracy: 0.3636

Epoch 00039: val_loss did not improve from 1.53806
Epoch 40/100
18218/18218 - 8s - loss: 1.5260 - accuracy: 0.3738 - val_loss: 1.5380 - val_accuracy: 0.3503

Epoch 00040: val_loss improved from 1.53806 to 1.53804, saving model to ./results/NN_trial_7_3/cp.ckpt
Epoch 41/100
18218/18218 - 8s - loss: 1.5254 - accuracy: 0.3741 - val_loss: 1.5367 - val_accuracy: 0.3487

Epoch 00041: val_loss improved from 1.53804 to 1.53668, saving model to ./results/NN_trial_7_3/cp.ckpt
Epoch 42/100
18218/18218 - 8s - loss: 1.5245 - accuracy: 0.3751 - val_loss: 1.5344 - val_accuracy: 0.3506

Epoch 00042: val_loss improved from 1.53668 to 1.53440, saving model to ./results/NN_trial_7_3/cp.ckpt
Epoch 43/100
18218/18218 - 8s - loss: 1.5237 - accuracy: 0.3768 - val_loss: 1.5364 - val_accuracy: 0.3632

Epoch 00043: val_loss did not improve from 1.53440
Epoch 44/100
18218/18218 - 8s - loss: 1.5230 - accuracy: 0.3760 - val_loss: 1.5394 - val_accuracy: 0.3531

Epoch 00044: val_loss did not improve from 1.53440
Epoch 45/100
18218/18218 - 8s - loss: 1.5224 - accuracy: 0.3755 - val_loss: 1.5345 - val_accuracy: 0.3597

Epoch 00045: val_loss did not improve from 1.53440
Epoch 46/100
18218/18218 - 7s - loss: 1.5216 - accuracy: 0.3780 - val_loss: 1.5338 - val_accuracy: 0.3589

Epoch 00046: val_loss improved from 1.53440 to 1.53381, saving model to ./results/NN_trial_7_3/cp.ckpt
Epoch 47/100
18218/18218 - 8s - loss: 1.5212 - accuracy: 0.3775 - val_loss: 1.5341 - val_accuracy: 0.3649

Epoch 00047: val_loss did not improve from 1.53381
Epoch 48/100
18218/18218 - 8s - loss: 1.5203 - accuracy: 0.3788 - val_loss: 1.5344 - val_accuracy: 0.3543

Epoch 00048: val_loss did not improve from 1.53381
Epoch 49/100
18218/18218 - 8s - loss: 1.5199 - accuracy: 0.3794 - val_loss: 1.5412 - val_accuracy: 0.3550

Epoch 00049: val_loss did not improve from 1.53381
Epoch 50/100
18218/18218 - 8s - loss: 1.5191 - accuracy: 0.3788 - val_loss: 1.5311 - val_accuracy: 0.3661

Epoch 00050: val_loss improved from 1.53381 to 1.53115, saving model to ./results/NN_trial_7_3/cp.ckpt
Epoch 51/100
18218/18218 - 8s - loss: 1.5186 - accuracy: 0.3815 - val_loss: 1.5294 - val_accuracy: 0.3526

Epoch 00051: val_loss improved from 1.53115 to 1.52944, saving model to ./results/NN_trial_7_3/cp.ckpt
Epoch 52/100
18218/18218 - 8s - loss: 1.5181 - accuracy: 0.3799 - val_loss: 1.5329 - val_accuracy: 0.3552

Epoch 00052: val_loss did not improve from 1.52944
Epoch 53/100
18218/18218 - 8s - loss: 1.5174 - accuracy: 0.3824 - val_loss: 1.5302 - val_accuracy: 0.3541

Epoch 00053: val_loss did not improve from 1.52944
Epoch 54/100
18218/18218 - 8s - loss: 1.5170 - accuracy: 0.3829 - val_loss: 1.5296 - val_accuracy: 0.3615

Epoch 00054: val_loss did not improve from 1.52944
Epoch 55/100
18218/18218 - 8s - loss: 1.5162 - accuracy: 0.3842 - val_loss: 1.5272 - val_accuracy: 0.3555

Epoch 00055: val_loss improved from 1.52944 to 1.52725, saving model to ./results/NN_trial_7_3/cp.ckpt
Epoch 56/100
18218/18218 - 8s - loss: 1.5155 - accuracy: 0.3847 - val_loss: 1.5335 - val_accuracy: 0.3604

Epoch 00056: val_loss did not improve from 1.52725
Epoch 57/100
18218/18218 - 7s - loss: 1.5152 - accuracy: 0.3845 - val_loss: 1.5323 - val_accuracy: 0.3607

Epoch 00057: val_loss did not improve from 1.52725
Epoch 58/100
18218/18218 - 7s - loss: 1.5146 - accuracy: 0.3851 - val_loss: 1.5269 - val_accuracy: 0.3642

Epoch 00058: val_loss improved from 1.52725 to 1.52691, saving model to ./results/NN_trial_7_3/cp.ckpt
Epoch 59/100
18218/18218 - 8s - loss: 1.5143 - accuracy: 0.3855 - val_loss: 1.5252 - val_accuracy: 0.3536

Epoch 00059: val_loss improved from 1.52691 to 1.52516, saving model to ./results/NN_trial_7_3/cp.ckpt
Epoch 60/100
18218/18218 - 8s - loss: 1.5139 - accuracy: 0.3854 - val_loss: 1.5271 - val_accuracy: 0.3618

Epoch 00060: val_loss did not improve from 1.52516
Epoch 61/100
18218/18218 - 8s - loss: 1.5132 - accuracy: 0.3868 - val_loss: 1.5325 - val_accuracy: 0.3725

Epoch 00061: val_loss did not improve from 1.52516
Epoch 62/100
18218/18218 - 8s - loss: 1.5127 - accuracy: 0.3874 - val_loss: 1.5265 - val_accuracy: 0.3491

Epoch 00062: val_loss did not improve from 1.52516
Epoch 63/100
18218/18218 - 8s - loss: 1.5127 - accuracy: 0.3883 - val_loss: 1.5251 - val_accuracy: 0.3500

Epoch 00063: val_loss improved from 1.52516 to 1.52512, saving model to ./results/NN_trial_7_3/cp.ckpt
Epoch 64/100
18218/18218 - 8s - loss: 1.5121 - accuracy: 0.3892 - val_loss: 1.5306 - val_accuracy: 0.3718

Epoch 00064: val_loss did not improve from 1.52512
Epoch 65/100
18218/18218 - 8s - loss: 1.5119 - accuracy: 0.3885 - val_loss: 1.5253 - val_accuracy: 0.3517

Epoch 00065: val_loss did not improve from 1.52512
Epoch 66/100
18218/18218 - 8s - loss: 1.5114 - accuracy: 0.3893 - val_loss: 1.5277 - val_accuracy: 0.3618

Epoch 00066: val_loss did not improve from 1.52512
Epoch 67/100
18218/18218 - 8s - loss: 1.5111 - accuracy: 0.3892 - val_loss: 1.5259 - val_accuracy: 0.3543

Epoch 00067: val_loss did not improve from 1.52512
Epoch 68/100
18218/18218 - 8s - loss: 1.5109 - accuracy: 0.3907 - val_loss: 1.5275 - val_accuracy: 0.3623

Epoch 00068: val_loss did not improve from 1.52512
Epoch 69/100
18218/18218 - 8s - loss: 1.5105 - accuracy: 0.3902 - val_loss: 1.5303 - val_accuracy: 0.3779

Epoch 00069: val_loss did not improve from 1.52512
Epoch 70/100
18218/18218 - 8s - loss: 1.5105 - accuracy: 0.3907 - val_loss: 1.5258 - val_accuracy: 0.3760

Epoch 00070: val_loss did not improve from 1.52512
Epoch 71/100
18218/18218 - 8s - loss: 1.5098 - accuracy: 0.3908 - val_loss: 1.5255 - val_accuracy: 0.3609

Epoch 00071: val_loss did not improve from 1.52512
Epoch 72/100
18218/18218 - 8s - loss: 1.5098 - accuracy: 0.3923 - val_loss: 1.5235 - val_accuracy: 0.3706

Epoch 00072: val_loss improved from 1.52512 to 1.52348, saving model to ./results/NN_trial_7_3/cp.ckpt
Epoch 73/100
18218/18218 - 8s - loss: 1.5094 - accuracy: 0.3920 - val_loss: 1.5295 - val_accuracy: 0.3597

Epoch 00073: val_loss did not improve from 1.52348
Epoch 74/100
18218/18218 - 8s - loss: 1.5093 - accuracy: 0.3925 - val_loss: 1.5273 - val_accuracy: 0.3562

Epoch 00074: val_loss did not improve from 1.52348
Epoch 75/100
18218/18218 - 8s - loss: 1.5089 - accuracy: 0.3927 - val_loss: 1.5244 - val_accuracy: 0.3648

Epoch 00075: val_loss did not improve from 1.52348
Epoch 76/100
18218/18218 - 8s - loss: 1.5087 - accuracy: 0.3927 - val_loss: 1.5230 - val_accuracy: 0.3647

Epoch 00076: val_loss improved from 1.52348 to 1.52304, saving model to ./results/NN_trial_7_3/cp.ckpt
Epoch 77/100
18218/18218 - 8s - loss: 1.5085 - accuracy: 0.3932 - val_loss: 1.5249 - val_accuracy: 0.3591

Epoch 00077: val_loss did not improve from 1.52304
Epoch 78/100
18218/18218 - 8s - loss: 1.5084 - accuracy: 0.3930 - val_loss: 1.5219 - val_accuracy: 0.3645

Epoch 00078: val_loss improved from 1.52304 to 1.52186, saving model to ./results/NN_trial_7_3/cp.ckpt
Epoch 79/100
18218/18218 - 8s - loss: 1.5079 - accuracy: 0.3941 - val_loss: 1.5223 - val_accuracy: 0.3613

Epoch 00079: val_loss did not improve from 1.52186
Epoch 80/100
18218/18218 - 8s - loss: 1.5079 - accuracy: 0.3929 - val_loss: 1.5229 - val_accuracy: 0.3687

Epoch 00080: val_loss did not improve from 1.52186
Epoch 81/100
18218/18218 - 8s - loss: 1.5075 - accuracy: 0.3938 - val_loss: 1.5213 - val_accuracy: 0.3749

Epoch 00081: val_loss improved from 1.52186 to 1.52130, saving model to ./results/NN_trial_7_3/cp.ckpt
Epoch 82/100
18218/18218 - 8s - loss: 1.5075 - accuracy: 0.3937 - val_loss: 1.5223 - val_accuracy: 0.3742

Epoch 00082: val_loss did not improve from 1.52130
Epoch 83/100
18218/18218 - 8s - loss: 1.5072 - accuracy: 0.3934 - val_loss: 1.5266 - val_accuracy: 0.3650

Epoch 00083: val_loss did not improve from 1.52130
Epoch 84/100
18218/18218 - 8s - loss: 1.5072 - accuracy: 0.3948 - val_loss: 1.5217 - val_accuracy: 0.3599

Epoch 00084: val_loss did not improve from 1.52130
Epoch 85/100
18218/18218 - 8s - loss: 1.5070 - accuracy: 0.3949 - val_loss: 1.5215 - val_accuracy: 0.3677

Epoch 00085: val_loss did not improve from 1.52130
Epoch 86/100
18218/18218 - 8s - loss: 1.5069 - accuracy: 0.3944 - val_loss: 1.5225 - val_accuracy: 0.3781

Epoch 00086: val_loss did not improve from 1.52130
Epoch 87/100
18218/18218 - 8s - loss: 1.5066 - accuracy: 0.3949 - val_loss: 1.5221 - val_accuracy: 0.3653

Epoch 00087: val_loss did not improve from 1.52130
Epoch 88/100
18218/18218 - 8s - loss: 1.5065 - accuracy: 0.3950 - val_loss: 1.5255 - val_accuracy: 0.3630

Epoch 00088: val_loss did not improve from 1.52130
Epoch 89/100
18218/18218 - 8s - loss: 1.5063 - accuracy: 0.3945 - val_loss: 1.5229 - val_accuracy: 0.3684

Epoch 00089: val_loss did not improve from 1.52130
Epoch 90/100
18218/18218 - 8s - loss: 1.5061 - accuracy: 0.3950 - val_loss: 1.5197 - val_accuracy: 0.3551

Epoch 00090: val_loss improved from 1.52130 to 1.51967, saving model to ./results/NN_trial_7_3/cp.ckpt
Epoch 91/100
18218/18218 - 8s - loss: 1.5060 - accuracy: 0.3947 - val_loss: 1.5204 - val_accuracy: 0.3711

Epoch 00091: val_loss did not improve from 1.51967
Epoch 92/100
18218/18218 - 8s - loss: 1.5057 - accuracy: 0.3948 - val_loss: 1.5233 - val_accuracy: 0.3460

Epoch 00092: val_loss did not improve from 1.51967
Epoch 93/100
18218/18218 - 8s - loss: 1.5056 - accuracy: 0.3954 - val_loss: 1.5240 - val_accuracy: 0.3801

Epoch 00093: val_loss did not improve from 1.51967
Epoch 94/100
18218/18218 - 8s - loss: 1.5055 - accuracy: 0.3955 - val_loss: 1.5202 - val_accuracy: 0.3798

Epoch 00094: val_loss did not improve from 1.51967
Epoch 95/100
18218/18218 - 8s - loss: 1.5052 - accuracy: 0.3948 - val_loss: 1.5237 - val_accuracy: 0.3491

Epoch 00095: val_loss did not improve from 1.51967
Epoch 96/100
18218/18218 - 8s - loss: 1.5049 - accuracy: 0.3958 - val_loss: 1.5245 - val_accuracy: 0.3684

Epoch 00096: val_loss did not improve from 1.51967
Epoch 97/100
18218/18218 - 8s - loss: 1.5050 - accuracy: 0.3963 - val_loss: 1.5199 - val_accuracy: 0.3780

Epoch 00097: val_loss did not improve from 1.51967
Epoch 98/100
18218/18218 - 8s - loss: 1.5049 - accuracy: 0.3958 - val_loss: 1.5197 - val_accuracy: 0.3828

Epoch 00098: val_loss did not improve from 1.51967
Epoch 99/100
18218/18218 - 8s - loss: 1.5048 - accuracy: 0.3963 - val_loss: 1.5192 - val_accuracy: 0.3748

Epoch 00099: val_loss improved from 1.51967 to 1.51921, saving model to ./results/NN_trial_7_3/cp.ckpt
Epoch 100/100
18218/18218 - 8s - loss: 1.5043 - accuracy: 0.3970 - val_loss: 1.5229 - val_accuracy: 0.3722

Epoch 00100: val_loss did not improve from 1.51921
