Before oversampling: Counter({50.0: 38006, 0.0: 37856, 1.0: 37836, 70.0: 37779, 20.0: 37752, 80.0: 37699, 10.0: 37678, 60.0: 37677, 92.0: 37673, 2.0: 37641, 91.0: 37630, 30.0: 37505, 90.0: 37480, 100.0: 37475, 40.0: 37235})
After oversampling: Counter({50.0: 38006, 40.0: 38006, 0.0: 37856, 1.0: 37836, 70.0: 37779, 20.0: 37752, 80.0: 37699, 10.0: 37678, 60.0: 37677, 92.0: 37673, 2.0: 37641, 91.0: 37630, 30.0: 37505, 90.0: 37480, 100.0: 37475})
Model: "sequential"
_________________________________________________________________
Layer (type)                 Output Shape              Param #   
=================================================================
conv1d (Conv1D)              (None, 2, 64)             192       
_________________________________________________________________
dense (Dense)                (None, 2, 128)            8320      
_________________________________________________________________
max_pooling1d (MaxPooling1D) (None, 1, 128)            0         
_________________________________________________________________
flatten (Flatten)            (None, 128)               0         
_________________________________________________________________
dense_1 (Dense)              (None, 15)                1935      
=================================================================
Total params: 10,447
Trainable params: 10,447
Non-trainable params: 0
_________________________________________________________________
Epoch 1/100
56570/56570 - 37s - loss: 2.1669 - accuracy: 0.2487 - val_loss: 2.1927 - val_accuracy: 0.2182

Epoch 00001: val_loss improved from inf to 2.19266, saving model to ./results/CNN_trial_5/cp.ckpt
Epoch 2/100
56570/56570 - 37s - loss: 2.0444 - accuracy: 0.2936 - val_loss: 2.2175 - val_accuracy: 0.2154

Epoch 00002: val_loss did not improve from 2.19266
Epoch 3/100
56570/56570 - 37s - loss: 2.0158 - accuracy: 0.3037 - val_loss: 2.1965 - val_accuracy: 0.2310

Epoch 00003: val_loss did not improve from 2.19266
Epoch 4/100
56570/56570 - 37s - loss: 1.9979 - accuracy: 0.3102 - val_loss: 2.2141 - val_accuracy: 0.2445

Epoch 00004: val_loss did not improve from 2.19266
Epoch 5/100
56570/56570 - 37s - loss: 1.9854 - accuracy: 0.3158 - val_loss: 2.1765 - val_accuracy: 0.2224

Epoch 00005: val_loss improved from 2.19266 to 2.17650, saving model to ./results/CNN_trial_5/cp.ckpt
Epoch 6/100
56570/56570 - 37s - loss: 1.9762 - accuracy: 0.3191 - val_loss: 2.2084 - val_accuracy: 0.2469

Epoch 00006: val_loss did not improve from 2.17650
Epoch 7/100
56570/56570 - 37s - loss: 1.9694 - accuracy: 0.3222 - val_loss: 2.1601 - val_accuracy: 0.2714

Epoch 00007: val_loss improved from 2.17650 to 2.16011, saving model to ./results/CNN_trial_5/cp.ckpt
Epoch 8/100
56570/56570 - 37s - loss: 1.9638 - accuracy: 0.3244 - val_loss: 2.1985 - val_accuracy: 0.2430

Epoch 00008: val_loss did not improve from 2.16011
Epoch 9/100
56570/56570 - 37s - loss: 1.9596 - accuracy: 0.3248 - val_loss: 2.1812 - val_accuracy: 0.2688

Epoch 00009: val_loss did not improve from 2.16011
Epoch 10/100
56570/56570 - 37s - loss: 1.9553 - accuracy: 0.3255 - val_loss: 2.1985 - val_accuracy: 0.2614

Epoch 00010: val_loss did not improve from 2.16011
Epoch 11/100
56570/56570 - 37s - loss: 1.9522 - accuracy: 0.3267 - val_loss: 2.1722 - val_accuracy: 0.2669

Epoch 00011: val_loss did not improve from 2.16011
Epoch 12/100
56570/56570 - 37s - loss: 1.9494 - accuracy: 0.3276 - val_loss: 2.1690 - val_accuracy: 0.2486

Epoch 00012: val_loss did not improve from 2.16011
Epoch 13/100
56570/56570 - 37s - loss: 1.9472 - accuracy: 0.3282 - val_loss: 2.1970 - val_accuracy: 0.2367

Epoch 00013: val_loss did not improve from 2.16011
Epoch 14/100
56570/56570 - 37s - loss: 1.9454 - accuracy: 0.3284 - val_loss: 2.1835 - val_accuracy: 0.2646

Epoch 00014: val_loss did not improve from 2.16011
Epoch 15/100
56570/56570 - 36s - loss: 1.9434 - accuracy: 0.3296 - val_loss: 2.1731 - val_accuracy: 0.2430

Epoch 00015: val_loss did not improve from 2.16011
Epoch 16/100
56570/56570 - 35s - loss: 1.9415 - accuracy: 0.3292 - val_loss: 2.1881 - val_accuracy: 0.2605

Epoch 00016: val_loss did not improve from 2.16011
Epoch 17/100
56570/56570 - 36s - loss: 1.9395 - accuracy: 0.3304 - val_loss: 2.1868 - val_accuracy: 0.2594

Epoch 00017: val_loss did not improve from 2.16011
Epoch 18/100
56570/56570 - 36s - loss: 1.9392 - accuracy: 0.3298 - val_loss: 2.1846 - val_accuracy: 0.2629

Epoch 00018: val_loss did not improve from 2.16011
Epoch 19/100
56570/56570 - 36s - loss: 1.9375 - accuracy: 0.3314 - val_loss: 2.1810 - val_accuracy: 0.2588

Epoch 00019: val_loss did not improve from 2.16011
Epoch 20/100
56570/56570 - 36s - loss: 1.9366 - accuracy: 0.3306 - val_loss: 2.1818 - val_accuracy: 0.2490

Epoch 00020: val_loss did not improve from 2.16011
Epoch 21/100
56570/56570 - 36s - loss: 1.9355 - accuracy: 0.3312 - val_loss: 2.1632 - val_accuracy: 0.2538

Epoch 00021: val_loss did not improve from 2.16011
Epoch 22/100
56570/56570 - 36s - loss: 1.9346 - accuracy: 0.3323 - val_loss: 2.1786 - val_accuracy: 0.2664

Epoch 00022: val_loss did not improve from 2.16011
Epoch 23/100
56570/56570 - 36s - loss: 1.9333 - accuracy: 0.3314 - val_loss: 2.1785 - val_accuracy: 0.2518

Epoch 00023: val_loss did not improve from 2.16011
Epoch 24/100
56570/56570 - 36s - loss: 1.9324 - accuracy: 0.3332 - val_loss: 2.2099 - val_accuracy: 0.2446

Epoch 00024: val_loss did not improve from 2.16011
Epoch 25/100
56570/56570 - 36s - loss: 1.9319 - accuracy: 0.3327 - val_loss: 2.2193 - val_accuracy: 0.2526

Epoch 00025: val_loss did not improve from 2.16011
Epoch 26/100
56570/56570 - 36s - loss: 1.9313 - accuracy: 0.3322 - val_loss: 2.1961 - val_accuracy: 0.2541

Epoch 00026: val_loss did not improve from 2.16011
Epoch 27/100
56570/56570 - 36s - loss: 1.9306 - accuracy: 0.3337 - val_loss: 2.1875 - val_accuracy: 0.2615

Epoch 00027: val_loss did not improve from 2.16011
Epoch 28/100
56570/56570 - 36s - loss: 1.9299 - accuracy: 0.3338 - val_loss: 2.1805 - val_accuracy: 0.2409

Epoch 00028: val_loss did not improve from 2.16011
Epoch 29/100
56570/56570 - 36s - loss: 1.9293 - accuracy: 0.3338 - val_loss: 2.1896 - val_accuracy: 0.2487

Epoch 00029: val_loss did not improve from 2.16011
Epoch 30/100
56570/56570 - 36s - loss: 1.9278 - accuracy: 0.3344 - val_loss: 2.1779 - val_accuracy: 0.2623

Epoch 00030: val_loss did not improve from 2.16011
Epoch 31/100
56570/56570 - 36s - loss: 1.9271 - accuracy: 0.3360 - val_loss: 2.1741 - val_accuracy: 0.2560

Epoch 00031: val_loss did not improve from 2.16011
Epoch 32/100
56570/56570 - 36s - loss: 1.9256 - accuracy: 0.3354 - val_loss: 2.1934 - val_accuracy: 0.2743

Epoch 00032: val_loss did not improve from 2.16011
Epoch 33/100
56570/56570 - 36s - loss: 1.9250 - accuracy: 0.3360 - val_loss: 2.2084 - val_accuracy: 0.2341

Epoch 00033: val_loss did not improve from 2.16011
Epoch 34/100
56570/56570 - 36s - loss: 1.9242 - accuracy: 0.3362 - val_loss: 2.1904 - val_accuracy: 0.2470

Epoch 00034: val_loss did not improve from 2.16011
Epoch 35/100
56570/56570 - 36s - loss: 1.9246 - accuracy: 0.3359 - val_loss: 2.2150 - val_accuracy: 0.2394

Epoch 00035: val_loss did not improve from 2.16011
Epoch 36/100
56570/56570 - 36s - loss: 1.9243 - accuracy: 0.3356 - val_loss: 2.1749 - val_accuracy: 0.2631

Epoch 00036: val_loss did not improve from 2.16011
Epoch 37/100
56570/56570 - 36s - loss: 1.9239 - accuracy: 0.3365 - val_loss: 2.1851 - val_accuracy: 0.2481

Epoch 00037: val_loss did not improve from 2.16011
Epoch 38/100
56570/56570 - 36s - loss: 1.9237 - accuracy: 0.3362 - val_loss: 2.2039 - val_accuracy: 0.2353

Epoch 00038: val_loss did not improve from 2.16011
Epoch 39/100
56570/56570 - 36s - loss: 1.9231 - accuracy: 0.3365 - val_loss: 2.2041 - val_accuracy: 0.2564

Epoch 00039: val_loss did not improve from 2.16011
Epoch 40/100
56570/56570 - 36s - loss: 1.9230 - accuracy: 0.3364 - val_loss: 2.1985 - val_accuracy: 0.2453

Epoch 00040: val_loss did not improve from 2.16011
Epoch 41/100
56570/56570 - 36s - loss: 1.9223 - accuracy: 0.3366 - val_loss: 2.1748 - val_accuracy: 0.2601

Epoch 00041: val_loss did not improve from 2.16011
Epoch 42/100
56570/56570 - 36s - loss: 1.9219 - accuracy: 0.3366 - val_loss: 2.1930 - val_accuracy: 0.2541

Epoch 00042: val_loss did not improve from 2.16011
Epoch 43/100
56570/56570 - 36s - loss: 1.9217 - accuracy: 0.3372 - val_loss: 2.1926 - val_accuracy: 0.2294

Epoch 00043: val_loss did not improve from 2.16011
Epoch 44/100
56570/56570 - 36s - loss: 1.9212 - accuracy: 0.3367 - val_loss: 2.1811 - val_accuracy: 0.2580

Epoch 00044: val_loss did not improve from 2.16011
Epoch 45/100
56570/56570 - 36s - loss: 1.9212 - accuracy: 0.3360 - val_loss: 2.1773 - val_accuracy: 0.2427

Epoch 00045: val_loss did not improve from 2.16011
Epoch 46/100
56570/56570 - 36s - loss: 1.9208 - accuracy: 0.3369 - val_loss: 2.2031 - val_accuracy: 0.2569

Epoch 00046: val_loss did not improve from 2.16011
Epoch 47/100
56570/56570 - 36s - loss: 1.9205 - accuracy: 0.3368 - val_loss: 2.1978 - val_accuracy: 0.2577

Epoch 00047: val_loss did not improve from 2.16011
Epoch 48/100
56570/56570 - 36s - loss: 1.9206 - accuracy: 0.3374 - val_loss: 2.1788 - val_accuracy: 0.2575

Epoch 00048: val_loss did not improve from 2.16011
Epoch 49/100
56570/56570 - 36s - loss: 1.9204 - accuracy: 0.3373 - val_loss: 2.1805 - val_accuracy: 0.2380

Epoch 00049: val_loss did not improve from 2.16011
Epoch 50/100
56570/56570 - 36s - loss: 1.9199 - accuracy: 0.3377 - val_loss: 2.1993 - val_accuracy: 0.2466

Epoch 00050: val_loss did not improve from 2.16011
Epoch 51/100
56570/56570 - 36s - loss: 1.9203 - accuracy: 0.3365 - val_loss: 2.2107 - val_accuracy: 0.2399

Epoch 00051: val_loss did not improve from 2.16011
Epoch 52/100
56570/56570 - 36s - loss: 1.9195 - accuracy: 0.3376 - val_loss: 2.1855 - val_accuracy: 0.2472

Epoch 00052: val_loss did not improve from 2.16011
Epoch 53/100
56570/56570 - 36s - loss: 1.9191 - accuracy: 0.3378 - val_loss: 2.1927 - val_accuracy: 0.2603

Epoch 00053: val_loss did not improve from 2.16011
Epoch 54/100
56570/56570 - 36s - loss: 1.9191 - accuracy: 0.3379 - val_loss: 2.1866 - val_accuracy: 0.2584

Epoch 00054: val_loss did not improve from 2.16011
Epoch 55/100
56570/56570 - 36s - loss: 1.9196 - accuracy: 0.3366 - val_loss: 2.1660 - val_accuracy: 0.2508

Epoch 00055: val_loss did not improve from 2.16011
Epoch 56/100
56570/56570 - 36s - loss: 1.9192 - accuracy: 0.3377 - val_loss: 2.1850 - val_accuracy: 0.2593

Epoch 00056: val_loss did not improve from 2.16011
Epoch 57/100
56570/56570 - 36s - loss: 1.9192 - accuracy: 0.3370 - val_loss: 2.1816 - val_accuracy: 0.2548

Epoch 00057: val_loss did not improve from 2.16011
Epoch 58/100
56570/56570 - 36s - loss: 1.9191 - accuracy: 0.3380 - val_loss: 2.1721 - val_accuracy: 0.2578

Epoch 00058: val_loss did not improve from 2.16011
Epoch 59/100
56570/56570 - 36s - loss: 1.9186 - accuracy: 0.3370 - val_loss: 2.1757 - val_accuracy: 0.2505

Epoch 00059: val_loss did not improve from 2.16011
Epoch 60/100
56570/56570 - 36s - loss: 1.9183 - accuracy: 0.3374 - val_loss: 2.1916 - val_accuracy: 0.2503

Epoch 00060: val_loss did not improve from 2.16011
Epoch 61/100
56570/56570 - 36s - loss: 1.9182 - accuracy: 0.3382 - val_loss: 2.1861 - val_accuracy: 0.2636

Epoch 00061: val_loss did not improve from 2.16011
Epoch 62/100
56570/56570 - 36s - loss: 1.9188 - accuracy: 0.3383 - val_loss: 2.1809 - val_accuracy: 0.2605

Epoch 00062: val_loss did not improve from 2.16011
Epoch 63/100
56570/56570 - 36s - loss: 1.9175 - accuracy: 0.3388 - val_loss: 2.1867 - val_accuracy: 0.2469

Epoch 00063: val_loss did not improve from 2.16011
Epoch 64/100
56570/56570 - 36s - loss: 1.9182 - accuracy: 0.3380 - val_loss: 2.2066 - val_accuracy: 0.2492

Epoch 00064: val_loss did not improve from 2.16011
Epoch 65/100
56570/56570 - 36s - loss: 1.9181 - accuracy: 0.3377 - val_loss: 2.1823 - val_accuracy: 0.2648

Epoch 00065: val_loss did not improve from 2.16011
Epoch 66/100
56570/56570 - 36s - loss: 1.9182 - accuracy: 0.3378 - val_loss: 2.1966 - val_accuracy: 0.2593

Epoch 00066: val_loss did not improve from 2.16011
Epoch 67/100
56570/56570 - 36s - loss: 1.9178 - accuracy: 0.3387 - val_loss: 2.1877 - val_accuracy: 0.2518

Epoch 00067: val_loss did not improve from 2.16011
Epoch 68/100
56570/56570 - 36s - loss: 1.9176 - accuracy: 0.3380 - val_loss: 2.1795 - val_accuracy: 0.2648

Epoch 00068: val_loss did not improve from 2.16011
Epoch 69/100
56570/56570 - 36s - loss: 1.9177 - accuracy: 0.3379 - val_loss: 2.1811 - val_accuracy: 0.2430

Epoch 00069: val_loss did not improve from 2.16011
Epoch 70/100
56570/56570 - 36s - loss: 1.9175 - accuracy: 0.3376 - val_loss: 2.1743 - val_accuracy: 0.2398

Epoch 00070: val_loss did not improve from 2.16011
Epoch 71/100
56570/56570 - 36s - loss: 1.9173 - accuracy: 0.3383 - val_loss: 2.1895 - val_accuracy: 0.2604

Epoch 00071: val_loss did not improve from 2.16011
Epoch 72/100
56570/56570 - 36s - loss: 1.9170 - accuracy: 0.3388 - val_loss: 2.2093 - val_accuracy: 0.2665

Epoch 00072: val_loss did not improve from 2.16011
Epoch 73/100
56570/56570 - 36s - loss: 1.9168 - accuracy: 0.3391 - val_loss: 2.1618 - val_accuracy: 0.2733

Epoch 00073: val_loss did not improve from 2.16011
Epoch 74/100
56570/56570 - 36s - loss: 1.9164 - accuracy: 0.3391 - val_loss: 2.2139 - val_accuracy: 0.2615

Epoch 00074: val_loss did not improve from 2.16011
Epoch 75/100
56570/56570 - 36s - loss: 1.9160 - accuracy: 0.3390 - val_loss: 2.1845 - val_accuracy: 0.2626

Epoch 00075: val_loss did not improve from 2.16011
Epoch 76/100
56570/56570 - 36s - loss: 1.9162 - accuracy: 0.3384 - val_loss: 2.1890 - val_accuracy: 0.2593

Epoch 00076: val_loss did not improve from 2.16011
Epoch 77/100
56570/56570 - 36s - loss: 1.9165 - accuracy: 0.3384 - val_loss: 2.1771 - val_accuracy: 0.2651

Epoch 00077: val_loss did not improve from 2.16011
Epoch 78/100
56570/56570 - 36s - loss: 1.9160 - accuracy: 0.3385 - val_loss: 2.1936 - val_accuracy: 0.2587

Epoch 00078: val_loss did not improve from 2.16011
Epoch 79/100
56570/56570 - 36s - loss: 1.9159 - accuracy: 0.3386 - val_loss: 2.2115 - val_accuracy: 0.2368

Epoch 00079: val_loss did not improve from 2.16011
Epoch 80/100
56570/56570 - 36s - loss: 1.9162 - accuracy: 0.3387 - val_loss: 2.2034 - val_accuracy: 0.2473

Epoch 00080: val_loss did not improve from 2.16011
Epoch 81/100
56570/56570 - 36s - loss: 1.9158 - accuracy: 0.3388 - val_loss: 2.2167 - val_accuracy: 0.2478

Epoch 00081: val_loss did not improve from 2.16011
Epoch 82/100
56570/56570 - 36s - loss: 1.9159 - accuracy: 0.3387 - val_loss: 2.1927 - val_accuracy: 0.2560

Epoch 00082: val_loss did not improve from 2.16011
Epoch 83/100
56570/56570 - 36s - loss: 1.9154 - accuracy: 0.3391 - val_loss: 2.2051 - val_accuracy: 0.2439

Epoch 00083: val_loss did not improve from 2.16011
Epoch 84/100
56570/56570 - 36s - loss: 1.9152 - accuracy: 0.3393 - val_loss: 2.1912 - val_accuracy: 0.2452

Epoch 00084: val_loss did not improve from 2.16011
Epoch 85/100
56570/56570 - 36s - loss: 1.9154 - accuracy: 0.3389 - val_loss: 2.2089 - val_accuracy: 0.2594

Epoch 00085: val_loss did not improve from 2.16011
Epoch 86/100
56570/56570 - 36s - loss: 1.9148 - accuracy: 0.3392 - val_loss: 2.2168 - val_accuracy: 0.2556

Epoch 00086: val_loss did not improve from 2.16011
Epoch 87/100
56570/56570 - 39s - loss: 1.9146 - accuracy: 0.3402 - val_loss: 2.1988 - val_accuracy: 0.2462

Epoch 00087: val_loss did not improve from 2.16011
Epoch 88/100
56570/56570 - 36s - loss: 1.9147 - accuracy: 0.3389 - val_loss: 2.1799 - val_accuracy: 0.2483

Epoch 00088: val_loss did not improve from 2.16011
Epoch 89/100
56570/56570 - 36s - loss: 1.9140 - accuracy: 0.3392 - val_loss: 2.1895 - val_accuracy: 0.2425

Epoch 00089: val_loss did not improve from 2.16011
Epoch 90/100
56570/56570 - 36s - loss: 1.9143 - accuracy: 0.3393 - val_loss: 2.1939 - val_accuracy: 0.2408

Epoch 00090: val_loss did not improve from 2.16011
Epoch 91/100
56570/56570 - 36s - loss: 1.9141 - accuracy: 0.3398 - val_loss: 2.2132 - val_accuracy: 0.2420

Epoch 00091: val_loss did not improve from 2.16011
Epoch 92/100
56570/56570 - 37s - loss: 1.9143 - accuracy: 0.3387 - val_loss: 2.2170 - val_accuracy: 0.2460

Epoch 00092: val_loss did not improve from 2.16011
Epoch 93/100
56570/56570 - 37s - loss: 1.9142 - accuracy: 0.3395 - val_loss: 2.1675 - val_accuracy: 0.2524

Epoch 00093: val_loss did not improve from 2.16011
Epoch 94/100
56570/56570 - 37s - loss: 1.9138 - accuracy: 0.3397 - val_loss: 2.1819 - val_accuracy: 0.2480

Epoch 00094: val_loss did not improve from 2.16011
Epoch 95/100
56570/56570 - 37s - loss: 1.9141 - accuracy: 0.3388 - val_loss: 2.2121 - val_accuracy: 0.2617

Epoch 00095: val_loss did not improve from 2.16011
Epoch 96/100
56570/56570 - 37s - loss: 1.9143 - accuracy: 0.3385 - val_loss: 2.1915 - val_accuracy: 0.2346

Epoch 00096: val_loss did not improve from 2.16011
Epoch 97/100
56570/56570 - 37s - loss: 1.9138 - accuracy: 0.3396 - val_loss: 2.1820 - val_accuracy: 0.2435

Epoch 00097: val_loss did not improve from 2.16011
Epoch 98/100
56570/56570 - 37s - loss: 1.9136 - accuracy: 0.3392 - val_loss: 2.2004 - val_accuracy: 0.2496

Epoch 00098: val_loss did not improve from 2.16011
Epoch 99/100
56570/56570 - 37s - loss: 1.9131 - accuracy: 0.3390 - val_loss: 2.1955 - val_accuracy: 0.2593

Epoch 00099: val_loss did not improve from 2.16011
Epoch 100/100
56570/56570 - 37s - loss: 1.9132 - accuracy: 0.3391 - val_loss: 2.1889 - val_accuracy: 0.2495

Epoch 00100: val_loss did not improve from 2.16011
