Before oversampling: Counter({92.0: 7628, 100.0: 7624, 91.0: 7615, 0.0: 7615, 60.0: 7609, 10.0: 7595, 70.0: 7583, 1.0: 7580, 2.0: 7577, 20.0: 7519, 40.0: 7516, 50.0: 7476, 30.0: 7448, 90.0: 7439, 80.0: 7188})
After oversampling: Counter({100.0: 7628, 92.0: 7628, 91.0: 7628, 90.0: 7628, 20.0: 7628, 1.0: 7628, 80.0: 7628, 70.0: 7628, 0.0: 7628, 50.0: 7628, 30.0: 7628, 10.0: 7628, 40.0: 7628, 2.0: 7628, 60.0: 7628})
Model: "sequential"
_________________________________________________________________
Layer (type)                 Output Shape              Param #   
=================================================================
conv1d (Conv1D)              (None, 19, 64)            512       
_________________________________________________________________
conv1d_1 (Conv1D)            (None, 13, 64)            28736     
_________________________________________________________________
max_pooling1d (MaxPooling1D) (None, 6, 64)             0         
_________________________________________________________________
flatten (Flatten)            (None, 384)               0         
_________________________________________________________________
dense (Dense)                (None, 26)                10010     
_________________________________________________________________
dense_1 (Dense)              (None, 15)                405       
=================================================================
Total params: 39,663
Trainable params: 39,663
Non-trainable params: 0
_________________________________________________________________
Epoch 1/100
11442/11442 - 11s - loss: 2.0733 - accuracy: 0.2635 - val_loss: 2.1456 - val_accuracy: 0.2502

Epoch 00001: val_loss improved from inf to 2.14562, saving model to ./results/CNN_trial_6_2/cp.ckpt
Epoch 2/100
11442/11442 - 10s - loss: 1.9081 - accuracy: 0.3308 - val_loss: 2.1847 - val_accuracy: 0.2442

Epoch 00002: val_loss did not improve from 2.14562
Epoch 3/100
11442/11442 - 10s - loss: 1.8584 - accuracy: 0.3479 - val_loss: 2.1470 - val_accuracy: 0.2512

Epoch 00003: val_loss did not improve from 2.14562
Epoch 4/100
11442/11442 - 10s - loss: 1.8241 - accuracy: 0.3617 - val_loss: 2.1122 - val_accuracy: 0.2742

Epoch 00004: val_loss improved from 2.14562 to 2.11220, saving model to ./results/CNN_trial_6_2/cp.ckpt
Epoch 5/100
11442/11442 - 10s - loss: 1.8003 - accuracy: 0.3697 - val_loss: 2.1664 - val_accuracy: 0.2686

Epoch 00005: val_loss did not improve from 2.11220
Epoch 6/100
11442/11442 - 10s - loss: 1.7821 - accuracy: 0.3769 - val_loss: 2.1074 - val_accuracy: 0.2853

Epoch 00006: val_loss improved from 2.11220 to 2.10736, saving model to ./results/CNN_trial_6_2/cp.ckpt
Epoch 7/100
11442/11442 - 10s - loss: 1.7678 - accuracy: 0.3839 - val_loss: 2.1486 - val_accuracy: 0.2783

Epoch 00007: val_loss did not improve from 2.10736
Epoch 8/100
11442/11442 - 10s - loss: 1.7583 - accuracy: 0.3873 - val_loss: 2.1432 - val_accuracy: 0.2860

Epoch 00008: val_loss did not improve from 2.10736
Epoch 9/100
11442/11442 - 10s - loss: 1.7478 - accuracy: 0.3912 - val_loss: 2.1845 - val_accuracy: 0.2687

Epoch 00009: val_loss did not improve from 2.10736
Epoch 10/100
11442/11442 - 10s - loss: 1.7422 - accuracy: 0.3934 - val_loss: 2.1867 - val_accuracy: 0.2662

Epoch 00010: val_loss did not improve from 2.10736
Epoch 11/100
11442/11442 - 10s - loss: 1.7354 - accuracy: 0.3965 - val_loss: 2.2088 - val_accuracy: 0.2604

Epoch 00011: val_loss did not improve from 2.10736
Epoch 12/100
11442/11442 - 10s - loss: 1.7284 - accuracy: 0.4007 - val_loss: 2.1542 - val_accuracy: 0.2808

Epoch 00012: val_loss did not improve from 2.10736
Epoch 13/100
11442/11442 - 10s - loss: 1.7219 - accuracy: 0.4033 - val_loss: 2.2612 - val_accuracy: 0.2707

Epoch 00013: val_loss did not improve from 2.10736
Epoch 14/100
11442/11442 - 10s - loss: 1.7182 - accuracy: 0.4047 - val_loss: 2.1515 - val_accuracy: 0.2775

Epoch 00014: val_loss did not improve from 2.10736
Epoch 15/100
11442/11442 - 10s - loss: 1.7134 - accuracy: 0.4056 - val_loss: 2.1345 - val_accuracy: 0.2786

Epoch 00015: val_loss did not improve from 2.10736
Epoch 16/100
11442/11442 - 10s - loss: 1.7052 - accuracy: 0.4080 - val_loss: 2.1742 - val_accuracy: 0.2852

Epoch 00016: val_loss did not improve from 2.10736
Epoch 17/100
11442/11442 - 10s - loss: 1.6997 - accuracy: 0.4094 - val_loss: 2.1483 - val_accuracy: 0.2706

Epoch 00017: val_loss did not improve from 2.10736
Epoch 18/100
11442/11442 - 11s - loss: 1.6931 - accuracy: 0.4110 - val_loss: 2.1914 - val_accuracy: 0.2819

Epoch 00018: val_loss did not improve from 2.10736
Epoch 19/100
11442/11442 - 10s - loss: 1.6883 - accuracy: 0.4139 - val_loss: 2.2050 - val_accuracy: 0.2716

Epoch 00019: val_loss did not improve from 2.10736
Epoch 20/100
11442/11442 - 10s - loss: 1.6830 - accuracy: 0.4151 - val_loss: 2.1756 - val_accuracy: 0.2756

Epoch 00020: val_loss did not improve from 2.10736
Epoch 21/100
11442/11442 - 10s - loss: 1.6776 - accuracy: 0.4185 - val_loss: 2.1289 - val_accuracy: 0.2851

Epoch 00021: val_loss did not improve from 2.10736
Epoch 22/100
11442/11442 - 10s - loss: 1.6753 - accuracy: 0.4211 - val_loss: 2.2082 - val_accuracy: 0.2808

Epoch 00022: val_loss did not improve from 2.10736
Epoch 23/100
11442/11442 - 10s - loss: 1.6691 - accuracy: 0.4206 - val_loss: 2.1767 - val_accuracy: 0.2746

Epoch 00023: val_loss did not improve from 2.10736
Epoch 24/100
11442/11442 - 10s - loss: 1.6662 - accuracy: 0.4200 - val_loss: 2.1682 - val_accuracy: 0.2903

Epoch 00024: val_loss did not improve from 2.10736
Epoch 25/100
11442/11442 - 10s - loss: 1.6621 - accuracy: 0.4228 - val_loss: 2.1611 - val_accuracy: 0.2861

Epoch 00025: val_loss did not improve from 2.10736
Epoch 26/100
11442/11442 - 10s - loss: 1.6579 - accuracy: 0.4252 - val_loss: 2.1774 - val_accuracy: 0.2828

Epoch 00026: val_loss did not improve from 2.10736
Epoch 27/100
11442/11442 - 10s - loss: 1.6564 - accuracy: 0.4245 - val_loss: 2.1625 - val_accuracy: 0.2797

Epoch 00027: val_loss did not improve from 2.10736
Epoch 28/100
11442/11442 - 10s - loss: 1.6534 - accuracy: 0.4263 - val_loss: 2.2176 - val_accuracy: 0.2945

Epoch 00028: val_loss did not improve from 2.10736
Epoch 29/100
11442/11442 - 10s - loss: 1.6502 - accuracy: 0.4269 - val_loss: 2.2198 - val_accuracy: 0.2891

Epoch 00029: val_loss did not improve from 2.10736
Epoch 30/100
11442/11442 - 10s - loss: 1.6461 - accuracy: 0.4294 - val_loss: 2.2025 - val_accuracy: 0.2912

Epoch 00030: val_loss did not improve from 2.10736
Epoch 31/100
11442/11442 - 10s - loss: 1.6447 - accuracy: 0.4306 - val_loss: 2.1936 - val_accuracy: 0.2658

Epoch 00031: val_loss did not improve from 2.10736
Epoch 32/100
11442/11442 - 10s - loss: 1.6426 - accuracy: 0.4301 - val_loss: 2.2044 - val_accuracy: 0.2830

Epoch 00032: val_loss did not improve from 2.10736
Epoch 33/100
11442/11442 - 10s - loss: 1.6405 - accuracy: 0.4305 - val_loss: 2.2482 - val_accuracy: 0.2755

Epoch 00033: val_loss did not improve from 2.10736
Epoch 34/100
11442/11442 - 10s - loss: 1.6388 - accuracy: 0.4314 - val_loss: 2.1894 - val_accuracy: 0.2869

Epoch 00034: val_loss did not improve from 2.10736
Epoch 35/100
11442/11442 - 10s - loss: 1.6351 - accuracy: 0.4325 - val_loss: 2.1760 - val_accuracy: 0.2805

Epoch 00035: val_loss did not improve from 2.10736
Epoch 36/100
11442/11442 - 10s - loss: 1.6351 - accuracy: 0.4327 - val_loss: 2.1907 - val_accuracy: 0.2904

Epoch 00036: val_loss did not improve from 2.10736
Epoch 37/100
11442/11442 - 10s - loss: 1.6336 - accuracy: 0.4325 - val_loss: 2.2605 - val_accuracy: 0.2769

Epoch 00037: val_loss did not improve from 2.10736
Epoch 38/100
11442/11442 - 10s - loss: 1.6306 - accuracy: 0.4349 - val_loss: 2.2057 - val_accuracy: 0.2917

Epoch 00038: val_loss did not improve from 2.10736
Epoch 39/100
11442/11442 - 10s - loss: 1.6317 - accuracy: 0.4336 - val_loss: 2.2609 - val_accuracy: 0.2680

Epoch 00039: val_loss did not improve from 2.10736
Epoch 40/100
11442/11442 - 10s - loss: 1.6300 - accuracy: 0.4353 - val_loss: 2.2367 - val_accuracy: 0.2797

Epoch 00040: val_loss did not improve from 2.10736
Epoch 41/100
11442/11442 - 10s - loss: 1.6271 - accuracy: 0.4338 - val_loss: 2.2463 - val_accuracy: 0.2862

Epoch 00041: val_loss did not improve from 2.10736
Epoch 42/100
11442/11442 - 10s - loss: 1.6255 - accuracy: 0.4356 - val_loss: 2.2742 - val_accuracy: 0.2704

Epoch 00042: val_loss did not improve from 2.10736
Epoch 43/100
11442/11442 - 10s - loss: 1.6244 - accuracy: 0.4346 - val_loss: 2.2528 - val_accuracy: 0.2739

Epoch 00043: val_loss did not improve from 2.10736
Epoch 44/100
11442/11442 - 10s - loss: 1.6234 - accuracy: 0.4364 - val_loss: 2.2063 - val_accuracy: 0.2760

Epoch 00044: val_loss did not improve from 2.10736
Epoch 45/100
11442/11442 - 10s - loss: 1.6227 - accuracy: 0.4378 - val_loss: 2.3342 - val_accuracy: 0.2844

Epoch 00045: val_loss did not improve from 2.10736
Epoch 46/100
11442/11442 - 10s - loss: 1.6206 - accuracy: 0.4405 - val_loss: 2.2536 - val_accuracy: 0.2786

Epoch 00046: val_loss did not improve from 2.10736
Epoch 47/100
11442/11442 - 10s - loss: 1.6199 - accuracy: 0.4372 - val_loss: 2.1921 - val_accuracy: 0.2831

Epoch 00047: val_loss did not improve from 2.10736
Epoch 48/100
11442/11442 - 10s - loss: 1.6183 - accuracy: 0.4365 - val_loss: 2.2435 - val_accuracy: 0.2823

Epoch 00048: val_loss did not improve from 2.10736
Epoch 49/100
11442/11442 - 10s - loss: 1.6179 - accuracy: 0.4381 - val_loss: 2.2899 - val_accuracy: 0.2821

Epoch 00049: val_loss did not improve from 2.10736
Epoch 50/100
11442/11442 - 10s - loss: 1.6158 - accuracy: 0.4404 - val_loss: 2.2841 - val_accuracy: 0.2757

Epoch 00050: val_loss did not improve from 2.10736
Epoch 51/100
11442/11442 - 10s - loss: 1.6159 - accuracy: 0.4402 - val_loss: 2.3075 - val_accuracy: 0.2748

Epoch 00051: val_loss did not improve from 2.10736
Epoch 52/100
11442/11442 - 10s - loss: 1.6145 - accuracy: 0.4408 - val_loss: 2.2895 - val_accuracy: 0.2761

Epoch 00052: val_loss did not improve from 2.10736
Epoch 53/100
11442/11442 - 10s - loss: 1.6155 - accuracy: 0.4400 - val_loss: 2.2571 - val_accuracy: 0.2844

Epoch 00053: val_loss did not improve from 2.10736
Epoch 54/100
11442/11442 - 10s - loss: 1.6125 - accuracy: 0.4408 - val_loss: 2.2582 - val_accuracy: 0.2826

Epoch 00054: val_loss did not improve from 2.10736
Epoch 55/100
11442/11442 - 10s - loss: 1.6125 - accuracy: 0.4409 - val_loss: 2.2151 - val_accuracy: 0.2948

Epoch 00055: val_loss did not improve from 2.10736
Epoch 56/100
11442/11442 - 10s - loss: 1.6095 - accuracy: 0.4411 - val_loss: 2.2939 - val_accuracy: 0.2867

Epoch 00056: val_loss did not improve from 2.10736
Epoch 57/100
11442/11442 - 10s - loss: 1.6083 - accuracy: 0.4424 - val_loss: 2.2809 - val_accuracy: 0.2769

Epoch 00057: val_loss did not improve from 2.10736
Epoch 58/100
11442/11442 - 10s - loss: 1.6119 - accuracy: 0.4415 - val_loss: 2.2409 - val_accuracy: 0.2840

Epoch 00058: val_loss did not improve from 2.10736
Epoch 59/100
11442/11442 - 10s - loss: 1.6086 - accuracy: 0.4423 - val_loss: 2.3194 - val_accuracy: 0.2839

Epoch 00059: val_loss did not improve from 2.10736
Epoch 60/100
11442/11442 - 10s - loss: 1.6095 - accuracy: 0.4436 - val_loss: 2.3368 - val_accuracy: 0.2745

Epoch 00060: val_loss did not improve from 2.10736
Epoch 61/100
11442/11442 - 10s - loss: 1.6067 - accuracy: 0.4427 - val_loss: 2.3846 - val_accuracy: 0.2693

Epoch 00061: val_loss did not improve from 2.10736
Epoch 62/100
11442/11442 - 10s - loss: 1.6070 - accuracy: 0.4426 - val_loss: 2.2855 - val_accuracy: 0.2677

Epoch 00062: val_loss did not improve from 2.10736
Epoch 63/100
11442/11442 - 10s - loss: 1.6064 - accuracy: 0.4414 - val_loss: 2.2929 - val_accuracy: 0.2703

Epoch 00063: val_loss did not improve from 2.10736
Epoch 64/100
11442/11442 - 10s - loss: 1.6042 - accuracy: 0.4434 - val_loss: 2.3025 - val_accuracy: 0.2986

Epoch 00064: val_loss did not improve from 2.10736
Epoch 65/100
11442/11442 - 10s - loss: 1.6028 - accuracy: 0.4442 - val_loss: 2.3102 - val_accuracy: 0.2696

Epoch 00065: val_loss did not improve from 2.10736
Epoch 66/100
11442/11442 - 10s - loss: 1.6030 - accuracy: 0.4456 - val_loss: 2.3425 - val_accuracy: 0.2856

Epoch 00066: val_loss did not improve from 2.10736
Epoch 67/100
11442/11442 - 10s - loss: 1.6014 - accuracy: 0.4432 - val_loss: 2.3433 - val_accuracy: 0.2783

Epoch 00067: val_loss did not improve from 2.10736
Epoch 68/100
11442/11442 - 10s - loss: 1.6014 - accuracy: 0.4442 - val_loss: 2.3091 - val_accuracy: 0.2773

Epoch 00068: val_loss did not improve from 2.10736
Epoch 69/100
11442/11442 - 10s - loss: 1.6008 - accuracy: 0.4457 - val_loss: 2.3307 - val_accuracy: 0.2835

Epoch 00069: val_loss did not improve from 2.10736
Epoch 70/100
11442/11442 - 10s - loss: 1.6001 - accuracy: 0.4456 - val_loss: 2.3079 - val_accuracy: 0.2886

Epoch 00070: val_loss did not improve from 2.10736
Epoch 71/100
11442/11442 - 10s - loss: 1.5995 - accuracy: 0.4475 - val_loss: 2.3766 - val_accuracy: 0.2816

Epoch 00071: val_loss did not improve from 2.10736
Epoch 72/100
11442/11442 - 10s - loss: 1.6003 - accuracy: 0.4445 - val_loss: 2.3111 - val_accuracy: 0.2759

Epoch 00072: val_loss did not improve from 2.10736
Epoch 73/100
11442/11442 - 10s - loss: 1.5993 - accuracy: 0.4455 - val_loss: 2.3125 - val_accuracy: 0.2797

Epoch 00073: val_loss did not improve from 2.10736
Epoch 74/100
11442/11442 - 10s - loss: 1.5974 - accuracy: 0.4450 - val_loss: 2.3151 - val_accuracy: 0.2851

Epoch 00074: val_loss did not improve from 2.10736
Epoch 75/100
11442/11442 - 10s - loss: 1.5986 - accuracy: 0.4469 - val_loss: 2.3905 - val_accuracy: 0.2765

Epoch 00075: val_loss did not improve from 2.10736
Epoch 76/100
11442/11442 - 10s - loss: 1.5957 - accuracy: 0.4464 - val_loss: 2.4068 - val_accuracy: 0.2762

Epoch 00076: val_loss did not improve from 2.10736
Epoch 77/100
11442/11442 - 10s - loss: 1.5970 - accuracy: 0.4451 - val_loss: 2.4060 - val_accuracy: 0.2789

Epoch 00077: val_loss did not improve from 2.10736
Epoch 78/100
11442/11442 - 10s - loss: 1.5957 - accuracy: 0.4474 - val_loss: 2.3523 - val_accuracy: 0.2737

Epoch 00078: val_loss did not improve from 2.10736
Epoch 79/100
11442/11442 - 10s - loss: 1.5970 - accuracy: 0.4478 - val_loss: 2.3062 - val_accuracy: 0.2873

Epoch 00079: val_loss did not improve from 2.10736
Epoch 80/100
11442/11442 - 10s - loss: 1.5939 - accuracy: 0.4476 - val_loss: 2.3599 - val_accuracy: 0.2735

Epoch 00080: val_loss did not improve from 2.10736
Epoch 81/100
11442/11442 - 10s - loss: 1.5932 - accuracy: 0.4486 - val_loss: 2.4422 - val_accuracy: 0.2955

Epoch 00081: val_loss did not improve from 2.10736
Epoch 82/100
11442/11442 - 10s - loss: 1.5948 - accuracy: 0.4473 - val_loss: 2.3563 - val_accuracy: 0.2785

Epoch 00082: val_loss did not improve from 2.10736
Epoch 83/100
11442/11442 - 10s - loss: 1.5938 - accuracy: 0.4474 - val_loss: 2.3170 - val_accuracy: 0.2802

Epoch 00083: val_loss did not improve from 2.10736
Epoch 84/100
11442/11442 - 10s - loss: 1.5927 - accuracy: 0.4492 - val_loss: 2.4439 - val_accuracy: 0.2815

Epoch 00084: val_loss did not improve from 2.10736
Epoch 85/100
11442/11442 - 10s - loss: 1.5914 - accuracy: 0.4489 - val_loss: 2.4480 - val_accuracy: 0.2868

Epoch 00085: val_loss did not improve from 2.10736
Epoch 86/100
11442/11442 - 10s - loss: 1.5912 - accuracy: 0.4483 - val_loss: 2.3817 - val_accuracy: 0.2801

Epoch 00086: val_loss did not improve from 2.10736
Epoch 87/100
11442/11442 - 10s - loss: 1.5916 - accuracy: 0.4484 - val_loss: 2.3763 - val_accuracy: 0.2797

Epoch 00087: val_loss did not improve from 2.10736
Epoch 88/100
11442/11442 - 10s - loss: 1.5902 - accuracy: 0.4495 - val_loss: 2.4333 - val_accuracy: 0.2760

Epoch 00088: val_loss did not improve from 2.10736
Epoch 89/100
11442/11442 - 10s - loss: 1.5913 - accuracy: 0.4473 - val_loss: 2.3535 - val_accuracy: 0.2952

Epoch 00089: val_loss did not improve from 2.10736
Epoch 90/100
11442/11442 - 10s - loss: 1.5903 - accuracy: 0.4504 - val_loss: 2.4759 - val_accuracy: 0.2801

Epoch 00090: val_loss did not improve from 2.10736
Epoch 91/100
11442/11442 - 10s - loss: 1.5896 - accuracy: 0.4493 - val_loss: 2.4566 - val_accuracy: 0.2850

Epoch 00091: val_loss did not improve from 2.10736
Epoch 92/100
11442/11442 - 11s - loss: 1.5905 - accuracy: 0.4491 - val_loss: 2.4175 - val_accuracy: 0.2754

Epoch 00092: val_loss did not improve from 2.10736
Epoch 93/100
11442/11442 - 10s - loss: 1.5910 - accuracy: 0.4487 - val_loss: 2.3412 - val_accuracy: 0.2827

Epoch 00093: val_loss did not improve from 2.10736
Epoch 94/100
11442/11442 - 10s - loss: 1.5901 - accuracy: 0.4493 - val_loss: 2.3611 - val_accuracy: 0.2909

Epoch 00094: val_loss did not improve from 2.10736
Epoch 95/100
11442/11442 - 10s - loss: 1.5869 - accuracy: 0.4511 - val_loss: 2.3958 - val_accuracy: 0.2756

Epoch 00095: val_loss did not improve from 2.10736
Epoch 96/100
11442/11442 - 10s - loss: 1.5931 - accuracy: 0.4490 - val_loss: 2.3662 - val_accuracy: 0.2832

Epoch 00096: val_loss did not improve from 2.10736
Epoch 97/100
11442/11442 - 10s - loss: 1.5864 - accuracy: 0.4524 - val_loss: 2.4001 - val_accuracy: 0.2812

Epoch 00097: val_loss did not improve from 2.10736
Epoch 98/100
11442/11442 - 10s - loss: 1.5885 - accuracy: 0.4483 - val_loss: 2.3762 - val_accuracy: 0.2833

Epoch 00098: val_loss did not improve from 2.10736
Epoch 99/100
11442/11442 - 10s - loss: 1.5868 - accuracy: 0.4504 - val_loss: 2.4263 - val_accuracy: 0.2735

Epoch 00099: val_loss did not improve from 2.10736
Epoch 100/100
11442/11442 - 10s - loss: 1.5865 - accuracy: 0.4507 - val_loss: 2.4178 - val_accuracy: 0.2797

Epoch 00100: val_loss did not improve from 2.10736
