Before oversampling: Counter({0.0: 22772, 10.0: 15114, 50.0: 15085, 90.0: 15054, 30.0: 14964, 70.0: 14771, 92.0: 7628, 100.0: 7624})
After oversampling: Counter({100.0: 22772, 92.0: 22772, 90.0: 22772, 10.0: 22772, 0.0: 22772, 70.0: 22772, 50.0: 22772, 30.0: 22772})
Model: "sequential"
_________________________________________________________________
Layer (type)                 Output Shape              Param #   
=================================================================
conv1d (Conv1D)              (None, 14, 64)            384       
_________________________________________________________________
conv1d_1 (Conv1D)            (None, 10, 64)            20544     
_________________________________________________________________
max_pooling1d (MaxPooling1D) (None, 5, 64)             0         
_________________________________________________________________
flatten (Flatten)            (None, 320)               0         
_________________________________________________________________
dense (Dense)                (None, 17)                5457      
_________________________________________________________________
dense_1 (Dense)              (None, 8)                 144       
=================================================================
Total params: 26,529
Trainable params: 26,529
Non-trainable params: 0
_________________________________________________________________
Epoch 1/100
18218/18218 - 16s - loss: 1.4439 - accuracy: 0.4297 - val_loss: 1.3786 - val_accuracy: 0.4623

Epoch 00001: val_loss improved from inf to 1.37863, saving model to ./results/CNN_trial_7/cp.ckpt
Epoch 2/100
18218/18218 - 15s - loss: 1.3477 - accuracy: 0.4694 - val_loss: 1.3372 - val_accuracy: 0.4744

Epoch 00002: val_loss improved from 1.37863 to 1.33721, saving model to ./results/CNN_trial_7/cp.ckpt
Epoch 3/100
18218/18218 - 15s - loss: 1.3203 - accuracy: 0.4841 - val_loss: 1.3165 - val_accuracy: 0.4840

Epoch 00003: val_loss improved from 1.33721 to 1.31647, saving model to ./results/CNN_trial_7/cp.ckpt
Epoch 4/100
18218/18218 - 15s - loss: 1.3026 - accuracy: 0.4923 - val_loss: 1.3182 - val_accuracy: 0.4812

Epoch 00004: val_loss did not improve from 1.31647
Epoch 5/100
18218/18218 - 15s - loss: 1.2885 - accuracy: 0.4987 - val_loss: 1.3109 - val_accuracy: 0.4865

Epoch 00005: val_loss improved from 1.31647 to 1.31086, saving model to ./results/CNN_trial_7/cp.ckpt
Epoch 6/100
18218/18218 - 15s - loss: 1.2676 - accuracy: 0.5074 - val_loss: 1.2703 - val_accuracy: 0.4988

Epoch 00006: val_loss improved from 1.31086 to 1.27032, saving model to ./results/CNN_trial_7/cp.ckpt
Epoch 7/100
18218/18218 - 15s - loss: 1.2506 - accuracy: 0.5127 - val_loss: 1.2639 - val_accuracy: 0.5010

Epoch 00007: val_loss improved from 1.27032 to 1.26389, saving model to ./results/CNN_trial_7/cp.ckpt
Epoch 8/100
18218/18218 - 15s - loss: 1.2393 - accuracy: 0.5202 - val_loss: 1.2654 - val_accuracy: 0.5057

Epoch 00008: val_loss did not improve from 1.26389
Epoch 9/100
18218/18218 - 15s - loss: 1.2314 - accuracy: 0.5236 - val_loss: 1.2694 - val_accuracy: 0.5015

Epoch 00009: val_loss did not improve from 1.26389
Epoch 10/100
18218/18218 - 15s - loss: 1.2261 - accuracy: 0.5274 - val_loss: 1.2546 - val_accuracy: 0.5141

Epoch 00010: val_loss improved from 1.26389 to 1.25458, saving model to ./results/CNN_trial_7/cp.ckpt
Epoch 11/100
18218/18218 - 15s - loss: 1.2221 - accuracy: 0.5273 - val_loss: 1.2479 - val_accuracy: 0.5115

Epoch 00011: val_loss improved from 1.25458 to 1.24794, saving model to ./results/CNN_trial_7/cp.ckpt
Epoch 12/100
18218/18218 - 15s - loss: 1.2184 - accuracy: 0.5277 - val_loss: 1.2391 - val_accuracy: 0.5112

Epoch 00012: val_loss improved from 1.24794 to 1.23909, saving model to ./results/CNN_trial_7/cp.ckpt
Epoch 13/100
18218/18218 - 15s - loss: 1.2159 - accuracy: 0.5322 - val_loss: 1.2587 - val_accuracy: 0.5087

Epoch 00013: val_loss did not improve from 1.23909
Epoch 14/100
18218/18218 - 15s - loss: 1.2131 - accuracy: 0.5331 - val_loss: 1.2406 - val_accuracy: 0.5145

Epoch 00014: val_loss did not improve from 1.23909
Epoch 15/100
18218/18218 - 15s - loss: 1.2092 - accuracy: 0.5342 - val_loss: 1.2587 - val_accuracy: 0.5058

Epoch 00015: val_loss did not improve from 1.23909
Epoch 16/100
18218/18218 - 15s - loss: 1.2065 - accuracy: 0.5360 - val_loss: 1.2360 - val_accuracy: 0.5233

Epoch 00016: val_loss improved from 1.23909 to 1.23596, saving model to ./results/CNN_trial_7/cp.ckpt
Epoch 17/100
18218/18218 - 15s - loss: 1.2054 - accuracy: 0.5362 - val_loss: 1.2441 - val_accuracy: 0.5233

Epoch 00017: val_loss did not improve from 1.23596
Epoch 18/100
18218/18218 - 15s - loss: 1.2028 - accuracy: 0.5358 - val_loss: 1.2454 - val_accuracy: 0.5171

Epoch 00018: val_loss did not improve from 1.23596
Epoch 19/100
18218/18218 - 15s - loss: 1.2003 - accuracy: 0.5362 - val_loss: 1.2409 - val_accuracy: 0.5194

Epoch 00019: val_loss did not improve from 1.23596
Epoch 20/100
18218/18218 - 15s - loss: 1.1997 - accuracy: 0.5378 - val_loss: 1.2305 - val_accuracy: 0.5189

Epoch 00020: val_loss improved from 1.23596 to 1.23050, saving model to ./results/CNN_trial_7/cp.ckpt
Epoch 21/100
18218/18218 - 15s - loss: 1.1977 - accuracy: 0.5389 - val_loss: 1.2579 - val_accuracy: 0.5175

Epoch 00021: val_loss did not improve from 1.23050
Epoch 22/100
18218/18218 - 15s - loss: 1.1955 - accuracy: 0.5399 - val_loss: 1.2360 - val_accuracy: 0.5201

Epoch 00022: val_loss did not improve from 1.23050
Epoch 23/100
18218/18218 - 16s - loss: 1.1940 - accuracy: 0.5407 - val_loss: 1.2752 - val_accuracy: 0.4995

Epoch 00023: val_loss did not improve from 1.23050
Epoch 24/100
18218/18218 - 16s - loss: 1.1932 - accuracy: 0.5409 - val_loss: 1.2507 - val_accuracy: 0.5132

Epoch 00024: val_loss did not improve from 1.23050
Epoch 25/100
18218/18218 - 15s - loss: 1.1908 - accuracy: 0.5417 - val_loss: 1.2287 - val_accuracy: 0.5213

Epoch 00025: val_loss improved from 1.23050 to 1.22873, saving model to ./results/CNN_trial_7/cp.ckpt
Epoch 26/100
18218/18218 - 15s - loss: 1.1895 - accuracy: 0.5426 - val_loss: 1.2318 - val_accuracy: 0.5211

Epoch 00026: val_loss did not improve from 1.22873
Epoch 27/100
18218/18218 - 15s - loss: 1.1874 - accuracy: 0.5447 - val_loss: 1.2342 - val_accuracy: 0.5234

Epoch 00027: val_loss did not improve from 1.22873
Epoch 28/100
18218/18218 - 15s - loss: 1.1863 - accuracy: 0.5457 - val_loss: 1.2467 - val_accuracy: 0.5187

Epoch 00028: val_loss did not improve from 1.22873
Epoch 29/100
18218/18218 - 16s - loss: 1.1846 - accuracy: 0.5440 - val_loss: 1.2436 - val_accuracy: 0.5144

Epoch 00029: val_loss did not improve from 1.22873
Epoch 30/100
18218/18218 - 16s - loss: 1.1835 - accuracy: 0.5442 - val_loss: 1.2205 - val_accuracy: 0.5263

Epoch 00030: val_loss improved from 1.22873 to 1.22047, saving model to ./results/CNN_trial_7/cp.ckpt
Epoch 31/100
18218/18218 - 15s - loss: 1.1825 - accuracy: 0.5465 - val_loss: 1.2325 - val_accuracy: 0.5200

Epoch 00031: val_loss did not improve from 1.22047
Epoch 32/100
18218/18218 - 15s - loss: 1.1812 - accuracy: 0.5465 - val_loss: 1.2413 - val_accuracy: 0.5263

Epoch 00032: val_loss did not improve from 1.22047
Epoch 33/100
18218/18218 - 15s - loss: 1.1822 - accuracy: 0.5454 - val_loss: 1.2420 - val_accuracy: 0.5213

Epoch 00033: val_loss did not improve from 1.22047
Epoch 34/100
18218/18218 - 15s - loss: 1.1796 - accuracy: 0.5468 - val_loss: 1.2414 - val_accuracy: 0.5229

Epoch 00034: val_loss did not improve from 1.22047
Epoch 35/100
18218/18218 - 16s - loss: 1.1787 - accuracy: 0.5484 - val_loss: 1.2369 - val_accuracy: 0.5114

Epoch 00035: val_loss did not improve from 1.22047
Epoch 36/100
18218/18218 - 15s - loss: 1.1786 - accuracy: 0.5472 - val_loss: 1.2387 - val_accuracy: 0.5218

Epoch 00036: val_loss did not improve from 1.22047
Epoch 37/100
18218/18218 - 15s - loss: 1.1764 - accuracy: 0.5498 - val_loss: 1.2343 - val_accuracy: 0.5296

Epoch 00037: val_loss did not improve from 1.22047
Epoch 38/100
18218/18218 - 15s - loss: 1.1762 - accuracy: 0.5486 - val_loss: 1.2447 - val_accuracy: 0.5178

Epoch 00038: val_loss did not improve from 1.22047
Epoch 39/100
18218/18218 - 15s - loss: 1.1747 - accuracy: 0.5492 - val_loss: 1.2418 - val_accuracy: 0.5171

Epoch 00039: val_loss did not improve from 1.22047
Epoch 40/100
18218/18218 - 15s - loss: 1.1742 - accuracy: 0.5484 - val_loss: 1.2411 - val_accuracy: 0.5165

Epoch 00040: val_loss did not improve from 1.22047
Epoch 41/100
18218/18218 - 15s - loss: 1.1745 - accuracy: 0.5483 - val_loss: 1.2211 - val_accuracy: 0.5280

Epoch 00041: val_loss did not improve from 1.22047
Epoch 42/100
18218/18218 - 15s - loss: 1.1735 - accuracy: 0.5491 - val_loss: 1.2790 - val_accuracy: 0.5083

Epoch 00042: val_loss did not improve from 1.22047
Epoch 43/100
18218/18218 - 15s - loss: 1.1711 - accuracy: 0.5501 - val_loss: 1.2444 - val_accuracy: 0.5195

Epoch 00043: val_loss did not improve from 1.22047
Epoch 44/100
18218/18218 - 15s - loss: 1.1723 - accuracy: 0.5506 - val_loss: 1.2283 - val_accuracy: 0.5296

Epoch 00044: val_loss did not improve from 1.22047
Epoch 45/100
18218/18218 - 15s - loss: 1.1703 - accuracy: 0.5511 - val_loss: 1.2424 - val_accuracy: 0.5192

Epoch 00045: val_loss did not improve from 1.22047
Epoch 46/100
18218/18218 - 15s - loss: 1.1700 - accuracy: 0.5510 - val_loss: 1.2491 - val_accuracy: 0.5116

Epoch 00046: val_loss did not improve from 1.22047
Epoch 47/100
18218/18218 - 15s - loss: 1.1677 - accuracy: 0.5522 - val_loss: 1.2426 - val_accuracy: 0.5188

Epoch 00047: val_loss did not improve from 1.22047
Epoch 48/100
18218/18218 - 15s - loss: 1.1689 - accuracy: 0.5515 - val_loss: 1.2347 - val_accuracy: 0.5209

Epoch 00048: val_loss did not improve from 1.22047
Epoch 49/100
18218/18218 - 15s - loss: 1.1679 - accuracy: 0.5522 - val_loss: 1.2483 - val_accuracy: 0.5221

Epoch 00049: val_loss did not improve from 1.22047
Epoch 50/100
18218/18218 - 15s - loss: 1.1670 - accuracy: 0.5523 - val_loss: 1.2248 - val_accuracy: 0.5229

Epoch 00050: val_loss did not improve from 1.22047
Epoch 51/100
18218/18218 - 15s - loss: 1.1660 - accuracy: 0.5534 - val_loss: 1.2333 - val_accuracy: 0.5242

Epoch 00051: val_loss did not improve from 1.22047
Epoch 52/100
18218/18218 - 15s - loss: 1.1645 - accuracy: 0.5536 - val_loss: 1.2481 - val_accuracy: 0.5178

Epoch 00052: val_loss did not improve from 1.22047
Epoch 53/100
18218/18218 - 15s - loss: 1.1647 - accuracy: 0.5548 - val_loss: 1.2328 - val_accuracy: 0.5248

Epoch 00053: val_loss did not improve from 1.22047
Epoch 54/100
18218/18218 - 16s - loss: 1.1643 - accuracy: 0.5533 - val_loss: 1.2268 - val_accuracy: 0.5271

Epoch 00054: val_loss did not improve from 1.22047
Epoch 55/100
18218/18218 - 16s - loss: 1.1642 - accuracy: 0.5537 - val_loss: 1.2303 - val_accuracy: 0.5235

Epoch 00055: val_loss did not improve from 1.22047
Epoch 56/100
18218/18218 - 15s - loss: 1.1629 - accuracy: 0.5545 - val_loss: 1.2308 - val_accuracy: 0.5242

Epoch 00056: val_loss did not improve from 1.22047
Epoch 57/100
18218/18218 - 15s - loss: 1.1629 - accuracy: 0.5543 - val_loss: 1.2312 - val_accuracy: 0.5273

Epoch 00057: val_loss did not improve from 1.22047
Epoch 58/100
18218/18218 - 15s - loss: 1.1621 - accuracy: 0.5552 - val_loss: 1.2514 - val_accuracy: 0.5221

Epoch 00058: val_loss did not improve from 1.22047
Epoch 59/100
18218/18218 - 15s - loss: 1.1616 - accuracy: 0.5557 - val_loss: 1.2322 - val_accuracy: 0.5346

Epoch 00059: val_loss did not improve from 1.22047
Epoch 60/100
18218/18218 - 15s - loss: 1.1601 - accuracy: 0.5552 - val_loss: 1.2310 - val_accuracy: 0.5180

Epoch 00060: val_loss did not improve from 1.22047
Epoch 61/100
18218/18218 - 15s - loss: 1.1612 - accuracy: 0.5555 - val_loss: 1.2317 - val_accuracy: 0.5274

Epoch 00061: val_loss did not improve from 1.22047
Epoch 62/100
18218/18218 - 15s - loss: 1.1601 - accuracy: 0.5566 - val_loss: 1.2329 - val_accuracy: 0.5257

Epoch 00062: val_loss did not improve from 1.22047
Epoch 63/100
18218/18218 - 15s - loss: 1.1593 - accuracy: 0.5556 - val_loss: 1.2226 - val_accuracy: 0.5313

Epoch 00063: val_loss did not improve from 1.22047
Epoch 64/100
18218/18218 - 14s - loss: 1.1586 - accuracy: 0.5562 - val_loss: 1.2373 - val_accuracy: 0.5274

Epoch 00064: val_loss did not improve from 1.22047
Epoch 65/100
18218/18218 - 15s - loss: 1.1581 - accuracy: 0.5571 - val_loss: 1.2339 - val_accuracy: 0.5260

Epoch 00065: val_loss did not improve from 1.22047
Epoch 66/100
18218/18218 - 15s - loss: 1.1583 - accuracy: 0.5575 - val_loss: 1.2335 - val_accuracy: 0.5269

Epoch 00066: val_loss did not improve from 1.22047
Epoch 67/100
18218/18218 - 15s - loss: 1.1585 - accuracy: 0.5559 - val_loss: 1.2341 - val_accuracy: 0.5261

Epoch 00067: val_loss did not improve from 1.22047
Epoch 68/100
18218/18218 - 15s - loss: 1.1574 - accuracy: 0.5571 - val_loss: 1.2336 - val_accuracy: 0.5283

Epoch 00068: val_loss did not improve from 1.22047
Epoch 69/100
18218/18218 - 15s - loss: 1.1567 - accuracy: 0.5570 - val_loss: 1.2256 - val_accuracy: 0.5300

Epoch 00069: val_loss did not improve from 1.22047
Epoch 70/100
18218/18218 - 15s - loss: 1.1561 - accuracy: 0.5578 - val_loss: 1.2320 - val_accuracy: 0.5245

Epoch 00070: val_loss did not improve from 1.22047
Epoch 71/100
18218/18218 - 15s - loss: 1.1556 - accuracy: 0.5579 - val_loss: 1.2284 - val_accuracy: 0.5303

Epoch 00071: val_loss did not improve from 1.22047
Epoch 72/100
18218/18218 - 15s - loss: 1.1557 - accuracy: 0.5585 - val_loss: 1.2583 - val_accuracy: 0.5149

Epoch 00072: val_loss did not improve from 1.22047
Epoch 73/100
18218/18218 - 15s - loss: 1.1551 - accuracy: 0.5577 - val_loss: 1.2474 - val_accuracy: 0.5205

Epoch 00073: val_loss did not improve from 1.22047
Epoch 74/100
18218/18218 - 15s - loss: 1.1539 - accuracy: 0.5598 - val_loss: 1.2253 - val_accuracy: 0.5291

Epoch 00074: val_loss did not improve from 1.22047
Epoch 75/100
18218/18218 - 15s - loss: 1.1532 - accuracy: 0.5601 - val_loss: 1.2182 - val_accuracy: 0.5329

Epoch 00075: val_loss improved from 1.22047 to 1.21825, saving model to ./results/CNN_trial_7/cp.ckpt
Epoch 76/100
18218/18218 - 15s - loss: 1.1553 - accuracy: 0.5591 - val_loss: 1.2364 - val_accuracy: 0.5309

Epoch 00076: val_loss did not improve from 1.21825
Epoch 77/100
18218/18218 - 15s - loss: 1.1538 - accuracy: 0.5589 - val_loss: 1.2239 - val_accuracy: 0.5293

Epoch 00077: val_loss did not improve from 1.21825
Epoch 78/100
18218/18218 - 15s - loss: 1.1536 - accuracy: 0.5598 - val_loss: 1.2196 - val_accuracy: 0.5304

Epoch 00078: val_loss did not improve from 1.21825
Epoch 79/100
18218/18218 - 15s - loss: 1.1535 - accuracy: 0.5579 - val_loss: 1.2241 - val_accuracy: 0.5230

Epoch 00079: val_loss did not improve from 1.21825
Epoch 80/100
18218/18218 - 15s - loss: 1.1522 - accuracy: 0.5603 - val_loss: 1.2223 - val_accuracy: 0.5305

Epoch 00080: val_loss did not improve from 1.21825
Epoch 81/100
18218/18218 - 15s - loss: 1.1534 - accuracy: 0.5582 - val_loss: 1.2379 - val_accuracy: 0.5287

Epoch 00081: val_loss did not improve from 1.21825
Epoch 82/100
18218/18218 - 15s - loss: 1.1522 - accuracy: 0.5595 - val_loss: 1.2242 - val_accuracy: 0.5304

Epoch 00082: val_loss did not improve from 1.21825
Epoch 83/100
18218/18218 - 15s - loss: 1.1511 - accuracy: 0.5604 - val_loss: 1.2460 - val_accuracy: 0.5245

Epoch 00083: val_loss did not improve from 1.21825
Epoch 84/100
18218/18218 - 15s - loss: 1.1504 - accuracy: 0.5610 - val_loss: 1.2273 - val_accuracy: 0.5291

Epoch 00084: val_loss did not improve from 1.21825
Epoch 85/100
18218/18218 - 16s - loss: 1.1516 - accuracy: 0.5603 - val_loss: 1.2366 - val_accuracy: 0.5275

Epoch 00085: val_loss did not improve from 1.21825
Epoch 86/100
18218/18218 - 15s - loss: 1.1499 - accuracy: 0.5613 - val_loss: 1.2410 - val_accuracy: 0.5175

Epoch 00086: val_loss did not improve from 1.21825
Epoch 87/100
18218/18218 - 15s - loss: 1.1504 - accuracy: 0.5596 - val_loss: 1.2244 - val_accuracy: 0.5296

Epoch 00087: val_loss did not improve from 1.21825
Epoch 88/100
18218/18218 - 15s - loss: 1.1507 - accuracy: 0.5608 - val_loss: 1.2384 - val_accuracy: 0.5215

Epoch 00088: val_loss did not improve from 1.21825
Epoch 89/100
18218/18218 - 15s - loss: 1.1493 - accuracy: 0.5612 - val_loss: 1.2368 - val_accuracy: 0.5250

Epoch 00089: val_loss did not improve from 1.21825
Epoch 90/100
18218/18218 - 15s - loss: 1.1495 - accuracy: 0.5620 - val_loss: 1.2420 - val_accuracy: 0.5180

Epoch 00090: val_loss did not improve from 1.21825
Epoch 91/100
18218/18218 - 15s - loss: 1.1483 - accuracy: 0.5616 - val_loss: 1.2318 - val_accuracy: 0.5245

Epoch 00091: val_loss did not improve from 1.21825
Epoch 92/100
18218/18218 - 15s - loss: 1.1478 - accuracy: 0.5604 - val_loss: 1.2394 - val_accuracy: 0.5166

Epoch 00092: val_loss did not improve from 1.21825
Epoch 93/100
18218/18218 - 15s - loss: 1.1478 - accuracy: 0.5624 - val_loss: 1.2438 - val_accuracy: 0.5263

Epoch 00093: val_loss did not improve from 1.21825
Epoch 94/100
18218/18218 - 15s - loss: 1.1474 - accuracy: 0.5633 - val_loss: 1.2557 - val_accuracy: 0.5185

Epoch 00094: val_loss did not improve from 1.21825
Epoch 95/100
18218/18218 - 15s - loss: 1.1471 - accuracy: 0.5614 - val_loss: 1.2138 - val_accuracy: 0.5349

Epoch 00095: val_loss improved from 1.21825 to 1.21381, saving model to ./results/CNN_trial_7/cp.ckpt
Epoch 96/100
18218/18218 - 15s - loss: 1.1472 - accuracy: 0.5619 - val_loss: 1.2357 - val_accuracy: 0.5190

Epoch 00096: val_loss did not improve from 1.21381
Epoch 97/100
18218/18218 - 15s - loss: 1.1466 - accuracy: 0.5609 - val_loss: 1.2274 - val_accuracy: 0.5229

Epoch 00097: val_loss did not improve from 1.21381
Epoch 98/100
18218/18218 - 15s - loss: 1.1467 - accuracy: 0.5617 - val_loss: 1.2317 - val_accuracy: 0.5199

Epoch 00098: val_loss did not improve from 1.21381
Epoch 99/100
18218/18218 - 14s - loss: 1.1470 - accuracy: 0.5616 - val_loss: 1.2275 - val_accuracy: 0.5263

Epoch 00099: val_loss did not improve from 1.21381
Epoch 100/100
18218/18218 - 15s - loss: 1.1463 - accuracy: 0.5630 - val_loss: 1.2232 - val_accuracy: 0.5321

Epoch 00100: val_loss did not improve from 1.21381
