Before oversampling: Counter({92.0: 7628, 100.0: 7624, 91.0: 7615, 0.0: 7615, 60.0: 7609, 10.0: 7595, 70.0: 7583, 1.0: 7580, 2.0: 7577, 20.0: 7519, 40.0: 7516, 50.0: 7476, 30.0: 7448, 90.0: 7439, 80.0: 7188})
After oversampling: Counter({100.0: 7628, 92.0: 7628, 91.0: 7628, 90.0: 7628, 20.0: 7628, 1.0: 7628, 80.0: 7628, 70.0: 7628, 0.0: 7628, 50.0: 7628, 30.0: 7628, 10.0: 7628, 40.0: 7628, 2.0: 7628, 60.0: 7628})
Model: "sequential"
_________________________________________________________________
Layer (type)                 Output Shape              Param #   
=================================================================
dense (Dense)                (None, 10)                60        
_________________________________________________________________
dense_1 (Dense)              (None, 15)                165       
=================================================================
Total params: 225
Trainable params: 225
Non-trainable params: 0
_________________________________________________________________
Epoch 1/100
11442/11442 - 4s - loss: 2.0594 - accuracy: 0.3223 - val_loss: 2.2888 - val_accuracy: 0.2821

Epoch 00001: val_loss improved from inf to 2.28878, saving model to ./results/NN_metadata_3/cp.ckpt
Epoch 2/100
11442/11442 - 4s - loss: 1.8978 - accuracy: 0.4031 - val_loss: 2.3051 - val_accuracy: 0.2796

Epoch 00002: val_loss did not improve from 2.28878
Epoch 3/100
11442/11442 - 4s - loss: 1.8398 - accuracy: 0.4133 - val_loss: 2.3035 - val_accuracy: 0.2889

Epoch 00003: val_loss did not improve from 2.28878
Epoch 4/100
11442/11442 - 4s - loss: 1.7858 - accuracy: 0.4194 - val_loss: 2.3458 - val_accuracy: 0.2965

Epoch 00004: val_loss did not improve from 2.28878
Epoch 5/100
11442/11442 - 4s - loss: 1.7432 - accuracy: 0.4303 - val_loss: 2.3275 - val_accuracy: 0.3039

Epoch 00005: val_loss did not improve from 2.28878
Epoch 6/100
11442/11442 - 4s - loss: 1.7134 - accuracy: 0.4357 - val_loss: 2.2900 - val_accuracy: 0.3041

Epoch 00006: val_loss did not improve from 2.28878
Epoch 7/100
11442/11442 - 4s - loss: 1.6918 - accuracy: 0.4389 - val_loss: 2.3168 - val_accuracy: 0.3075

Epoch 00007: val_loss did not improve from 2.28878
Epoch 8/100
11442/11442 - 4s - loss: 1.6742 - accuracy: 0.4425 - val_loss: 2.3485 - val_accuracy: 0.2916

Epoch 00008: val_loss did not improve from 2.28878
Epoch 9/100
11442/11442 - 4s - loss: 1.6592 - accuracy: 0.4437 - val_loss: 2.3561 - val_accuracy: 0.3066

Epoch 00009: val_loss did not improve from 2.28878
Epoch 10/100
11442/11442 - 4s - loss: 1.6475 - accuracy: 0.4455 - val_loss: 2.3586 - val_accuracy: 0.3004

Epoch 00010: val_loss did not improve from 2.28878
Epoch 11/100
11442/11442 - 4s - loss: 1.6373 - accuracy: 0.4461 - val_loss: 2.3120 - val_accuracy: 0.3065

Epoch 00011: val_loss did not improve from 2.28878
Epoch 12/100
11442/11442 - 4s - loss: 1.6277 - accuracy: 0.4484 - val_loss: 2.2935 - val_accuracy: 0.3096

Epoch 00012: val_loss did not improve from 2.28878
Epoch 13/100
11442/11442 - 4s - loss: 1.6188 - accuracy: 0.4508 - val_loss: 2.3192 - val_accuracy: 0.3128

Epoch 00013: val_loss did not improve from 2.28878
Epoch 14/100
11442/11442 - 4s - loss: 1.6106 - accuracy: 0.4504 - val_loss: 2.3563 - val_accuracy: 0.3082

Epoch 00014: val_loss did not improve from 2.28878
Epoch 15/100
11442/11442 - 4s - loss: 1.6029 - accuracy: 0.4512 - val_loss: 2.3484 - val_accuracy: 0.2989

Epoch 00015: val_loss did not improve from 2.28878
Epoch 16/100
11442/11442 - 4s - loss: 1.5958 - accuracy: 0.4536 - val_loss: 2.3484 - val_accuracy: 0.3023

Epoch 00016: val_loss did not improve from 2.28878
Epoch 17/100
11442/11442 - 4s - loss: 1.5876 - accuracy: 0.4573 - val_loss: 2.3455 - val_accuracy: 0.3085

Epoch 00017: val_loss did not improve from 2.28878
Epoch 18/100
11442/11442 - 4s - loss: 1.5792 - accuracy: 0.4577 - val_loss: 2.3218 - val_accuracy: 0.3141

Epoch 00018: val_loss did not improve from 2.28878
Epoch 19/100
11442/11442 - 4s - loss: 1.5707 - accuracy: 0.4593 - val_loss: 2.3687 - val_accuracy: 0.2961

Epoch 00019: val_loss did not improve from 2.28878
Epoch 20/100
11442/11442 - 4s - loss: 1.5580 - accuracy: 0.4651 - val_loss: 2.3772 - val_accuracy: 0.2975

Epoch 00020: val_loss did not improve from 2.28878
Epoch 21/100
11442/11442 - 4s - loss: 1.5414 - accuracy: 0.4694 - val_loss: 2.3646 - val_accuracy: 0.3100

Epoch 00021: val_loss did not improve from 2.28878
Epoch 22/100
11442/11442 - 4s - loss: 1.5303 - accuracy: 0.4721 - val_loss: 2.4808 - val_accuracy: 0.3110

Epoch 00022: val_loss did not improve from 2.28878
Epoch 23/100
11442/11442 - 4s - loss: 1.5219 - accuracy: 0.4732 - val_loss: 2.4737 - val_accuracy: 0.3141

Epoch 00023: val_loss did not improve from 2.28878
Epoch 24/100
11442/11442 - 4s - loss: 1.5155 - accuracy: 0.4747 - val_loss: 2.5355 - val_accuracy: 0.3063

Epoch 00024: val_loss did not improve from 2.28878
Epoch 25/100
11442/11442 - 4s - loss: 1.5098 - accuracy: 0.4760 - val_loss: 2.5445 - val_accuracy: 0.3141

Epoch 00025: val_loss did not improve from 2.28878
Epoch 26/100
11442/11442 - 4s - loss: 1.5047 - accuracy: 0.4764 - val_loss: 2.5610 - val_accuracy: 0.3205

Epoch 00026: val_loss did not improve from 2.28878
Epoch 27/100
11442/11442 - 4s - loss: 1.4994 - accuracy: 0.4778 - val_loss: 2.6441 - val_accuracy: 0.3143

Epoch 00027: val_loss did not improve from 2.28878
Epoch 28/100
11442/11442 - 4s - loss: 1.4959 - accuracy: 0.4799 - val_loss: 2.6063 - val_accuracy: 0.3155

Epoch 00028: val_loss did not improve from 2.28878
Epoch 29/100
11442/11442 - 4s - loss: 1.4913 - accuracy: 0.4794 - val_loss: 2.7321 - val_accuracy: 0.3048

Epoch 00029: val_loss did not improve from 2.28878
Epoch 30/100
11442/11442 - 4s - loss: 1.4884 - accuracy: 0.4806 - val_loss: 2.6738 - val_accuracy: 0.3199

Epoch 00030: val_loss did not improve from 2.28878
Epoch 31/100
11442/11442 - 4s - loss: 1.4844 - accuracy: 0.4816 - val_loss: 2.7174 - val_accuracy: 0.3175

Epoch 00031: val_loss did not improve from 2.28878
Epoch 32/100
11442/11442 - 4s - loss: 1.4821 - accuracy: 0.4813 - val_loss: 2.7282 - val_accuracy: 0.3137

Epoch 00032: val_loss did not improve from 2.28878
Epoch 33/100
11442/11442 - 4s - loss: 1.4784 - accuracy: 0.4836 - val_loss: 2.8278 - val_accuracy: 0.3067

Epoch 00033: val_loss did not improve from 2.28878
Epoch 34/100
11442/11442 - 4s - loss: 1.4757 - accuracy: 0.4849 - val_loss: 2.8051 - val_accuracy: 0.3281

Epoch 00034: val_loss did not improve from 2.28878
Epoch 35/100
11442/11442 - 4s - loss: 1.4730 - accuracy: 0.4844 - val_loss: 2.7698 - val_accuracy: 0.3177

Epoch 00035: val_loss did not improve from 2.28878
Epoch 36/100
11442/11442 - 4s - loss: 1.4705 - accuracy: 0.4864 - val_loss: 2.7932 - val_accuracy: 0.3183

Epoch 00036: val_loss did not improve from 2.28878
Epoch 37/100
11442/11442 - 4s - loss: 1.4681 - accuracy: 0.4866 - val_loss: 2.7980 - val_accuracy: 0.3148

Epoch 00037: val_loss did not improve from 2.28878
Epoch 38/100
11442/11442 - 4s - loss: 1.4651 - accuracy: 0.4872 - val_loss: 2.8680 - val_accuracy: 0.3080

Epoch 00038: val_loss did not improve from 2.28878
Epoch 39/100
11442/11442 - 4s - loss: 1.4631 - accuracy: 0.4882 - val_loss: 2.8500 - val_accuracy: 0.3153

Epoch 00039: val_loss did not improve from 2.28878
Epoch 40/100
11442/11442 - 4s - loss: 1.4609 - accuracy: 0.4874 - val_loss: 2.8926 - val_accuracy: 0.3151

Epoch 00040: val_loss did not improve from 2.28878
Epoch 41/100
11442/11442 - 4s - loss: 1.4590 - accuracy: 0.4896 - val_loss: 2.8365 - val_accuracy: 0.3220

Epoch 00041: val_loss did not improve from 2.28878
Epoch 42/100
11442/11442 - 4s - loss: 1.4573 - accuracy: 0.4877 - val_loss: 2.8928 - val_accuracy: 0.3162

Epoch 00042: val_loss did not improve from 2.28878
Epoch 43/100
11442/11442 - 4s - loss: 1.4552 - accuracy: 0.4910 - val_loss: 2.9320 - val_accuracy: 0.3154

Epoch 00043: val_loss did not improve from 2.28878
Epoch 44/100
11442/11442 - 4s - loss: 1.4535 - accuracy: 0.4906 - val_loss: 2.9204 - val_accuracy: 0.3218

Epoch 00044: val_loss did not improve from 2.28878
Epoch 45/100
11442/11442 - 4s - loss: 1.4515 - accuracy: 0.4908 - val_loss: 2.9036 - val_accuracy: 0.3191

Epoch 00045: val_loss did not improve from 2.28878
Epoch 46/100
11442/11442 - 4s - loss: 1.4501 - accuracy: 0.4923 - val_loss: 2.9442 - val_accuracy: 0.3185

Epoch 00046: val_loss did not improve from 2.28878
Epoch 47/100
11442/11442 - 4s - loss: 1.4479 - accuracy: 0.4920 - val_loss: 2.9408 - val_accuracy: 0.3182

Epoch 00047: val_loss did not improve from 2.28878
Epoch 48/100
11442/11442 - 4s - loss: 1.4460 - accuracy: 0.4950 - val_loss: 2.9339 - val_accuracy: 0.3189

Epoch 00048: val_loss did not improve from 2.28878
Epoch 49/100
11442/11442 - 4s - loss: 1.4447 - accuracy: 0.4943 - val_loss: 2.9887 - val_accuracy: 0.3217

Epoch 00049: val_loss did not improve from 2.28878
Epoch 50/100
11442/11442 - 4s - loss: 1.4429 - accuracy: 0.4939 - val_loss: 2.9920 - val_accuracy: 0.3253

Epoch 00050: val_loss did not improve from 2.28878
Epoch 51/100
11442/11442 - 4s - loss: 1.4412 - accuracy: 0.4955 - val_loss: 3.0407 - val_accuracy: 0.3167

Epoch 00051: val_loss did not improve from 2.28878
Epoch 52/100
11442/11442 - 4s - loss: 1.4401 - accuracy: 0.4966 - val_loss: 3.0788 - val_accuracy: 0.3180

Epoch 00052: val_loss did not improve from 2.28878
Epoch 53/100
11442/11442 - 4s - loss: 1.4386 - accuracy: 0.4977 - val_loss: 3.0128 - val_accuracy: 0.3135

Epoch 00053: val_loss did not improve from 2.28878
Epoch 54/100
11442/11442 - 4s - loss: 1.4370 - accuracy: 0.4964 - val_loss: 3.0075 - val_accuracy: 0.3179

Epoch 00054: val_loss did not improve from 2.28878
Epoch 55/100
11442/11442 - 4s - loss: 1.4357 - accuracy: 0.4972 - val_loss: 3.0478 - val_accuracy: 0.3174

Epoch 00055: val_loss did not improve from 2.28878
Epoch 56/100
11442/11442 - 4s - loss: 1.4338 - accuracy: 0.4995 - val_loss: 3.0563 - val_accuracy: 0.3225

Epoch 00056: val_loss did not improve from 2.28878
Epoch 57/100
11442/11442 - 4s - loss: 1.4325 - accuracy: 0.4999 - val_loss: 2.9836 - val_accuracy: 0.3279

Epoch 00057: val_loss did not improve from 2.28878
Epoch 58/100
11442/11442 - 4s - loss: 1.4312 - accuracy: 0.5006 - val_loss: 3.0288 - val_accuracy: 0.3156

Epoch 00058: val_loss did not improve from 2.28878
Epoch 59/100
11442/11442 - 4s - loss: 1.4300 - accuracy: 0.5012 - val_loss: 3.0890 - val_accuracy: 0.3244

Epoch 00059: val_loss did not improve from 2.28878
Epoch 60/100
11442/11442 - 4s - loss: 1.4288 - accuracy: 0.5016 - val_loss: 3.1156 - val_accuracy: 0.3046

Epoch 00060: val_loss did not improve from 2.28878
Epoch 61/100
11442/11442 - 4s - loss: 1.4275 - accuracy: 0.5011 - val_loss: 3.0348 - val_accuracy: 0.3254

Epoch 00061: val_loss did not improve from 2.28878
Epoch 62/100
11442/11442 - 4s - loss: 1.4262 - accuracy: 0.5042 - val_loss: 3.0994 - val_accuracy: 0.3202

Epoch 00062: val_loss did not improve from 2.28878
Epoch 63/100
11442/11442 - 4s - loss: 1.4246 - accuracy: 0.5022 - val_loss: 3.0767 - val_accuracy: 0.3080

Epoch 00063: val_loss did not improve from 2.28878
Epoch 64/100
11442/11442 - 4s - loss: 1.4238 - accuracy: 0.5034 - val_loss: 3.1334 - val_accuracy: 0.3177

Epoch 00064: val_loss did not improve from 2.28878
Epoch 65/100
11442/11442 - 4s - loss: 1.4224 - accuracy: 0.5053 - val_loss: 3.0747 - val_accuracy: 0.3286

Epoch 00065: val_loss did not improve from 2.28878
Epoch 66/100
11442/11442 - 4s - loss: 1.4214 - accuracy: 0.5060 - val_loss: 3.1697 - val_accuracy: 0.3206

Epoch 00066: val_loss did not improve from 2.28878
Epoch 67/100
11442/11442 - 4s - loss: 1.4201 - accuracy: 0.5047 - val_loss: 3.0533 - val_accuracy: 0.3102

Epoch 00067: val_loss did not improve from 2.28878
Epoch 68/100
11442/11442 - 4s - loss: 1.4191 - accuracy: 0.5075 - val_loss: 3.0887 - val_accuracy: 0.3196

Epoch 00068: val_loss did not improve from 2.28878
Epoch 69/100
11442/11442 - 4s - loss: 1.4180 - accuracy: 0.5077 - val_loss: 3.1406 - val_accuracy: 0.3063

Epoch 00069: val_loss did not improve from 2.28878
Epoch 70/100
11442/11442 - 4s - loss: 1.4170 - accuracy: 0.5073 - val_loss: 3.1732 - val_accuracy: 0.3142

Epoch 00070: val_loss did not improve from 2.28878
Epoch 71/100
11442/11442 - 4s - loss: 1.4159 - accuracy: 0.5077 - val_loss: 3.1051 - val_accuracy: 0.3158

Epoch 00071: val_loss did not improve from 2.28878
Epoch 72/100
11442/11442 - 4s - loss: 1.4145 - accuracy: 0.5078 - val_loss: 3.1304 - val_accuracy: 0.3087

Epoch 00072: val_loss did not improve from 2.28878
Epoch 73/100
11442/11442 - 4s - loss: 1.4134 - accuracy: 0.5081 - val_loss: 3.1277 - val_accuracy: 0.3260

Epoch 00073: val_loss did not improve from 2.28878
Epoch 74/100
11442/11442 - 4s - loss: 1.4123 - accuracy: 0.5097 - val_loss: 3.2246 - val_accuracy: 0.3167

Epoch 00074: val_loss did not improve from 2.28878
Epoch 75/100
11442/11442 - 4s - loss: 1.4113 - accuracy: 0.5088 - val_loss: 3.1283 - val_accuracy: 0.3097

Epoch 00075: val_loss did not improve from 2.28878
Epoch 76/100
11442/11442 - 4s - loss: 1.4105 - accuracy: 0.5096 - val_loss: 3.1776 - val_accuracy: 0.3176

Epoch 00076: val_loss did not improve from 2.28878
Epoch 77/100
11442/11442 - 4s - loss: 1.4092 - accuracy: 0.5116 - val_loss: 3.2142 - val_accuracy: 0.3140

Epoch 00077: val_loss did not improve from 2.28878
Epoch 78/100
11442/11442 - 4s - loss: 1.4087 - accuracy: 0.5095 - val_loss: 3.1590 - val_accuracy: 0.3232

Epoch 00078: val_loss did not improve from 2.28878
Epoch 79/100
11442/11442 - 4s - loss: 1.4078 - accuracy: 0.5120 - val_loss: 3.2174 - val_accuracy: 0.3202

Epoch 00079: val_loss did not improve from 2.28878
Epoch 80/100
11442/11442 - 4s - loss: 1.4065 - accuracy: 0.5122 - val_loss: 3.1826 - val_accuracy: 0.3186

Epoch 00080: val_loss did not improve from 2.28878
Epoch 81/100
11442/11442 - 4s - loss: 1.4054 - accuracy: 0.5129 - val_loss: 3.2409 - val_accuracy: 0.3132

Epoch 00081: val_loss did not improve from 2.28878
Epoch 82/100
11442/11442 - 4s - loss: 1.4053 - accuracy: 0.5139 - val_loss: 3.2090 - val_accuracy: 0.3231

Epoch 00082: val_loss did not improve from 2.28878
Epoch 83/100
11442/11442 - 4s - loss: 1.4041 - accuracy: 0.5130 - val_loss: 3.2298 - val_accuracy: 0.3181

Epoch 00083: val_loss did not improve from 2.28878
Epoch 84/100
11442/11442 - 4s - loss: 1.4033 - accuracy: 0.5153 - val_loss: 3.2528 - val_accuracy: 0.3222

Epoch 00084: val_loss did not improve from 2.28878
Epoch 85/100
11442/11442 - 4s - loss: 1.4019 - accuracy: 0.5164 - val_loss: 3.2710 - val_accuracy: 0.3224

Epoch 00085: val_loss did not improve from 2.28878
Epoch 86/100
11442/11442 - 4s - loss: 1.4003 - accuracy: 0.5161 - val_loss: 3.1921 - val_accuracy: 0.3158

Epoch 00086: val_loss did not improve from 2.28878
Epoch 87/100
11442/11442 - 4s - loss: 1.4002 - accuracy: 0.5170 - val_loss: 3.2187 - val_accuracy: 0.3241

Epoch 00087: val_loss did not improve from 2.28878
Epoch 88/100
11442/11442 - 4s - loss: 1.3990 - accuracy: 0.5170 - val_loss: 3.2748 - val_accuracy: 0.3213

Epoch 00088: val_loss did not improve from 2.28878
Epoch 89/100
11442/11442 - 4s - loss: 1.3976 - accuracy: 0.5171 - val_loss: 3.3170 - val_accuracy: 0.3108

Epoch 00089: val_loss did not improve from 2.28878
Epoch 90/100
11442/11442 - 4s - loss: 1.3976 - accuracy: 0.5171 - val_loss: 3.3173 - val_accuracy: 0.3024

Epoch 00090: val_loss did not improve from 2.28878
Epoch 91/100
11442/11442 - 4s - loss: 1.3963 - accuracy: 0.5172 - val_loss: 3.3096 - val_accuracy: 0.3150

Epoch 00091: val_loss did not improve from 2.28878
Epoch 92/100
11442/11442 - 4s - loss: 1.3956 - accuracy: 0.5180 - val_loss: 3.2839 - val_accuracy: 0.3224

Epoch 00092: val_loss did not improve from 2.28878
Epoch 93/100
11442/11442 - 4s - loss: 1.3953 - accuracy: 0.5189 - val_loss: 3.3162 - val_accuracy: 0.3167

Epoch 00093: val_loss did not improve from 2.28878
Epoch 94/100
11442/11442 - 4s - loss: 1.3940 - accuracy: 0.5202 - val_loss: 3.3140 - val_accuracy: 0.3144

Epoch 00094: val_loss did not improve from 2.28878
Epoch 95/100
11442/11442 - 4s - loss: 1.3939 - accuracy: 0.5211 - val_loss: 3.2962 - val_accuracy: 0.3169

Epoch 00095: val_loss did not improve from 2.28878
Epoch 96/100
11442/11442 - 4s - loss: 1.3925 - accuracy: 0.5203 - val_loss: 3.3377 - val_accuracy: 0.3138

Epoch 00096: val_loss did not improve from 2.28878
Epoch 97/100
11442/11442 - 4s - loss: 1.3919 - accuracy: 0.5219 - val_loss: 3.2951 - val_accuracy: 0.3116

Epoch 00097: val_loss did not improve from 2.28878
Epoch 98/100
11442/11442 - 4s - loss: 1.3915 - accuracy: 0.5207 - val_loss: 3.3426 - val_accuracy: 0.3147

Epoch 00098: val_loss did not improve from 2.28878
Epoch 99/100
11442/11442 - 4s - loss: 1.3904 - accuracy: 0.5217 - val_loss: 3.3017 - val_accuracy: 0.3112

Epoch 00099: val_loss did not improve from 2.28878
Epoch 100/100
11442/11442 - 4s - loss: 1.3895 - accuracy: 0.5195 - val_loss: 3.3391 - val_accuracy: 0.3184

Epoch 00100: val_loss did not improve from 2.28878
