Before oversampling: Counter({92.0: 7628, 100.0: 7624, 91.0: 7615, 0.0: 7615, 60.0: 7609, 10.0: 7595, 70.0: 7583, 1.0: 7580, 2.0: 7577, 20.0: 7519, 40.0: 7516, 50.0: 7476, 30.0: 7448, 90.0: 7439, 80.0: 7188})
After oversampling: Counter({100.0: 7628, 92.0: 7628, 91.0: 7628, 90.0: 7628, 20.0: 7628, 1.0: 7628, 80.0: 7628, 70.0: 7628, 0.0: 7628, 50.0: 7628, 30.0: 7628, 10.0: 7628, 40.0: 7628, 2.0: 7628, 60.0: 7628})
Model: "model"
__________________________________________________________________________________________________
Layer (type)                    Output Shape         Param #     Connected to                     
==================================================================================================
conv (InputLayer)               [(None, 23, 1)]      0                                            
__________________________________________________________________________________________________
conv1d (Conv1D)                 (None, 23, 64)       384         conv[0][0]                       
__________________________________________________________________________________________________
conv1d_1 (Conv1D)               (None, 23, 64)       20544       conv1d[0][0]                     
__________________________________________________________________________________________________
cat (InputLayer)                [(None, 5)]          0                                            
__________________________________________________________________________________________________
conv1d_2 (Conv1D)               (None, 23, 64)       20544       conv1d_1[0][0]                   
__________________________________________________________________________________________________
dense (Dense)                   (None, 10)           60          cat[0][0]                        
__________________________________________________________________________________________________
flatten (Flatten)               (None, 1472)         0           conv1d_2[0][0]                   
__________________________________________________________________________________________________
concatenate (Concatenate)       (None, 1482)         0           dense[0][0]                      
                                                                 flatten[0][0]                    
__________________________________________________________________________________________________
dense_1 (Dense)                 (None, 23)           34109       concatenate[0][0]                
__________________________________________________________________________________________________
dense_2 (Dense)                 (None, 15)           360         dense_1[0][0]                    
==================================================================================================
Total params: 76,001
Trainable params: 76,001
Non-trainable params: 0
__________________________________________________________________________________________________
Epoch 1/100
11442/11442 - 11s - loss: 1.8249 - accuracy: 0.3719 - val_loss: 2.1679 - val_accuracy: 0.2989

Epoch 00001: val_loss improved from inf to 2.16791, saving model to ./results/CNN_GLCM_C15_cat/cp.ckpt
Epoch 2/100
11442/11442 - 11s - loss: 1.4921 - accuracy: 0.4897 - val_loss: 2.1682 - val_accuracy: 0.3190

Epoch 00002: val_loss did not improve from 2.16791
Epoch 3/100
11442/11442 - 11s - loss: 1.3890 - accuracy: 0.5228 - val_loss: 2.2488 - val_accuracy: 0.3236

Epoch 00003: val_loss did not improve from 2.16791
Epoch 4/100
11442/11442 - 11s - loss: 1.3161 - accuracy: 0.5454 - val_loss: 2.2798 - val_accuracy: 0.3246

Epoch 00004: val_loss did not improve from 2.16791
Epoch 5/100
11442/11442 - 11s - loss: 1.2584 - accuracy: 0.5643 - val_loss: 2.4546 - val_accuracy: 0.3385

Epoch 00005: val_loss did not improve from 2.16791
Epoch 6/100
11442/11442 - 11s - loss: 1.2106 - accuracy: 0.5799 - val_loss: 2.3368 - val_accuracy: 0.3679

Epoch 00006: val_loss did not improve from 2.16791
Epoch 7/100
11442/11442 - 11s - loss: 1.1763 - accuracy: 0.5915 - val_loss: 2.5778 - val_accuracy: 0.3504

Epoch 00007: val_loss did not improve from 2.16791
Epoch 8/100
11442/11442 - 11s - loss: 1.1529 - accuracy: 0.5971 - val_loss: 2.6460 - val_accuracy: 0.3347

Epoch 00008: val_loss did not improve from 2.16791
Epoch 9/100
11442/11442 - 11s - loss: 1.1298 - accuracy: 0.6070 - val_loss: 2.7874 - val_accuracy: 0.3399

Epoch 00009: val_loss did not improve from 2.16791
Epoch 10/100
11442/11442 - 11s - loss: 1.1099 - accuracy: 0.6157 - val_loss: 2.8326 - val_accuracy: 0.3493

Epoch 00010: val_loss did not improve from 2.16791
Epoch 11/100
11442/11442 - 11s - loss: 1.0951 - accuracy: 0.6189 - val_loss: 2.9561 - val_accuracy: 0.3486

Epoch 00011: val_loss did not improve from 2.16791
Epoch 12/100
11442/11442 - 11s - loss: 1.0799 - accuracy: 0.6239 - val_loss: 2.9924 - val_accuracy: 0.3390

Epoch 00012: val_loss did not improve from 2.16791
Epoch 13/100
11442/11442 - 11s - loss: 1.0685 - accuracy: 0.6266 - val_loss: 2.9796 - val_accuracy: 0.3474

Epoch 00013: val_loss did not improve from 2.16791
Epoch 14/100
11442/11442 - 11s - loss: 1.0556 - accuracy: 0.6325 - val_loss: 3.2001 - val_accuracy: 0.3386

Epoch 00014: val_loss did not improve from 2.16791
Epoch 15/100
11442/11442 - 11s - loss: 1.0440 - accuracy: 0.6366 - val_loss: 3.2819 - val_accuracy: 0.3325

Epoch 00015: val_loss did not improve from 2.16791
Epoch 16/100
11442/11442 - 11s - loss: 1.0385 - accuracy: 0.6395 - val_loss: 3.1692 - val_accuracy: 0.3466

Epoch 00016: val_loss did not improve from 2.16791
Epoch 17/100
11442/11442 - 11s - loss: 1.0258 - accuracy: 0.6425 - val_loss: 3.3902 - val_accuracy: 0.3154

Epoch 00017: val_loss did not improve from 2.16791
Epoch 18/100
11442/11442 - 11s - loss: 1.0174 - accuracy: 0.6460 - val_loss: 3.3394 - val_accuracy: 0.3406

Epoch 00018: val_loss did not improve from 2.16791
Epoch 19/100
11442/11442 - 11s - loss: 1.0097 - accuracy: 0.6474 - val_loss: 3.3875 - val_accuracy: 0.3576

Epoch 00019: val_loss did not improve from 2.16791
Epoch 20/100
11442/11442 - 11s - loss: 0.9998 - accuracy: 0.6507 - val_loss: 3.6129 - val_accuracy: 0.3270

Epoch 00020: val_loss did not improve from 2.16791
Epoch 21/100
11442/11442 - 11s - loss: 0.9945 - accuracy: 0.6536 - val_loss: 3.5592 - val_accuracy: 0.3331

Epoch 00021: val_loss did not improve from 2.16791
Epoch 22/100
11442/11442 - 11s - loss: 0.9887 - accuracy: 0.6564 - val_loss: 3.5549 - val_accuracy: 0.3297

Epoch 00022: val_loss did not improve from 2.16791
Epoch 23/100
11442/11442 - 11s - loss: 0.9815 - accuracy: 0.6575 - val_loss: 3.7667 - val_accuracy: 0.3153

Epoch 00023: val_loss did not improve from 2.16791
Epoch 24/100
11442/11442 - 11s - loss: 0.9796 - accuracy: 0.6583 - val_loss: 3.5075 - val_accuracy: 0.3439

Epoch 00024: val_loss did not improve from 2.16791
Epoch 25/100
11442/11442 - 11s - loss: 0.9762 - accuracy: 0.6606 - val_loss: 3.7092 - val_accuracy: 0.3231

Epoch 00025: val_loss did not improve from 2.16791
Epoch 26/100
11442/11442 - 11s - loss: 0.9688 - accuracy: 0.6615 - val_loss: 3.6671 - val_accuracy: 0.3363

Epoch 00026: val_loss did not improve from 2.16791
Epoch 27/100
11442/11442 - 11s - loss: 0.9646 - accuracy: 0.6630 - val_loss: 3.7332 - val_accuracy: 0.3384

Epoch 00027: val_loss did not improve from 2.16791
Epoch 28/100
11442/11442 - 11s - loss: 0.9605 - accuracy: 0.6659 - val_loss: 3.9912 - val_accuracy: 0.3235

Epoch 00028: val_loss did not improve from 2.16791
Epoch 29/100
11442/11442 - 11s - loss: 0.9573 - accuracy: 0.6683 - val_loss: 3.9196 - val_accuracy: 0.3235

Epoch 00029: val_loss did not improve from 2.16791
Epoch 30/100
11442/11442 - 11s - loss: 0.9550 - accuracy: 0.6686 - val_loss: 3.9160 - val_accuracy: 0.3157

Epoch 00030: val_loss did not improve from 2.16791
Epoch 31/100
11442/11442 - 11s - loss: 0.9509 - accuracy: 0.6700 - val_loss: 3.8849 - val_accuracy: 0.3373

Epoch 00031: val_loss did not improve from 2.16791
Epoch 32/100
11442/11442 - 11s - loss: 0.9478 - accuracy: 0.6740 - val_loss: 3.9713 - val_accuracy: 0.3168

Epoch 00032: val_loss did not improve from 2.16791
Epoch 33/100
11442/11442 - 11s - loss: 0.9443 - accuracy: 0.6723 - val_loss: 3.8382 - val_accuracy: 0.3293

Epoch 00033: val_loss did not improve from 2.16791
Epoch 34/100
11442/11442 - 11s - loss: 0.9431 - accuracy: 0.6736 - val_loss: 4.0667 - val_accuracy: 0.3135

Epoch 00034: val_loss did not improve from 2.16791
Epoch 35/100
11442/11442 - 11s - loss: 0.9399 - accuracy: 0.6745 - val_loss: 3.8743 - val_accuracy: 0.3267

Epoch 00035: val_loss did not improve from 2.16791
Epoch 36/100
11442/11442 - 11s - loss: 0.9368 - accuracy: 0.6744 - val_loss: 4.0151 - val_accuracy: 0.3229

Epoch 00036: val_loss did not improve from 2.16791
Epoch 37/100
11442/11442 - 11s - loss: 0.9347 - accuracy: 0.6749 - val_loss: 4.0095 - val_accuracy: 0.3300

Epoch 00037: val_loss did not improve from 2.16791
Epoch 38/100
11442/11442 - 11s - loss: 0.9358 - accuracy: 0.6750 - val_loss: 4.1978 - val_accuracy: 0.3143

Epoch 00038: val_loss did not improve from 2.16791
Epoch 39/100
11442/11442 - 11s - loss: 0.9329 - accuracy: 0.6780 - val_loss: 4.0351 - val_accuracy: 0.3060

Epoch 00039: val_loss did not improve from 2.16791
Epoch 40/100
11442/11442 - 11s - loss: 0.9307 - accuracy: 0.6780 - val_loss: 4.1030 - val_accuracy: 0.3049

Epoch 00040: val_loss did not improve from 2.16791
Epoch 41/100
11442/11442 - 11s - loss: 0.9281 - accuracy: 0.6790 - val_loss: 4.2153 - val_accuracy: 0.3251

Epoch 00041: val_loss did not improve from 2.16791
Epoch 42/100
11442/11442 - 11s - loss: 0.9264 - accuracy: 0.6797 - val_loss: 4.4185 - val_accuracy: 0.3167

Epoch 00042: val_loss did not improve from 2.16791
Epoch 43/100
11442/11442 - 11s - loss: 0.9251 - accuracy: 0.6822 - val_loss: 4.1027 - val_accuracy: 0.3191

Epoch 00043: val_loss did not improve from 2.16791
Epoch 44/100
11442/11442 - 11s - loss: 0.9233 - accuracy: 0.6833 - val_loss: 4.2254 - val_accuracy: 0.3162

Epoch 00044: val_loss did not improve from 2.16791
Epoch 45/100
11442/11442 - 11s - loss: 0.9242 - accuracy: 0.6809 - val_loss: 4.0814 - val_accuracy: 0.3243

Epoch 00045: val_loss did not improve from 2.16791
Epoch 46/100
11442/11442 - 11s - loss: 0.9195 - accuracy: 0.6840 - val_loss: 4.3248 - val_accuracy: 0.3167

Epoch 00046: val_loss did not improve from 2.16791
Epoch 47/100
11442/11442 - 11s - loss: 0.9211 - accuracy: 0.6828 - val_loss: 4.2257 - val_accuracy: 0.3201

Epoch 00047: val_loss did not improve from 2.16791
Epoch 48/100
11442/11442 - 11s - loss: 0.9198 - accuracy: 0.6815 - val_loss: 4.0126 - val_accuracy: 0.3182

Epoch 00048: val_loss did not improve from 2.16791
Epoch 49/100
11442/11442 - 11s - loss: 0.9168 - accuracy: 0.6840 - val_loss: 3.9575 - val_accuracy: 0.3363

Epoch 00049: val_loss did not improve from 2.16791
Epoch 50/100
11442/11442 - 11s - loss: 0.9154 - accuracy: 0.6843 - val_loss: 4.1697 - val_accuracy: 0.3277

Epoch 00050: val_loss did not improve from 2.16791
Epoch 51/100
11442/11442 - 11s - loss: 0.9140 - accuracy: 0.6835 - val_loss: 4.2828 - val_accuracy: 0.3046

Epoch 00051: val_loss did not improve from 2.16791
Epoch 52/100
11442/11442 - 11s - loss: 0.9163 - accuracy: 0.6855 - val_loss: 4.0788 - val_accuracy: 0.3257

Epoch 00052: val_loss did not improve from 2.16791
Epoch 53/100
11442/11442 - 11s - loss: 0.9134 - accuracy: 0.6836 - val_loss: 4.0173 - val_accuracy: 0.3168

Epoch 00053: val_loss did not improve from 2.16791
Epoch 54/100
11442/11442 - 11s - loss: 0.9135 - accuracy: 0.6837 - val_loss: 4.2166 - val_accuracy: 0.3214

Epoch 00054: val_loss did not improve from 2.16791
Epoch 55/100
11442/11442 - 11s - loss: 0.9114 - accuracy: 0.6840 - val_loss: 4.1327 - val_accuracy: 0.3211

Epoch 00055: val_loss did not improve from 2.16791
Epoch 56/100
11442/11442 - 11s - loss: 0.9139 - accuracy: 0.6841 - val_loss: 4.0029 - val_accuracy: 0.3248

Epoch 00056: val_loss did not improve from 2.16791
Epoch 57/100
11442/11442 - 11s - loss: 0.9120 - accuracy: 0.6826 - val_loss: 4.1120 - val_accuracy: 0.3248

Epoch 00057: val_loss did not improve from 2.16791
Epoch 58/100
11442/11442 - 11s - loss: 0.9104 - accuracy: 0.6842 - val_loss: 4.2079 - val_accuracy: 0.3040

Epoch 00058: val_loss did not improve from 2.16791
Epoch 59/100
11442/11442 - 11s - loss: 0.9103 - accuracy: 0.6850 - val_loss: 4.2173 - val_accuracy: 0.3113

Epoch 00059: val_loss did not improve from 2.16791
Epoch 60/100
11442/11442 - 11s - loss: 0.9070 - accuracy: 0.6860 - val_loss: 4.1371 - val_accuracy: 0.3108

Epoch 00060: val_loss did not improve from 2.16791
Epoch 61/100
11442/11442 - 11s - loss: 0.9053 - accuracy: 0.6847 - val_loss: 4.3266 - val_accuracy: 0.3160

Epoch 00061: val_loss did not improve from 2.16791
Epoch 62/100
11442/11442 - 11s - loss: 0.9076 - accuracy: 0.6869 - val_loss: 4.2009 - val_accuracy: 0.3194

Epoch 00062: val_loss did not improve from 2.16791
Epoch 63/100
11442/11442 - 11s - loss: 0.9065 - accuracy: 0.6863 - val_loss: 4.3679 - val_accuracy: 0.3155

Epoch 00063: val_loss did not improve from 2.16791
Epoch 64/100
11442/11442 - 11s - loss: 0.9035 - accuracy: 0.6862 - val_loss: 4.3141 - val_accuracy: 0.3323

Epoch 00064: val_loss did not improve from 2.16791
Epoch 65/100
11442/11442 - 11s - loss: 0.9049 - accuracy: 0.6861 - val_loss: 4.3280 - val_accuracy: 0.3275

Epoch 00065: val_loss did not improve from 2.16791
Epoch 66/100
11442/11442 - 11s - loss: 0.9017 - accuracy: 0.6862 - val_loss: 4.0715 - val_accuracy: 0.3292

Epoch 00066: val_loss did not improve from 2.16791
Epoch 67/100
11442/11442 - 11s - loss: 0.9032 - accuracy: 0.6887 - val_loss: 4.4587 - val_accuracy: 0.3199

Epoch 00067: val_loss did not improve from 2.16791
Epoch 68/100
11442/11442 - 11s - loss: 0.9041 - accuracy: 0.6865 - val_loss: 4.1339 - val_accuracy: 0.3232

Epoch 00068: val_loss did not improve from 2.16791
Epoch 69/100
11442/11442 - 11s - loss: 0.9036 - accuracy: 0.6870 - val_loss: 4.3062 - val_accuracy: 0.3166

Epoch 00069: val_loss did not improve from 2.16791
Epoch 70/100
11442/11442 - 11s - loss: 0.8989 - accuracy: 0.6885 - val_loss: 4.1022 - val_accuracy: 0.3172

Epoch 00070: val_loss did not improve from 2.16791
Epoch 71/100
11442/11442 - 11s - loss: 0.8995 - accuracy: 0.6888 - val_loss: 4.0743 - val_accuracy: 0.3192

Epoch 00071: val_loss did not improve from 2.16791
Epoch 72/100
11442/11442 - 11s - loss: 0.8983 - accuracy: 0.6908 - val_loss: 4.5770 - val_accuracy: 0.2926

Epoch 00072: val_loss did not improve from 2.16791
Epoch 73/100
11442/11442 - 11s - loss: 0.8969 - accuracy: 0.6903 - val_loss: 4.4037 - val_accuracy: 0.3200

Epoch 00073: val_loss did not improve from 2.16791
Epoch 74/100
11442/11442 - 11s - loss: 0.8967 - accuracy: 0.6895 - val_loss: 4.2038 - val_accuracy: 0.3153

Epoch 00074: val_loss did not improve from 2.16791
Epoch 75/100
11442/11442 - 11s - loss: 0.8942 - accuracy: 0.6901 - val_loss: 4.2078 - val_accuracy: 0.3228

Epoch 00075: val_loss did not improve from 2.16791
Epoch 76/100
11442/11442 - 11s - loss: 0.8979 - accuracy: 0.6898 - val_loss: 4.1705 - val_accuracy: 0.3318

Epoch 00076: val_loss did not improve from 2.16791
Epoch 77/100
11442/11442 - 11s - loss: 0.8964 - accuracy: 0.6899 - val_loss: 3.9969 - val_accuracy: 0.3178

Epoch 00077: val_loss did not improve from 2.16791
Epoch 78/100
11442/11442 - 11s - loss: 0.8951 - accuracy: 0.6893 - val_loss: 4.3460 - val_accuracy: 0.3263

Epoch 00078: val_loss did not improve from 2.16791
Epoch 79/100
11442/11442 - 11s - loss: 0.8964 - accuracy: 0.6898 - val_loss: 4.3746 - val_accuracy: 0.3053

Epoch 00079: val_loss did not improve from 2.16791
Epoch 80/100
11442/11442 - 11s - loss: 0.8934 - accuracy: 0.6897 - val_loss: 4.1819 - val_accuracy: 0.3060

Epoch 00080: val_loss did not improve from 2.16791
Epoch 81/100
11442/11442 - 11s - loss: 0.8938 - accuracy: 0.6907 - val_loss: 4.2516 - val_accuracy: 0.3067

Epoch 00081: val_loss did not improve from 2.16791
Epoch 82/100
11442/11442 - 11s - loss: 0.8941 - accuracy: 0.6901 - val_loss: 4.0615 - val_accuracy: 0.3347

Epoch 00082: val_loss did not improve from 2.16791
Epoch 83/100
11442/11442 - 11s - loss: 0.8910 - accuracy: 0.6915 - val_loss: 4.2714 - val_accuracy: 0.3112

Epoch 00083: val_loss did not improve from 2.16791
Epoch 84/100
11442/11442 - 11s - loss: 0.8952 - accuracy: 0.6912 - val_loss: 4.2560 - val_accuracy: 0.3286

Epoch 00084: val_loss did not improve from 2.16791
Epoch 85/100
11442/11442 - 11s - loss: 0.8909 - accuracy: 0.6908 - val_loss: 4.4060 - val_accuracy: 0.3215

Epoch 00085: val_loss did not improve from 2.16791
Epoch 86/100
11442/11442 - 11s - loss: 0.8927 - accuracy: 0.6915 - val_loss: 4.4044 - val_accuracy: 0.3286

Epoch 00086: val_loss did not improve from 2.16791
Epoch 87/100
11442/11442 - 11s - loss: 0.8951 - accuracy: 0.6889 - val_loss: 4.3948 - val_accuracy: 0.3093

Epoch 00087: val_loss did not improve from 2.16791
Epoch 88/100
11442/11442 - 11s - loss: 0.8904 - accuracy: 0.6913 - val_loss: 4.1725 - val_accuracy: 0.3214

Epoch 00088: val_loss did not improve from 2.16791
Epoch 89/100
11442/11442 - 11s - loss: 0.8916 - accuracy: 0.6921 - val_loss: 4.3817 - val_accuracy: 0.3141

Epoch 00089: val_loss did not improve from 2.16791
Epoch 90/100
11442/11442 - 11s - loss: 0.8926 - accuracy: 0.6935 - val_loss: 4.1392 - val_accuracy: 0.3307

Epoch 00090: val_loss did not improve from 2.16791
Epoch 91/100
11442/11442 - 11s - loss: 0.8886 - accuracy: 0.6942 - val_loss: 4.1850 - val_accuracy: 0.3091

Epoch 00091: val_loss did not improve from 2.16791
Epoch 92/100
11442/11442 - 11s - loss: 0.8893 - accuracy: 0.6900 - val_loss: 4.4027 - val_accuracy: 0.3158

Epoch 00092: val_loss did not improve from 2.16791
Epoch 93/100
11442/11442 - 11s - loss: 0.8918 - accuracy: 0.6903 - val_loss: 4.2690 - val_accuracy: 0.3223

Epoch 00093: val_loss did not improve from 2.16791
Epoch 94/100
11442/11442 - 11s - loss: 0.8863 - accuracy: 0.6922 - val_loss: 4.1519 - val_accuracy: 0.3116

Epoch 00094: val_loss did not improve from 2.16791
Epoch 95/100
11442/11442 - 11s - loss: 0.8884 - accuracy: 0.6919 - val_loss: 4.2062 - val_accuracy: 0.3284

Epoch 00095: val_loss did not improve from 2.16791
Epoch 96/100
11442/11442 - 11s - loss: 0.8907 - accuracy: 0.6906 - val_loss: 4.2919 - val_accuracy: 0.3307

Epoch 00096: val_loss did not improve from 2.16791
Epoch 97/100
11442/11442 - 11s - loss: 0.8948 - accuracy: 0.6906 - val_loss: 4.3369 - val_accuracy: 0.3335

Epoch 00097: val_loss did not improve from 2.16791
Epoch 98/100
11442/11442 - 11s - loss: 0.8869 - accuracy: 0.6930 - val_loss: 4.2423 - val_accuracy: 0.3149

Epoch 00098: val_loss did not improve from 2.16791
Epoch 99/100
11442/11442 - 11s - loss: 0.8852 - accuracy: 0.6929 - val_loss: 4.1768 - val_accuracy: 0.3218

Epoch 00099: val_loss did not improve from 2.16791
Epoch 100/100
11442/11442 - 11s - loss: 0.8894 - accuracy: 0.6912 - val_loss: 4.3420 - val_accuracy: 0.3123

Epoch 00100: val_loss did not improve from 2.16791
