Before oversampling: Counter({0.0: 22772, 10.0: 15114, 50.0: 15085, 90.0: 15054, 30.0: 14964, 70.0: 14771, 92.0: 7628, 100.0: 7624})
After oversampling: Counter({100.0: 22772, 92.0: 22772, 90.0: 22772, 10.0: 22772, 0.0: 22772, 70.0: 22772, 50.0: 22772, 30.0: 22772})
Model: "model"
__________________________________________________________________________________________________
Layer (type)                    Output Shape         Param #     Connected to                     
==================================================================================================
conv (InputLayer)               [(None, 23, 1)]      0                                            
__________________________________________________________________________________________________
conv1d (Conv1D)                 (None, 23, 64)       384         conv[0][0]                       
__________________________________________________________________________________________________
conv1d_1 (Conv1D)               (None, 23, 64)       20544       conv1d[0][0]                     
__________________________________________________________________________________________________
conv1d_2 (Conv1D)               (None, 23, 64)       20544       conv1d_1[0][0]                   
__________________________________________________________________________________________________
cat (InputLayer)                [(None, 2)]          0                                            
__________________________________________________________________________________________________
flatten (Flatten)               (None, 1472)         0           conv1d_2[0][0]                   
__________________________________________________________________________________________________
concatenate (Concatenate)       (None, 1474)         0           cat[0][0]                        
                                                                 flatten[0][0]                    
__________________________________________________________________________________________________
dense (Dense)                   (None, 18)           26550       concatenate[0][0]                
__________________________________________________________________________________________________
dense_1 (Dense)                 (None, 8)            152         dense[0][0]                      
==================================================================================================
Total params: 68,174
Trainable params: 68,174
Non-trainable params: 0
__________________________________________________________________________________________________
Epoch 1/100
18218/18218 - 17s - loss: 1.3243 - accuracy: 0.4911 - val_loss: 1.2806 - val_accuracy: 0.5076

Epoch 00001: val_loss improved from inf to 1.28057, saving model to ./results/CNN_GLCM_C8_cat/cp.ckpt
Epoch 2/100
18218/18218 - 17s - loss: 1.1776 - accuracy: 0.5632 - val_loss: 1.2351 - val_accuracy: 0.5404

Epoch 00002: val_loss improved from 1.28057 to 1.23511, saving model to ./results/CNN_GLCM_C8_cat/cp.ckpt
Epoch 3/100
18218/18218 - 17s - loss: 1.1336 - accuracy: 0.5816 - val_loss: 1.2097 - val_accuracy: 0.5485

Epoch 00003: val_loss improved from 1.23511 to 1.20966, saving model to ./results/CNN_GLCM_C8_cat/cp.ckpt
Epoch 4/100
18218/18218 - 17s - loss: 1.1072 - accuracy: 0.5907 - val_loss: 1.1853 - val_accuracy: 0.5611

Epoch 00004: val_loss improved from 1.20966 to 1.18534, saving model to ./results/CNN_GLCM_C8_cat/cp.ckpt
Epoch 5/100
18218/18218 - 17s - loss: 1.0861 - accuracy: 0.5985 - val_loss: 1.1984 - val_accuracy: 0.5573

Epoch 00005: val_loss did not improve from 1.18534
Epoch 6/100
18218/18218 - 17s - loss: 1.0698 - accuracy: 0.6056 - val_loss: 1.1574 - val_accuracy: 0.5615

Epoch 00006: val_loss improved from 1.18534 to 1.15738, saving model to ./results/CNN_GLCM_C8_cat/cp.ckpt
Epoch 7/100
18218/18218 - 17s - loss: 1.0548 - accuracy: 0.6103 - val_loss: 1.1421 - val_accuracy: 0.5709

Epoch 00007: val_loss improved from 1.15738 to 1.14211, saving model to ./results/CNN_GLCM_C8_cat/cp.ckpt
Epoch 8/100
18218/18218 - 17s - loss: 1.0402 - accuracy: 0.6139 - val_loss: 1.1371 - val_accuracy: 0.5754

Epoch 00008: val_loss improved from 1.14211 to 1.13708, saving model to ./results/CNN_GLCM_C8_cat/cp.ckpt
Epoch 9/100
18218/18218 - 17s - loss: 1.0299 - accuracy: 0.6195 - val_loss: 1.1202 - val_accuracy: 0.5777

Epoch 00009: val_loss improved from 1.13708 to 1.12022, saving model to ./results/CNN_GLCM_C8_cat/cp.ckpt
Epoch 10/100
18218/18218 - 17s - loss: 1.0188 - accuracy: 0.6221 - val_loss: 1.1264 - val_accuracy: 0.5694

Epoch 00010: val_loss did not improve from 1.12022
Epoch 11/100
18218/18218 - 17s - loss: 1.0104 - accuracy: 0.6260 - val_loss: 1.1404 - val_accuracy: 0.5670

Epoch 00011: val_loss did not improve from 1.12022
Epoch 12/100
18218/18218 - 17s - loss: 1.0033 - accuracy: 0.6301 - val_loss: 1.1291 - val_accuracy: 0.5720

Epoch 00012: val_loss did not improve from 1.12022
Epoch 13/100
18218/18218 - 17s - loss: 0.9948 - accuracy: 0.6330 - val_loss: 1.1043 - val_accuracy: 0.5857

Epoch 00013: val_loss improved from 1.12022 to 1.10426, saving model to ./results/CNN_GLCM_C8_cat/cp.ckpt
Epoch 14/100
18218/18218 - 17s - loss: 0.9878 - accuracy: 0.6369 - val_loss: 1.1231 - val_accuracy: 0.5733

Epoch 00014: val_loss did not improve from 1.10426
Epoch 15/100
18218/18218 - 17s - loss: 0.9842 - accuracy: 0.6372 - val_loss: 1.1037 - val_accuracy: 0.5822

Epoch 00015: val_loss improved from 1.10426 to 1.10372, saving model to ./results/CNN_GLCM_C8_cat/cp.ckpt
Epoch 16/100
18218/18218 - 17s - loss: 0.9794 - accuracy: 0.6391 - val_loss: 1.0973 - val_accuracy: 0.5927

Epoch 00016: val_loss improved from 1.10372 to 1.09731, saving model to ./results/CNN_GLCM_C8_cat/cp.ckpt
Epoch 17/100
18218/18218 - 17s - loss: 0.9738 - accuracy: 0.6413 - val_loss: 1.0976 - val_accuracy: 0.5845

Epoch 00017: val_loss did not improve from 1.09731
Epoch 18/100
18218/18218 - 17s - loss: 0.9691 - accuracy: 0.6440 - val_loss: 1.1027 - val_accuracy: 0.5846

Epoch 00018: val_loss did not improve from 1.09731
Epoch 19/100
18218/18218 - 17s - loss: 0.9648 - accuracy: 0.6466 - val_loss: 1.1070 - val_accuracy: 0.5939

Epoch 00019: val_loss did not improve from 1.09731
Epoch 20/100
18218/18218 - 17s - loss: 0.9618 - accuracy: 0.6456 - val_loss: 1.0959 - val_accuracy: 0.5904

Epoch 00020: val_loss improved from 1.09731 to 1.09587, saving model to ./results/CNN_GLCM_C8_cat/cp.ckpt
Epoch 21/100
18218/18218 - 18s - loss: 0.9612 - accuracy: 0.6469 - val_loss: 1.0832 - val_accuracy: 0.5955

Epoch 00021: val_loss improved from 1.09587 to 1.08325, saving model to ./results/CNN_GLCM_C8_cat/cp.ckpt
Epoch 22/100
18218/18218 - 17s - loss: 0.9565 - accuracy: 0.6504 - val_loss: 1.0990 - val_accuracy: 0.5868

Epoch 00022: val_loss did not improve from 1.08325
Epoch 23/100
18218/18218 - 16s - loss: 0.9544 - accuracy: 0.6497 - val_loss: 1.0880 - val_accuracy: 0.5937

Epoch 00023: val_loss did not improve from 1.08325
Epoch 24/100
18218/18218 - 17s - loss: 0.9522 - accuracy: 0.6526 - val_loss: 1.0763 - val_accuracy: 0.6030

Epoch 00024: val_loss improved from 1.08325 to 1.07633, saving model to ./results/CNN_GLCM_C8_cat/cp.ckpt
Epoch 25/100
18218/18218 - 17s - loss: 0.9501 - accuracy: 0.6518 - val_loss: 1.0837 - val_accuracy: 0.5951

Epoch 00025: val_loss did not improve from 1.07633
Epoch 26/100
18218/18218 - 17s - loss: 0.9473 - accuracy: 0.6517 - val_loss: 1.0660 - val_accuracy: 0.6073

Epoch 00026: val_loss improved from 1.07633 to 1.06601, saving model to ./results/CNN_GLCM_C8_cat/cp.ckpt
Epoch 27/100
18218/18218 - 17s - loss: 0.9469 - accuracy: 0.6549 - val_loss: 1.0827 - val_accuracy: 0.5953

Epoch 00027: val_loss did not improve from 1.06601
Epoch 28/100
18218/18218 - 17s - loss: 0.9426 - accuracy: 0.6553 - val_loss: 1.0856 - val_accuracy: 0.6019

Epoch 00028: val_loss did not improve from 1.06601
Epoch 29/100
18218/18218 - 17s - loss: 0.9409 - accuracy: 0.6566 - val_loss: 1.0706 - val_accuracy: 0.6014

Epoch 00029: val_loss did not improve from 1.06601
Epoch 30/100
18218/18218 - 17s - loss: 0.9390 - accuracy: 0.6579 - val_loss: 1.1028 - val_accuracy: 0.5951

Epoch 00030: val_loss did not improve from 1.06601
Epoch 31/100
18218/18218 - 17s - loss: 0.9385 - accuracy: 0.6558 - val_loss: 1.0560 - val_accuracy: 0.6078

Epoch 00031: val_loss improved from 1.06601 to 1.05604, saving model to ./results/CNN_GLCM_C8_cat/cp.ckpt
Epoch 32/100
18218/18218 - 17s - loss: 0.9355 - accuracy: 0.6584 - val_loss: 1.0873 - val_accuracy: 0.6014

Epoch 00032: val_loss did not improve from 1.05604
Epoch 33/100
18218/18218 - 17s - loss: 0.9350 - accuracy: 0.6587 - val_loss: 1.0530 - val_accuracy: 0.6087

Epoch 00033: val_loss improved from 1.05604 to 1.05302, saving model to ./results/CNN_GLCM_C8_cat/cp.ckpt
Epoch 34/100
18218/18218 - 17s - loss: 0.9339 - accuracy: 0.6590 - val_loss: 1.0735 - val_accuracy: 0.6047

Epoch 00034: val_loss did not improve from 1.05302
Epoch 35/100
18218/18218 - 17s - loss: 0.9338 - accuracy: 0.6610 - val_loss: 1.0547 - val_accuracy: 0.6106

Epoch 00035: val_loss did not improve from 1.05302
Epoch 36/100
18218/18218 - 17s - loss: 0.9321 - accuracy: 0.6616 - val_loss: 1.0770 - val_accuracy: 0.6035

Epoch 00036: val_loss did not improve from 1.05302
Epoch 37/100
18218/18218 - 17s - loss: 0.9320 - accuracy: 0.6600 - val_loss: 1.0619 - val_accuracy: 0.6072

Epoch 00037: val_loss did not improve from 1.05302
Epoch 38/100
18218/18218 - 17s - loss: 0.9309 - accuracy: 0.6609 - val_loss: 1.0446 - val_accuracy: 0.6168

Epoch 00038: val_loss improved from 1.05302 to 1.04460, saving model to ./results/CNN_GLCM_C8_cat/cp.ckpt
Epoch 39/100
18218/18218 - 17s - loss: 0.9291 - accuracy: 0.6618 - val_loss: 1.0539 - val_accuracy: 0.6097

Epoch 00039: val_loss did not improve from 1.04460
Epoch 40/100
18218/18218 - 17s - loss: 0.9292 - accuracy: 0.6618 - val_loss: 1.0667 - val_accuracy: 0.6060

Epoch 00040: val_loss did not improve from 1.04460
Epoch 41/100
18218/18218 - 17s - loss: 0.9305 - accuracy: 0.6605 - val_loss: 1.0530 - val_accuracy: 0.6092

Epoch 00041: val_loss did not improve from 1.04460
Epoch 42/100
18218/18218 - 17s - loss: 0.9294 - accuracy: 0.6629 - val_loss: 1.0621 - val_accuracy: 0.6065

Epoch 00042: val_loss did not improve from 1.04460
Epoch 43/100
18218/18218 - 16s - loss: 0.9278 - accuracy: 0.6623 - val_loss: 1.0716 - val_accuracy: 0.6014

Epoch 00043: val_loss did not improve from 1.04460
Epoch 44/100
18218/18218 - 17s - loss: 0.9266 - accuracy: 0.6609 - val_loss: 1.0414 - val_accuracy: 0.6109

Epoch 00044: val_loss improved from 1.04460 to 1.04143, saving model to ./results/CNN_GLCM_C8_cat/cp.ckpt
Epoch 45/100
18218/18218 - 16s - loss: 0.9274 - accuracy: 0.6622 - val_loss: 1.0840 - val_accuracy: 0.6027

Epoch 00045: val_loss did not improve from 1.04143
Epoch 46/100
18218/18218 - 17s - loss: 0.9252 - accuracy: 0.6630 - val_loss: 1.0636 - val_accuracy: 0.6076

Epoch 00046: val_loss did not improve from 1.04143
Epoch 47/100
18218/18218 - 17s - loss: 0.9251 - accuracy: 0.6628 - val_loss: 1.0364 - val_accuracy: 0.6220

Epoch 00047: val_loss improved from 1.04143 to 1.03643, saving model to ./results/CNN_GLCM_C8_cat/cp.ckpt
Epoch 48/100
18218/18218 - 16s - loss: 0.9246 - accuracy: 0.6634 - val_loss: 1.0872 - val_accuracy: 0.5962

Epoch 00048: val_loss did not improve from 1.03643
Epoch 49/100
18218/18218 - 17s - loss: 0.9249 - accuracy: 0.6634 - val_loss: 1.0661 - val_accuracy: 0.6119

Epoch 00049: val_loss did not improve from 1.03643
Epoch 50/100
18218/18218 - 17s - loss: 0.9247 - accuracy: 0.6626 - val_loss: 1.0408 - val_accuracy: 0.6210

Epoch 00050: val_loss did not improve from 1.03643
Epoch 51/100
18218/18218 - 17s - loss: 0.9238 - accuracy: 0.6639 - val_loss: 1.0700 - val_accuracy: 0.6091

Epoch 00051: val_loss did not improve from 1.03643
Epoch 52/100
18218/18218 - 17s - loss: 0.9228 - accuracy: 0.6643 - val_loss: 1.0505 - val_accuracy: 0.6164

Epoch 00052: val_loss did not improve from 1.03643
Epoch 53/100
18218/18218 - 17s - loss: 0.9217 - accuracy: 0.6652 - val_loss: 1.0576 - val_accuracy: 0.6180

Epoch 00053: val_loss did not improve from 1.03643
Epoch 54/100
18218/18218 - 17s - loss: 0.9210 - accuracy: 0.6640 - val_loss: 1.0490 - val_accuracy: 0.6193

Epoch 00054: val_loss did not improve from 1.03643
Epoch 55/100
18218/18218 - 17s - loss: 0.9192 - accuracy: 0.6668 - val_loss: 1.0225 - val_accuracy: 0.6241

Epoch 00055: val_loss improved from 1.03643 to 1.02255, saving model to ./results/CNN_GLCM_C8_cat/cp.ckpt
Epoch 56/100
18218/18218 - 17s - loss: 0.9203 - accuracy: 0.6651 - val_loss: 1.0390 - val_accuracy: 0.6228

Epoch 00056: val_loss did not improve from 1.02255
Epoch 57/100
18218/18218 - 17s - loss: 0.9197 - accuracy: 0.6657 - val_loss: 1.0568 - val_accuracy: 0.6098

Epoch 00057: val_loss did not improve from 1.02255
Epoch 58/100
18218/18218 - 17s - loss: 0.9196 - accuracy: 0.6654 - val_loss: 1.0455 - val_accuracy: 0.6166

Epoch 00058: val_loss did not improve from 1.02255
Epoch 59/100
18218/18218 - 17s - loss: 0.9211 - accuracy: 0.6657 - val_loss: 1.0247 - val_accuracy: 0.6278

Epoch 00059: val_loss did not improve from 1.02255
Epoch 60/100
18218/18218 - 17s - loss: 0.9188 - accuracy: 0.6667 - val_loss: 1.0666 - val_accuracy: 0.6082

Epoch 00060: val_loss did not improve from 1.02255
Epoch 61/100
18218/18218 - 17s - loss: 0.9196 - accuracy: 0.6667 - val_loss: 1.0316 - val_accuracy: 0.6239

Epoch 00061: val_loss did not improve from 1.02255
Epoch 62/100
18218/18218 - 17s - loss: 0.9185 - accuracy: 0.6687 - val_loss: 1.0416 - val_accuracy: 0.6297

Epoch 00062: val_loss did not improve from 1.02255
Epoch 63/100
18218/18218 - 17s - loss: 0.9161 - accuracy: 0.6669 - val_loss: 1.0593 - val_accuracy: 0.6150

Epoch 00063: val_loss did not improve from 1.02255
Epoch 64/100
18218/18218 - 17s - loss: 0.9149 - accuracy: 0.6683 - val_loss: 1.0498 - val_accuracy: 0.6118

Epoch 00064: val_loss did not improve from 1.02255
Epoch 65/100
18218/18218 - 17s - loss: 0.9146 - accuracy: 0.6682 - val_loss: 1.0479 - val_accuracy: 0.6124

Epoch 00065: val_loss did not improve from 1.02255
Epoch 66/100
18218/18218 - 17s - loss: 0.9129 - accuracy: 0.6697 - val_loss: 1.0447 - val_accuracy: 0.6214

Epoch 00066: val_loss did not improve from 1.02255
Epoch 67/100
18218/18218 - 17s - loss: 0.9111 - accuracy: 0.6694 - val_loss: 1.0580 - val_accuracy: 0.6120

Epoch 00067: val_loss did not improve from 1.02255
Epoch 68/100
18218/18218 - 17s - loss: 0.9129 - accuracy: 0.6686 - val_loss: 1.0261 - val_accuracy: 0.6270

Epoch 00068: val_loss did not improve from 1.02255
Epoch 69/100
18218/18218 - 17s - loss: 0.9120 - accuracy: 0.6690 - val_loss: 1.0574 - val_accuracy: 0.6062

Epoch 00069: val_loss did not improve from 1.02255
Epoch 70/100
18218/18218 - 17s - loss: 0.9124 - accuracy: 0.6693 - val_loss: 1.0551 - val_accuracy: 0.6143

Epoch 00070: val_loss did not improve from 1.02255
Epoch 71/100
18218/18218 - 17s - loss: 0.9115 - accuracy: 0.6692 - val_loss: 1.0573 - val_accuracy: 0.6222

Epoch 00071: val_loss did not improve from 1.02255
Epoch 72/100
18218/18218 - 17s - loss: 0.9109 - accuracy: 0.6686 - val_loss: 1.0272 - val_accuracy: 0.6269

Epoch 00072: val_loss did not improve from 1.02255
Epoch 73/100
18218/18218 - 17s - loss: 0.9116 - accuracy: 0.6687 - val_loss: 1.0421 - val_accuracy: 0.6197

Epoch 00073: val_loss did not improve from 1.02255
Epoch 74/100
18218/18218 - 17s - loss: 0.9103 - accuracy: 0.6695 - val_loss: 1.0579 - val_accuracy: 0.6150

Epoch 00074: val_loss did not improve from 1.02255
Epoch 75/100
18218/18218 - 17s - loss: 0.9100 - accuracy: 0.6701 - val_loss: 1.0749 - val_accuracy: 0.6066

Epoch 00075: val_loss did not improve from 1.02255
Epoch 76/100
18218/18218 - 17s - loss: 0.9111 - accuracy: 0.6692 - val_loss: 1.0242 - val_accuracy: 0.6314

Epoch 00076: val_loss did not improve from 1.02255
Epoch 77/100
18218/18218 - 17s - loss: 0.9088 - accuracy: 0.6692 - val_loss: 1.0434 - val_accuracy: 0.6273

Epoch 00077: val_loss did not improve from 1.02255
Epoch 78/100
18218/18218 - 17s - loss: 0.9071 - accuracy: 0.6700 - val_loss: 1.0565 - val_accuracy: 0.6121

Epoch 00078: val_loss did not improve from 1.02255
Epoch 79/100
18218/18218 - 17s - loss: 0.9105 - accuracy: 0.6690 - val_loss: 1.0735 - val_accuracy: 0.6137

Epoch 00079: val_loss did not improve from 1.02255
Epoch 80/100
18218/18218 - 17s - loss: 0.9088 - accuracy: 0.6705 - val_loss: 1.0310 - val_accuracy: 0.6269

Epoch 00080: val_loss did not improve from 1.02255
Epoch 81/100
18218/18218 - 17s - loss: 0.9098 - accuracy: 0.6696 - val_loss: 1.0382 - val_accuracy: 0.6224

Epoch 00081: val_loss did not improve from 1.02255
Epoch 82/100
18218/18218 - 17s - loss: 0.9087 - accuracy: 0.6701 - val_loss: 1.0320 - val_accuracy: 0.6246

Epoch 00082: val_loss did not improve from 1.02255
Epoch 83/100
18218/18218 - 17s - loss: 0.9108 - accuracy: 0.6693 - val_loss: 1.0638 - val_accuracy: 0.6156

Epoch 00083: val_loss did not improve from 1.02255
Epoch 84/100
18218/18218 - 17s - loss: 0.9113 - accuracy: 0.6689 - val_loss: 1.0568 - val_accuracy: 0.6163

Epoch 00084: val_loss did not improve from 1.02255
Epoch 85/100
18218/18218 - 17s - loss: 0.9075 - accuracy: 0.6701 - val_loss: 1.0478 - val_accuracy: 0.6179

Epoch 00085: val_loss did not improve from 1.02255
Epoch 86/100
18218/18218 - 17s - loss: 0.9067 - accuracy: 0.6719 - val_loss: 1.0158 - val_accuracy: 0.6340

Epoch 00086: val_loss improved from 1.02255 to 1.01580, saving model to ./results/CNN_GLCM_C8_cat/cp.ckpt
Epoch 87/100
18218/18218 - 17s - loss: 0.9062 - accuracy: 0.6702 - val_loss: 1.0249 - val_accuracy: 0.6284

Epoch 00087: val_loss did not improve from 1.01580
Epoch 88/100
18218/18218 - 17s - loss: 0.9058 - accuracy: 0.6716 - val_loss: 1.0549 - val_accuracy: 0.6205

Epoch 00088: val_loss did not improve from 1.01580
Epoch 89/100
18218/18218 - 17s - loss: 0.9074 - accuracy: 0.6713 - val_loss: 1.0323 - val_accuracy: 0.6266

Epoch 00089: val_loss did not improve from 1.01580
Epoch 90/100
18218/18218 - 17s - loss: 0.9059 - accuracy: 0.6727 - val_loss: 1.0253 - val_accuracy: 0.6252

Epoch 00090: val_loss did not improve from 1.01580
Epoch 91/100
18218/18218 - 17s - loss: 0.9030 - accuracy: 0.6719 - val_loss: 1.0196 - val_accuracy: 0.6337

Epoch 00091: val_loss did not improve from 1.01580
Epoch 92/100
18218/18218 - 17s - loss: 0.9057 - accuracy: 0.6718 - val_loss: 1.0191 - val_accuracy: 0.6332

Epoch 00092: val_loss did not improve from 1.01580
Epoch 93/100
18218/18218 - 17s - loss: 0.9045 - accuracy: 0.6716 - val_loss: 1.0561 - val_accuracy: 0.6137

Epoch 00093: val_loss did not improve from 1.01580
Epoch 94/100
18218/18218 - 17s - loss: 0.9057 - accuracy: 0.6714 - val_loss: 1.0257 - val_accuracy: 0.6286

Epoch 00094: val_loss did not improve from 1.01580
Epoch 95/100
18218/18218 - 17s - loss: 0.9044 - accuracy: 0.6711 - val_loss: 1.0244 - val_accuracy: 0.6240

Epoch 00095: val_loss did not improve from 1.01580
Epoch 96/100
18218/18218 - 17s - loss: 0.9051 - accuracy: 0.6722 - val_loss: 1.0400 - val_accuracy: 0.6187

Epoch 00096: val_loss did not improve from 1.01580
Epoch 97/100
18218/18218 - 16s - loss: 0.9035 - accuracy: 0.6728 - val_loss: 1.0562 - val_accuracy: 0.6219

Epoch 00097: val_loss did not improve from 1.01580
Epoch 98/100
18218/18218 - 17s - loss: 0.9037 - accuracy: 0.6722 - val_loss: 1.0402 - val_accuracy: 0.6246

Epoch 00098: val_loss did not improve from 1.01580
Epoch 99/100
18218/18218 - 17s - loss: 0.9050 - accuracy: 0.6721 - val_loss: 1.0552 - val_accuracy: 0.6202

Epoch 00099: val_loss did not improve from 1.01580
Epoch 100/100
18218/18218 - 17s - loss: 0.9092 - accuracy: 0.6705 - val_loss: 1.0504 - val_accuracy: 0.6236

Epoch 00100: val_loss did not improve from 1.01580
