Before oversampling: Counter({50.0: 52538, 10.0: 30078, 0.0: 22772, 100.0: 7624})
After oversampling: Counter({100.0: 52538, 50.0: 52538, 10.0: 52538, 0.0: 52538})
Model: "sequential"
_________________________________________________________________
Layer (type)                 Output Shape              Param #   
=================================================================
dense (Dense)                (None, 14)                266       
_________________________________________________________________
dense_1 (Dense)              (None, 4)                 60        
=================================================================
Total params: 326
Trainable params: 326
Non-trainable params: 0
_________________________________________________________________
Epoch 1/100
21016/21016 - 9s - loss: 0.8940 - accuracy: 0.6246 - val_loss: 0.8183 - val_accuracy: 0.6631

Epoch 00001: val_loss improved from inf to 0.81834, saving model to ./results/NN_trial_9/cp.ckpt
Epoch 2/100
21016/21016 - 9s - loss: 0.7862 - accuracy: 0.6714 - val_loss: 0.7707 - val_accuracy: 0.6699

Epoch 00002: val_loss improved from 0.81834 to 0.77068, saving model to ./results/NN_trial_9/cp.ckpt
Epoch 3/100
21016/21016 - 9s - loss: 0.7650 - accuracy: 0.6782 - val_loss: 0.7940 - val_accuracy: 0.6717

Epoch 00003: val_loss did not improve from 0.77068
Epoch 4/100
21016/21016 - 9s - loss: 0.7564 - accuracy: 0.6814 - val_loss: 0.7785 - val_accuracy: 0.6757

Epoch 00004: val_loss did not improve from 0.77068
Epoch 5/100
21016/21016 - 9s - loss: 0.7482 - accuracy: 0.6873 - val_loss: 0.7518 - val_accuracy: 0.6804

Epoch 00005: val_loss improved from 0.77068 to 0.75178, saving model to ./results/NN_trial_9/cp.ckpt
Epoch 6/100
21016/21016 - 9s - loss: 0.7431 - accuracy: 0.6891 - val_loss: 0.7508 - val_accuracy: 0.6789

Epoch 00006: val_loss improved from 0.75178 to 0.75084, saving model to ./results/NN_trial_9/cp.ckpt
Epoch 7/100
21016/21016 - 9s - loss: 0.7398 - accuracy: 0.6905 - val_loss: 0.7531 - val_accuracy: 0.6839

Epoch 00007: val_loss did not improve from 0.75084
Epoch 8/100
21016/21016 - 9s - loss: 0.7384 - accuracy: 0.6919 - val_loss: 0.7329 - val_accuracy: 0.6883

Epoch 00008: val_loss improved from 0.75084 to 0.73287, saving model to ./results/NN_trial_9/cp.ckpt
Epoch 9/100
21016/21016 - 9s - loss: 0.7362 - accuracy: 0.6925 - val_loss: 0.7418 - val_accuracy: 0.6867

Epoch 00009: val_loss did not improve from 0.73287
Epoch 10/100
21016/21016 - 9s - loss: 0.7347 - accuracy: 0.6947 - val_loss: 0.7650 - val_accuracy: 0.6832

Epoch 00010: val_loss did not improve from 0.73287
Epoch 11/100
21016/21016 - 9s - loss: 0.7336 - accuracy: 0.6944 - val_loss: 0.7326 - val_accuracy: 0.6874

Epoch 00011: val_loss improved from 0.73287 to 0.73264, saving model to ./results/NN_trial_9/cp.ckpt
Epoch 12/100
21016/21016 - 9s - loss: 0.7327 - accuracy: 0.6958 - val_loss: 0.7500 - val_accuracy: 0.6838

Epoch 00012: val_loss did not improve from 0.73264
Epoch 13/100
21016/21016 - 9s - loss: 0.7315 - accuracy: 0.6966 - val_loss: 0.7440 - val_accuracy: 0.6834

Epoch 00013: val_loss did not improve from 0.73264
Epoch 14/100
21016/21016 - 9s - loss: 0.7304 - accuracy: 0.6958 - val_loss: 0.7491 - val_accuracy: 0.6826

Epoch 00014: val_loss did not improve from 0.73264
Epoch 15/100
21016/21016 - 9s - loss: 0.7295 - accuracy: 0.6956 - val_loss: 0.7391 - val_accuracy: 0.6864

Epoch 00015: val_loss did not improve from 0.73264
Epoch 16/100
21016/21016 - 9s - loss: 0.7290 - accuracy: 0.6975 - val_loss: 0.7423 - val_accuracy: 0.6881

Epoch 00016: val_loss did not improve from 0.73264
Epoch 17/100
21016/21016 - 9s - loss: 0.7282 - accuracy: 0.6968 - val_loss: 0.7548 - val_accuracy: 0.6863

Epoch 00017: val_loss did not improve from 0.73264
Epoch 18/100
21016/21016 - 9s - loss: 0.7275 - accuracy: 0.6976 - val_loss: 0.7399 - val_accuracy: 0.6894

Epoch 00018: val_loss did not improve from 0.73264
Epoch 19/100
21016/21016 - 9s - loss: 0.7268 - accuracy: 0.6979 - val_loss: 0.7660 - val_accuracy: 0.6843

Epoch 00019: val_loss did not improve from 0.73264
Epoch 20/100
21016/21016 - 9s - loss: 0.7263 - accuracy: 0.6976 - val_loss: 0.7317 - val_accuracy: 0.6943

Epoch 00020: val_loss improved from 0.73264 to 0.73168, saving model to ./results/NN_trial_9/cp.ckpt
Epoch 21/100
21016/21016 - 9s - loss: 0.7252 - accuracy: 0.6988 - val_loss: 0.7525 - val_accuracy: 0.6874

Epoch 00021: val_loss did not improve from 0.73168
Epoch 22/100
21016/21016 - 9s - loss: 0.7244 - accuracy: 0.6984 - val_loss: 0.7555 - val_accuracy: 0.6892

Epoch 00022: val_loss did not improve from 0.73168
Epoch 23/100
21016/21016 - 9s - loss: 0.7239 - accuracy: 0.6990 - val_loss: 0.7509 - val_accuracy: 0.6899

Epoch 00023: val_loss did not improve from 0.73168
Epoch 24/100
21016/21016 - 9s - loss: 0.7232 - accuracy: 0.6993 - val_loss: 0.7331 - val_accuracy: 0.6912

Epoch 00024: val_loss did not improve from 0.73168
Epoch 25/100
21016/21016 - 9s - loss: 0.7229 - accuracy: 0.6999 - val_loss: 0.7424 - val_accuracy: 0.6885

Epoch 00025: val_loss did not improve from 0.73168
Epoch 26/100
21016/21016 - 9s - loss: 0.7217 - accuracy: 0.7000 - val_loss: 0.7286 - val_accuracy: 0.6900

Epoch 00026: val_loss improved from 0.73168 to 0.72856, saving model to ./results/NN_trial_9/cp.ckpt
Epoch 27/100
21016/21016 - 9s - loss: 0.7213 - accuracy: 0.7011 - val_loss: 0.7480 - val_accuracy: 0.6890

Epoch 00027: val_loss did not improve from 0.72856
Epoch 28/100
21016/21016 - 9s - loss: 0.7203 - accuracy: 0.7007 - val_loss: 0.7365 - val_accuracy: 0.6930

Epoch 00028: val_loss did not improve from 0.72856
Epoch 29/100
21016/21016 - 9s - loss: 0.7201 - accuracy: 0.7012 - val_loss: 0.7351 - val_accuracy: 0.6929

Epoch 00029: val_loss did not improve from 0.72856
Epoch 30/100
21016/21016 - 9s - loss: 0.7195 - accuracy: 0.7013 - val_loss: 0.7438 - val_accuracy: 0.6889

Epoch 00030: val_loss did not improve from 0.72856
Epoch 31/100
21016/21016 - 9s - loss: 0.7185 - accuracy: 0.7016 - val_loss: 0.7462 - val_accuracy: 0.6917

Epoch 00031: val_loss did not improve from 0.72856
Epoch 32/100
21016/21016 - 9s - loss: 0.7184 - accuracy: 0.7024 - val_loss: 0.7288 - val_accuracy: 0.6931

Epoch 00032: val_loss did not improve from 0.72856
Epoch 33/100
21016/21016 - 9s - loss: 0.7176 - accuracy: 0.7012 - val_loss: 0.7383 - val_accuracy: 0.6933

Epoch 00033: val_loss did not improve from 0.72856
Epoch 34/100
21016/21016 - 9s - loss: 0.7171 - accuracy: 0.7023 - val_loss: 0.7216 - val_accuracy: 0.6955

Epoch 00034: val_loss improved from 0.72856 to 0.72161, saving model to ./results/NN_trial_9/cp.ckpt
Epoch 35/100
21016/21016 - 9s - loss: 0.7170 - accuracy: 0.7023 - val_loss: 0.7306 - val_accuracy: 0.6964

Epoch 00035: val_loss did not improve from 0.72161
Epoch 36/100
21016/21016 - 8s - loss: 0.7161 - accuracy: 0.7035 - val_loss: 0.7531 - val_accuracy: 0.6844

Epoch 00036: val_loss did not improve from 0.72161
Epoch 37/100
21016/21016 - 9s - loss: 0.7164 - accuracy: 0.7029 - val_loss: 0.7391 - val_accuracy: 0.6903

Epoch 00037: val_loss did not improve from 0.72161
Epoch 38/100
21016/21016 - 9s - loss: 0.7156 - accuracy: 0.7035 - val_loss: 0.7244 - val_accuracy: 0.6947

Epoch 00038: val_loss did not improve from 0.72161
Epoch 39/100
21016/21016 - 9s - loss: 0.7148 - accuracy: 0.7042 - val_loss: 0.7409 - val_accuracy: 0.6934

Epoch 00039: val_loss did not improve from 0.72161
Epoch 40/100
21016/21016 - 9s - loss: 0.7148 - accuracy: 0.7026 - val_loss: 0.7249 - val_accuracy: 0.6961

Epoch 00040: val_loss did not improve from 0.72161
Epoch 41/100
21016/21016 - 9s - loss: 0.7146 - accuracy: 0.7043 - val_loss: 0.7367 - val_accuracy: 0.6934

Epoch 00041: val_loss did not improve from 0.72161
Epoch 42/100
21016/21016 - 9s - loss: 0.7140 - accuracy: 0.7041 - val_loss: 0.7273 - val_accuracy: 0.6945

Epoch 00042: val_loss did not improve from 0.72161
Epoch 43/100
21016/21016 - 9s - loss: 0.7139 - accuracy: 0.7039 - val_loss: 0.7426 - val_accuracy: 0.6906

Epoch 00043: val_loss did not improve from 0.72161
Epoch 44/100
21016/21016 - 9s - loss: 0.7130 - accuracy: 0.7041 - val_loss: 0.7381 - val_accuracy: 0.6912

Epoch 00044: val_loss did not improve from 0.72161
Epoch 45/100
21016/21016 - 9s - loss: 0.7128 - accuracy: 0.7037 - val_loss: 0.7251 - val_accuracy: 0.7002

Epoch 00045: val_loss did not improve from 0.72161
Epoch 46/100
21016/21016 - 9s - loss: 0.7128 - accuracy: 0.7040 - val_loss: 0.7379 - val_accuracy: 0.6897

Epoch 00046: val_loss did not improve from 0.72161
Epoch 47/100
21016/21016 - 9s - loss: 0.7122 - accuracy: 0.7040 - val_loss: 0.7244 - val_accuracy: 0.6925

Epoch 00047: val_loss did not improve from 0.72161
Epoch 48/100
21016/21016 - 9s - loss: 0.7118 - accuracy: 0.7046 - val_loss: 0.7248 - val_accuracy: 0.6945

Epoch 00048: val_loss did not improve from 0.72161
Epoch 49/100
21016/21016 - 9s - loss: 0.7120 - accuracy: 0.7043 - val_loss: 0.7226 - val_accuracy: 0.6962

Epoch 00049: val_loss did not improve from 0.72161
Epoch 50/100
21016/21016 - 9s - loss: 0.7117 - accuracy: 0.7048 - val_loss: 0.7328 - val_accuracy: 0.6934

Epoch 00050: val_loss did not improve from 0.72161
Epoch 51/100
21016/21016 - 9s - loss: 0.7118 - accuracy: 0.7042 - val_loss: 0.7391 - val_accuracy: 0.6925

Epoch 00051: val_loss did not improve from 0.72161
Epoch 52/100
21016/21016 - 9s - loss: 0.7114 - accuracy: 0.7054 - val_loss: 0.7471 - val_accuracy: 0.6888

Epoch 00052: val_loss did not improve from 0.72161
Epoch 53/100
21016/21016 - 9s - loss: 0.7111 - accuracy: 0.7047 - val_loss: 0.7256 - val_accuracy: 0.6964

Epoch 00053: val_loss did not improve from 0.72161
Epoch 54/100
21016/21016 - 9s - loss: 0.7108 - accuracy: 0.7051 - val_loss: 0.7211 - val_accuracy: 0.6954

Epoch 00054: val_loss improved from 0.72161 to 0.72107, saving model to ./results/NN_trial_9/cp.ckpt
Epoch 55/100
21016/21016 - 9s - loss: 0.7108 - accuracy: 0.7045 - val_loss: 0.7319 - val_accuracy: 0.6963

Epoch 00055: val_loss did not improve from 0.72107
Epoch 56/100
21016/21016 - 9s - loss: 0.7109 - accuracy: 0.7045 - val_loss: 0.7313 - val_accuracy: 0.6909

Epoch 00056: val_loss did not improve from 0.72107
Epoch 57/100
21016/21016 - 9s - loss: 0.7102 - accuracy: 0.7056 - val_loss: 0.7271 - val_accuracy: 0.6970

Epoch 00057: val_loss did not improve from 0.72107
Epoch 58/100
21016/21016 - 9s - loss: 0.7100 - accuracy: 0.7050 - val_loss: 0.7595 - val_accuracy: 0.6876

Epoch 00058: val_loss did not improve from 0.72107
Epoch 59/100
21016/21016 - 9s - loss: 0.7098 - accuracy: 0.7050 - val_loss: 0.7305 - val_accuracy: 0.6951

Epoch 00059: val_loss did not improve from 0.72107
Epoch 60/100
21016/21016 - 9s - loss: 0.7100 - accuracy: 0.7054 - val_loss: 0.7323 - val_accuracy: 0.6898

Epoch 00060: val_loss did not improve from 0.72107
Epoch 61/100
21016/21016 - 9s - loss: 0.7092 - accuracy: 0.7050 - val_loss: 0.7399 - val_accuracy: 0.6898

Epoch 00061: val_loss did not improve from 0.72107
Epoch 62/100
21016/21016 - 9s - loss: 0.7094 - accuracy: 0.7053 - val_loss: 0.7417 - val_accuracy: 0.6911

Epoch 00062: val_loss did not improve from 0.72107
Epoch 63/100
21016/21016 - 9s - loss: 0.7095 - accuracy: 0.7053 - val_loss: 0.7329 - val_accuracy: 0.6918

Epoch 00063: val_loss did not improve from 0.72107
Epoch 64/100
21016/21016 - 9s - loss: 0.7092 - accuracy: 0.7054 - val_loss: 0.7232 - val_accuracy: 0.6908

Epoch 00064: val_loss did not improve from 0.72107
Epoch 65/100
21016/21016 - 9s - loss: 0.7090 - accuracy: 0.7059 - val_loss: 0.7242 - val_accuracy: 0.6937

Epoch 00065: val_loss did not improve from 0.72107
Epoch 66/100
21016/21016 - 9s - loss: 0.7089 - accuracy: 0.7054 - val_loss: 0.7216 - val_accuracy: 0.6929

Epoch 00066: val_loss did not improve from 0.72107
Epoch 67/100
21016/21016 - 9s - loss: 0.7087 - accuracy: 0.7062 - val_loss: 0.7329 - val_accuracy: 0.6923

Epoch 00067: val_loss did not improve from 0.72107
Epoch 68/100
21016/21016 - 9s - loss: 0.7090 - accuracy: 0.7058 - val_loss: 0.7260 - val_accuracy: 0.6907

Epoch 00068: val_loss did not improve from 0.72107
Epoch 69/100
21016/21016 - 9s - loss: 0.7087 - accuracy: 0.7057 - val_loss: 0.7547 - val_accuracy: 0.6874

Epoch 00069: val_loss did not improve from 0.72107
Epoch 70/100
21016/21016 - 9s - loss: 0.7083 - accuracy: 0.7055 - val_loss: 0.7283 - val_accuracy: 0.6941

Epoch 00070: val_loss did not improve from 0.72107
Epoch 71/100
21016/21016 - 9s - loss: 0.7086 - accuracy: 0.7059 - val_loss: 0.7312 - val_accuracy: 0.6929

Epoch 00071: val_loss did not improve from 0.72107
Epoch 72/100
21016/21016 - 9s - loss: 0.7088 - accuracy: 0.7054 - val_loss: 0.7446 - val_accuracy: 0.6871

Epoch 00072: val_loss did not improve from 0.72107
Epoch 73/100
21016/21016 - 9s - loss: 0.7081 - accuracy: 0.7057 - val_loss: 0.7337 - val_accuracy: 0.6934

Epoch 00073: val_loss did not improve from 0.72107
Epoch 74/100
21016/21016 - 9s - loss: 0.7079 - accuracy: 0.7062 - val_loss: 0.7278 - val_accuracy: 0.6901

Epoch 00074: val_loss did not improve from 0.72107
Epoch 75/100
21016/21016 - 9s - loss: 0.7082 - accuracy: 0.7050 - val_loss: 0.7179 - val_accuracy: 0.6969

Epoch 00075: val_loss improved from 0.72107 to 0.71787, saving model to ./results/NN_trial_9/cp.ckpt
Epoch 76/100
21016/21016 - 9s - loss: 0.7079 - accuracy: 0.7059 - val_loss: 0.7319 - val_accuracy: 0.6944

Epoch 00076: val_loss did not improve from 0.71787
Epoch 77/100
21016/21016 - 9s - loss: 0.7074 - accuracy: 0.7055 - val_loss: 0.7285 - val_accuracy: 0.6935

Epoch 00077: val_loss did not improve from 0.71787
Epoch 78/100
21016/21016 - 9s - loss: 0.7077 - accuracy: 0.7059 - val_loss: 0.7263 - val_accuracy: 0.6941

Epoch 00078: val_loss did not improve from 0.71787
Epoch 79/100
21016/21016 - 9s - loss: 0.7076 - accuracy: 0.7056 - val_loss: 0.7209 - val_accuracy: 0.6966

Epoch 00079: val_loss did not improve from 0.71787
Epoch 80/100
21016/21016 - 9s - loss: 0.7077 - accuracy: 0.7055 - val_loss: 0.7340 - val_accuracy: 0.6882

Epoch 00080: val_loss did not improve from 0.71787
Epoch 81/100
21016/21016 - 9s - loss: 0.7075 - accuracy: 0.7057 - val_loss: 0.7348 - val_accuracy: 0.6931

Epoch 00081: val_loss did not improve from 0.71787
Epoch 82/100
21016/21016 - 9s - loss: 0.7070 - accuracy: 0.7064 - val_loss: 0.7158 - val_accuracy: 0.6991

Epoch 00082: val_loss improved from 0.71787 to 0.71575, saving model to ./results/NN_trial_9/cp.ckpt
Epoch 83/100
21016/21016 - 9s - loss: 0.7069 - accuracy: 0.7066 - val_loss: 0.7339 - val_accuracy: 0.6926

Epoch 00083: val_loss did not improve from 0.71575
Epoch 84/100
21016/21016 - 9s - loss: 0.7072 - accuracy: 0.7059 - val_loss: 0.7184 - val_accuracy: 0.6967

Epoch 00084: val_loss did not improve from 0.71575
Epoch 85/100
21016/21016 - 9s - loss: 0.7068 - accuracy: 0.7060 - val_loss: 0.7236 - val_accuracy: 0.6968

Epoch 00085: val_loss did not improve from 0.71575
Epoch 86/100
21016/21016 - 9s - loss: 0.7066 - accuracy: 0.7054 - val_loss: 0.7314 - val_accuracy: 0.6933

Epoch 00086: val_loss did not improve from 0.71575
Epoch 87/100
21016/21016 - 9s - loss: 0.7068 - accuracy: 0.7059 - val_loss: 0.7358 - val_accuracy: 0.6909

Epoch 00087: val_loss did not improve from 0.71575
Epoch 88/100
21016/21016 - 9s - loss: 0.7068 - accuracy: 0.7065 - val_loss: 0.7332 - val_accuracy: 0.6921

Epoch 00088: val_loss did not improve from 0.71575
Epoch 89/100
21016/21016 - 9s - loss: 0.7066 - accuracy: 0.7059 - val_loss: 0.7319 - val_accuracy: 0.6945

Epoch 00089: val_loss did not improve from 0.71575
Epoch 90/100
21016/21016 - 9s - loss: 0.7064 - accuracy: 0.7059 - val_loss: 0.7358 - val_accuracy: 0.6930

Epoch 00090: val_loss did not improve from 0.71575
Epoch 91/100
21016/21016 - 9s - loss: 0.7064 - accuracy: 0.7067 - val_loss: 0.7259 - val_accuracy: 0.6935

Epoch 00091: val_loss did not improve from 0.71575
Epoch 92/100
21016/21016 - 9s - loss: 0.7064 - accuracy: 0.7060 - val_loss: 0.7339 - val_accuracy: 0.6946

Epoch 00092: val_loss did not improve from 0.71575
Epoch 93/100
21016/21016 - 9s - loss: 0.7062 - accuracy: 0.7063 - val_loss: 0.7252 - val_accuracy: 0.6951

Epoch 00093: val_loss did not improve from 0.71575
Epoch 94/100
21016/21016 - 9s - loss: 0.7059 - accuracy: 0.7062 - val_loss: 0.7327 - val_accuracy: 0.6938

Epoch 00094: val_loss did not improve from 0.71575
Epoch 95/100
21016/21016 - 9s - loss: 0.7061 - accuracy: 0.7064 - val_loss: 0.7268 - val_accuracy: 0.6911

Epoch 00095: val_loss did not improve from 0.71575
Epoch 96/100
21016/21016 - 9s - loss: 0.7059 - accuracy: 0.7070 - val_loss: 0.7344 - val_accuracy: 0.6915

Epoch 00096: val_loss did not improve from 0.71575
Epoch 97/100
21016/21016 - 9s - loss: 0.7061 - accuracy: 0.7066 - val_loss: 0.7359 - val_accuracy: 0.6909

Epoch 00097: val_loss did not improve from 0.71575
Epoch 98/100
21016/21016 - 9s - loss: 0.7056 - accuracy: 0.7070 - val_loss: 0.7374 - val_accuracy: 0.6960

Epoch 00098: val_loss did not improve from 0.71575
Epoch 99/100
21016/21016 - 9s - loss: 0.7058 - accuracy: 0.7067 - val_loss: 0.7290 - val_accuracy: 0.6891

Epoch 00099: val_loss did not improve from 0.71575
Epoch 100/100
21016/21016 - 9s - loss: 0.7055 - accuracy: 0.7073 - val_loss: 0.7530 - val_accuracy: 0.6899

Epoch 00100: val_loss did not improve from 0.71575
