Before oversampling: Counter({50.0: 38006, 0.0: 37856, 1.0: 37836, 70.0: 37779, 20.0: 37752, 80.0: 37699, 10.0: 37678, 60.0: 37677, 92.0: 37673, 2.0: 37641, 91.0: 37630, 30.0: 37505, 90.0: 37480, 100.0: 37475, 40.0: 37235})
After oversampling: Counter({50.0: 38006, 40.0: 38006, 0.0: 37856, 1.0: 37836, 70.0: 37779, 20.0: 37752, 80.0: 37699, 10.0: 37678, 60.0: 37677, 92.0: 37673, 2.0: 37641, 91.0: 37630, 30.0: 37505, 90.0: 37480, 100.0: 37475})
Model: "sequential"
_________________________________________________________________
Layer (type)                 Output Shape              Param #   
=================================================================
conv1d (Conv1D)              (None, 20, 64)            384       
_________________________________________________________________
dense (Dense)                (None, 20, 128)           8320      
_________________________________________________________________
max_pooling1d (MaxPooling1D) (None, 10, 128)           0         
_________________________________________________________________
flatten (Flatten)            (None, 1280)              0         
_________________________________________________________________
dense_1 (Dense)              (None, 15)                19215     
=================================================================
Total params: 27,919
Trainable params: 27,919
Non-trainable params: 0
_________________________________________________________________
Epoch 1/100
56570/56570 - 45s - loss: 0.9906 - accuracy: 0.6566 - val_loss: 5.6812 - val_accuracy: 0.2926

Epoch 00001: val_loss improved from inf to 5.68125, saving model to ./results/CNN_trial_2/cp.ckpt
Epoch 2/100
56570/56570 - 45s - loss: 0.7285 - accuracy: 0.7454 - val_loss: 7.6038 - val_accuracy: 0.2998

Epoch 00002: val_loss did not improve from 5.68125
Epoch 3/100
56570/56570 - 45s - loss: 0.6532 - accuracy: 0.7710 - val_loss: 8.4790 - val_accuracy: 0.3053

Epoch 00003: val_loss did not improve from 5.68125
Epoch 4/100
56570/56570 - 45s - loss: 0.6113 - accuracy: 0.7846 - val_loss: 10.6946 - val_accuracy: 0.2811

Epoch 00004: val_loss did not improve from 5.68125
Epoch 5/100
56570/56570 - 45s - loss: 0.5819 - accuracy: 0.7949 - val_loss: 11.4521 - val_accuracy: 0.2901

Epoch 00005: val_loss did not improve from 5.68125
Epoch 6/100
56570/56570 - 45s - loss: 0.5612 - accuracy: 0.8019 - val_loss: 11.5969 - val_accuracy: 0.3080

Epoch 00006: val_loss did not improve from 5.68125
Epoch 7/100
56570/56570 - 45s - loss: 0.5447 - accuracy: 0.8071 - val_loss: 12.8978 - val_accuracy: 0.3016

Epoch 00007: val_loss did not improve from 5.68125
Epoch 8/100
56570/56570 - 45s - loss: 0.5316 - accuracy: 0.8125 - val_loss: 12.7037 - val_accuracy: 0.2823

Epoch 00008: val_loss did not improve from 5.68125
Epoch 9/100
56570/56570 - 45s - loss: 0.5196 - accuracy: 0.8167 - val_loss: 13.2358 - val_accuracy: 0.2904

Epoch 00009: val_loss did not improve from 5.68125
Epoch 10/100
56570/56570 - 45s - loss: 0.5083 - accuracy: 0.8205 - val_loss: 14.3049 - val_accuracy: 0.2912

Epoch 00010: val_loss did not improve from 5.68125
Epoch 11/100
56570/56570 - 45s - loss: 0.4996 - accuracy: 0.8234 - val_loss: 14.4391 - val_accuracy: 0.2698

Epoch 00011: val_loss did not improve from 5.68125
Epoch 12/100
56570/56570 - 45s - loss: 0.4894 - accuracy: 0.8270 - val_loss: 14.7521 - val_accuracy: 0.2995

Epoch 00012: val_loss did not improve from 5.68125
Epoch 13/100
56570/56570 - 45s - loss: 0.4811 - accuracy: 0.8296 - val_loss: 15.9351 - val_accuracy: 0.2385

Epoch 00013: val_loss did not improve from 5.68125
Epoch 14/100
56570/56570 - 45s - loss: 0.4733 - accuracy: 0.8328 - val_loss: 16.1986 - val_accuracy: 0.2824

Epoch 00014: val_loss did not improve from 5.68125
Epoch 15/100
56570/56570 - 45s - loss: 0.4663 - accuracy: 0.8354 - val_loss: 15.6852 - val_accuracy: 0.2806

Epoch 00015: val_loss did not improve from 5.68125
Epoch 16/100
56570/56570 - 45s - loss: 0.4611 - accuracy: 0.8375 - val_loss: 17.2553 - val_accuracy: 0.2522

Epoch 00016: val_loss did not improve from 5.68125
Epoch 17/100
56570/56570 - 44s - loss: 0.4560 - accuracy: 0.8386 - val_loss: 16.7401 - val_accuracy: 0.2590

Epoch 00017: val_loss did not improve from 5.68125
Epoch 18/100
56570/56570 - 44s - loss: 0.4519 - accuracy: 0.8400 - val_loss: 17.4925 - val_accuracy: 0.2729

Epoch 00018: val_loss did not improve from 5.68125
Epoch 19/100
56570/56570 - 45s - loss: 0.4498 - accuracy: 0.8407 - val_loss: 18.0233 - val_accuracy: 0.2439

Epoch 00019: val_loss did not improve from 5.68125
Epoch 20/100
56570/56570 - 45s - loss: 0.4462 - accuracy: 0.8417 - val_loss: 17.6884 - val_accuracy: 0.2431

Epoch 00020: val_loss did not improve from 5.68125
Epoch 21/100
56570/56570 - 44s - loss: 0.4437 - accuracy: 0.8433 - val_loss: 19.1480 - val_accuracy: 0.2607

Epoch 00021: val_loss did not improve from 5.68125
Epoch 22/100
56570/56570 - 44s - loss: 0.4406 - accuracy: 0.8441 - val_loss: 18.3835 - val_accuracy: 0.2391

Epoch 00022: val_loss did not improve from 5.68125
Epoch 23/100
56570/56570 - 44s - loss: 0.4382 - accuracy: 0.8451 - val_loss: 19.9905 - val_accuracy: 0.2563

Epoch 00023: val_loss did not improve from 5.68125
Epoch 24/100
56570/56570 - 44s - loss: 0.4369 - accuracy: 0.8457 - val_loss: 21.7535 - val_accuracy: 0.2567

Epoch 00024: val_loss did not improve from 5.68125
Epoch 25/100
56570/56570 - 45s - loss: 0.4336 - accuracy: 0.8465 - val_loss: 21.4985 - val_accuracy: 0.2545

Epoch 00025: val_loss did not improve from 5.68125
Epoch 26/100
56570/56570 - 45s - loss: 0.4326 - accuracy: 0.8479 - val_loss: 20.8954 - val_accuracy: 0.2588

Epoch 00026: val_loss did not improve from 5.68125
Epoch 27/100
56570/56570 - 44s - loss: 0.4316 - accuracy: 0.8481 - val_loss: 21.2842 - val_accuracy: 0.2548

Epoch 00027: val_loss did not improve from 5.68125
Epoch 28/100
56570/56570 - 44s - loss: 0.4296 - accuracy: 0.8485 - val_loss: 19.7919 - val_accuracy: 0.2575

Epoch 00028: val_loss did not improve from 5.68125
Epoch 29/100
56570/56570 - 44s - loss: 0.4277 - accuracy: 0.8497 - val_loss: 22.5647 - val_accuracy: 0.2565

Epoch 00029: val_loss did not improve from 5.68125
Epoch 30/100
56570/56570 - 44s - loss: 0.4257 - accuracy: 0.8497 - val_loss: 21.2262 - val_accuracy: 0.2606

Epoch 00030: val_loss did not improve from 5.68125
Epoch 31/100
56570/56570 - 44s - loss: 0.4240 - accuracy: 0.8506 - val_loss: 22.3170 - val_accuracy: 0.2550

Epoch 00031: val_loss did not improve from 5.68125
Epoch 32/100
56570/56570 - 44s - loss: 0.4232 - accuracy: 0.8509 - val_loss: 22.7300 - val_accuracy: 0.2440

Epoch 00032: val_loss did not improve from 5.68125
Epoch 33/100
56570/56570 - 44s - loss: 0.4227 - accuracy: 0.8512 - val_loss: 23.4578 - val_accuracy: 0.2445

Epoch 00033: val_loss did not improve from 5.68125
Epoch 34/100
56570/56570 - 44s - loss: 0.4207 - accuracy: 0.8526 - val_loss: 23.7756 - val_accuracy: 0.2504

Epoch 00034: val_loss did not improve from 5.68125
Epoch 35/100
56570/56570 - 44s - loss: 0.4205 - accuracy: 0.8530 - val_loss: 26.1085 - val_accuracy: 0.2535

Epoch 00035: val_loss did not improve from 5.68125
Epoch 36/100
56570/56570 - 44s - loss: 0.4194 - accuracy: 0.8530 - val_loss: 24.4356 - val_accuracy: 0.2405

Epoch 00036: val_loss did not improve from 5.68125
Epoch 37/100
56570/56570 - 44s - loss: 0.4202 - accuracy: 0.8525 - val_loss: 23.9630 - val_accuracy: 0.2574

Epoch 00037: val_loss did not improve from 5.68125
Epoch 38/100
56570/56570 - 44s - loss: 0.4184 - accuracy: 0.8532 - val_loss: 23.1038 - val_accuracy: 0.2549

Epoch 00038: val_loss did not improve from 5.68125
Epoch 39/100
56570/56570 - 44s - loss: 0.4168 - accuracy: 0.8531 - val_loss: 24.4205 - val_accuracy: 0.2403

Epoch 00039: val_loss did not improve from 5.68125
Epoch 40/100
56570/56570 - 42s - loss: 0.4166 - accuracy: 0.8538 - val_loss: 26.5572 - val_accuracy: 0.2396

Epoch 00040: val_loss did not improve from 5.68125
Epoch 41/100
56570/56570 - 43s - loss: 0.4159 - accuracy: 0.8548 - val_loss: 23.2075 - val_accuracy: 0.2487

Epoch 00041: val_loss did not improve from 5.68125
Epoch 42/100
56570/56570 - 43s - loss: 0.4150 - accuracy: 0.8537 - val_loss: 25.4068 - val_accuracy: 0.2485

Epoch 00042: val_loss did not improve from 5.68125
Epoch 43/100
56570/56570 - 43s - loss: 0.4138 - accuracy: 0.8555 - val_loss: 26.0318 - val_accuracy: 0.2439

Epoch 00043: val_loss did not improve from 5.68125
Epoch 44/100
56570/56570 - 43s - loss: 0.4127 - accuracy: 0.8555 - val_loss: 25.4704 - val_accuracy: 0.2357

Epoch 00044: val_loss did not improve from 5.68125
Epoch 45/100
56570/56570 - 43s - loss: 0.4116 - accuracy: 0.8560 - val_loss: 26.6917 - val_accuracy: 0.2493

Epoch 00045: val_loss did not improve from 5.68125
Epoch 46/100
56570/56570 - 43s - loss: 0.4107 - accuracy: 0.8560 - val_loss: 26.3566 - val_accuracy: 0.2487

Epoch 00046: val_loss did not improve from 5.68125
Epoch 47/100
56570/56570 - 43s - loss: 0.4109 - accuracy: 0.8563 - val_loss: 26.3116 - val_accuracy: 0.2441

Epoch 00047: val_loss did not improve from 5.68125
Epoch 48/100
56570/56570 - 43s - loss: 0.4101 - accuracy: 0.8565 - val_loss: 28.7677 - val_accuracy: 0.2458

Epoch 00048: val_loss did not improve from 5.68125
Epoch 49/100
56570/56570 - 43s - loss: 0.4091 - accuracy: 0.8573 - val_loss: 25.7070 - val_accuracy: 0.2333

Epoch 00049: val_loss did not improve from 5.68125
Epoch 50/100
56570/56570 - 43s - loss: 0.4096 - accuracy: 0.8570 - val_loss: 27.8542 - val_accuracy: 0.2450

Epoch 00050: val_loss did not improve from 5.68125
Epoch 51/100
56570/56570 - 43s - loss: 0.4071 - accuracy: 0.8580 - val_loss: 27.7110 - val_accuracy: 0.2400

Epoch 00051: val_loss did not improve from 5.68125
Epoch 52/100
56570/56570 - 43s - loss: 0.4082 - accuracy: 0.8580 - val_loss: 26.9442 - val_accuracy: 0.2379

Epoch 00052: val_loss did not improve from 5.68125
Epoch 53/100
56570/56570 - 43s - loss: 0.4080 - accuracy: 0.8580 - val_loss: 26.8710 - val_accuracy: 0.2412

Epoch 00053: val_loss did not improve from 5.68125
Epoch 54/100
56570/56570 - 43s - loss: 0.4075 - accuracy: 0.8576 - val_loss: 27.3880 - val_accuracy: 0.2407

Epoch 00054: val_loss did not improve from 5.68125
Epoch 55/100
56570/56570 - 43s - loss: 0.4064 - accuracy: 0.8587 - val_loss: 27.5304 - val_accuracy: 0.2330

Epoch 00055: val_loss did not improve from 5.68125
Epoch 56/100
56570/56570 - 43s - loss: 0.4069 - accuracy: 0.8586 - val_loss: 28.8045 - val_accuracy: 0.2267

Epoch 00056: val_loss did not improve from 5.68125
Epoch 57/100
56570/56570 - 43s - loss: 0.4049 - accuracy: 0.8586 - val_loss: 29.0881 - val_accuracy: 0.2354

Epoch 00057: val_loss did not improve from 5.68125
Epoch 58/100
56570/56570 - 43s - loss: 0.4052 - accuracy: 0.8579 - val_loss: 29.6841 - val_accuracy: 0.2343

Epoch 00058: val_loss did not improve from 5.68125
Epoch 59/100
56570/56570 - 43s - loss: 0.4059 - accuracy: 0.8594 - val_loss: 29.3288 - val_accuracy: 0.2361

Epoch 00059: val_loss did not improve from 5.68125
Epoch 60/100
56570/56570 - 43s - loss: 0.4055 - accuracy: 0.8588 - val_loss: 26.3243 - val_accuracy: 0.2370

Epoch 00060: val_loss did not improve from 5.68125
Epoch 61/100
56570/56570 - 43s - loss: 0.4053 - accuracy: 0.8594 - val_loss: 28.2545 - val_accuracy: 0.2294

Epoch 00061: val_loss did not improve from 5.68125
Epoch 62/100
56570/56570 - 43s - loss: 0.4053 - accuracy: 0.8593 - val_loss: 28.6013 - val_accuracy: 0.2301

Epoch 00062: val_loss did not improve from 5.68125
Epoch 63/100
56570/56570 - 43s - loss: 0.4038 - accuracy: 0.8596 - val_loss: 29.9022 - val_accuracy: 0.2354

Epoch 00063: val_loss did not improve from 5.68125
Epoch 64/100
56570/56570 - 43s - loss: 0.4039 - accuracy: 0.8594 - val_loss: 32.9420 - val_accuracy: 0.2358

Epoch 00064: val_loss did not improve from 5.68125
Epoch 65/100
56570/56570 - 43s - loss: 0.4029 - accuracy: 0.8603 - val_loss: 29.4309 - val_accuracy: 0.2339

Epoch 00065: val_loss did not improve from 5.68125
Epoch 66/100
56570/56570 - 43s - loss: 0.4022 - accuracy: 0.8608 - val_loss: 29.7382 - val_accuracy: 0.2288

Epoch 00066: val_loss did not improve from 5.68125
Epoch 67/100
56570/56570 - 43s - loss: 0.4040 - accuracy: 0.8604 - val_loss: 30.7560 - val_accuracy: 0.2330

Epoch 00067: val_loss did not improve from 5.68125
Epoch 68/100
56570/56570 - 43s - loss: 0.4016 - accuracy: 0.8606 - val_loss: 32.6522 - val_accuracy: 0.2283

Epoch 00068: val_loss did not improve from 5.68125
Epoch 69/100
56570/56570 - 43s - loss: 0.4006 - accuracy: 0.8618 - val_loss: 33.0381 - val_accuracy: 0.2287

Epoch 00069: val_loss did not improve from 5.68125
Epoch 70/100
56570/56570 - 43s - loss: 0.4018 - accuracy: 0.8614 - val_loss: 30.7995 - val_accuracy: 0.2328

Epoch 00070: val_loss did not improve from 5.68125
Epoch 71/100
56570/56570 - 43s - loss: 0.4009 - accuracy: 0.8613 - val_loss: 33.0193 - val_accuracy: 0.2306

Epoch 00071: val_loss did not improve from 5.68125
Epoch 72/100
56570/56570 - 43s - loss: 0.4011 - accuracy: 0.8607 - val_loss: 32.7989 - val_accuracy: 0.2390

Epoch 00072: val_loss did not improve from 5.68125
Epoch 73/100
56570/56570 - 43s - loss: 0.4010 - accuracy: 0.8612 - val_loss: 32.1205 - val_accuracy: 0.2385

Epoch 00073: val_loss did not improve from 5.68125
Epoch 74/100
56570/56570 - 43s - loss: 0.4020 - accuracy: 0.8611 - val_loss: 30.6259 - val_accuracy: 0.2201

Epoch 00074: val_loss did not improve from 5.68125
Epoch 75/100
56570/56570 - 43s - loss: 0.4017 - accuracy: 0.8612 - val_loss: 30.7568 - val_accuracy: 0.2250

Epoch 00075: val_loss did not improve from 5.68125
Epoch 76/100
56570/56570 - 43s - loss: 0.4018 - accuracy: 0.8616 - val_loss: 32.4141 - val_accuracy: 0.2234

Epoch 00076: val_loss did not improve from 5.68125
Epoch 77/100
56570/56570 - 45s - loss: 0.4025 - accuracy: 0.8610 - val_loss: 32.5753 - val_accuracy: 0.2086

Epoch 00077: val_loss did not improve from 5.68125
Epoch 78/100
56570/56570 - 43s - loss: 0.4020 - accuracy: 0.8609 - val_loss: 33.6526 - val_accuracy: 0.2296

Epoch 00078: val_loss did not improve from 5.68125
Epoch 79/100
56570/56570 - 43s - loss: 0.4030 - accuracy: 0.8608 - val_loss: 32.6805 - val_accuracy: 0.2298

Epoch 00079: val_loss did not improve from 5.68125
Epoch 80/100
56570/56570 - 43s - loss: 0.3994 - accuracy: 0.8619 - val_loss: 35.2771 - val_accuracy: 0.2237

Epoch 00080: val_loss did not improve from 5.68125
Epoch 81/100
56570/56570 - 43s - loss: 0.4011 - accuracy: 0.8619 - val_loss: 33.9454 - val_accuracy: 0.2333

Epoch 00081: val_loss did not improve from 5.68125
Epoch 82/100
56570/56570 - 43s - loss: 0.4024 - accuracy: 0.8616 - val_loss: 35.6496 - val_accuracy: 0.2180

Epoch 00082: val_loss did not improve from 5.68125
Epoch 83/100
56570/56570 - 43s - loss: 0.4017 - accuracy: 0.8614 - val_loss: 34.9872 - val_accuracy: 0.2240

Epoch 00083: val_loss did not improve from 5.68125
Epoch 84/100
56570/56570 - 43s - loss: 0.4002 - accuracy: 0.8617 - val_loss: 33.9660 - val_accuracy: 0.2311

Epoch 00084: val_loss did not improve from 5.68125
Epoch 85/100
56570/56570 - 43s - loss: 0.4003 - accuracy: 0.8619 - val_loss: 35.4392 - val_accuracy: 0.2219

Epoch 00085: val_loss did not improve from 5.68125
Epoch 86/100
56570/56570 - 43s - loss: 0.3982 - accuracy: 0.8627 - val_loss: 33.1958 - val_accuracy: 0.2261

Epoch 00086: val_loss did not improve from 5.68125
Epoch 87/100
56570/56570 - 43s - loss: 0.4012 - accuracy: 0.8619 - val_loss: 31.0258 - val_accuracy: 0.2292

Epoch 00087: val_loss did not improve from 5.68125
Epoch 88/100
56570/56570 - 43s - loss: 0.3993 - accuracy: 0.8625 - val_loss: 34.8167 - val_accuracy: 0.2172

Epoch 00088: val_loss did not improve from 5.68125
Epoch 89/100
56570/56570 - 43s - loss: 0.3987 - accuracy: 0.8633 - val_loss: 33.0595 - val_accuracy: 0.2309

Epoch 00089: val_loss did not improve from 5.68125
Epoch 90/100
56570/56570 - 43s - loss: 0.3999 - accuracy: 0.8627 - val_loss: 33.0479 - val_accuracy: 0.2333

Epoch 00090: val_loss did not improve from 5.68125
Epoch 91/100
56570/56570 - 43s - loss: 0.3984 - accuracy: 0.8626 - val_loss: 35.7351 - val_accuracy: 0.2355

Epoch 00091: val_loss did not improve from 5.68125
Epoch 92/100
56570/56570 - 44s - loss: 0.3989 - accuracy: 0.8631 - val_loss: 29.7285 - val_accuracy: 0.2216

Epoch 00092: val_loss did not improve from 5.68125
Epoch 93/100
56570/56570 - 44s - loss: 0.3983 - accuracy: 0.8635 - val_loss: 31.7802 - val_accuracy: 0.2376

Epoch 00093: val_loss did not improve from 5.68125
Epoch 94/100
56570/56570 - 45s - loss: 0.3976 - accuracy: 0.8634 - val_loss: 32.8553 - val_accuracy: 0.2062

Epoch 00094: val_loss did not improve from 5.68125
Epoch 95/100
56570/56570 - 44s - loss: 0.3993 - accuracy: 0.8633 - val_loss: 34.2552 - val_accuracy: 0.2205

Epoch 00095: val_loss did not improve from 5.68125
Epoch 96/100
56570/56570 - 44s - loss: 0.3994 - accuracy: 0.8632 - val_loss: 34.0299 - val_accuracy: 0.2219

Epoch 00096: val_loss did not improve from 5.68125
Epoch 97/100
56570/56570 - 43s - loss: 0.3956 - accuracy: 0.8644 - val_loss: 37.2220 - val_accuracy: 0.2182

Epoch 00097: val_loss did not improve from 5.68125
Epoch 98/100
56570/56570 - 43s - loss: 0.3985 - accuracy: 0.8631 - val_loss: 38.3081 - val_accuracy: 0.2260

Epoch 00098: val_loss did not improve from 5.68125
Epoch 99/100
56570/56570 - 44s - loss: 0.3955 - accuracy: 0.8643 - val_loss: 34.6139 - val_accuracy: 0.2175

Epoch 00099: val_loss did not improve from 5.68125
Epoch 100/100
56570/56570 - 42s - loss: 0.3969 - accuracy: 0.8641 - val_loss: 39.8051 - val_accuracy: 0.2177

Epoch 00100: val_loss did not improve from 5.68125
