Before oversampling: Counter({50.0: 52538, 10.0: 30078, 0.0: 22772, 100.0: 7624})
After oversampling: Counter({100.0: 52538, 50.0: 52538, 10.0: 52538, 0.0: 52538})
Model: "sequential"
_________________________________________________________________
Layer (type)                 Output Shape              Param #   
=================================================================
conv1d (Conv1D)              (None, 19, 64)            512       
_________________________________________________________________
conv1d_1 (Conv1D)            (None, 13, 64)            28736     
_________________________________________________________________
max_pooling1d (MaxPooling1D) (None, 6, 64)             0         
_________________________________________________________________
flatten (Flatten)            (None, 384)               0         
_________________________________________________________________
dense (Dense)                (None, 19)                7315      
_________________________________________________________________
dense_1 (Dense)              (None, 4)                 80        
=================================================================
Total params: 36,643
Trainable params: 36,643
Non-trainable params: 0
_________________________________________________________________
Epoch 1/100
21016/21016 - 20s - loss: 0.7722 - accuracy: 0.6747 - val_loss: 0.7450 - val_accuracy: 0.6786

Epoch 00001: val_loss improved from inf to 0.74498, saving model to ./results/CNN_trial_9_2/cp.ckpt
Epoch 2/100
21016/21016 - 19s - loss: 0.7236 - accuracy: 0.6952 - val_loss: 0.7457 - val_accuracy: 0.6578

Epoch 00002: val_loss did not improve from 0.74498
Epoch 3/100
21016/21016 - 19s - loss: 0.7027 - accuracy: 0.7021 - val_loss: 0.7168 - val_accuracy: 0.6903

Epoch 00003: val_loss improved from 0.74498 to 0.71676, saving model to ./results/CNN_trial_9_2/cp.ckpt
Epoch 4/100
21016/21016 - 19s - loss: 0.6912 - accuracy: 0.7081 - val_loss: 0.7458 - val_accuracy: 0.6920

Epoch 00004: val_loss did not improve from 0.71676
Epoch 5/100
21016/21016 - 19s - loss: 0.6840 - accuracy: 0.7120 - val_loss: 0.7238 - val_accuracy: 0.6930

Epoch 00005: val_loss did not improve from 0.71676
Epoch 6/100
21016/21016 - 19s - loss: 0.6790 - accuracy: 0.7139 - val_loss: 0.6979 - val_accuracy: 0.6953

Epoch 00006: val_loss improved from 0.71676 to 0.69790, saving model to ./results/CNN_trial_9_2/cp.ckpt
Epoch 7/100
21016/21016 - 19s - loss: 0.6748 - accuracy: 0.7156 - val_loss: 0.7180 - val_accuracy: 0.7037

Epoch 00007: val_loss did not improve from 0.69790
Epoch 8/100
21016/21016 - 19s - loss: 0.6723 - accuracy: 0.7170 - val_loss: 0.6981 - val_accuracy: 0.7064

Epoch 00008: val_loss did not improve from 0.69790
Epoch 9/100
21016/21016 - 19s - loss: 0.6683 - accuracy: 0.7202 - val_loss: 0.6924 - val_accuracy: 0.7042

Epoch 00009: val_loss improved from 0.69790 to 0.69237, saving model to ./results/CNN_trial_9_2/cp.ckpt
Epoch 10/100
21016/21016 - 19s - loss: 0.6649 - accuracy: 0.7216 - val_loss: 0.7058 - val_accuracy: 0.7000

Epoch 00010: val_loss did not improve from 0.69237
Epoch 11/100
21016/21016 - 19s - loss: 0.6631 - accuracy: 0.7213 - val_loss: 0.6861 - val_accuracy: 0.7068

Epoch 00011: val_loss improved from 0.69237 to 0.68608, saving model to ./results/CNN_trial_9_2/cp.ckpt
Epoch 12/100
21016/21016 - 19s - loss: 0.6610 - accuracy: 0.7222 - val_loss: 0.6921 - val_accuracy: 0.7058

Epoch 00012: val_loss did not improve from 0.68608
Epoch 13/100
21016/21016 - 19s - loss: 0.6591 - accuracy: 0.7232 - val_loss: 0.7103 - val_accuracy: 0.7059

Epoch 00013: val_loss did not improve from 0.68608
Epoch 14/100
21016/21016 - 19s - loss: 0.6567 - accuracy: 0.7259 - val_loss: 0.7218 - val_accuracy: 0.7056

Epoch 00014: val_loss did not improve from 0.68608
Epoch 15/100
21016/21016 - 19s - loss: 0.6542 - accuracy: 0.7245 - val_loss: 0.6898 - val_accuracy: 0.7096

Epoch 00015: val_loss did not improve from 0.68608
Epoch 16/100
21016/21016 - 19s - loss: 0.6524 - accuracy: 0.7264 - val_loss: 0.6878 - val_accuracy: 0.7092

Epoch 00016: val_loss did not improve from 0.68608
Epoch 17/100
21016/21016 - 20s - loss: 0.6513 - accuracy: 0.7288 - val_loss: 0.6940 - val_accuracy: 0.7081

Epoch 00017: val_loss did not improve from 0.68608
Epoch 18/100
21016/21016 - 19s - loss: 0.6491 - accuracy: 0.7285 - val_loss: 0.6924 - val_accuracy: 0.7090

Epoch 00018: val_loss did not improve from 0.68608
Epoch 19/100
21016/21016 - 20s - loss: 0.6485 - accuracy: 0.7288 - val_loss: 0.6990 - val_accuracy: 0.7102

Epoch 00019: val_loss did not improve from 0.68608
Epoch 20/100
21016/21016 - 20s - loss: 0.6459 - accuracy: 0.7298 - val_loss: 0.7139 - val_accuracy: 0.7069

Epoch 00020: val_loss did not improve from 0.68608
Epoch 21/100
21016/21016 - 19s - loss: 0.6454 - accuracy: 0.7308 - val_loss: 0.6823 - val_accuracy: 0.7133

Epoch 00021: val_loss improved from 0.68608 to 0.68229, saving model to ./results/CNN_trial_9_2/cp.ckpt
Epoch 22/100
21016/21016 - 19s - loss: 0.6440 - accuracy: 0.7307 - val_loss: 0.7013 - val_accuracy: 0.7068

Epoch 00022: val_loss did not improve from 0.68229
Epoch 23/100
21016/21016 - 18s - loss: 0.6428 - accuracy: 0.7317 - val_loss: 0.6975 - val_accuracy: 0.7066

Epoch 00023: val_loss did not improve from 0.68229
Epoch 24/100
21016/21016 - 16s - loss: 0.6422 - accuracy: 0.7313 - val_loss: 0.6686 - val_accuracy: 0.7191

Epoch 00024: val_loss improved from 0.68229 to 0.66856, saving model to ./results/CNN_trial_9_2/cp.ckpt
Epoch 25/100
21016/21016 - 16s - loss: 0.6418 - accuracy: 0.7314 - val_loss: 0.6914 - val_accuracy: 0.7127

Epoch 00025: val_loss did not improve from 0.66856
Epoch 26/100
21016/21016 - 16s - loss: 0.6395 - accuracy: 0.7327 - val_loss: 0.6791 - val_accuracy: 0.7079

Epoch 00026: val_loss did not improve from 0.66856
Epoch 27/100
21016/21016 - 16s - loss: 0.6396 - accuracy: 0.7318 - val_loss: 0.6874 - val_accuracy: 0.7081

Epoch 00027: val_loss did not improve from 0.66856
Epoch 28/100
21016/21016 - 17s - loss: 0.6385 - accuracy: 0.7331 - val_loss: 0.6717 - val_accuracy: 0.7171

Epoch 00028: val_loss did not improve from 0.66856
Epoch 29/100
21016/21016 - 16s - loss: 0.6380 - accuracy: 0.7334 - val_loss: 0.6854 - val_accuracy: 0.6996

Epoch 00029: val_loss did not improve from 0.66856
Epoch 30/100
21016/21016 - 16s - loss: 0.6371 - accuracy: 0.7335 - val_loss: 0.6872 - val_accuracy: 0.7079

Epoch 00030: val_loss did not improve from 0.66856
Epoch 31/100
21016/21016 - 16s - loss: 0.6364 - accuracy: 0.7344 - val_loss: 0.6864 - val_accuracy: 0.7077

Epoch 00031: val_loss did not improve from 0.66856
Epoch 32/100
21016/21016 - 16s - loss: 0.6347 - accuracy: 0.7364 - val_loss: 0.6902 - val_accuracy: 0.7112

Epoch 00032: val_loss did not improve from 0.66856
Epoch 33/100
21016/21016 - 16s - loss: 0.6342 - accuracy: 0.7344 - val_loss: 0.6765 - val_accuracy: 0.7168

Epoch 00033: val_loss did not improve from 0.66856
Epoch 34/100
21016/21016 - 16s - loss: 0.6339 - accuracy: 0.7349 - val_loss: 0.6849 - val_accuracy: 0.7174

Epoch 00034: val_loss did not improve from 0.66856
Epoch 35/100
21016/21016 - 16s - loss: 0.6338 - accuracy: 0.7354 - val_loss: 0.6791 - val_accuracy: 0.7124

Epoch 00035: val_loss did not improve from 0.66856
Epoch 36/100
21016/21016 - 16s - loss: 0.6325 - accuracy: 0.7361 - val_loss: 0.6891 - val_accuracy: 0.7093

Epoch 00036: val_loss did not improve from 0.66856
Epoch 37/100
21016/21016 - 16s - loss: 0.6319 - accuracy: 0.7357 - val_loss: 0.6846 - val_accuracy: 0.7108

Epoch 00037: val_loss did not improve from 0.66856
Epoch 38/100
21016/21016 - 16s - loss: 0.6314 - accuracy: 0.7368 - val_loss: 0.6821 - val_accuracy: 0.7114

Epoch 00038: val_loss did not improve from 0.66856
Epoch 39/100
21016/21016 - 16s - loss: 0.6316 - accuracy: 0.7366 - val_loss: 0.6997 - val_accuracy: 0.7118

Epoch 00039: val_loss did not improve from 0.66856
Epoch 40/100
21016/21016 - 16s - loss: 0.6307 - accuracy: 0.7369 - val_loss: 0.6763 - val_accuracy: 0.7210

Epoch 00040: val_loss did not improve from 0.66856
Epoch 41/100
21016/21016 - 16s - loss: 0.6295 - accuracy: 0.7371 - val_loss: 0.6973 - val_accuracy: 0.7126

Epoch 00041: val_loss did not improve from 0.66856
Epoch 42/100
21016/21016 - 16s - loss: 0.6292 - accuracy: 0.7380 - val_loss: 0.6702 - val_accuracy: 0.7201

Epoch 00042: val_loss did not improve from 0.66856
Epoch 43/100
21016/21016 - 16s - loss: 0.6290 - accuracy: 0.7374 - val_loss: 0.6802 - val_accuracy: 0.7149

Epoch 00043: val_loss did not improve from 0.66856
Epoch 44/100
21016/21016 - 16s - loss: 0.6284 - accuracy: 0.7367 - val_loss: 0.6776 - val_accuracy: 0.7093

Epoch 00044: val_loss did not improve from 0.66856
Epoch 45/100
21016/21016 - 16s - loss: 0.6273 - accuracy: 0.7382 - val_loss: 0.6855 - val_accuracy: 0.7143

Epoch 00045: val_loss did not improve from 0.66856
Epoch 46/100
21016/21016 - 16s - loss: 0.6273 - accuracy: 0.7381 - val_loss: 0.6773 - val_accuracy: 0.7178

Epoch 00046: val_loss did not improve from 0.66856
Epoch 47/100
21016/21016 - 16s - loss: 0.6280 - accuracy: 0.7375 - val_loss: 0.6723 - val_accuracy: 0.7156

Epoch 00047: val_loss did not improve from 0.66856
Epoch 48/100
21016/21016 - 16s - loss: 0.6276 - accuracy: 0.7392 - val_loss: 0.6728 - val_accuracy: 0.7206

Epoch 00048: val_loss did not improve from 0.66856
Epoch 49/100
21016/21016 - 16s - loss: 0.6269 - accuracy: 0.7386 - val_loss: 0.6982 - val_accuracy: 0.7100

Epoch 00049: val_loss did not improve from 0.66856
Epoch 50/100
21016/21016 - 16s - loss: 0.6266 - accuracy: 0.7383 - val_loss: 0.6932 - val_accuracy: 0.7131

Epoch 00050: val_loss did not improve from 0.66856
Epoch 51/100
21016/21016 - 16s - loss: 0.6260 - accuracy: 0.7389 - val_loss: 0.6870 - val_accuracy: 0.7097

Epoch 00051: val_loss did not improve from 0.66856
Epoch 52/100
21016/21016 - 16s - loss: 0.6249 - accuracy: 0.7383 - val_loss: 0.7180 - val_accuracy: 0.7027

Epoch 00052: val_loss did not improve from 0.66856
Epoch 53/100
21016/21016 - 16s - loss: 0.6243 - accuracy: 0.7398 - val_loss: 0.6767 - val_accuracy: 0.7165

Epoch 00053: val_loss did not improve from 0.66856
Epoch 54/100
21016/21016 - 16s - loss: 0.6246 - accuracy: 0.7396 - val_loss: 0.6822 - val_accuracy: 0.7136

Epoch 00054: val_loss did not improve from 0.66856
Epoch 55/100
21016/21016 - 16s - loss: 0.6242 - accuracy: 0.7391 - val_loss: 0.6973 - val_accuracy: 0.7108

Epoch 00055: val_loss did not improve from 0.66856
Epoch 56/100
21016/21016 - 16s - loss: 0.6243 - accuracy: 0.7394 - val_loss: 0.6902 - val_accuracy: 0.7117

Epoch 00056: val_loss did not improve from 0.66856
Epoch 57/100
21016/21016 - 16s - loss: 0.6239 - accuracy: 0.7407 - val_loss: 0.6881 - val_accuracy: 0.7093

Epoch 00057: val_loss did not improve from 0.66856
Epoch 58/100
21016/21016 - 16s - loss: 0.6235 - accuracy: 0.7395 - val_loss: 0.6789 - val_accuracy: 0.7166

Epoch 00058: val_loss did not improve from 0.66856
Epoch 59/100
21016/21016 - 16s - loss: 0.6233 - accuracy: 0.7402 - val_loss: 0.6855 - val_accuracy: 0.7091

Epoch 00059: val_loss did not improve from 0.66856
Epoch 60/100
21016/21016 - 16s - loss: 0.6222 - accuracy: 0.7405 - val_loss: 0.6970 - val_accuracy: 0.7125

Epoch 00060: val_loss did not improve from 0.66856
Epoch 61/100
21016/21016 - 16s - loss: 0.6227 - accuracy: 0.7408 - val_loss: 0.6659 - val_accuracy: 0.7190

Epoch 00061: val_loss improved from 0.66856 to 0.66588, saving model to ./results/CNN_trial_9_2/cp.ckpt
Epoch 62/100
21016/21016 - 16s - loss: 0.6217 - accuracy: 0.7407 - val_loss: 0.6986 - val_accuracy: 0.7142

Epoch 00062: val_loss did not improve from 0.66588
Epoch 63/100
21016/21016 - 16s - loss: 0.6227 - accuracy: 0.7406 - val_loss: 0.6891 - val_accuracy: 0.7134

Epoch 00063: val_loss did not improve from 0.66588
Epoch 64/100
21016/21016 - 16s - loss: 0.6217 - accuracy: 0.7409 - val_loss: 0.6864 - val_accuracy: 0.7155

Epoch 00064: val_loss did not improve from 0.66588
Epoch 65/100
21016/21016 - 16s - loss: 0.6211 - accuracy: 0.7415 - val_loss: 0.6859 - val_accuracy: 0.7060

Epoch 00065: val_loss did not improve from 0.66588
Epoch 66/100
21016/21016 - 16s - loss: 0.6221 - accuracy: 0.7402 - val_loss: 0.6673 - val_accuracy: 0.7243

Epoch 00066: val_loss did not improve from 0.66588
Epoch 67/100
21016/21016 - 16s - loss: 0.6205 - accuracy: 0.7416 - val_loss: 0.7126 - val_accuracy: 0.7112

Epoch 00067: val_loss did not improve from 0.66588
Epoch 68/100
21016/21016 - 16s - loss: 0.6204 - accuracy: 0.7433 - val_loss: 0.6893 - val_accuracy: 0.7151

Epoch 00068: val_loss did not improve from 0.66588
Epoch 69/100
21016/21016 - 16s - loss: 0.6214 - accuracy: 0.7408 - val_loss: 0.6897 - val_accuracy: 0.7128

Epoch 00069: val_loss did not improve from 0.66588
Epoch 70/100
21016/21016 - 16s - loss: 0.6204 - accuracy: 0.7417 - val_loss: 0.6863 - val_accuracy: 0.7169

Epoch 00070: val_loss did not improve from 0.66588
Epoch 71/100
21016/21016 - 16s - loss: 0.6192 - accuracy: 0.7424 - val_loss: 0.6814 - val_accuracy: 0.7161

Epoch 00071: val_loss did not improve from 0.66588
Epoch 72/100
21016/21016 - 16s - loss: 0.6202 - accuracy: 0.7419 - val_loss: 0.6756 - val_accuracy: 0.7256

Epoch 00072: val_loss did not improve from 0.66588
Epoch 73/100
21016/21016 - 16s - loss: 0.6200 - accuracy: 0.7417 - val_loss: 0.6760 - val_accuracy: 0.7140

Epoch 00073: val_loss did not improve from 0.66588
Epoch 74/100
21016/21016 - 16s - loss: 0.6201 - accuracy: 0.7426 - val_loss: 0.6937 - val_accuracy: 0.7127

Epoch 00074: val_loss did not improve from 0.66588
Epoch 75/100
21016/21016 - 16s - loss: 0.6193 - accuracy: 0.7413 - val_loss: 0.6940 - val_accuracy: 0.7166

Epoch 00075: val_loss did not improve from 0.66588
Epoch 76/100
21016/21016 - 16s - loss: 0.6202 - accuracy: 0.7409 - val_loss: 0.6802 - val_accuracy: 0.7121

Epoch 00076: val_loss did not improve from 0.66588
Epoch 77/100
21016/21016 - 16s - loss: 0.6192 - accuracy: 0.7429 - val_loss: 0.6783 - val_accuracy: 0.7140

Epoch 00077: val_loss did not improve from 0.66588
Epoch 78/100
21016/21016 - 16s - loss: 0.6188 - accuracy: 0.7420 - val_loss: 0.6772 - val_accuracy: 0.7150

Epoch 00078: val_loss did not improve from 0.66588
Epoch 79/100
21016/21016 - 16s - loss: 0.6188 - accuracy: 0.7423 - val_loss: 0.6807 - val_accuracy: 0.7229

Epoch 00079: val_loss did not improve from 0.66588
Epoch 80/100
21016/21016 - 16s - loss: 0.6191 - accuracy: 0.7417 - val_loss: 0.6778 - val_accuracy: 0.7151

Epoch 00080: val_loss did not improve from 0.66588
Epoch 81/100
21016/21016 - 16s - loss: 0.6192 - accuracy: 0.7420 - val_loss: 0.6852 - val_accuracy: 0.7143

Epoch 00081: val_loss did not improve from 0.66588
Epoch 82/100
21016/21016 - 16s - loss: 0.6181 - accuracy: 0.7420 - val_loss: 0.6955 - val_accuracy: 0.7122

Epoch 00082: val_loss did not improve from 0.66588
Epoch 83/100
21016/21016 - 16s - loss: 0.6188 - accuracy: 0.7421 - val_loss: 0.6829 - val_accuracy: 0.7178

Epoch 00083: val_loss did not improve from 0.66588
Epoch 84/100
21016/21016 - 16s - loss: 0.6179 - accuracy: 0.7422 - val_loss: 0.6790 - val_accuracy: 0.7177

Epoch 00084: val_loss did not improve from 0.66588
Epoch 85/100
21016/21016 - 16s - loss: 0.6178 - accuracy: 0.7435 - val_loss: 0.6764 - val_accuracy: 0.7140

Epoch 00085: val_loss did not improve from 0.66588
Epoch 86/100
21016/21016 - 16s - loss: 0.6186 - accuracy: 0.7419 - val_loss: 0.7049 - val_accuracy: 0.7129

Epoch 00086: val_loss did not improve from 0.66588
Epoch 87/100
21016/21016 - 16s - loss: 0.6175 - accuracy: 0.7434 - val_loss: 0.6720 - val_accuracy: 0.7242

Epoch 00087: val_loss did not improve from 0.66588
Epoch 88/100
21016/21016 - 16s - loss: 0.6182 - accuracy: 0.7427 - val_loss: 0.6895 - val_accuracy: 0.7126

Epoch 00088: val_loss did not improve from 0.66588
Epoch 89/100
21016/21016 - 16s - loss: 0.6178 - accuracy: 0.7445 - val_loss: 0.6704 - val_accuracy: 0.7178

Epoch 00089: val_loss did not improve from 0.66588
Epoch 90/100
21016/21016 - 16s - loss: 0.6171 - accuracy: 0.7427 - val_loss: 0.6716 - val_accuracy: 0.7223

Epoch 00090: val_loss did not improve from 0.66588
Epoch 91/100
21016/21016 - 16s - loss: 0.6169 - accuracy: 0.7431 - val_loss: 0.6691 - val_accuracy: 0.7145

Epoch 00091: val_loss did not improve from 0.66588
Epoch 92/100
21016/21016 - 16s - loss: 0.6168 - accuracy: 0.7426 - val_loss: 0.6871 - val_accuracy: 0.7177

Epoch 00092: val_loss did not improve from 0.66588
Epoch 93/100
21016/21016 - 16s - loss: 0.6179 - accuracy: 0.7424 - val_loss: 0.6714 - val_accuracy: 0.7188

Epoch 00093: val_loss did not improve from 0.66588
Epoch 94/100
21016/21016 - 16s - loss: 0.6181 - accuracy: 0.7424 - val_loss: 0.6822 - val_accuracy: 0.7132

Epoch 00094: val_loss did not improve from 0.66588
Epoch 95/100
21016/21016 - 16s - loss: 0.6174 - accuracy: 0.7442 - val_loss: 0.6751 - val_accuracy: 0.7117

Epoch 00095: val_loss did not improve from 0.66588
Epoch 96/100
21016/21016 - 16s - loss: 0.6175 - accuracy: 0.7438 - val_loss: 0.6982 - val_accuracy: 0.7147

Epoch 00096: val_loss did not improve from 0.66588
Epoch 97/100
21016/21016 - 16s - loss: 0.6163 - accuracy: 0.7447 - val_loss: 0.6663 - val_accuracy: 0.7240

Epoch 00097: val_loss did not improve from 0.66588
Epoch 98/100
21016/21016 - 16s - loss: 0.6171 - accuracy: 0.7431 - val_loss: 0.6906 - val_accuracy: 0.7148

Epoch 00098: val_loss did not improve from 0.66588
Epoch 99/100
21016/21016 - 16s - loss: 0.6159 - accuracy: 0.7432 - val_loss: 0.6840 - val_accuracy: 0.7150

Epoch 00099: val_loss did not improve from 0.66588
Epoch 100/100
21016/21016 - 16s - loss: 0.6165 - accuracy: 0.7439 - val_loss: 0.6753 - val_accuracy: 0.7132

Epoch 00100: val_loss did not improve from 0.66588
