Before oversampling: Counter({0.0: 22772, 10.0: 15114, 50.0: 15085, 90.0: 15054, 30.0: 14964, 70.0: 14771, 92.0: 7628, 100.0: 7624})
After oversampling: Counter({100.0: 22772, 92.0: 22772, 90.0: 22772, 10.0: 22772, 0.0: 22772, 70.0: 22772, 50.0: 22772, 30.0: 22772})
Model: "sequential"
_________________________________________________________________
Layer (type)                 Output Shape              Param #   
=================================================================
dense (Dense)                (None, 17)                323       
_________________________________________________________________
dense_1 (Dense)              (None, 8)                 144       
=================================================================
Total params: 467
Trainable params: 467
Non-trainable params: 0
_________________________________________________________________
Epoch 1/100
18218/18218 - 8s - loss: 1.5213 - accuracy: 0.4012 - val_loss: 1.4770 - val_accuracy: 0.4290

Epoch 00001: val_loss improved from inf to 1.47701, saving model to ./results/NN_GLCM_C8/cp.ckpt
Epoch 2/100
18218/18218 - 7s - loss: 1.4365 - accuracy: 0.4358 - val_loss: 1.4225 - val_accuracy: 0.4402

Epoch 00002: val_loss improved from 1.47701 to 1.42253, saving model to ./results/NN_GLCM_C8/cp.ckpt
Epoch 3/100
18218/18218 - 7s - loss: 1.4021 - accuracy: 0.4507 - val_loss: 1.4015 - val_accuracy: 0.4493

Epoch 00003: val_loss improved from 1.42253 to 1.40145, saving model to ./results/NN_GLCM_C8/cp.ckpt
Epoch 4/100
18218/18218 - 7s - loss: 1.3860 - accuracy: 0.4555 - val_loss: 1.3846 - val_accuracy: 0.4543

Epoch 00004: val_loss improved from 1.40145 to 1.38459, saving model to ./results/NN_GLCM_C8/cp.ckpt
Epoch 5/100
18218/18218 - 7s - loss: 1.3749 - accuracy: 0.4598 - val_loss: 1.3767 - val_accuracy: 0.4597

Epoch 00005: val_loss improved from 1.38459 to 1.37670, saving model to ./results/NN_GLCM_C8/cp.ckpt
Epoch 6/100
18218/18218 - 7s - loss: 1.3654 - accuracy: 0.4639 - val_loss: 1.3757 - val_accuracy: 0.4645

Epoch 00006: val_loss improved from 1.37670 to 1.37574, saving model to ./results/NN_GLCM_C8/cp.ckpt
Epoch 7/100
18218/18218 - 7s - loss: 1.3569 - accuracy: 0.4671 - val_loss: 1.3675 - val_accuracy: 0.4637

Epoch 00007: val_loss improved from 1.37574 to 1.36750, saving model to ./results/NN_GLCM_C8/cp.ckpt
Epoch 8/100
18218/18218 - 7s - loss: 1.3505 - accuracy: 0.4697 - val_loss: 1.3646 - val_accuracy: 0.4600

Epoch 00008: val_loss improved from 1.36750 to 1.36458, saving model to ./results/NN_GLCM_C8/cp.ckpt
Epoch 9/100
18218/18218 - 7s - loss: 1.3452 - accuracy: 0.4720 - val_loss: 1.3575 - val_accuracy: 0.4604

Epoch 00009: val_loss improved from 1.36458 to 1.35753, saving model to ./results/NN_GLCM_C8/cp.ckpt
Epoch 10/100
18218/18218 - 7s - loss: 1.3405 - accuracy: 0.4736 - val_loss: 1.3414 - val_accuracy: 0.4698

Epoch 00010: val_loss improved from 1.35753 to 1.34138, saving model to ./results/NN_GLCM_C8/cp.ckpt
Epoch 11/100
18218/18218 - 7s - loss: 1.3363 - accuracy: 0.4770 - val_loss: 1.3480 - val_accuracy: 0.4653

Epoch 00011: val_loss did not improve from 1.34138
Epoch 12/100
18218/18218 - 7s - loss: 1.3328 - accuracy: 0.4794 - val_loss: 1.3396 - val_accuracy: 0.4666

Epoch 00012: val_loss improved from 1.34138 to 1.33961, saving model to ./results/NN_GLCM_C8/cp.ckpt
Epoch 13/100
18218/18218 - 7s - loss: 1.3293 - accuracy: 0.4807 - val_loss: 1.3409 - val_accuracy: 0.4676

Epoch 00013: val_loss did not improve from 1.33961
Epoch 14/100
18218/18218 - 7s - loss: 1.3252 - accuracy: 0.4828 - val_loss: 1.3466 - val_accuracy: 0.4689

Epoch 00014: val_loss did not improve from 1.33961
Epoch 15/100
18218/18218 - 7s - loss: 1.3228 - accuracy: 0.4830 - val_loss: 1.3309 - val_accuracy: 0.4756

Epoch 00015: val_loss improved from 1.33961 to 1.33088, saving model to ./results/NN_GLCM_C8/cp.ckpt
Epoch 16/100
18218/18218 - 7s - loss: 1.3204 - accuracy: 0.4843 - val_loss: 1.3275 - val_accuracy: 0.4722

Epoch 00016: val_loss improved from 1.33088 to 1.32745, saving model to ./results/NN_GLCM_C8/cp.ckpt
Epoch 17/100
18218/18218 - 7s - loss: 1.3181 - accuracy: 0.4857 - val_loss: 1.3382 - val_accuracy: 0.4698

Epoch 00017: val_loss did not improve from 1.32745
Epoch 18/100
18218/18218 - 7s - loss: 1.3168 - accuracy: 0.4857 - val_loss: 1.3391 - val_accuracy: 0.4715

Epoch 00018: val_loss did not improve from 1.32745
Epoch 19/100
18218/18218 - 7s - loss: 1.3150 - accuracy: 0.4878 - val_loss: 1.3279 - val_accuracy: 0.4764

Epoch 00019: val_loss did not improve from 1.32745
Epoch 20/100
18218/18218 - 7s - loss: 1.3134 - accuracy: 0.4869 - val_loss: 1.3281 - val_accuracy: 0.4777

Epoch 00020: val_loss did not improve from 1.32745
Epoch 21/100
18218/18218 - 7s - loss: 1.3123 - accuracy: 0.4884 - val_loss: 1.3285 - val_accuracy: 0.4747

Epoch 00021: val_loss did not improve from 1.32745
Epoch 22/100
18218/18218 - 7s - loss: 1.3109 - accuracy: 0.4884 - val_loss: 1.3262 - val_accuracy: 0.4724

Epoch 00022: val_loss improved from 1.32745 to 1.32615, saving model to ./results/NN_GLCM_C8/cp.ckpt
Epoch 23/100
18218/18218 - 7s - loss: 1.3090 - accuracy: 0.4897 - val_loss: 1.3227 - val_accuracy: 0.4784

Epoch 00023: val_loss improved from 1.32615 to 1.32272, saving model to ./results/NN_GLCM_C8/cp.ckpt
Epoch 24/100
18218/18218 - 7s - loss: 1.3075 - accuracy: 0.4906 - val_loss: 1.3192 - val_accuracy: 0.4780

Epoch 00024: val_loss improved from 1.32272 to 1.31923, saving model to ./results/NN_GLCM_C8/cp.ckpt
Epoch 25/100
18218/18218 - 7s - loss: 1.3059 - accuracy: 0.4912 - val_loss: 1.3336 - val_accuracy: 0.4678

Epoch 00025: val_loss did not improve from 1.31923
Epoch 26/100
18218/18218 - 7s - loss: 1.3049 - accuracy: 0.4907 - val_loss: 1.3288 - val_accuracy: 0.4702

Epoch 00026: val_loss did not improve from 1.31923
Epoch 27/100
18218/18218 - 7s - loss: 1.3032 - accuracy: 0.4916 - val_loss: 1.3311 - val_accuracy: 0.4691

Epoch 00027: val_loss did not improve from 1.31923
Epoch 28/100
18218/18218 - 7s - loss: 1.3034 - accuracy: 0.4920 - val_loss: 1.3249 - val_accuracy: 0.4744

Epoch 00028: val_loss did not improve from 1.31923
Epoch 29/100
18218/18218 - 7s - loss: 1.3024 - accuracy: 0.4928 - val_loss: 1.3333 - val_accuracy: 0.4801

Epoch 00029: val_loss did not improve from 1.31923
Epoch 30/100
18218/18218 - 7s - loss: 1.3011 - accuracy: 0.4927 - val_loss: 1.3163 - val_accuracy: 0.4798

Epoch 00030: val_loss improved from 1.31923 to 1.31631, saving model to ./results/NN_GLCM_C8/cp.ckpt
Epoch 31/100
18218/18218 - 7s - loss: 1.3005 - accuracy: 0.4932 - val_loss: 1.3227 - val_accuracy: 0.4748

Epoch 00031: val_loss did not improve from 1.31631
Epoch 32/100
18218/18218 - 7s - loss: 1.3004 - accuracy: 0.4936 - val_loss: 1.3178 - val_accuracy: 0.4823

Epoch 00032: val_loss did not improve from 1.31631
Epoch 33/100
18218/18218 - 7s - loss: 1.2996 - accuracy: 0.4937 - val_loss: 1.3183 - val_accuracy: 0.4802

Epoch 00033: val_loss did not improve from 1.31631
Epoch 34/100
18218/18218 - 7s - loss: 1.2986 - accuracy: 0.4938 - val_loss: 1.3282 - val_accuracy: 0.4800

Epoch 00034: val_loss did not improve from 1.31631
Epoch 35/100
18218/18218 - 7s - loss: 1.2979 - accuracy: 0.4938 - val_loss: 1.3232 - val_accuracy: 0.4771

Epoch 00035: val_loss did not improve from 1.31631
Epoch 36/100
18218/18218 - 7s - loss: 1.2974 - accuracy: 0.4947 - val_loss: 1.3131 - val_accuracy: 0.4771

Epoch 00036: val_loss improved from 1.31631 to 1.31309, saving model to ./results/NN_GLCM_C8/cp.ckpt
Epoch 37/100
18218/18218 - 7s - loss: 1.2971 - accuracy: 0.4952 - val_loss: 1.3189 - val_accuracy: 0.4783

Epoch 00037: val_loss did not improve from 1.31309
Epoch 38/100
18218/18218 - 7s - loss: 1.2963 - accuracy: 0.4944 - val_loss: 1.3366 - val_accuracy: 0.4824

Epoch 00038: val_loss did not improve from 1.31309
Epoch 39/100
18218/18218 - 7s - loss: 1.2961 - accuracy: 0.4962 - val_loss: 1.3208 - val_accuracy: 0.4764

Epoch 00039: val_loss did not improve from 1.31309
Epoch 40/100
18218/18218 - 7s - loss: 1.2955 - accuracy: 0.4956 - val_loss: 1.3169 - val_accuracy: 0.4737

Epoch 00040: val_loss did not improve from 1.31309
Epoch 41/100
18218/18218 - 7s - loss: 1.2947 - accuracy: 0.4973 - val_loss: 1.3211 - val_accuracy: 0.4832

Epoch 00041: val_loss did not improve from 1.31309
Epoch 42/100
18218/18218 - 8s - loss: 1.2948 - accuracy: 0.4974 - val_loss: 1.3133 - val_accuracy: 0.4773

Epoch 00042: val_loss did not improve from 1.31309
Epoch 43/100
18218/18218 - 7s - loss: 1.2942 - accuracy: 0.4972 - val_loss: 1.3131 - val_accuracy: 0.4781

Epoch 00043: val_loss improved from 1.31309 to 1.31308, saving model to ./results/NN_GLCM_C8/cp.ckpt
Epoch 44/100
18218/18218 - 7s - loss: 1.2936 - accuracy: 0.4976 - val_loss: 1.3097 - val_accuracy: 0.4817

Epoch 00044: val_loss improved from 1.31308 to 1.30965, saving model to ./results/NN_GLCM_C8/cp.ckpt
Epoch 45/100
18218/18218 - 7s - loss: 1.2927 - accuracy: 0.4974 - val_loss: 1.3137 - val_accuracy: 0.4789

Epoch 00045: val_loss did not improve from 1.30965
Epoch 46/100
18218/18218 - 7s - loss: 1.2926 - accuracy: 0.4974 - val_loss: 1.3125 - val_accuracy: 0.4804

Epoch 00046: val_loss did not improve from 1.30965
Epoch 47/100
18218/18218 - 7s - loss: 1.2918 - accuracy: 0.4987 - val_loss: 1.3131 - val_accuracy: 0.4824

Epoch 00047: val_loss did not improve from 1.30965
Epoch 48/100
18218/18218 - 7s - loss: 1.2921 - accuracy: 0.4991 - val_loss: 1.3105 - val_accuracy: 0.4832

Epoch 00048: val_loss did not improve from 1.30965
Epoch 49/100
18218/18218 - 7s - loss: 1.2914 - accuracy: 0.4983 - val_loss: 1.3095 - val_accuracy: 0.4813

Epoch 00049: val_loss improved from 1.30965 to 1.30951, saving model to ./results/NN_GLCM_C8/cp.ckpt
Epoch 50/100
18218/18218 - 7s - loss: 1.2909 - accuracy: 0.4996 - val_loss: 1.3094 - val_accuracy: 0.4878

Epoch 00050: val_loss improved from 1.30951 to 1.30936, saving model to ./results/NN_GLCM_C8/cp.ckpt
Epoch 51/100
18218/18218 - 7s - loss: 1.2902 - accuracy: 0.4993 - val_loss: 1.3069 - val_accuracy: 0.4804

Epoch 00051: val_loss improved from 1.30936 to 1.30685, saving model to ./results/NN_GLCM_C8/cp.ckpt
Epoch 52/100
18218/18218 - 7s - loss: 1.2895 - accuracy: 0.4986 - val_loss: 1.3161 - val_accuracy: 0.4794

Epoch 00052: val_loss did not improve from 1.30685
Epoch 53/100
18218/18218 - 7s - loss: 1.2895 - accuracy: 0.4999 - val_loss: 1.3097 - val_accuracy: 0.4838

Epoch 00053: val_loss did not improve from 1.30685
Epoch 54/100
18218/18218 - 7s - loss: 1.2892 - accuracy: 0.5006 - val_loss: 1.3070 - val_accuracy: 0.4805

Epoch 00054: val_loss did not improve from 1.30685
Epoch 55/100
18218/18218 - 7s - loss: 1.2887 - accuracy: 0.5016 - val_loss: 1.3211 - val_accuracy: 0.4789

Epoch 00055: val_loss did not improve from 1.30685
Epoch 56/100
18218/18218 - 7s - loss: 1.2883 - accuracy: 0.5007 - val_loss: 1.3228 - val_accuracy: 0.4773

Epoch 00056: val_loss did not improve from 1.30685
Epoch 57/100
18218/18218 - 7s - loss: 1.2877 - accuracy: 0.5010 - val_loss: 1.3082 - val_accuracy: 0.4851

Epoch 00057: val_loss did not improve from 1.30685
Epoch 58/100
18218/18218 - 7s - loss: 1.2874 - accuracy: 0.5005 - val_loss: 1.3043 - val_accuracy: 0.4807

Epoch 00058: val_loss improved from 1.30685 to 1.30430, saving model to ./results/NN_GLCM_C8/cp.ckpt
Epoch 59/100
18218/18218 - 7s - loss: 1.2873 - accuracy: 0.5007 - val_loss: 1.3081 - val_accuracy: 0.4892

Epoch 00059: val_loss did not improve from 1.30430
Epoch 60/100
18218/18218 - 7s - loss: 1.2866 - accuracy: 0.5019 - val_loss: 1.3052 - val_accuracy: 0.4862

Epoch 00060: val_loss did not improve from 1.30430
Epoch 61/100
18218/18218 - 7s - loss: 1.2869 - accuracy: 0.5013 - val_loss: 1.3065 - val_accuracy: 0.4890

Epoch 00061: val_loss did not improve from 1.30430
Epoch 62/100
18218/18218 - 7s - loss: 1.2862 - accuracy: 0.5030 - val_loss: 1.3097 - val_accuracy: 0.4880

Epoch 00062: val_loss did not improve from 1.30430
Epoch 63/100
18218/18218 - 7s - loss: 1.2862 - accuracy: 0.5023 - val_loss: 1.3177 - val_accuracy: 0.4775

Epoch 00063: val_loss did not improve from 1.30430
Epoch 64/100
18218/18218 - 7s - loss: 1.2855 - accuracy: 0.5006 - val_loss: 1.3079 - val_accuracy: 0.4838

Epoch 00064: val_loss did not improve from 1.30430
Epoch 65/100
18218/18218 - 7s - loss: 1.2853 - accuracy: 0.5028 - val_loss: 1.3094 - val_accuracy: 0.4838

Epoch 00065: val_loss did not improve from 1.30430
Epoch 66/100
18218/18218 - 7s - loss: 1.2851 - accuracy: 0.5022 - val_loss: 1.3132 - val_accuracy: 0.4873

Epoch 00066: val_loss did not improve from 1.30430
Epoch 67/100
18218/18218 - 7s - loss: 1.2850 - accuracy: 0.5024 - val_loss: 1.3049 - val_accuracy: 0.4891

Epoch 00067: val_loss did not improve from 1.30430
Epoch 68/100
18218/18218 - 7s - loss: 1.2852 - accuracy: 0.5029 - val_loss: 1.3002 - val_accuracy: 0.4918

Epoch 00068: val_loss improved from 1.30430 to 1.30018, saving model to ./results/NN_GLCM_C8/cp.ckpt
Epoch 69/100
18218/18218 - 7s - loss: 1.2850 - accuracy: 0.5043 - val_loss: 1.3152 - val_accuracy: 0.4870

Epoch 00069: val_loss did not improve from 1.30018
Epoch 70/100
18218/18218 - 10s - loss: 1.2841 - accuracy: 0.5044 - val_loss: 1.3104 - val_accuracy: 0.4901

Epoch 00070: val_loss did not improve from 1.30018
Epoch 71/100
18218/18218 - 7s - loss: 1.2837 - accuracy: 0.5033 - val_loss: 1.3034 - val_accuracy: 0.4894

Epoch 00071: val_loss did not improve from 1.30018
Epoch 72/100
18218/18218 - 7s - loss: 1.2842 - accuracy: 0.5034 - val_loss: 1.3029 - val_accuracy: 0.4874

Epoch 00072: val_loss did not improve from 1.30018
Epoch 73/100
18218/18218 - 7s - loss: 1.2826 - accuracy: 0.5036 - val_loss: 1.3168 - val_accuracy: 0.4859

Epoch 00073: val_loss did not improve from 1.30018
Epoch 74/100
18218/18218 - 7s - loss: 1.2828 - accuracy: 0.5050 - val_loss: 1.3087 - val_accuracy: 0.4858

Epoch 00074: val_loss did not improve from 1.30018
Epoch 75/100
18218/18218 - 8s - loss: 1.2834 - accuracy: 0.5029 - val_loss: 1.3023 - val_accuracy: 0.4891

Epoch 00075: val_loss did not improve from 1.30018
Epoch 76/100
18218/18218 - 7s - loss: 1.2832 - accuracy: 0.5036 - val_loss: 1.3096 - val_accuracy: 0.4806

Epoch 00076: val_loss did not improve from 1.30018
Epoch 77/100
18218/18218 - 7s - loss: 1.2824 - accuracy: 0.5049 - val_loss: 1.3103 - val_accuracy: 0.4841

Epoch 00077: val_loss did not improve from 1.30018
Epoch 78/100
18218/18218 - 7s - loss: 1.2827 - accuracy: 0.5044 - val_loss: 1.2996 - val_accuracy: 0.4862

Epoch 00078: val_loss improved from 1.30018 to 1.29957, saving model to ./results/NN_GLCM_C8/cp.ckpt
Epoch 79/100
18218/18218 - 8s - loss: 1.2821 - accuracy: 0.5048 - val_loss: 1.3045 - val_accuracy: 0.4860

Epoch 00079: val_loss did not improve from 1.29957
Epoch 80/100
18218/18218 - 7s - loss: 1.2819 - accuracy: 0.5043 - val_loss: 1.3133 - val_accuracy: 0.4843

Epoch 00080: val_loss did not improve from 1.29957
Epoch 81/100
18218/18218 - 7s - loss: 1.2818 - accuracy: 0.5047 - val_loss: 1.2995 - val_accuracy: 0.4938

Epoch 00081: val_loss improved from 1.29957 to 1.29954, saving model to ./results/NN_GLCM_C8/cp.ckpt
Epoch 82/100
18218/18218 - 7s - loss: 1.2817 - accuracy: 0.5048 - val_loss: 1.3068 - val_accuracy: 0.4861

Epoch 00082: val_loss did not improve from 1.29954
Epoch 83/100
18218/18218 - 7s - loss: 1.2811 - accuracy: 0.5040 - val_loss: 1.3079 - val_accuracy: 0.4820

Epoch 00083: val_loss did not improve from 1.29954
Epoch 84/100
18218/18218 - 7s - loss: 1.2810 - accuracy: 0.5051 - val_loss: 1.2971 - val_accuracy: 0.4917

Epoch 00084: val_loss improved from 1.29954 to 1.29707, saving model to ./results/NN_GLCM_C8/cp.ckpt
Epoch 85/100
18218/18218 - 7s - loss: 1.2809 - accuracy: 0.5047 - val_loss: 1.3091 - val_accuracy: 0.4828

Epoch 00085: val_loss did not improve from 1.29707
Epoch 86/100
18218/18218 - 7s - loss: 1.2809 - accuracy: 0.5051 - val_loss: 1.3062 - val_accuracy: 0.4894

Epoch 00086: val_loss did not improve from 1.29707
Epoch 87/100
18218/18218 - 7s - loss: 1.2803 - accuracy: 0.5051 - val_loss: 1.3017 - val_accuracy: 0.4856

Epoch 00087: val_loss did not improve from 1.29707
Epoch 88/100
18218/18218 - 7s - loss: 1.2801 - accuracy: 0.5053 - val_loss: 1.3026 - val_accuracy: 0.4914

Epoch 00088: val_loss did not improve from 1.29707
Epoch 89/100
18218/18218 - 7s - loss: 1.2803 - accuracy: 0.5054 - val_loss: 1.3064 - val_accuracy: 0.4851

Epoch 00089: val_loss did not improve from 1.29707
Epoch 90/100
18218/18218 - 7s - loss: 1.2797 - accuracy: 0.5048 - val_loss: 1.3138 - val_accuracy: 0.4880

Epoch 00090: val_loss did not improve from 1.29707
Epoch 91/100
18218/18218 - 7s - loss: 1.2795 - accuracy: 0.5048 - val_loss: 1.3009 - val_accuracy: 0.4939

Epoch 00091: val_loss did not improve from 1.29707
Epoch 92/100
18218/18218 - 7s - loss: 1.2796 - accuracy: 0.5064 - val_loss: 1.3065 - val_accuracy: 0.4843

Epoch 00092: val_loss did not improve from 1.29707
Epoch 93/100
18218/18218 - 7s - loss: 1.2796 - accuracy: 0.5063 - val_loss: 1.3061 - val_accuracy: 0.4834

Epoch 00093: val_loss did not improve from 1.29707
Epoch 94/100
18218/18218 - 7s - loss: 1.2787 - accuracy: 0.5054 - val_loss: 1.3053 - val_accuracy: 0.4872

Epoch 00094: val_loss did not improve from 1.29707
Epoch 95/100
18218/18218 - 7s - loss: 1.2785 - accuracy: 0.5061 - val_loss: 1.3098 - val_accuracy: 0.4864

Epoch 00095: val_loss did not improve from 1.29707
Epoch 96/100
18218/18218 - 7s - loss: 1.2790 - accuracy: 0.5062 - val_loss: 1.3148 - val_accuracy: 0.4856

Epoch 00096: val_loss did not improve from 1.29707
Epoch 97/100
18218/18218 - 7s - loss: 1.2786 - accuracy: 0.5053 - val_loss: 1.3084 - val_accuracy: 0.4922

Epoch 00097: val_loss did not improve from 1.29707
Epoch 98/100
18218/18218 - 7s - loss: 1.2783 - accuracy: 0.5066 - val_loss: 1.3071 - val_accuracy: 0.4903

Epoch 00098: val_loss did not improve from 1.29707
Epoch 99/100
18218/18218 - 7s - loss: 1.2789 - accuracy: 0.5061 - val_loss: 1.3065 - val_accuracy: 0.4915

Epoch 00099: val_loss did not improve from 1.29707
Epoch 100/100
18218/18218 - 7s - loss: 1.2783 - accuracy: 0.5072 - val_loss: 1.2976 - val_accuracy: 0.4875

Epoch 00100: val_loss did not improve from 1.29707
