Before oversampling: Counter({92.0: 7628, 100.0: 7624, 91.0: 7615, 0.0: 7615, 60.0: 7609, 10.0: 7595, 70.0: 7583, 1.0: 7580, 2.0: 7577, 20.0: 7519, 40.0: 7516, 50.0: 7476, 30.0: 7448, 90.0: 7439, 80.0: 7188})
After oversampling: Counter({100.0: 7628, 92.0: 7628, 91.0: 7628, 90.0: 7628, 20.0: 7628, 1.0: 7628, 80.0: 7628, 70.0: 7628, 0.0: 7628, 50.0: 7628, 30.0: 7628, 10.0: 7628, 40.0: 7628, 2.0: 7628, 60.0: 7628})
Model: "sequential"
_________________________________________________________________
Layer (type)                 Output Shape              Param #   
=================================================================
dense (Dense)                (None, 6)                 24        
_________________________________________________________________
dense_1 (Dense)              (None, 15)                105       
=================================================================
Total params: 129
Trainable params: 129
Non-trainable params: 0
_________________________________________________________________
Epoch 1/100
11442/11442 - 5s - loss: 2.3713 - accuracy: 0.1639 - val_loss: 2.3464 - val_accuracy: 0.1665

Epoch 00001: val_loss improved from inf to 2.34640, saving model to ./results/NN_spectral_C15/cp.ckpt
Epoch 2/100
11442/11442 - 5s - loss: 2.3296 - accuracy: 0.1829 - val_loss: 2.3356 - val_accuracy: 0.1811

Epoch 00002: val_loss improved from 2.34640 to 2.33560, saving model to ./results/NN_spectral_C15/cp.ckpt
Epoch 3/100
11442/11442 - 5s - loss: 2.3150 - accuracy: 0.1992 - val_loss: 2.3237 - val_accuracy: 0.1525

Epoch 00003: val_loss improved from 2.33560 to 2.32368, saving model to ./results/NN_spectral_C15/cp.ckpt
Epoch 4/100
11442/11442 - 5s - loss: 2.2981 - accuracy: 0.2086 - val_loss: 2.3085 - val_accuracy: 0.1973

Epoch 00004: val_loss improved from 2.32368 to 2.30853, saving model to ./results/NN_spectral_C15/cp.ckpt
Epoch 5/100
11442/11442 - 5s - loss: 2.2850 - accuracy: 0.2151 - val_loss: 2.3127 - val_accuracy: 0.1856

Epoch 00005: val_loss did not improve from 2.30853
Epoch 6/100
11442/11442 - 5s - loss: 2.2773 - accuracy: 0.2159 - val_loss: 2.3082 - val_accuracy: 0.1930

Epoch 00006: val_loss improved from 2.30853 to 2.30824, saving model to ./results/NN_spectral_C15/cp.ckpt
Epoch 7/100
11442/11442 - 5s - loss: 2.2733 - accuracy: 0.2148 - val_loss: 2.3036 - val_accuracy: 0.1818

Epoch 00007: val_loss improved from 2.30824 to 2.30358, saving model to ./results/NN_spectral_C15/cp.ckpt
Epoch 8/100
11442/11442 - 5s - loss: 2.2713 - accuracy: 0.2153 - val_loss: 2.3043 - val_accuracy: 0.1900

Epoch 00008: val_loss did not improve from 2.30358
Epoch 9/100
11442/11442 - 5s - loss: 2.2688 - accuracy: 0.2137 - val_loss: 2.3071 - val_accuracy: 0.1980

Epoch 00009: val_loss did not improve from 2.30358
Epoch 10/100
11442/11442 - 5s - loss: 2.2607 - accuracy: 0.2198 - val_loss: 2.2906 - val_accuracy: 0.1936

Epoch 00010: val_loss improved from 2.30358 to 2.29056, saving model to ./results/NN_spectral_C15/cp.ckpt
Epoch 11/100
11442/11442 - 5s - loss: 2.2497 - accuracy: 0.2232 - val_loss: 2.2796 - val_accuracy: 0.1934

Epoch 00011: val_loss improved from 2.29056 to 2.27961, saving model to ./results/NN_spectral_C15/cp.ckpt
Epoch 12/100
11442/11442 - 5s - loss: 2.2363 - accuracy: 0.2249 - val_loss: 2.2603 - val_accuracy: 0.2035

Epoch 00012: val_loss improved from 2.27961 to 2.26027, saving model to ./results/NN_spectral_C15/cp.ckpt
Epoch 13/100
11442/11442 - 5s - loss: 2.2277 - accuracy: 0.2264 - val_loss: 2.2616 - val_accuracy: 0.2016

Epoch 00013: val_loss did not improve from 2.26027
Epoch 14/100
11442/11442 - 5s - loss: 2.2217 - accuracy: 0.2268 - val_loss: 2.2486 - val_accuracy: 0.2034

Epoch 00014: val_loss improved from 2.26027 to 2.24856, saving model to ./results/NN_spectral_C15/cp.ckpt
Epoch 15/100
11442/11442 - 5s - loss: 2.2169 - accuracy: 0.2284 - val_loss: 2.2471 - val_accuracy: 0.1947

Epoch 00015: val_loss improved from 2.24856 to 2.24715, saving model to ./results/NN_spectral_C15/cp.ckpt
Epoch 16/100
11442/11442 - 5s - loss: 2.2105 - accuracy: 0.2328 - val_loss: 2.2374 - val_accuracy: 0.1980

Epoch 00016: val_loss improved from 2.24715 to 2.23737, saving model to ./results/NN_spectral_C15/cp.ckpt
Epoch 17/100
11442/11442 - 5s - loss: 2.2050 - accuracy: 0.2341 - val_loss: 2.2277 - val_accuracy: 0.2003

Epoch 00017: val_loss improved from 2.23737 to 2.22769, saving model to ./results/NN_spectral_C15/cp.ckpt
Epoch 18/100
11442/11442 - 5s - loss: 2.2014 - accuracy: 0.2363 - val_loss: 2.2238 - val_accuracy: 0.2009

Epoch 00018: val_loss improved from 2.22769 to 2.22377, saving model to ./results/NN_spectral_C15/cp.ckpt
Epoch 19/100
11442/11442 - 5s - loss: 2.1975 - accuracy: 0.2367 - val_loss: 2.2250 - val_accuracy: 0.1910

Epoch 00019: val_loss did not improve from 2.22377
Epoch 20/100
11442/11442 - 5s - loss: 2.1943 - accuracy: 0.2379 - val_loss: 2.2242 - val_accuracy: 0.1965

Epoch 00020: val_loss did not improve from 2.22377
Epoch 21/100
11442/11442 - 5s - loss: 2.1916 - accuracy: 0.2397 - val_loss: 2.2220 - val_accuracy: 0.1954

Epoch 00021: val_loss improved from 2.22377 to 2.22196, saving model to ./results/NN_spectral_C15/cp.ckpt
Epoch 22/100
11442/11442 - 5s - loss: 2.1892 - accuracy: 0.2402 - val_loss: 2.2185 - val_accuracy: 0.1888

Epoch 00022: val_loss improved from 2.22196 to 2.21848, saving model to ./results/NN_spectral_C15/cp.ckpt
Epoch 23/100
11442/11442 - 5s - loss: 2.1866 - accuracy: 0.2408 - val_loss: 2.2124 - val_accuracy: 0.1984

Epoch 00023: val_loss improved from 2.21848 to 2.21245, saving model to ./results/NN_spectral_C15/cp.ckpt
Epoch 24/100
11442/11442 - 5s - loss: 2.1846 - accuracy: 0.2424 - val_loss: 2.2072 - val_accuracy: 0.1963

Epoch 00024: val_loss improved from 2.21245 to 2.20720, saving model to ./results/NN_spectral_C15/cp.ckpt
Epoch 25/100
11442/11442 - 5s - loss: 2.1827 - accuracy: 0.2426 - val_loss: 2.2145 - val_accuracy: 0.2039

Epoch 00025: val_loss did not improve from 2.20720
Epoch 26/100
11442/11442 - 5s - loss: 2.1809 - accuracy: 0.2434 - val_loss: 2.2165 - val_accuracy: 0.2021

Epoch 00026: val_loss did not improve from 2.20720
Epoch 27/100
11442/11442 - 5s - loss: 2.1791 - accuracy: 0.2456 - val_loss: 2.2085 - val_accuracy: 0.1840

Epoch 00027: val_loss did not improve from 2.20720
Epoch 28/100
11442/11442 - 5s - loss: 2.1775 - accuracy: 0.2457 - val_loss: 2.2135 - val_accuracy: 0.2018

Epoch 00028: val_loss did not improve from 2.20720
Epoch 29/100
11442/11442 - 5s - loss: 2.1761 - accuracy: 0.2478 - val_loss: 2.2080 - val_accuracy: 0.2014

Epoch 00029: val_loss did not improve from 2.20720
Epoch 30/100
11442/11442 - 5s - loss: 2.1748 - accuracy: 0.2468 - val_loss: 2.2101 - val_accuracy: 0.1981

Epoch 00030: val_loss did not improve from 2.20720
Epoch 31/100
11442/11442 - 5s - loss: 2.1735 - accuracy: 0.2478 - val_loss: 2.2089 - val_accuracy: 0.2027

Epoch 00031: val_loss did not improve from 2.20720
Epoch 32/100
11442/11442 - 5s - loss: 2.1722 - accuracy: 0.2495 - val_loss: 2.2038 - val_accuracy: 0.1970

Epoch 00032: val_loss improved from 2.20720 to 2.20382, saving model to ./results/NN_spectral_C15/cp.ckpt
Epoch 33/100
11442/11442 - 5s - loss: 2.1713 - accuracy: 0.2495 - val_loss: 2.2018 - val_accuracy: 0.2030

Epoch 00033: val_loss improved from 2.20382 to 2.20177, saving model to ./results/NN_spectral_C15/cp.ckpt
Epoch 34/100
11442/11442 - 5s - loss: 2.1702 - accuracy: 0.2507 - val_loss: 2.2041 - val_accuracy: 0.2058

Epoch 00034: val_loss did not improve from 2.20177
Epoch 35/100
11442/11442 - 5s - loss: 2.1691 - accuracy: 0.2510 - val_loss: 2.2089 - val_accuracy: 0.2008

Epoch 00035: val_loss did not improve from 2.20177
Epoch 36/100
11442/11442 - 5s - loss: 2.1680 - accuracy: 0.2504 - val_loss: 2.2039 - val_accuracy: 0.2026

Epoch 00036: val_loss did not improve from 2.20177
Epoch 37/100
11442/11442 - 5s - loss: 2.1675 - accuracy: 0.2503 - val_loss: 2.2006 - val_accuracy: 0.2099

Epoch 00037: val_loss improved from 2.20177 to 2.20057, saving model to ./results/NN_spectral_C15/cp.ckpt
Epoch 38/100
11442/11442 - 5s - loss: 2.1669 - accuracy: 0.2522 - val_loss: 2.1995 - val_accuracy: 0.2058

Epoch 00038: val_loss improved from 2.20057 to 2.19951, saving model to ./results/NN_spectral_C15/cp.ckpt
Epoch 39/100
11442/11442 - 5s - loss: 2.1658 - accuracy: 0.2525 - val_loss: 2.2049 - val_accuracy: 0.2104

Epoch 00039: val_loss did not improve from 2.19951
Epoch 40/100
11442/11442 - 5s - loss: 2.1651 - accuracy: 0.2536 - val_loss: 2.2042 - val_accuracy: 0.1911

Epoch 00040: val_loss did not improve from 2.19951
Epoch 41/100
11442/11442 - 5s - loss: 2.1642 - accuracy: 0.2528 - val_loss: 2.2000 - val_accuracy: 0.2009

Epoch 00041: val_loss did not improve from 2.19951
Epoch 42/100
11442/11442 - 5s - loss: 2.1635 - accuracy: 0.2510 - val_loss: 2.2173 - val_accuracy: 0.2026

Epoch 00042: val_loss did not improve from 2.19951
Epoch 43/100
11442/11442 - 5s - loss: 2.1632 - accuracy: 0.2536 - val_loss: 2.2056 - val_accuracy: 0.2070

Epoch 00043: val_loss did not improve from 2.19951
Epoch 44/100
11442/11442 - 5s - loss: 2.1623 - accuracy: 0.2533 - val_loss: 2.2055 - val_accuracy: 0.1929

Epoch 00044: val_loss did not improve from 2.19951
Epoch 45/100
11442/11442 - 5s - loss: 2.1619 - accuracy: 0.2528 - val_loss: 2.2021 - val_accuracy: 0.2026

Epoch 00045: val_loss did not improve from 2.19951
Epoch 46/100
11442/11442 - 5s - loss: 2.1614 - accuracy: 0.2519 - val_loss: 2.2033 - val_accuracy: 0.2010

Epoch 00046: val_loss did not improve from 2.19951
Epoch 47/100
11442/11442 - 5s - loss: 2.1607 - accuracy: 0.2518 - val_loss: 2.2010 - val_accuracy: 0.1961

Epoch 00047: val_loss did not improve from 2.19951
Epoch 48/100
11442/11442 - 5s - loss: 2.1604 - accuracy: 0.2533 - val_loss: 2.2033 - val_accuracy: 0.2009

Epoch 00048: val_loss did not improve from 2.19951
Epoch 49/100
11442/11442 - 5s - loss: 2.1601 - accuracy: 0.2556 - val_loss: 2.2070 - val_accuracy: 0.1938

Epoch 00049: val_loss did not improve from 2.19951
Epoch 50/100
11442/11442 - 5s - loss: 2.1595 - accuracy: 0.2536 - val_loss: 2.2019 - val_accuracy: 0.2145

Epoch 00050: val_loss did not improve from 2.19951
Epoch 51/100
11442/11442 - 5s - loss: 2.1586 - accuracy: 0.2556 - val_loss: 2.2047 - val_accuracy: 0.1915

Epoch 00051: val_loss did not improve from 2.19951
Epoch 52/100
11442/11442 - 5s - loss: 2.1586 - accuracy: 0.2550 - val_loss: 2.2037 - val_accuracy: 0.2042

Epoch 00052: val_loss did not improve from 2.19951
Epoch 53/100
11442/11442 - 5s - loss: 2.1578 - accuracy: 0.2553 - val_loss: 2.2035 - val_accuracy: 0.2026

Epoch 00053: val_loss did not improve from 2.19951
Epoch 54/100
11442/11442 - 5s - loss: 2.1574 - accuracy: 0.2537 - val_loss: 2.1970 - val_accuracy: 0.2081

Epoch 00054: val_loss improved from 2.19951 to 2.19702, saving model to ./results/NN_spectral_C15/cp.ckpt
Epoch 55/100
11442/11442 - 5s - loss: 2.1569 - accuracy: 0.2562 - val_loss: 2.2072 - val_accuracy: 0.2057

Epoch 00055: val_loss did not improve from 2.19702
Epoch 56/100
11442/11442 - 5s - loss: 2.1565 - accuracy: 0.2562 - val_loss: 2.2032 - val_accuracy: 0.2084

Epoch 00056: val_loss did not improve from 2.19702
Epoch 57/100
11442/11442 - 5s - loss: 2.1561 - accuracy: 0.2561 - val_loss: 2.2114 - val_accuracy: 0.2180

Epoch 00057: val_loss did not improve from 2.19702
Epoch 58/100
11442/11442 - 5s - loss: 2.1559 - accuracy: 0.2558 - val_loss: 2.2105 - val_accuracy: 0.2068

Epoch 00058: val_loss did not improve from 2.19702
Epoch 59/100
11442/11442 - 5s - loss: 2.1554 - accuracy: 0.2554 - val_loss: 2.1997 - val_accuracy: 0.2114

Epoch 00059: val_loss did not improve from 2.19702
Epoch 60/100
11442/11442 - 5s - loss: 2.1548 - accuracy: 0.2568 - val_loss: 2.2053 - val_accuracy: 0.1988

Epoch 00060: val_loss did not improve from 2.19702
Epoch 61/100
11442/11442 - 5s - loss: 2.1543 - accuracy: 0.2574 - val_loss: 2.2090 - val_accuracy: 0.2074

Epoch 00061: val_loss did not improve from 2.19702
Epoch 62/100
11442/11442 - 5s - loss: 2.1535 - accuracy: 0.2567 - val_loss: 2.2142 - val_accuracy: 0.1918

Epoch 00062: val_loss did not improve from 2.19702
Epoch 63/100
11442/11442 - 5s - loss: 2.1535 - accuracy: 0.2566 - val_loss: 2.2043 - val_accuracy: 0.2079

Epoch 00063: val_loss did not improve from 2.19702
Epoch 64/100
11442/11442 - 5s - loss: 2.1528 - accuracy: 0.2561 - val_loss: 2.2090 - val_accuracy: 0.1979

Epoch 00064: val_loss did not improve from 2.19702
Epoch 65/100
11442/11442 - 5s - loss: 2.1527 - accuracy: 0.2568 - val_loss: 2.1998 - val_accuracy: 0.2030

Epoch 00065: val_loss did not improve from 2.19702
Epoch 66/100
11442/11442 - 5s - loss: 2.1526 - accuracy: 0.2567 - val_loss: 2.2173 - val_accuracy: 0.1981

Epoch 00066: val_loss did not improve from 2.19702
Epoch 67/100
11442/11442 - 5s - loss: 2.1520 - accuracy: 0.2579 - val_loss: 2.2025 - val_accuracy: 0.2061

Epoch 00067: val_loss did not improve from 2.19702
Epoch 68/100
11442/11442 - 5s - loss: 2.1517 - accuracy: 0.2583 - val_loss: 2.2052 - val_accuracy: 0.2085

Epoch 00068: val_loss did not improve from 2.19702
Epoch 69/100
11442/11442 - 5s - loss: 2.1509 - accuracy: 0.2590 - val_loss: 2.1990 - val_accuracy: 0.2021

Epoch 00069: val_loss did not improve from 2.19702
Epoch 70/100
11442/11442 - 5s - loss: 2.1509 - accuracy: 0.2581 - val_loss: 2.1979 - val_accuracy: 0.2074

Epoch 00070: val_loss did not improve from 2.19702
Epoch 71/100
11442/11442 - 5s - loss: 2.1504 - accuracy: 0.2591 - val_loss: 2.2104 - val_accuracy: 0.2098

Epoch 00071: val_loss did not improve from 2.19702
Epoch 72/100
11442/11442 - 5s - loss: 2.1502 - accuracy: 0.2580 - val_loss: 2.2075 - val_accuracy: 0.1979

Epoch 00072: val_loss did not improve from 2.19702
Epoch 73/100
11442/11442 - 5s - loss: 2.1497 - accuracy: 0.2578 - val_loss: 2.2057 - val_accuracy: 0.2048

Epoch 00073: val_loss did not improve from 2.19702
Epoch 74/100
11442/11442 - 5s - loss: 2.1495 - accuracy: 0.2592 - val_loss: 2.2077 - val_accuracy: 0.2000

Epoch 00074: val_loss did not improve from 2.19702
Epoch 75/100
11442/11442 - 5s - loss: 2.1493 - accuracy: 0.2585 - val_loss: 2.2049 - val_accuracy: 0.2026

Epoch 00075: val_loss did not improve from 2.19702
Epoch 76/100
11442/11442 - 5s - loss: 2.1485 - accuracy: 0.2608 - val_loss: 2.2071 - val_accuracy: 0.2060

Epoch 00076: val_loss did not improve from 2.19702
Epoch 77/100
11442/11442 - 5s - loss: 2.1479 - accuracy: 0.2594 - val_loss: 2.2053 - val_accuracy: 0.2050

Epoch 00077: val_loss did not improve from 2.19702
Epoch 78/100
11442/11442 - 5s - loss: 2.1474 - accuracy: 0.2596 - val_loss: 2.2102 - val_accuracy: 0.1935

Epoch 00078: val_loss did not improve from 2.19702
Epoch 79/100
11442/11442 - 5s - loss: 2.1475 - accuracy: 0.2603 - val_loss: 2.2021 - val_accuracy: 0.2027

Epoch 00079: val_loss did not improve from 2.19702
Epoch 80/100
11442/11442 - 5s - loss: 2.1467 - accuracy: 0.2602 - val_loss: 2.2115 - val_accuracy: 0.2078

Epoch 00080: val_loss did not improve from 2.19702
Epoch 81/100
11442/11442 - 5s - loss: 2.1461 - accuracy: 0.2595 - val_loss: 2.2144 - val_accuracy: 0.1962

Epoch 00081: val_loss did not improve from 2.19702
Epoch 82/100
11442/11442 - 5s - loss: 2.1461 - accuracy: 0.2608 - val_loss: 2.2077 - val_accuracy: 0.2010

Epoch 00082: val_loss did not improve from 2.19702
Epoch 83/100
11442/11442 - 5s - loss: 2.1456 - accuracy: 0.2599 - val_loss: 2.2105 - val_accuracy: 0.2018

Epoch 00083: val_loss did not improve from 2.19702
Epoch 84/100
11442/11442 - 5s - loss: 2.1453 - accuracy: 0.2615 - val_loss: 2.2148 - val_accuracy: 0.2025

Epoch 00084: val_loss did not improve from 2.19702
Epoch 85/100
11442/11442 - 5s - loss: 2.1444 - accuracy: 0.2614 - val_loss: 2.2175 - val_accuracy: 0.1978

Epoch 00085: val_loss did not improve from 2.19702
Epoch 86/100
11442/11442 - 5s - loss: 2.1438 - accuracy: 0.2615 - val_loss: 2.2134 - val_accuracy: 0.1994

Epoch 00086: val_loss did not improve from 2.19702
Epoch 87/100
11442/11442 - 5s - loss: 2.1436 - accuracy: 0.2614 - val_loss: 2.2012 - val_accuracy: 0.2050

Epoch 00087: val_loss did not improve from 2.19702
Epoch 88/100
11442/11442 - 5s - loss: 2.1433 - accuracy: 0.2625 - val_loss: 2.2320 - val_accuracy: 0.2062

Epoch 00088: val_loss did not improve from 2.19702
Epoch 89/100
11442/11442 - 5s - loss: 2.1426 - accuracy: 0.2614 - val_loss: 2.2138 - val_accuracy: 0.2077

Epoch 00089: val_loss did not improve from 2.19702
Epoch 90/100
11442/11442 - 5s - loss: 2.1423 - accuracy: 0.2624 - val_loss: 2.2125 - val_accuracy: 0.1981

Epoch 00090: val_loss did not improve from 2.19702
Epoch 91/100
11442/11442 - 5s - loss: 2.1416 - accuracy: 0.2615 - val_loss: 2.2162 - val_accuracy: 0.1988

Epoch 00091: val_loss did not improve from 2.19702
Epoch 92/100
11442/11442 - 5s - loss: 2.1414 - accuracy: 0.2639 - val_loss: 2.2137 - val_accuracy: 0.1911

Epoch 00092: val_loss did not improve from 2.19702
Epoch 93/100
11442/11442 - 5s - loss: 2.1406 - accuracy: 0.2645 - val_loss: 2.2071 - val_accuracy: 0.2018

Epoch 00093: val_loss did not improve from 2.19702
Epoch 94/100
11442/11442 - 5s - loss: 2.1401 - accuracy: 0.2636 - val_loss: 2.2099 - val_accuracy: 0.2122

Epoch 00094: val_loss did not improve from 2.19702
Epoch 95/100
11442/11442 - 5s - loss: 2.1398 - accuracy: 0.2645 - val_loss: 2.2120 - val_accuracy: 0.2022

Epoch 00095: val_loss did not improve from 2.19702
Epoch 96/100
11442/11442 - 5s - loss: 2.1393 - accuracy: 0.2633 - val_loss: 2.2097 - val_accuracy: 0.2072

Epoch 00096: val_loss did not improve from 2.19702
Epoch 97/100
11442/11442 - 5s - loss: 2.1387 - accuracy: 0.2646 - val_loss: 2.2103 - val_accuracy: 0.2104

Epoch 00097: val_loss did not improve from 2.19702
Epoch 98/100
11442/11442 - 5s - loss: 2.1384 - accuracy: 0.2648 - val_loss: 2.2133 - val_accuracy: 0.2050

Epoch 00098: val_loss did not improve from 2.19702
Epoch 99/100
11442/11442 - 5s - loss: 2.1376 - accuracy: 0.2643 - val_loss: 2.2127 - val_accuracy: 0.2048

Epoch 00099: val_loss did not improve from 2.19702
Epoch 100/100
11442/11442 - 5s - loss: 2.1371 - accuracy: 0.2641 - val_loss: 2.2207 - val_accuracy: 0.2029

Epoch 00100: val_loss did not improve from 2.19702
