Before oversampling: Counter({92.0: 7628, 100.0: 7624, 91.0: 7615, 0.0: 7615, 60.0: 7609, 10.0: 7595, 70.0: 7583, 1.0: 7580, 2.0: 7577, 20.0: 7519, 40.0: 7516, 50.0: 7476, 30.0: 7448, 90.0: 7439, 80.0: 7188})
After oversampling: Counter({100.0: 7628, 92.0: 7628, 91.0: 7628, 90.0: 7628, 20.0: 7628, 1.0: 7628, 80.0: 7628, 70.0: 7628, 0.0: 7628, 50.0: 7628, 30.0: 7628, 10.0: 7628, 40.0: 7628, 2.0: 7628, 60.0: 7628})
Model: "sequential"
_________________________________________________________________
Layer (type)                 Output Shape              Param #   
=================================================================
dense (Dense)                (None, 12)                48        
_________________________________________________________________
dense_1 (Dense)              (None, 15)                195       
=================================================================
Total params: 243
Trainable params: 243
Non-trainable params: 0
_________________________________________________________________
Epoch 1/100
11442/11442 - 5s - loss: 2.4047 - accuracy: 0.1604 - val_loss: 2.3627 - val_accuracy: 0.1611

Epoch 00001: val_loss improved from inf to 2.36274, saving model to ./results/NN_trial_5/cp.ckpt
Epoch 2/100
11442/11442 - 5s - loss: 2.3476 - accuracy: 0.1858 - val_loss: 2.3533 - val_accuracy: 0.1769

Epoch 00002: val_loss improved from 2.36274 to 2.35330, saving model to ./results/NN_trial_5/cp.ckpt
Epoch 3/100
11442/11442 - 5s - loss: 2.3379 - accuracy: 0.1947 - val_loss: 2.3475 - val_accuracy: 0.1716

Epoch 00003: val_loss improved from 2.35330 to 2.34747, saving model to ./results/NN_trial_5/cp.ckpt
Epoch 4/100
11442/11442 - 5s - loss: 2.3258 - accuracy: 0.2020 - val_loss: 2.3347 - val_accuracy: 0.1679

Epoch 00004: val_loss improved from 2.34747 to 2.33474, saving model to ./results/NN_trial_5/cp.ckpt
Epoch 5/100
11442/11442 - 5s - loss: 2.3094 - accuracy: 0.2052 - val_loss: 2.3197 - val_accuracy: 0.1760

Epoch 00005: val_loss improved from 2.33474 to 2.31967, saving model to ./results/NN_trial_5/cp.ckpt
Epoch 6/100
11442/11442 - 5s - loss: 2.2921 - accuracy: 0.2079 - val_loss: 2.3121 - val_accuracy: 0.1855

Epoch 00006: val_loss improved from 2.31967 to 2.31209, saving model to ./results/NN_trial_5/cp.ckpt
Epoch 7/100
11442/11442 - 5s - loss: 2.2792 - accuracy: 0.2145 - val_loss: 2.3023 - val_accuracy: 0.1890

Epoch 00007: val_loss improved from 2.31209 to 2.30230, saving model to ./results/NN_trial_5/cp.ckpt
Epoch 8/100
11442/11442 - 5s - loss: 2.2713 - accuracy: 0.2144 - val_loss: 2.2996 - val_accuracy: 0.1946

Epoch 00008: val_loss improved from 2.30230 to 2.29959, saving model to ./results/NN_trial_5/cp.ckpt
Epoch 9/100
11442/11442 - 5s - loss: 2.2663 - accuracy: 0.2140 - val_loss: 2.3033 - val_accuracy: 0.1945

Epoch 00009: val_loss did not improve from 2.29959
Epoch 10/100
11442/11442 - 5s - loss: 2.2597 - accuracy: 0.2216 - val_loss: 2.2862 - val_accuracy: 0.1949

Epoch 00010: val_loss improved from 2.29959 to 2.28618, saving model to ./results/NN_trial_5/cp.ckpt
Epoch 11/100
11442/11442 - 5s - loss: 2.2512 - accuracy: 0.2216 - val_loss: 2.2854 - val_accuracy: 0.2031

Epoch 00011: val_loss improved from 2.28618 to 2.28537, saving model to ./results/NN_trial_5/cp.ckpt
Epoch 12/100
11442/11442 - 5s - loss: 2.2434 - accuracy: 0.2268 - val_loss: 2.2767 - val_accuracy: 0.2003

Epoch 00012: val_loss improved from 2.28537 to 2.27671, saving model to ./results/NN_trial_5/cp.ckpt
Epoch 13/100
11442/11442 - 5s - loss: 2.2365 - accuracy: 0.2266 - val_loss: 2.2726 - val_accuracy: 0.2026

Epoch 00013: val_loss improved from 2.27671 to 2.27259, saving model to ./results/NN_trial_5/cp.ckpt
Epoch 14/100
11442/11442 - 5s - loss: 2.2311 - accuracy: 0.2291 - val_loss: 2.2692 - val_accuracy: 0.2007

Epoch 00014: val_loss improved from 2.27259 to 2.26917, saving model to ./results/NN_trial_5/cp.ckpt
Epoch 15/100
11442/11442 - 5s - loss: 2.2267 - accuracy: 0.2284 - val_loss: 2.2699 - val_accuracy: 0.2068

Epoch 00015: val_loss did not improve from 2.26917
Epoch 16/100
11442/11442 - 5s - loss: 2.2228 - accuracy: 0.2279 - val_loss: 2.2676 - val_accuracy: 0.2106

Epoch 00016: val_loss improved from 2.26917 to 2.26756, saving model to ./results/NN_trial_5/cp.ckpt
Epoch 17/100
11442/11442 - 5s - loss: 2.2195 - accuracy: 0.2333 - val_loss: 2.2625 - val_accuracy: 0.2016

Epoch 00017: val_loss improved from 2.26756 to 2.26254, saving model to ./results/NN_trial_5/cp.ckpt
Epoch 18/100
11442/11442 - 5s - loss: 2.2167 - accuracy: 0.2321 - val_loss: 2.2708 - val_accuracy: 0.2038

Epoch 00018: val_loss did not improve from 2.26254
Epoch 19/100
11442/11442 - 5s - loss: 2.2139 - accuracy: 0.2328 - val_loss: 2.2581 - val_accuracy: 0.2064

Epoch 00019: val_loss improved from 2.26254 to 2.25810, saving model to ./results/NN_trial_5/cp.ckpt
Epoch 20/100
11442/11442 - 5s - loss: 2.2115 - accuracy: 0.2347 - val_loss: 2.2610 - val_accuracy: 0.2070

Epoch 00020: val_loss did not improve from 2.25810
Epoch 21/100
11442/11442 - 5s - loss: 2.2092 - accuracy: 0.2339 - val_loss: 2.2557 - val_accuracy: 0.1945

Epoch 00021: val_loss improved from 2.25810 to 2.25565, saving model to ./results/NN_trial_5/cp.ckpt
Epoch 22/100
11442/11442 - 5s - loss: 2.2072 - accuracy: 0.2338 - val_loss: 2.2684 - val_accuracy: 0.1994

Epoch 00022: val_loss did not improve from 2.25565
Epoch 23/100
11442/11442 - 5s - loss: 2.2054 - accuracy: 0.2344 - val_loss: 2.2474 - val_accuracy: 0.1984

Epoch 00023: val_loss improved from 2.25565 to 2.24743, saving model to ./results/NN_trial_5/cp.ckpt
Epoch 24/100
11442/11442 - 5s - loss: 2.2037 - accuracy: 0.2361 - val_loss: 2.2468 - val_accuracy: 0.1956

Epoch 00024: val_loss improved from 2.24743 to 2.24684, saving model to ./results/NN_trial_5/cp.ckpt
Epoch 25/100
11442/11442 - 5s - loss: 2.2022 - accuracy: 0.2357 - val_loss: 2.2573 - val_accuracy: 0.1923

Epoch 00025: val_loss did not improve from 2.24684
Epoch 26/100
11442/11442 - 5s - loss: 2.2013 - accuracy: 0.2343 - val_loss: 2.2539 - val_accuracy: 0.2045

Epoch 00026: val_loss did not improve from 2.24684
Epoch 27/100
11442/11442 - 5s - loss: 2.1997 - accuracy: 0.2367 - val_loss: 2.2555 - val_accuracy: 0.1992

Epoch 00027: val_loss did not improve from 2.24684
Epoch 28/100
11442/11442 - 5s - loss: 2.1989 - accuracy: 0.2389 - val_loss: 2.2455 - val_accuracy: 0.1978

Epoch 00028: val_loss improved from 2.24684 to 2.24552, saving model to ./results/NN_trial_5/cp.ckpt
Epoch 29/100
11442/11442 - 5s - loss: 2.1979 - accuracy: 0.2369 - val_loss: 2.2433 - val_accuracy: 0.1973

Epoch 00029: val_loss improved from 2.24552 to 2.24334, saving model to ./results/NN_trial_5/cp.ckpt
Epoch 30/100
11442/11442 - 5s - loss: 2.1969 - accuracy: 0.2378 - val_loss: 2.2475 - val_accuracy: 0.1991

Epoch 00030: val_loss did not improve from 2.24334
Epoch 31/100
11442/11442 - 5s - loss: 2.1962 - accuracy: 0.2370 - val_loss: 2.2503 - val_accuracy: 0.2016

Epoch 00031: val_loss did not improve from 2.24334
Epoch 32/100
11442/11442 - 5s - loss: 2.1957 - accuracy: 0.2382 - val_loss: 2.2628 - val_accuracy: 0.1986

Epoch 00032: val_loss did not improve from 2.24334
Epoch 33/100
11442/11442 - 5s - loss: 2.1950 - accuracy: 0.2377 - val_loss: 2.2480 - val_accuracy: 0.1956

Epoch 00033: val_loss did not improve from 2.24334
Epoch 34/100
11442/11442 - 5s - loss: 2.1941 - accuracy: 0.2398 - val_loss: 2.2527 - val_accuracy: 0.1956

Epoch 00034: val_loss did not improve from 2.24334
Epoch 35/100
11442/11442 - 5s - loss: 2.1936 - accuracy: 0.2386 - val_loss: 2.2516 - val_accuracy: 0.2072

Epoch 00035: val_loss did not improve from 2.24334
Epoch 36/100
11442/11442 - 5s - loss: 2.1927 - accuracy: 0.2398 - val_loss: 2.2574 - val_accuracy: 0.2034

Epoch 00036: val_loss did not improve from 2.24334
Epoch 37/100
11442/11442 - 5s - loss: 2.1921 - accuracy: 0.2412 - val_loss: 2.2480 - val_accuracy: 0.1947

Epoch 00037: val_loss did not improve from 2.24334
Epoch 38/100
11442/11442 - 5s - loss: 2.1912 - accuracy: 0.2410 - val_loss: 2.2517 - val_accuracy: 0.2099

Epoch 00038: val_loss did not improve from 2.24334
Epoch 39/100
11442/11442 - 5s - loss: 2.1903 - accuracy: 0.2419 - val_loss: 2.2442 - val_accuracy: 0.1984

Epoch 00039: val_loss did not improve from 2.24334
Epoch 40/100
11442/11442 - 5s - loss: 2.1897 - accuracy: 0.2420 - val_loss: 2.2491 - val_accuracy: 0.2098

Epoch 00040: val_loss did not improve from 2.24334
Epoch 41/100
11442/11442 - 5s - loss: 2.1880 - accuracy: 0.2444 - val_loss: 2.2384 - val_accuracy: 0.1994

Epoch 00041: val_loss improved from 2.24334 to 2.23845, saving model to ./results/NN_trial_5/cp.ckpt
Epoch 42/100
11442/11442 - 5s - loss: 2.1860 - accuracy: 0.2446 - val_loss: 2.2338 - val_accuracy: 0.2144

Epoch 00042: val_loss improved from 2.23845 to 2.23377, saving model to ./results/NN_trial_5/cp.ckpt
Epoch 43/100
11442/11442 - 5s - loss: 2.1844 - accuracy: 0.2468 - val_loss: 2.2375 - val_accuracy: 0.1989

Epoch 00043: val_loss did not improve from 2.23377
Epoch 44/100
11442/11442 - 5s - loss: 2.1832 - accuracy: 0.2454 - val_loss: 2.2237 - val_accuracy: 0.2149

Epoch 00044: val_loss improved from 2.23377 to 2.22369, saving model to ./results/NN_trial_5/cp.ckpt
Epoch 45/100
11442/11442 - 5s - loss: 2.1826 - accuracy: 0.2458 - val_loss: 2.2318 - val_accuracy: 0.2064

Epoch 00045: val_loss did not improve from 2.22369
Epoch 46/100
11442/11442 - 5s - loss: 2.1823 - accuracy: 0.2476 - val_loss: 2.2289 - val_accuracy: 0.2067

Epoch 00046: val_loss did not improve from 2.22369
Epoch 47/100
11442/11442 - 5s - loss: 2.1816 - accuracy: 0.2466 - val_loss: 2.2305 - val_accuracy: 0.2064

Epoch 00047: val_loss did not improve from 2.22369
Epoch 48/100
11442/11442 - 5s - loss: 2.1813 - accuracy: 0.2480 - val_loss: 2.2299 - val_accuracy: 0.2009

Epoch 00048: val_loss did not improve from 2.22369
Epoch 49/100
11442/11442 - 5s - loss: 2.1804 - accuracy: 0.2486 - val_loss: 2.2248 - val_accuracy: 0.1991

Epoch 00049: val_loss did not improve from 2.22369
Epoch 50/100
11442/11442 - 5s - loss: 2.1803 - accuracy: 0.2488 - val_loss: 2.2168 - val_accuracy: 0.2095

Epoch 00050: val_loss improved from 2.22369 to 2.21678, saving model to ./results/NN_trial_5/cp.ckpt
Epoch 51/100
11442/11442 - 5s - loss: 2.1803 - accuracy: 0.2492 - val_loss: 2.2286 - val_accuracy: 0.2009

Epoch 00051: val_loss did not improve from 2.21678
Epoch 52/100
11442/11442 - 5s - loss: 2.1800 - accuracy: 0.2506 - val_loss: 2.2249 - val_accuracy: 0.2100

Epoch 00052: val_loss did not improve from 2.21678
Epoch 53/100
11442/11442 - 5s - loss: 2.1800 - accuracy: 0.2503 - val_loss: 2.2161 - val_accuracy: 0.2060

Epoch 00053: val_loss improved from 2.21678 to 2.21610, saving model to ./results/NN_trial_5/cp.ckpt
Epoch 54/100
11442/11442 - 5s - loss: 2.1796 - accuracy: 0.2501 - val_loss: 2.2217 - val_accuracy: 0.2027

Epoch 00054: val_loss did not improve from 2.21610
Epoch 55/100
11442/11442 - 5s - loss: 2.1795 - accuracy: 0.2490 - val_loss: 2.2204 - val_accuracy: 0.2042

Epoch 00055: val_loss did not improve from 2.21610
Epoch 56/100
11442/11442 - 5s - loss: 2.1793 - accuracy: 0.2514 - val_loss: 2.2229 - val_accuracy: 0.2020

Epoch 00056: val_loss did not improve from 2.21610
Epoch 57/100
11442/11442 - 5s - loss: 2.1792 - accuracy: 0.2513 - val_loss: 2.2196 - val_accuracy: 0.2066

Epoch 00057: val_loss did not improve from 2.21610
Epoch 58/100
11442/11442 - 5s - loss: 2.1786 - accuracy: 0.2517 - val_loss: 2.2250 - val_accuracy: 0.2087

Epoch 00058: val_loss did not improve from 2.21610
Epoch 59/100
11442/11442 - 5s - loss: 2.1783 - accuracy: 0.2512 - val_loss: 2.2226 - val_accuracy: 0.2121

Epoch 00059: val_loss did not improve from 2.21610
Epoch 60/100
11442/11442 - 5s - loss: 2.1782 - accuracy: 0.2508 - val_loss: 2.2130 - val_accuracy: 0.2212

Epoch 00060: val_loss improved from 2.21610 to 2.21303, saving model to ./results/NN_trial_5/cp.ckpt
Epoch 61/100
11442/11442 - 5s - loss: 2.1780 - accuracy: 0.2504 - val_loss: 2.2209 - val_accuracy: 0.1987

Epoch 00061: val_loss did not improve from 2.21303
Epoch 62/100
11442/11442 - 5s - loss: 2.1775 - accuracy: 0.2518 - val_loss: 2.2180 - val_accuracy: 0.2084

Epoch 00062: val_loss did not improve from 2.21303
Epoch 63/100
11442/11442 - 5s - loss: 2.1774 - accuracy: 0.2512 - val_loss: 2.2196 - val_accuracy: 0.2090

Epoch 00063: val_loss did not improve from 2.21303
Epoch 64/100
11442/11442 - 5s - loss: 2.1771 - accuracy: 0.2524 - val_loss: 2.2240 - val_accuracy: 0.1974

Epoch 00064: val_loss did not improve from 2.21303
Epoch 65/100
11442/11442 - 5s - loss: 2.1767 - accuracy: 0.2521 - val_loss: 2.2126 - val_accuracy: 0.2109

Epoch 00065: val_loss improved from 2.21303 to 2.21261, saving model to ./results/NN_trial_5/cp.ckpt
Epoch 66/100
11442/11442 - 5s - loss: 2.1765 - accuracy: 0.2521 - val_loss: 2.2255 - val_accuracy: 0.1951

Epoch 00066: val_loss did not improve from 2.21261
Epoch 67/100
11442/11442 - 5s - loss: 2.1766 - accuracy: 0.2522 - val_loss: 2.2138 - val_accuracy: 0.2113

Epoch 00067: val_loss did not improve from 2.21261
Epoch 68/100
11442/11442 - 5s - loss: 2.1759 - accuracy: 0.2514 - val_loss: 2.2164 - val_accuracy: 0.2162

Epoch 00068: val_loss did not improve from 2.21261
Epoch 69/100
11442/11442 - 5s - loss: 2.1757 - accuracy: 0.2521 - val_loss: 2.2088 - val_accuracy: 0.2232

Epoch 00069: val_loss improved from 2.21261 to 2.20877, saving model to ./results/NN_trial_5/cp.ckpt
Epoch 70/100
11442/11442 - 5s - loss: 2.1755 - accuracy: 0.2517 - val_loss: 2.2187 - val_accuracy: 0.2003

Epoch 00070: val_loss did not improve from 2.20877
Epoch 71/100
11442/11442 - 5s - loss: 2.1755 - accuracy: 0.2525 - val_loss: 2.2129 - val_accuracy: 0.2070

Epoch 00071: val_loss did not improve from 2.20877
Epoch 72/100
11442/11442 - 5s - loss: 2.1752 - accuracy: 0.2524 - val_loss: 2.2149 - val_accuracy: 0.2096

Epoch 00072: val_loss did not improve from 2.20877
Epoch 73/100
11442/11442 - 5s - loss: 2.1751 - accuracy: 0.2524 - val_loss: 2.2111 - val_accuracy: 0.2069

Epoch 00073: val_loss did not improve from 2.20877
Epoch 74/100
11442/11442 - 5s - loss: 2.1751 - accuracy: 0.2522 - val_loss: 2.2136 - val_accuracy: 0.1952

Epoch 00074: val_loss did not improve from 2.20877
Epoch 75/100
11442/11442 - 5s - loss: 2.1747 - accuracy: 0.2532 - val_loss: 2.2149 - val_accuracy: 0.2086

Epoch 00075: val_loss did not improve from 2.20877
Epoch 76/100
11442/11442 - 5s - loss: 2.1747 - accuracy: 0.2523 - val_loss: 2.2108 - val_accuracy: 0.2040

Epoch 00076: val_loss did not improve from 2.20877
Epoch 77/100
11442/11442 - 5s - loss: 2.1744 - accuracy: 0.2521 - val_loss: 2.2052 - val_accuracy: 0.2148

Epoch 00077: val_loss improved from 2.20877 to 2.20523, saving model to ./results/NN_trial_5/cp.ckpt
Epoch 78/100
11442/11442 - 5s - loss: 2.1743 - accuracy: 0.2531 - val_loss: 2.2066 - val_accuracy: 0.2111

Epoch 00078: val_loss did not improve from 2.20523
Epoch 79/100
11442/11442 - 5s - loss: 2.1738 - accuracy: 0.2516 - val_loss: 2.2094 - val_accuracy: 0.2126

Epoch 00079: val_loss did not improve from 2.20523
Epoch 80/100
11442/11442 - 5s - loss: 2.1739 - accuracy: 0.2538 - val_loss: 2.2051 - val_accuracy: 0.2088

Epoch 00080: val_loss improved from 2.20523 to 2.20506, saving model to ./results/NN_trial_5/cp.ckpt
Epoch 81/100
11442/11442 - 5s - loss: 2.1736 - accuracy: 0.2527 - val_loss: 2.2164 - val_accuracy: 0.2040

Epoch 00081: val_loss did not improve from 2.20506
Epoch 82/100
11442/11442 - 5s - loss: 2.1737 - accuracy: 0.2511 - val_loss: 2.2074 - val_accuracy: 0.2098

Epoch 00082: val_loss did not improve from 2.20506
Epoch 83/100
11442/11442 - 5s - loss: 2.1734 - accuracy: 0.2529 - val_loss: 2.2057 - val_accuracy: 0.2125

Epoch 00083: val_loss did not improve from 2.20506
Epoch 84/100
11442/11442 - 5s - loss: 2.1731 - accuracy: 0.2537 - val_loss: 2.2028 - val_accuracy: 0.2017

Epoch 00084: val_loss improved from 2.20506 to 2.20282, saving model to ./results/NN_trial_5/cp.ckpt
Epoch 85/100
11442/11442 - 5s - loss: 2.1732 - accuracy: 0.2536 - val_loss: 2.2050 - val_accuracy: 0.2053

Epoch 00085: val_loss did not improve from 2.20282
Epoch 86/100
11442/11442 - 5s - loss: 2.1732 - accuracy: 0.2530 - val_loss: 2.2053 - val_accuracy: 0.2144

Epoch 00086: val_loss did not improve from 2.20282
Epoch 87/100
11442/11442 - 5s - loss: 2.1729 - accuracy: 0.2515 - val_loss: 2.2145 - val_accuracy: 0.2146

Epoch 00087: val_loss did not improve from 2.20282
Epoch 88/100
11442/11442 - 5s - loss: 2.1725 - accuracy: 0.2518 - val_loss: 2.2158 - val_accuracy: 0.2080

Epoch 00088: val_loss did not improve from 2.20282
Epoch 89/100
11442/11442 - 5s - loss: 2.1728 - accuracy: 0.2523 - val_loss: 2.2103 - val_accuracy: 0.2125

Epoch 00089: val_loss did not improve from 2.20282
Epoch 90/100
11442/11442 - 5s - loss: 2.1723 - accuracy: 0.2533 - val_loss: 2.2049 - val_accuracy: 0.2151

Epoch 00090: val_loss did not improve from 2.20282
Epoch 91/100
11442/11442 - 5s - loss: 2.1723 - accuracy: 0.2532 - val_loss: 2.2026 - val_accuracy: 0.2275

Epoch 00091: val_loss improved from 2.20282 to 2.20260, saving model to ./results/NN_trial_5/cp.ckpt
Epoch 92/100
11442/11442 - 5s - loss: 2.1722 - accuracy: 0.2529 - val_loss: 2.2088 - val_accuracy: 0.2154

Epoch 00092: val_loss did not improve from 2.20260
Epoch 93/100
11442/11442 - 5s - loss: 2.1724 - accuracy: 0.2534 - val_loss: 2.2108 - val_accuracy: 0.2023

Epoch 00093: val_loss did not improve from 2.20260
Epoch 94/100
11442/11442 - 5s - loss: 2.1722 - accuracy: 0.2529 - val_loss: 2.2035 - val_accuracy: 0.2132

Epoch 00094: val_loss did not improve from 2.20260
Epoch 95/100
11442/11442 - 5s - loss: 2.1719 - accuracy: 0.2523 - val_loss: 2.2030 - val_accuracy: 0.2105

Epoch 00095: val_loss did not improve from 2.20260
Epoch 96/100
11442/11442 - 5s - loss: 2.1718 - accuracy: 0.2522 - val_loss: 2.2041 - val_accuracy: 0.2094

Epoch 00096: val_loss did not improve from 2.20260
Epoch 97/100
11442/11442 - 5s - loss: 2.1720 - accuracy: 0.2517 - val_loss: 2.2026 - val_accuracy: 0.2113

Epoch 00097: val_loss did not improve from 2.20260
Epoch 98/100
11442/11442 - 5s - loss: 2.1718 - accuracy: 0.2534 - val_loss: 2.2040 - val_accuracy: 0.2158

Epoch 00098: val_loss did not improve from 2.20260
Epoch 99/100
11442/11442 - 5s - loss: 2.1714 - accuracy: 0.2524 - val_loss: 2.2007 - val_accuracy: 0.2126

Epoch 00099: val_loss improved from 2.20260 to 2.20070, saving model to ./results/NN_trial_5/cp.ckpt
Epoch 100/100
11442/11442 - 5s - loss: 2.1717 - accuracy: 0.2515 - val_loss: 2.2012 - val_accuracy: 0.2102

Epoch 00100: val_loss did not improve from 2.20070
