Before oversampling: Counter({50.0: 38006, 0.0: 37856, 1.0: 37836, 70.0: 37779, 20.0: 37752, 80.0: 37699, 10.0: 37678, 60.0: 37677, 92.0: 37673, 2.0: 37641, 91.0: 37630, 30.0: 37505, 90.0: 37480, 100.0: 37475, 40.0: 37235})
After oversampling: Counter({50.0: 38006, 40.0: 38006, 0.0: 37856, 1.0: 37836, 70.0: 37779, 20.0: 37752, 80.0: 37699, 10.0: 37678, 60.0: 37677, 92.0: 37673, 2.0: 37641, 91.0: 37630, 30.0: 37505, 90.0: 37480, 100.0: 37475})
Model: "sequential"
_________________________________________________________________
Layer (type)                 Output Shape              Param #   
=================================================================
dense (Dense)                (None, 128)               2432      
_________________________________________________________________
dense_1 (Dense)              (None, 15)                1935      
=================================================================
Total params: 4,367
Trainable params: 4,367
Non-trainable params: 0
_________________________________________________________________
Epoch 1/100
56570/56570 - 28s - loss: 1.9605 - accuracy: 0.3119 - val_loss: 2.1217 - val_accuracy: 0.2345

Epoch 00001: val_loss improved from inf to 2.12174, saving model to ./results/NN_trial_6/cp.ckpt
Epoch 2/100
56570/56570 - 27s - loss: 1.8534 - accuracy: 0.3535 - val_loss: 2.1525 - val_accuracy: 0.2589

Epoch 00002: val_loss did not improve from 2.12174
Epoch 3/100
56570/56570 - 27s - loss: 1.8206 - accuracy: 0.3667 - val_loss: 2.2390 - val_accuracy: 0.2671

Epoch 00003: val_loss did not improve from 2.12174
Epoch 4/100
56570/56570 - 27s - loss: 1.7983 - accuracy: 0.3767 - val_loss: 2.2163 - val_accuracy: 0.2734

Epoch 00004: val_loss did not improve from 2.12174
Epoch 5/100
56570/56570 - 27s - loss: 1.7824 - accuracy: 0.3827 - val_loss: 2.2219 - val_accuracy: 0.2616

Epoch 00005: val_loss did not improve from 2.12174
Epoch 6/100
56570/56570 - 27s - loss: 1.7705 - accuracy: 0.3878 - val_loss: 2.1917 - val_accuracy: 0.2679

Epoch 00006: val_loss did not improve from 2.12174
Epoch 7/100
56570/56570 - 28s - loss: 1.7604 - accuracy: 0.3913 - val_loss: 2.2415 - val_accuracy: 0.2605

Epoch 00007: val_loss did not improve from 2.12174
Epoch 8/100
56570/56570 - 27s - loss: 1.7540 - accuracy: 0.3933 - val_loss: 2.2460 - val_accuracy: 0.2618

Epoch 00008: val_loss did not improve from 2.12174
Epoch 9/100
56570/56570 - 27s - loss: 1.7485 - accuracy: 0.3958 - val_loss: 2.3044 - val_accuracy: 0.2553

Epoch 00009: val_loss did not improve from 2.12174
Epoch 10/100
56570/56570 - 27s - loss: 1.7443 - accuracy: 0.3967 - val_loss: 2.2724 - val_accuracy: 0.2652

Epoch 00010: val_loss did not improve from 2.12174
Epoch 11/100
56570/56570 - 27s - loss: 1.7393 - accuracy: 0.3996 - val_loss: 2.2651 - val_accuracy: 0.2775

Epoch 00011: val_loss did not improve from 2.12174
Epoch 12/100
56570/56570 - 27s - loss: 1.7358 - accuracy: 0.4012 - val_loss: 2.3485 - val_accuracy: 0.2722

Epoch 00012: val_loss did not improve from 2.12174
Epoch 13/100
56570/56570 - 27s - loss: 1.7321 - accuracy: 0.4020 - val_loss: 2.2844 - val_accuracy: 0.2635

Epoch 00013: val_loss did not improve from 2.12174
Epoch 14/100
56570/56570 - 27s - loss: 1.7292 - accuracy: 0.4029 - val_loss: 2.3160 - val_accuracy: 0.2623

Epoch 00014: val_loss did not improve from 2.12174
Epoch 15/100
56570/56570 - 27s - loss: 1.7263 - accuracy: 0.4040 - val_loss: 2.3414 - val_accuracy: 0.2838

Epoch 00015: val_loss did not improve from 2.12174
Epoch 16/100
56570/56570 - 27s - loss: 1.7234 - accuracy: 0.4044 - val_loss: 2.3156 - val_accuracy: 0.2805

Epoch 00016: val_loss did not improve from 2.12174
Epoch 17/100
56570/56570 - 27s - loss: 1.7200 - accuracy: 0.4059 - val_loss: 2.3725 - val_accuracy: 0.2705

Epoch 00017: val_loss did not improve from 2.12174
Epoch 18/100
56570/56570 - 27s - loss: 1.7178 - accuracy: 0.4066 - val_loss: 2.3271 - val_accuracy: 0.2749

Epoch 00018: val_loss did not improve from 2.12174
Epoch 19/100
56570/56570 - 27s - loss: 1.7151 - accuracy: 0.4076 - val_loss: 2.3585 - val_accuracy: 0.2646

Epoch 00019: val_loss did not improve from 2.12174
Epoch 20/100
56570/56570 - 28s - loss: 1.7133 - accuracy: 0.4081 - val_loss: 2.3955 - val_accuracy: 0.2765

Epoch 00020: val_loss did not improve from 2.12174
Epoch 21/100
56570/56570 - 27s - loss: 1.7112 - accuracy: 0.4085 - val_loss: 2.3731 - val_accuracy: 0.2653

Epoch 00021: val_loss did not improve from 2.12174
Epoch 22/100
56570/56570 - 27s - loss: 1.7093 - accuracy: 0.4088 - val_loss: 2.3451 - val_accuracy: 0.2740

Epoch 00022: val_loss did not improve from 2.12174
Epoch 23/100
56570/56570 - 27s - loss: 1.7074 - accuracy: 0.4106 - val_loss: 2.3549 - val_accuracy: 0.2840

Epoch 00023: val_loss did not improve from 2.12174
Epoch 24/100
56570/56570 - 27s - loss: 1.7066 - accuracy: 0.4113 - val_loss: 2.3592 - val_accuracy: 0.2704

Epoch 00024: val_loss did not improve from 2.12174
Epoch 25/100
56570/56570 - 27s - loss: 1.7054 - accuracy: 0.4111 - val_loss: 2.3536 - val_accuracy: 0.2824

Epoch 00025: val_loss did not improve from 2.12174
Epoch 26/100
56570/56570 - 27s - loss: 1.7036 - accuracy: 0.4119 - val_loss: 2.4676 - val_accuracy: 0.2543

Epoch 00026: val_loss did not improve from 2.12174
Epoch 27/100
56570/56570 - 27s - loss: 1.7024 - accuracy: 0.4121 - val_loss: 2.3973 - val_accuracy: 0.2701

Epoch 00027: val_loss did not improve from 2.12174
Epoch 28/100
56570/56570 - 27s - loss: 1.7006 - accuracy: 0.4120 - val_loss: 2.3987 - val_accuracy: 0.2877

Epoch 00028: val_loss did not improve from 2.12174
Epoch 29/100
56570/56570 - 27s - loss: 1.6997 - accuracy: 0.4139 - val_loss: 2.3659 - val_accuracy: 0.2908

Epoch 00029: val_loss did not improve from 2.12174
Epoch 30/100
56570/56570 - 27s - loss: 1.6982 - accuracy: 0.4136 - val_loss: 2.4562 - val_accuracy: 0.2677

Epoch 00030: val_loss did not improve from 2.12174
Epoch 31/100
56570/56570 - 27s - loss: 1.6961 - accuracy: 0.4151 - val_loss: 2.3667 - val_accuracy: 0.2885

Epoch 00031: val_loss did not improve from 2.12174
Epoch 32/100
56570/56570 - 27s - loss: 1.6949 - accuracy: 0.4156 - val_loss: 2.3790 - val_accuracy: 0.2816

Epoch 00032: val_loss did not improve from 2.12174
Epoch 33/100
56570/56570 - 27s - loss: 1.6935 - accuracy: 0.4156 - val_loss: 2.4131 - val_accuracy: 0.2586

Epoch 00033: val_loss did not improve from 2.12174
Epoch 34/100
56570/56570 - 27s - loss: 1.6932 - accuracy: 0.4162 - val_loss: 2.4277 - val_accuracy: 0.2892

Epoch 00034: val_loss did not improve from 2.12174
Epoch 35/100
56570/56570 - 27s - loss: 1.6915 - accuracy: 0.4168 - val_loss: 2.4088 - val_accuracy: 0.2657

Epoch 00035: val_loss did not improve from 2.12174
Epoch 36/100
56570/56570 - 27s - loss: 1.6902 - accuracy: 0.4168 - val_loss: 2.4283 - val_accuracy: 0.2675

Epoch 00036: val_loss did not improve from 2.12174
Epoch 37/100
56570/56570 - 27s - loss: 1.6891 - accuracy: 0.4175 - val_loss: 2.4178 - val_accuracy: 0.2586

Epoch 00037: val_loss did not improve from 2.12174
Epoch 38/100
56570/56570 - 27s - loss: 1.6885 - accuracy: 0.4180 - val_loss: 2.3814 - val_accuracy: 0.2826

Epoch 00038: val_loss did not improve from 2.12174
Epoch 39/100
56570/56570 - 27s - loss: 1.6876 - accuracy: 0.4185 - val_loss: 2.4574 - val_accuracy: 0.2657

Epoch 00039: val_loss did not improve from 2.12174
Epoch 40/100
56570/56570 - 27s - loss: 1.6866 - accuracy: 0.4181 - val_loss: 2.4463 - val_accuracy: 0.2830

Epoch 00040: val_loss did not improve from 2.12174
Epoch 41/100
56570/56570 - 27s - loss: 1.6856 - accuracy: 0.4189 - val_loss: 2.3590 - val_accuracy: 0.2825

Epoch 00041: val_loss did not improve from 2.12174
Epoch 42/100
56570/56570 - 27s - loss: 1.6848 - accuracy: 0.4191 - val_loss: 2.4718 - val_accuracy: 0.2776

Epoch 00042: val_loss did not improve from 2.12174
Epoch 43/100
56570/56570 - 27s - loss: 1.6841 - accuracy: 0.4193 - val_loss: 2.4340 - val_accuracy: 0.2774

Epoch 00043: val_loss did not improve from 2.12174
Epoch 44/100
56570/56570 - 27s - loss: 1.6831 - accuracy: 0.4200 - val_loss: 2.4075 - val_accuracy: 0.2855

Epoch 00044: val_loss did not improve from 2.12174
Epoch 45/100
56570/56570 - 27s - loss: 1.6822 - accuracy: 0.4203 - val_loss: 2.4876 - val_accuracy: 0.2679

Epoch 00045: val_loss did not improve from 2.12174
Epoch 46/100
56570/56570 - 27s - loss: 1.6820 - accuracy: 0.4212 - val_loss: 2.4870 - val_accuracy: 0.2683

Epoch 00046: val_loss did not improve from 2.12174
Epoch 47/100
56570/56570 - 27s - loss: 1.6813 - accuracy: 0.4206 - val_loss: 2.4077 - val_accuracy: 0.2749

Epoch 00047: val_loss did not improve from 2.12174
Epoch 48/100
56570/56570 - 27s - loss: 1.6807 - accuracy: 0.4205 - val_loss: 2.4403 - val_accuracy: 0.2643

Epoch 00048: val_loss did not improve from 2.12174
Epoch 49/100
56570/56570 - 27s - loss: 1.6805 - accuracy: 0.4200 - val_loss: 2.4182 - val_accuracy: 0.2839

Epoch 00049: val_loss did not improve from 2.12174
Epoch 50/100
56570/56570 - 27s - loss: 1.6795 - accuracy: 0.4214 - val_loss: 2.4455 - val_accuracy: 0.2651

Epoch 00050: val_loss did not improve from 2.12174
Epoch 51/100
56570/56570 - 27s - loss: 1.6791 - accuracy: 0.4225 - val_loss: 2.4577 - val_accuracy: 0.2648

Epoch 00051: val_loss did not improve from 2.12174
Epoch 52/100
56570/56570 - 27s - loss: 1.6782 - accuracy: 0.4215 - val_loss: 2.4634 - val_accuracy: 0.2735

Epoch 00052: val_loss did not improve from 2.12174
Epoch 53/100
56570/56570 - 27s - loss: 1.6778 - accuracy: 0.4227 - val_loss: 2.4695 - val_accuracy: 0.2812

Epoch 00053: val_loss did not improve from 2.12174
Epoch 54/100
56570/56570 - 27s - loss: 1.6775 - accuracy: 0.4221 - val_loss: 2.4745 - val_accuracy: 0.2818

Epoch 00054: val_loss did not improve from 2.12174
Epoch 55/100
56570/56570 - 27s - loss: 1.6768 - accuracy: 0.4228 - val_loss: 2.4668 - val_accuracy: 0.2677

Epoch 00055: val_loss did not improve from 2.12174
Epoch 56/100
56570/56570 - 27s - loss: 1.6766 - accuracy: 0.4229 - val_loss: 2.4400 - val_accuracy: 0.2825

Epoch 00056: val_loss did not improve from 2.12174
Epoch 57/100
56570/56570 - 27s - loss: 1.6764 - accuracy: 0.4233 - val_loss: 2.4250 - val_accuracy: 0.2765

Epoch 00057: val_loss did not improve from 2.12174
Epoch 58/100
56570/56570 - 27s - loss: 1.6761 - accuracy: 0.4235 - val_loss: 2.4349 - val_accuracy: 0.2845

Epoch 00058: val_loss did not improve from 2.12174
Epoch 59/100
56570/56570 - 27s - loss: 1.6756 - accuracy: 0.4234 - val_loss: 2.4892 - val_accuracy: 0.2770

Epoch 00059: val_loss did not improve from 2.12174
Epoch 60/100
56570/56570 - 27s - loss: 1.6747 - accuracy: 0.4233 - val_loss: 2.4355 - val_accuracy: 0.2748

Epoch 00060: val_loss did not improve from 2.12174
Epoch 61/100
56570/56570 - 27s - loss: 1.6745 - accuracy: 0.4235 - val_loss: 2.4304 - val_accuracy: 0.2771

Epoch 00061: val_loss did not improve from 2.12174
Epoch 62/100
56570/56570 - 27s - loss: 1.6734 - accuracy: 0.4243 - val_loss: 2.5259 - val_accuracy: 0.2703

Epoch 00062: val_loss did not improve from 2.12174
Epoch 63/100
56570/56570 - 27s - loss: 1.6739 - accuracy: 0.4243 - val_loss: 2.5286 - val_accuracy: 0.2690

Epoch 00063: val_loss did not improve from 2.12174
Epoch 64/100
56570/56570 - 27s - loss: 1.6739 - accuracy: 0.4241 - val_loss: 2.5183 - val_accuracy: 0.2814

Epoch 00064: val_loss did not improve from 2.12174
Epoch 65/100
56570/56570 - 27s - loss: 1.6730 - accuracy: 0.4241 - val_loss: 2.4562 - val_accuracy: 0.2785

Epoch 00065: val_loss did not improve from 2.12174
Epoch 66/100
56570/56570 - 27s - loss: 1.6733 - accuracy: 0.4253 - val_loss: 2.4345 - val_accuracy: 0.2759

Epoch 00066: val_loss did not improve from 2.12174
Epoch 67/100
56570/56570 - 28s - loss: 1.6728 - accuracy: 0.4238 - val_loss: 2.4721 - val_accuracy: 0.2692

Epoch 00067: val_loss did not improve from 2.12174
Epoch 68/100
56570/56570 - 27s - loss: 1.6720 - accuracy: 0.4260 - val_loss: 2.4598 - val_accuracy: 0.2834

Epoch 00068: val_loss did not improve from 2.12174
Epoch 69/100
56570/56570 - 27s - loss: 1.6723 - accuracy: 0.4241 - val_loss: 2.4451 - val_accuracy: 0.2830

Epoch 00069: val_loss did not improve from 2.12174
Epoch 70/100
56570/56570 - 27s - loss: 1.6716 - accuracy: 0.4255 - val_loss: 2.4853 - val_accuracy: 0.2800

Epoch 00070: val_loss did not improve from 2.12174
Epoch 71/100
56570/56570 - 27s - loss: 1.6715 - accuracy: 0.4258 - val_loss: 2.4542 - val_accuracy: 0.2749

Epoch 00071: val_loss did not improve from 2.12174
Epoch 72/100
56570/56570 - 27s - loss: 1.6712 - accuracy: 0.4249 - val_loss: 2.5015 - val_accuracy: 0.2652

Epoch 00072: val_loss did not improve from 2.12174
Epoch 73/100
56570/56570 - 27s - loss: 1.6712 - accuracy: 0.4249 - val_loss: 2.5035 - val_accuracy: 0.2610

Epoch 00073: val_loss did not improve from 2.12174
Epoch 74/100
56570/56570 - 27s - loss: 1.6708 - accuracy: 0.4257 - val_loss: 2.4806 - val_accuracy: 0.2675

Epoch 00074: val_loss did not improve from 2.12174
Epoch 75/100
56570/56570 - 27s - loss: 1.6706 - accuracy: 0.4255 - val_loss: 2.4785 - val_accuracy: 0.2705

Epoch 00075: val_loss did not improve from 2.12174
Epoch 76/100
56570/56570 - 27s - loss: 1.6707 - accuracy: 0.4256 - val_loss: 2.4855 - val_accuracy: 0.2865

Epoch 00076: val_loss did not improve from 2.12174
Epoch 77/100
56570/56570 - 27s - loss: 1.6701 - accuracy: 0.4252 - val_loss: 2.4754 - val_accuracy: 0.2854

Epoch 00077: val_loss did not improve from 2.12174
Epoch 78/100
56570/56570 - 27s - loss: 1.6698 - accuracy: 0.4259 - val_loss: 2.5406 - val_accuracy: 0.2775

Epoch 00078: val_loss did not improve from 2.12174
Epoch 79/100
56570/56570 - 27s - loss: 1.6695 - accuracy: 0.4265 - val_loss: 2.5285 - val_accuracy: 0.2668

Epoch 00079: val_loss did not improve from 2.12174
Epoch 80/100
56570/56570 - 27s - loss: 1.6691 - accuracy: 0.4269 - val_loss: 2.5268 - val_accuracy: 0.2744

Epoch 00080: val_loss did not improve from 2.12174
Epoch 81/100
56570/56570 - 28s - loss: 1.6693 - accuracy: 0.4264 - val_loss: 2.4758 - val_accuracy: 0.2819

Epoch 00081: val_loss did not improve from 2.12174
Epoch 82/100
56570/56570 - 27s - loss: 1.6693 - accuracy: 0.4259 - val_loss: 2.4677 - val_accuracy: 0.2772

Epoch 00082: val_loss did not improve from 2.12174
Epoch 83/100
56570/56570 - 27s - loss: 1.6683 - accuracy: 0.4268 - val_loss: 2.5220 - val_accuracy: 0.2667

Epoch 00083: val_loss did not improve from 2.12174
Epoch 84/100
56570/56570 - 27s - loss: 1.6686 - accuracy: 0.4263 - val_loss: 2.5123 - val_accuracy: 0.2713

Epoch 00084: val_loss did not improve from 2.12174
Epoch 85/100
56570/56570 - 27s - loss: 1.6680 - accuracy: 0.4258 - val_loss: 2.4397 - val_accuracy: 0.2769

Epoch 00085: val_loss did not improve from 2.12174
Epoch 86/100
56570/56570 - 27s - loss: 1.6683 - accuracy: 0.4264 - val_loss: 2.5639 - val_accuracy: 0.2702

Epoch 00086: val_loss did not improve from 2.12174
Epoch 87/100
56570/56570 - 27s - loss: 1.6678 - accuracy: 0.4269 - val_loss: 2.5384 - val_accuracy: 0.2684

Epoch 00087: val_loss did not improve from 2.12174
Epoch 88/100
56570/56570 - 27s - loss: 1.6673 - accuracy: 0.4265 - val_loss: 2.5219 - val_accuracy: 0.2704

Epoch 00088: val_loss did not improve from 2.12174
Epoch 89/100
56570/56570 - 27s - loss: 1.6671 - accuracy: 0.4274 - val_loss: 2.5482 - val_accuracy: 0.2766

Epoch 00089: val_loss did not improve from 2.12174
Epoch 90/100
56570/56570 - 27s - loss: 1.6673 - accuracy: 0.4267 - val_loss: 2.4968 - val_accuracy: 0.2806

Epoch 00090: val_loss did not improve from 2.12174
Epoch 91/100
56570/56570 - 27s - loss: 1.6674 - accuracy: 0.4268 - val_loss: 2.5044 - val_accuracy: 0.2997

Epoch 00091: val_loss did not improve from 2.12174
Epoch 92/100
56570/56570 - 28s - loss: 1.6668 - accuracy: 0.4274 - val_loss: 2.4890 - val_accuracy: 0.2802

Epoch 00092: val_loss did not improve from 2.12174
Epoch 93/100
56570/56570 - 27s - loss: 1.6664 - accuracy: 0.4268 - val_loss: 2.5201 - val_accuracy: 0.2690

Epoch 00093: val_loss did not improve from 2.12174
Epoch 94/100
56570/56570 - 27s - loss: 1.6664 - accuracy: 0.4270 - val_loss: 2.5097 - val_accuracy: 0.2660

Epoch 00094: val_loss did not improve from 2.12174
Epoch 95/100
56570/56570 - 27s - loss: 1.6660 - accuracy: 0.4275 - val_loss: 2.5468 - val_accuracy: 0.2699

Epoch 00095: val_loss did not improve from 2.12174
Epoch 96/100
56570/56570 - 27s - loss: 1.6659 - accuracy: 0.4272 - val_loss: 2.5248 - val_accuracy: 0.2815

Epoch 00096: val_loss did not improve from 2.12174
Epoch 97/100
56570/56570 - 28s - loss: 1.6659 - accuracy: 0.4277 - val_loss: 2.5122 - val_accuracy: 0.2804

Epoch 00097: val_loss did not improve from 2.12174
Epoch 98/100
56570/56570 - 27s - loss: 1.6650 - accuracy: 0.4282 - val_loss: 2.5062 - val_accuracy: 0.2804

Epoch 00098: val_loss did not improve from 2.12174
Epoch 99/100
56570/56570 - 27s - loss: 1.6652 - accuracy: 0.4276 - val_loss: 2.5389 - val_accuracy: 0.2722

Epoch 00099: val_loss did not improve from 2.12174
Epoch 100/100
56570/56570 - 27s - loss: 1.6651 - accuracy: 0.4275 - val_loss: 2.5026 - val_accuracy: 0.2726

Epoch 00100: val_loss did not improve from 2.12174
